#
# There is insufficient memory for the Java Runtime Environment to continue.
# Native memory allocation (malloc) failed to allocate 1540816 bytes for Chunk::new
# Possible reasons:
#   The system is out of physical RAM or swap space
#   The process is running with CompressedOops enabled, and the Java Heap may be blocking the growth of the native heap
# Possible solutions:
#   Reduce memory load on the system
#   Increase physical memory or swap space
#   Check if swap backing store is full
#   Decrease Java heap size (-Xmx/-Xms)
#   Decrease number of Java threads
#   Decrease Java thread stack sizes (-Xss)
#   Set larger code cache with -XX:ReservedCodeCacheSize=
#   JVM is running with Unscaled Compressed Oops mode in which the Java heap is
#     placed in the first 4GB address space. The Java Heap base address is the
#     maximum limit for the native heap growth. Please use -XX:HeapBaseMinAddress
#     to set the Java Heap base and to place the Java Heap above 4GB virtual address.
# This output file may be truncated or incomplete.
#
#  Out of Memory Error (./src/hotspot/share/memory/arena.cpp:197), pid=1260, tid=14412
#
# JRE version: OpenJDK Runtime Environment (11.0.12+7) (build 11.0.12+7-b1504.28-7817840)
# Java VM: OpenJDK 64-Bit Server VM (11.0.12+7-b1504.28-7817840, mixed mode, tiered, compressed oops, g1 gc, windows-amd64)
# No core dump will be written. Minidumps are not enabled by default on client versions of Windows
#

---------------  S U M M A R Y ------------

Command Line: --add-opens=java.base/java.util=ALL-UNNAMED --add-opens=java.base/java.lang=ALL-UNNAMED --add-opens=java.base/java.lang.invoke=ALL-UNNAMED --add-opens=java.base/java.util=ALL-UNNAMED --add-opens=java.prefs/java.util.prefs=ALL-UNNAMED --add-opens=java.prefs/java.util.prefs=ALL-UNNAMED --add-opens=java.base/java.nio.charset=ALL-UNNAMED --add-opens=java.base/java.net=ALL-UNNAMED --add-opens=java.base/java.util.concurrent.atomic=ALL-UNNAMED -Xmx2048m -Dfile.encoding=UTF-8 -Duser.country=ID -Duser.language=en -Duser.variant org.gradle.launcher.daemon.bootstrap.GradleDaemon 7.3.3

Host: Intel(R) Core(TM) i7-9750H CPU @ 2.60GHz, 12 cores, 15G,  Windows 10 , 64 bit Build 22000 (10.0.22000.708)
Time: Wed Aug 17 00:31:39 2022 SE Asia Standard Time elapsed time: 5.520599 seconds (0d 0h 0m 5s)

---------------  T H R E A D  ---------------

Current thread (0x000001d0ee411000):  JavaThread "C2 CompilerThread2" daemon [_thread_in_native, id=14412, stack(0x0000003898100000,0x0000003898200000)]


Current CompileTask:
C2:   5520 3838       4       java.lang.invoke.LambdaForm$Name::replaceNames (174 bytes)

Stack: [0x0000003898100000,0x0000003898200000]
Native frames: (J=compiled Java code, j=interpreted, Vv=VM code, C=native code)
V  [jvm.dll+0x5fbcea]
V  [jvm.dll+0x731905]
V  [jvm.dll+0x732f1d]
V  [jvm.dll+0x7335d3]
V  [jvm.dll+0x247bf8]
V  [jvm.dll+0xc018c]
V  [jvm.dll+0xc06cc]
V  [jvm.dll+0x35b31d]
V  [jvm.dll+0x19d0bc]
V  [jvm.dll+0x20070e]
V  [jvm.dll+0x1ff794]
V  [jvm.dll+0x18868c]
V  [jvm.dll+0x20e0d7]
V  [jvm.dll+0x20c901]
V  [jvm.dll+0x6f9b7f]
V  [jvm.dll+0x6f26a5]
V  [jvm.dll+0x5fabf6]
C  [ucrtbase.dll+0x26c0c]
C  [KERNEL32.DLL+0x154e0]
C  [ntdll.dll+0x485b]


---------------  P R O C E S S  ---------------

Threads class SMR info:
_java_thread_list=0x000001d0f2a29ac0, length=158, elements={
0x000001d0d098c000, 0x000001d0eb28d800, 0x000001d0ebad6800, 0x000001d0ebb2a800,
0x000001d0ebb2b800, 0x000001d0ebb2c800, 0x000001d0ebb31000, 0x000001d0ebb32000,
0x000001d0ebb35000, 0x000001d0ebca8800, 0x000001d0ee238000, 0x000001d0ec0a8800,
0x000001d0ebe88800, 0x000001d0edb2a000, 0x000001d0ee7d7800, 0x000001d0ed1bb800,
0x000001d0ee2f9800, 0x000001d0eddf9000, 0x000001d0edc7e800, 0x000001d0edac7000,
0x000001d0edac5800, 0x000001d0edac8000, 0x000001d0edac6000, 0x000001d0ee305000,
0x000001d0ef0f8000, 0x000001d0ee411000, 0x000001d0ef0f9000, 0x000001d0ef0fd000,
0x000001d0ef0f7800, 0x000001d0ef0fb800, 0x000001d0ef0ff800, 0x000001d0ef0fc000,
0x000001d0ef0fe800, 0x000001d0ef0f9800, 0x000001d0ef102000, 0x000001d0ef102800,
0x000001d0ef101000, 0x000001d0ef103800, 0x000001d0ef104800, 0x000001d0ef105000,
0x000001d0ef106000, 0x000001d0f0e63800, 0x000001d0f0e61800, 0x000001d0f0e64000,
0x000001d0f0e65000, 0x000001d0f0e5f800, 0x000001d0f0e60000, 0x000001d0f0e66000,
0x000001d0f0e66800, 0x000001d0f0e61000, 0x000001d0f0e67800, 0x000001d0f0e68800,
0x000001d0f0e62800, 0x000001d0f0e69000, 0x000001d0f0e6e000, 0x000001d0f0e6a000,
0x000001d0f0e6a800, 0x000001d0f0e6b800, 0x000001d0f0e6c800, 0x000001d0f0e6d000,
0x000001d0ee4f3000, 0x000001d0ee4f5800, 0x000001d0ee4f1800, 0x000001d0ee4f2000,
0x000001d0ee4f4800, 0x000001d0ee4f3800, 0x000001d0ee4f6000, 0x000001d0ee4f0800,
0x000001d0ee4fc000, 0x000001d0ee4fa800, 0x000001d0ee4fb000, 0x000001d0ee4f7000,
0x000001d0ee4f8000, 0x000001d0ee4fc800, 0x000001d0ee4fd800, 0x000001d0ee4fe800,
0x000001d0ee4f8800, 0x000001d0ee4ff000, 0x000001d0ee4f9800, 0x000001d0f234c800,
0x000001d0f2351000, 0x000001d0f234e000, 0x000001d0f2350800, 0x000001d0f234f800,
0x000001d0f2352000, 0x000001d0f2353000, 0x000001d0f234d000, 0x000001d0f2354800,
0x000001d0f234e800, 0x000001d0f2356000, 0x000001d0f2355000, 0x000001d0f2358800,
0x000001d0f2359800, 0x000001d0f2353800, 0x000001d0f2357000, 0x000001d0f2357800,
0x000001d0f235a000, 0x000001d0f235b000, 0x000001d0f29d7800, 0x000001d0f29d7000,
0x000001d0f29d3000, 0x000001d0f29d8800, 0x000001d0f29d4800, 0x000001d0f29d9800,
0x000001d0f29d3800, 0x000001d0f29d6000, 0x000001d0f29d5800, 0x000001d0f29e0000,
0x000001d0f29da000, 0x000001d0f29e0800, 0x000001d0f29db000, 0x000001d0f29e1800,
0x000001d0f29dc000, 0x000001d0f29dc800, 0x000001d0f29dd800, 0x000001d0f29de800,
0x000001d0f29df000, 0x000001d0ef08c000, 0x000001d0ef086800, 0x000001d0ef088800,
0x000001d0ef08a800, 0x000001d0ef08d000, 0x000001d0ef087000, 0x000001d0ef08d800,
0x000001d0ef088000, 0x000001d0ef08e800, 0x000001d0ef08f800, 0x000001d0ef089800,
0x000001d0ef090000, 0x000001d0ef091000, 0x000001d0ef08b000, 0x000001d0ef091800,
0x000001d0ef092800, 0x000001d0ef095000, 0x000001d0ef093800, 0x000001d0ef094000,
0x000001d0ec71f800, 0x000001d0ec71e000, 0x000001d0ec71e800, 0x000001d0ec719800,
0x000001d0ec720800, 0x000001d0ec71a800, 0x000001d0ec721000, 0x000001d0ec71b800,
0x000001d0ec722000, 0x000001d0ec71c000, 0x000001d0ec722800, 0x000001d0ec71d000,
0x000001d0ec723800, 0x000001d0ec728800, 0x000001d0ec727800, 0x000001d0ec727000,
0x000001d0ec724800, 0x000001d0ec725000, 0x000001d0ec726000, 0x000001d0f1296000,
0x000001d0f1297800, 0x000001d0f1295000
}

Java Threads: ( => current thread )
  0x000001d0d098c000 JavaThread "main" [_thread_blocked, id=6804, stack(0x0000003895600000,0x0000003895700000)]
  0x000001d0eb28d800 JavaThread "Reference Handler" daemon [_thread_blocked, id=10556, stack(0x0000003895d00000,0x0000003895e00000)]
  0x000001d0ebad6800 JavaThread "Finalizer" daemon [_thread_blocked, id=7536, stack(0x0000003895e00000,0x0000003895f00000)]
  0x000001d0ebb2a800 JavaThread "Signal Dispatcher" daemon [_thread_blocked, id=17872, stack(0x0000003895f00000,0x0000003896000000)]
  0x000001d0ebb2b800 JavaThread "Attach Listener" daemon [_thread_blocked, id=20544, stack(0x0000003896000000,0x0000003896100000)]
  0x000001d0ebb2c800 JavaThread "Service Thread" daemon [_thread_blocked, id=17784, stack(0x0000003896100000,0x0000003896200000)]
  0x000001d0ebb31000 JavaThread "C2 CompilerThread0" daemon [_thread_in_native, id=17644, stack(0x0000003896200000,0x0000003896300000)]
  0x000001d0ebb32000 JavaThread "C1 CompilerThread0" daemon [_thread_in_native, id=10808, stack(0x0000003896300000,0x0000003896400000)]
  0x000001d0ebb35000 JavaThread "Sweeper thread" daemon [_thread_blocked, id=1120, stack(0x0000003896400000,0x0000003896500000)]
  0x000001d0ebca8800 JavaThread "Common-Cleaner" daemon [_thread_blocked, id=12972, stack(0x0000003896500000,0x0000003896600000)]
  0x000001d0ee238000 JavaThread "Daemon health stats" [_thread_blocked, id=15728, stack(0x0000003896e00000,0x0000003896f00000)]
  0x000001d0ec0a8800 JavaThread "Incoming local TCP Connector on port 58354" [_thread_in_native, id=11272, stack(0x0000003896700000,0x0000003896800000)]
  0x000001d0ebe88800 JavaThread "Daemon periodic checks" [_thread_blocked, id=21436, stack(0x0000003896800000,0x0000003896900000)]
  0x000001d0edb2a000 JavaThread "Daemon" [_thread_blocked, id=18812, stack(0x0000003896f00000,0x0000003897000000)]
  0x000001d0ee7d7800 JavaThread "Handler for socket connection from /127.0.0.1:58354 to /127.0.0.1:58355" [_thread_in_native, id=12752, stack(0x0000003897000000,0x0000003897100000)]
  0x000001d0ed1bb800 JavaThread "Cancel handler" [_thread_blocked, id=1028, stack(0x0000003897100000,0x0000003897200000)]
  0x000001d0ee2f9800 JavaThread "Daemon worker" [_thread_blocked, id=16508, stack(0x0000003897200000,0x0000003897300000)]
  0x000001d0eddf9000 JavaThread "Asynchronous log dispatcher for DefaultDaemonConnection: socket connection from /127.0.0.1:58354 to /127.0.0.1:58355" [_thread_blocked, id=14984, stack(0x0000003897300000,0x0000003897400000)]
  0x000001d0edc7e800 JavaThread "Stdin handler" [_thread_blocked, id=14372, stack(0x0000003897400000,0x0000003897500000)]
  0x000001d0edac7000 JavaThread "Daemon client event forwarder" [_thread_blocked, id=3780, stack(0x0000003897500000,0x0000003897600000)]
  0x000001d0edac5800 JavaThread "Cache worker for journal cache (C:\Users\laita\.gradle\caches\journal-1)" [_thread_in_Java, id=2360, stack(0x0000003897600000,0x0000003897700000)]
  0x000001d0edac8000 JavaThread "File lock request listener" [_thread_in_native, id=2324, stack(0x0000003897700000,0x0000003897800000)]
  0x000001d0edac6000 JavaThread "Cache worker for file hash cache (C:\Users\laita\.gradle\caches\7.3.3\fileHashes)" [_thread_blocked, id=16964, stack(0x0000003897800000,0x0000003897900000)]
  0x000001d0ee305000 JavaThread "C2 CompilerThread1" daemon [_thread_in_native, id=15328, stack(0x0000003897f00000,0x0000003898000000)]
  0x000001d0ef0f8000 JavaThread "Cache worker for file hash cache (C:\Users\laita\AndroidStudioProjects\Eticket\.gradle\7.3.3\fileHashes)" [_thread_blocked, id=12600, stack(0x0000003898000000,0x0000003898100000)]
=>0x000001d0ee411000 JavaThread "C2 CompilerThread2" daemon [_thread_in_native, id=14412, stack(0x0000003898100000,0x0000003898200000)]
  0x000001d0ef0f9000 JavaThread "File watcher server" daemon [_thread_in_native, id=6268, stack(0x0000003898200000,0x0000003898300000)]
  0x000001d0ef0fd000 JavaThread "File watcher consumer" daemon [_thread_blocked, id=14972, stack(0x0000003898300000,0x0000003898400000)]
  0x000001d0ef0f7800 JavaThread "Cache worker for checksums cache (C:\Users\laita\AndroidStudioProjects\Eticket\.gradle\7.3.3\checksums)" [_thread_blocked, id=18040, stack(0x0000003898400000,0x0000003898500000)]
  0x000001d0ef0fb800 JavaThread "Cache worker for cache directory md-supplier (C:\Users\laita\.gradle\caches\7.3.3\md-supplier)" [_thread_blocked, id=18164, stack(0x0000003898500000,0x0000003898600000)]
  0x000001d0ef0ff800 JavaThread "Cache worker for cache directory md-rule (C:\Users\laita\.gradle\caches\7.3.3\md-rule)" [_thread_blocked, id=18972, stack(0x0000003898600000,0x0000003898700000)]
  0x000001d0ef0fc000 JavaThread "Cache worker for execution history cache (C:\Users\laita\.gradle\caches\7.3.3\executionHistory)" [_thread_blocked, id=5360, stack(0x0000003898700000,0x0000003898800000)]
  0x000001d0ef0fe800 JavaThread "jar transforms" [_thread_blocked, id=13072, stack(0x0000003898800000,0x0000003898900000)]
  0x000001d0ef0f9800 JavaThread "Cache worker for file content cache (C:\Users\laita\.gradle\caches\7.3.3\fileContent)" [_thread_blocked, id=9084, stack(0x0000003898900000,0x0000003898a00000)]
  0x000001d0ef102000 JavaThread "jar transforms Thread 2" [_thread_blocked, id=6108, stack(0x0000003898a00000,0x0000003898b00000)]
  0x000001d0ef102800 JavaThread "Cache worker for dependencies-accessors (C:\Users\laita\AndroidStudioProjects\Eticket\.gradle\7.3.3\dependencies-accessors)" [_thread_blocked, id=13244, stack(0x0000003898b00000,0x0000003898c00000)]
  0x000001d0ef101000 JavaThread "jar transforms Thread 3" [_thread_blocked, id=21032, stack(0x0000003898c00000,0x0000003898d00000)]
  0x000001d0ef103800 JavaThread "Cache worker for Build Output Cleanup Cache (C:\Users\laita\AndroidStudioProjects\Eticket\.gradle\buildOutputCleanup)" [_thread_blocked, id=6444, stack(0x0000003898d00000,0x0000003898e00000)]
  0x000001d0ef104800 JavaThread "Unconstrained build operations" [_thread_blocked, id=15808, stack(0x0000003898e00000,0x0000003898f00000)]
  0x000001d0ef105000 JavaThread "Unconstrained build operations Thread 2" [_thread_blocked, id=6264, stack(0x0000003898f00000,0x0000003899000000)]
  0x000001d0ef106000 JavaThread "Unconstrained build operations Thread 3" [_thread_blocked, id=1108, stack(0x0000003899000000,0x0000003899100000)]
  0x000001d0f0e63800 JavaThread "Unconstrained build operations Thread 4" [_thread_blocked, id=13256, stack(0x0000003899100000,0x0000003899200000)]
  0x000001d0f0e61800 JavaThread "Unconstrained build operations Thread 5" [_thread_blocked, id=2992, stack(0x0000003899200000,0x0000003899300000)]
  0x000001d0f0e64000 JavaThread "Unconstrained build operations Thread 6" [_thread_blocked, id=20436, stack(0x0000003899300000,0x0000003899400000)]
  0x000001d0f0e65000 JavaThread "Unconstrained build operations Thread 7" [_thread_blocked, id=6192, stack(0x0000003899400000,0x0000003899500000)]
  0x000001d0f0e5f800 JavaThread "Unconstrained build operations Thread 8" [_thread_blocked, id=2968, stack(0x0000003899500000,0x0000003899600000)]
  0x000001d0f0e60000 JavaThread "Unconstrained build operations Thread 9" [_thread_blocked, id=6748, stack(0x0000003899600000,0x0000003899700000)]
  0x000001d0f0e66000 JavaThread "Unconstrained build operations Thread 10" [_thread_blocked, id=15348, stack(0x0000003899700000,0x0000003899800000)]
  0x000001d0f0e66800 JavaThread "Unconstrained build operations Thread 11" [_thread_blocked, id=18884, stack(0x0000003899800000,0x0000003899900000)]
  0x000001d0f0e61000 JavaThread "Unconstrained build operations Thread 12" [_thread_blocked, id=7088, stack(0x0000003899900000,0x0000003899a00000)]
  0x000001d0f0e67800 JavaThread "Unconstrained build operations Thread 13" [_thread_blocked, id=11852, stack(0x0000003899a00000,0x0000003899b00000)]
  0x000001d0f0e68800 JavaThread "Unconstrained build operations Thread 14" [_thread_blocked, id=12884, stack(0x0000003899b00000,0x0000003899c00000)]
  0x000001d0f0e62800 JavaThread "Unconstrained build operations Thread 15" [_thread_blocked, id=1908, stack(0x0000003899c00000,0x0000003899d00000)]
  0x000001d0f0e69000 JavaThread "Unconstrained build operations Thread 16" [_thread_blocked, id=10020, stack(0x0000003899d00000,0x0000003899e00000)]
  0x000001d0f0e6e000 JavaThread "Unconstrained build operations Thread 17" [_thread_blocked, id=8624, stack(0x0000003899e00000,0x0000003899f00000)]
  0x000001d0f0e6a000 JavaThread "Unconstrained build operations Thread 18" [_thread_blocked, id=4104, stack(0x0000003899f00000,0x000000389a000000)]
  0x000001d0f0e6a800 JavaThread "Unconstrained build operations Thread 19" [_thread_blocked, id=18012, stack(0x000000389a000000,0x000000389a100000)]
  0x000001d0f0e6b800 JavaThread "Unconstrained build operations Thread 20" [_thread_blocked, id=13764, stack(0x000000389a100000,0x000000389a200000)]
  0x000001d0f0e6c800 JavaThread "Unconstrained build operations Thread 21" [_thread_blocked, id=6404, stack(0x000000389a200000,0x000000389a300000)]
  0x000001d0f0e6d000 JavaThread "Unconstrained build operations Thread 22" [_thread_blocked, id=18896, stack(0x000000389a300000,0x000000389a400000)]
  0x000001d0ee4f3000 JavaThread "Unconstrained build operations Thread 23" [_thread_blocked, id=20180, stack(0x000000389a400000,0x000000389a500000)]
  0x000001d0ee4f5800 JavaThread "Unconstrained build operations Thread 24" [_thread_blocked, id=1808, stack(0x000000389a500000,0x000000389a600000)]
  0x000001d0ee4f1800 JavaThread "Unconstrained build operations Thread 25" [_thread_blocked, id=11328, stack(0x000000389a600000,0x000000389a700000)]
  0x000001d0ee4f2000 JavaThread "Unconstrained build operations Thread 26" [_thread_blocked, id=14884, stack(0x000000389a700000,0x000000389a800000)]
  0x000001d0ee4f4800 JavaThread "Unconstrained build operations Thread 27" [_thread_blocked, id=20736, stack(0x000000389a800000,0x000000389a900000)]
  0x000001d0ee4f3800 JavaThread "Unconstrained build operations Thread 28" [_thread_blocked, id=3188, stack(0x000000389a900000,0x000000389aa00000)]
  0x000001d0ee4f6000 JavaThread "Unconstrained build operations Thread 29" [_thread_blocked, id=3600, stack(0x000000389aa00000,0x000000389ab00000)]
  0x000001d0ee4f0800 JavaThread "Unconstrained build operations Thread 30" [_thread_blocked, id=11560, stack(0x000000389ab00000,0x000000389ac00000)]
  0x000001d0ee4fc000 JavaThread "Unconstrained build operations Thread 31" [_thread_blocked, id=10436, stack(0x000000389ac00000,0x000000389ad00000)]
  0x000001d0ee4fa800 JavaThread "Unconstrained build operations Thread 32" [_thread_blocked, id=9112, stack(0x000000389ad00000,0x000000389ae00000)]
  0x000001d0ee4fb000 JavaThread "Unconstrained build operations Thread 33" [_thread_blocked, id=1144, stack(0x000000389ae00000,0x000000389af00000)]
  0x000001d0ee4f7000 JavaThread "Unconstrained build operations Thread 34" [_thread_blocked, id=956, stack(0x000000389af00000,0x000000389b000000)]
  0x000001d0ee4f8000 JavaThread "Unconstrained build operations Thread 35" [_thread_blocked, id=11872, stack(0x000000389b000000,0x000000389b100000)]
  0x000001d0ee4fc800 JavaThread "Unconstrained build operations Thread 36" [_thread_blocked, id=18000, stack(0x000000389b100000,0x000000389b200000)]
  0x000001d0ee4fd800 JavaThread "Unconstrained build operations Thread 37" [_thread_blocked, id=9484, stack(0x000000389b200000,0x000000389b300000)]
  0x000001d0ee4fe800 JavaThread "Unconstrained build operations Thread 38" [_thread_blocked, id=19892, stack(0x000000389b300000,0x000000389b400000)]
  0x000001d0ee4f8800 JavaThread "Unconstrained build operations Thread 39" [_thread_blocked, id=1472, stack(0x000000389b400000,0x000000389b500000)]
  0x000001d0ee4ff000 JavaThread "Unconstrained build operations Thread 40" [_thread_blocked, id=5240, stack(0x000000389b500000,0x000000389b600000)]
  0x000001d0ee4f9800 JavaThread "Unconstrained build operations Thread 41" [_thread_blocked, id=10064, stack(0x000000389b600000,0x000000389b700000)]
  0x000001d0f234c800 JavaThread "Unconstrained build operations Thread 42" [_thread_blocked, id=15364, stack(0x000000389b700000,0x000000389b800000)]
  0x000001d0f2351000 JavaThread "Unconstrained build operations Thread 43" [_thread_blocked, id=2496, stack(0x000000389b800000,0x000000389b900000)]
  0x000001d0f234e000 JavaThread "Unconstrained build operations Thread 44" [_thread_blocked, id=4936, stack(0x000000389b900000,0x000000389ba00000)]
  0x000001d0f2350800 JavaThread "Unconstrained build operations Thread 45" [_thread_blocked, id=21020, stack(0x000000389ba00000,0x000000389bb00000)]
  0x000001d0f234f800 JavaThread "Unconstrained build operations Thread 46" [_thread_blocked, id=7288, stack(0x000000389bb00000,0x000000389bc00000)]
  0x000001d0f2352000 JavaThread "Unconstrained build operations Thread 47" [_thread_blocked, id=9596, stack(0x000000389bc00000,0x000000389bd00000)]
  0x000001d0f2353000 JavaThread "Unconstrained build operations Thread 48" [_thread_blocked, id=16788, stack(0x000000389bd00000,0x000000389be00000)]
  0x000001d0f234d000 JavaThread "Unconstrained build operations Thread 49" [_thread_blocked, id=11576, stack(0x000000389be00000,0x000000389bf00000)]
  0x000001d0f2354800 JavaThread "Unconstrained build operations Thread 50" [_thread_blocked, id=13992, stack(0x000000389bf00000,0x000000389c000000)]
  0x000001d0f234e800 JavaThread "Unconstrained build operations Thread 51" [_thread_blocked, id=16324, stack(0x000000389c000000,0x000000389c100000)]
  0x000001d0f2356000 JavaThread "Unconstrained build operations Thread 52" [_thread_blocked, id=15592, stack(0x000000389c100000,0x000000389c200000)]
  0x000001d0f2355000 JavaThread "Unconstrained build operations Thread 53" [_thread_blocked, id=11792, stack(0x000000389c200000,0x000000389c300000)]
  0x000001d0f2358800 JavaThread "Unconstrained build operations Thread 54" [_thread_blocked, id=20376, stack(0x000000389c300000,0x000000389c400000)]
  0x000001d0f2359800 JavaThread "Unconstrained build operations Thread 55" [_thread_blocked, id=2668, stack(0x000000389c400000,0x000000389c500000)]
  0x000001d0f2353800 JavaThread "Unconstrained build operations Thread 56" [_thread_blocked, id=13808, stack(0x000000389c500000,0x000000389c600000)]
  0x000001d0f2357000 JavaThread "Unconstrained build operations Thread 57" [_thread_blocked, id=9964, stack(0x000000389c600000,0x000000389c700000)]
  0x000001d0f2357800 JavaThread "Unconstrained build operations Thread 58" [_thread_blocked, id=13920, stack(0x000000389c700000,0x000000389c800000)]
  0x000001d0f235a000 JavaThread "Unconstrained build operations Thread 59" [_thread_blocked, id=5036, stack(0x000000389c800000,0x000000389c900000)]
  0x000001d0f235b000 JavaThread "Unconstrained build operations Thread 60" [_thread_blocked, id=20596, stack(0x000000389c900000,0x000000389ca00000)]
  0x000001d0f29d7800 JavaThread "Unconstrained build operations Thread 61" [_thread_blocked, id=15352, stack(0x000000389ca00000,0x000000389cb00000)]
  0x000001d0f29d7000 JavaThread "Unconstrained build operations Thread 62" [_thread_blocked, id=7648, stack(0x000000389cb00000,0x000000389cc00000)]
  0x000001d0f29d3000 JavaThread "Unconstrained build operations Thread 63" [_thread_blocked, id=15164, stack(0x000000389cc00000,0x000000389cd00000)]
  0x000001d0f29d8800 JavaThread "Unconstrained build operations Thread 64" [_thread_blocked, id=20840, stack(0x000000389cd00000,0x000000389ce00000)]
  0x000001d0f29d4800 JavaThread "Unconstrained build operations Thread 65" [_thread_blocked, id=19540, stack(0x000000389ce00000,0x000000389cf00000)]
  0x000001d0f29d9800 JavaThread "Unconstrained build operations Thread 66" [_thread_blocked, id=14708, stack(0x000000389cf00000,0x000000389d000000)]
  0x000001d0f29d3800 JavaThread "Unconstrained build operations Thread 67" [_thread_blocked, id=684, stack(0x000000389d000000,0x000000389d100000)]
  0x000001d0f29d6000 JavaThread "Unconstrained build operations Thread 68" [_thread_blocked, id=17492, stack(0x000000389d100000,0x000000389d200000)]
  0x000001d0f29d5800 JavaThread "Unconstrained build operations Thread 69" [_thread_blocked, id=11268, stack(0x000000389d200000,0x000000389d300000)]
  0x000001d0f29e0000 JavaThread "Unconstrained build operations Thread 70" [_thread_blocked, id=19256, stack(0x000000389d300000,0x000000389d400000)]
  0x000001d0f29da000 JavaThread "Unconstrained build operations Thread 71" [_thread_blocked, id=5124, stack(0x000000389d400000,0x000000389d500000)]
  0x000001d0f29e0800 JavaThread "Unconstrained build operations Thread 72" [_thread_blocked, id=15860, stack(0x000000389d500000,0x000000389d600000)]
  0x000001d0f29db000 JavaThread "Unconstrained build operations Thread 73" [_thread_blocked, id=8056, stack(0x000000389d600000,0x000000389d700000)]
  0x000001d0f29e1800 JavaThread "Unconstrained build operations Thread 74" [_thread_blocked, id=17276, stack(0x000000389d700000,0x000000389d800000)]
  0x000001d0f29dc000 JavaThread "Unconstrained build operations Thread 75" [_thread_blocked, id=2112, stack(0x000000389d800000,0x000000389d900000)]
  0x000001d0f29dc800 JavaThread "Unconstrained build operations Thread 76" [_thread_blocked, id=20500, stack(0x000000389d900000,0x000000389da00000)]
  0x000001d0f29dd800 JavaThread "Unconstrained build operations Thread 77" [_thread_blocked, id=6332, stack(0x000000389da00000,0x000000389db00000)]
  0x000001d0f29de800 JavaThread "Unconstrained build operations Thread 78" [_thread_blocked, id=7280, stack(0x000000389db00000,0x000000389dc00000)]
  0x000001d0f29df000 JavaThread "Unconstrained build operations Thread 79" [_thread_blocked, id=19080, stack(0x000000389dc00000,0x000000389dd00000)]
  0x000001d0ef08c000 JavaThread "Unconstrained build operations Thread 80" [_thread_blocked, id=18156, stack(0x000000389dd00000,0x000000389de00000)]
  0x000001d0ef086800 JavaThread "Unconstrained build operations Thread 81" [_thread_blocked, id=7284, stack(0x000000389de00000,0x000000389df00000)]
  0x000001d0ef088800 JavaThread "Unconstrained build operations Thread 82" [_thread_blocked, id=3056, stack(0x000000389df00000,0x000000389e000000)]
  0x000001d0ef08a800 JavaThread "Unconstrained build operations Thread 83" [_thread_blocked, id=19392, stack(0x000000389e000000,0x000000389e100000)]
  0x000001d0ef08d000 JavaThread "Unconstrained build operations Thread 84" [_thread_blocked, id=5644, stack(0x000000389e100000,0x000000389e200000)]
  0x000001d0ef087000 JavaThread "Unconstrained build operations Thread 85" [_thread_blocked, id=14836, stack(0x000000389e200000,0x000000389e300000)]
  0x000001d0ef08d800 JavaThread "Unconstrained build operations Thread 86" [_thread_blocked, id=19916, stack(0x000000389e300000,0x000000389e400000)]
  0x000001d0ef088000 JavaThread "Unconstrained build operations Thread 87" [_thread_blocked, id=6828, stack(0x000000389e400000,0x000000389e500000)]
  0x000001d0ef08e800 JavaThread "Unconstrained build operations Thread 88" [_thread_blocked, id=1856, stack(0x000000389e500000,0x000000389e600000)]
  0x000001d0ef08f800 JavaThread "Unconstrained build operations Thread 89" [_thread_blocked, id=4992, stack(0x000000389e600000,0x000000389e700000)]
  0x000001d0ef089800 JavaThread "Unconstrained build operations Thread 90" [_thread_blocked, id=16120, stack(0x000000389e700000,0x000000389e800000)]
  0x000001d0ef090000 JavaThread "Unconstrained build operations Thread 91" [_thread_blocked, id=6644, stack(0x000000389e800000,0x000000389e900000)]
  0x000001d0ef091000 JavaThread "Unconstrained build operations Thread 92" [_thread_blocked, id=9992, stack(0x000000389e900000,0x000000389ea00000)]
  0x000001d0ef08b000 JavaThread "Unconstrained build operations Thread 93" [_thread_blocked, id=20588, stack(0x000000389ea00000,0x000000389eb00000)]
  0x000001d0ef091800 JavaThread "Unconstrained build operations Thread 94" [_thread_blocked, id=6556, stack(0x000000389eb00000,0x000000389ec00000)]
  0x000001d0ef092800 JavaThread "Unconstrained build operations Thread 95" [_thread_blocked, id=17628, stack(0x000000389ec00000,0x000000389ed00000)]
  0x000001d0ef095000 JavaThread "Unconstrained build operations Thread 96" [_thread_blocked, id=20204, stack(0x000000389ed00000,0x000000389ee00000)]
  0x000001d0ef093800 JavaThread "Unconstrained build operations Thread 97" [_thread_blocked, id=6252, stack(0x000000389ee00000,0x000000389ef00000)]
  0x000001d0ef094000 JavaThread "Unconstrained build operations Thread 98" [_thread_blocked, id=1768, stack(0x000000389ef00000,0x000000389f000000)]
  0x000001d0ec71f800 JavaThread "Unconstrained build operations Thread 99" [_thread_blocked, id=5112, stack(0x000000389f000000,0x000000389f100000)]
  0x000001d0ec71e000 JavaThread "Unconstrained build operations Thread 100" [_thread_blocked, id=7784, stack(0x000000389f100000,0x000000389f200000)]
  0x000001d0ec71e800 JavaThread "Unconstrained build operations Thread 101" [_thread_blocked, id=19512, stack(0x000000389f200000,0x000000389f300000)]
  0x000001d0ec719800 JavaThread "Unconstrained build operations Thread 102" [_thread_blocked, id=5184, stack(0x000000389f300000,0x000000389f400000)]
  0x000001d0ec720800 JavaThread "Unconstrained build operations Thread 103" [_thread_blocked, id=8720, stack(0x000000389f400000,0x000000389f500000)]
  0x000001d0ec71a800 JavaThread "Unconstrained build operations Thread 104" [_thread_blocked, id=5844, stack(0x000000389f500000,0x000000389f600000)]
  0x000001d0ec721000 JavaThread "Unconstrained build operations Thread 105" [_thread_blocked, id=7052, stack(0x000000389f600000,0x000000389f700000)]
  0x000001d0ec71b800 JavaThread "Unconstrained build operations Thread 106" [_thread_blocked, id=15448, stack(0x000000389f700000,0x000000389f800000)]
  0x000001d0ec722000 JavaThread "Unconstrained build operations Thread 107" [_thread_blocked, id=10420, stack(0x000000389f800000,0x000000389f900000)]
  0x000001d0ec71c000 JavaThread "Unconstrained build operations Thread 108" [_thread_blocked, id=7552, stack(0x000000389f900000,0x000000389fa00000)]
  0x000001d0ec722800 JavaThread "Unconstrained build operations Thread 109" [_thread_blocked, id=6632, stack(0x000000389fa00000,0x000000389fb00000)]
  0x000001d0ec71d000 JavaThread "Unconstrained build operations Thread 110" [_thread_blocked, id=19272, stack(0x000000389fb00000,0x000000389fc00000)]
  0x000001d0ec723800 JavaThread "Unconstrained build operations Thread 111" [_thread_blocked, id=13480, stack(0x000000389fc00000,0x000000389fd00000)]
  0x000001d0ec728800 JavaThread "Unconstrained build operations Thread 112" [_thread_blocked, id=568, stack(0x000000389fd00000,0x000000389fe00000)]
  0x000001d0ec727800 JavaThread "Unconstrained build operations Thread 113" [_thread_blocked, id=15768, stack(0x000000389fe00000,0x000000389ff00000)]
  0x000001d0ec727000 JavaThread "Unconstrained build operations Thread 114" [_thread_blocked, id=1596, stack(0x000000389ff00000,0x00000038a0000000)]
  0x000001d0ec724800 JavaThread "Unconstrained build operations Thread 115" [_thread_blocked, id=17532, stack(0x00000038a0000000,0x00000038a0100000)]
  0x000001d0ec725000 JavaThread "Unconstrained build operations Thread 116" [_thread_blocked, id=16284, stack(0x00000038a0100000,0x00000038a0200000)]
  0x000001d0ec726000 JavaThread "Unconstrained build operations Thread 117" [_thread_blocked, id=4604, stack(0x00000038a0200000,0x00000038a0300000)]
  0x000001d0f1296000 JavaThread "Unconstrained build operations Thread 118" [_thread_blocked, id=15300, stack(0x00000038a0300000,0x00000038a0400000)]
  0x000001d0f1297800 JavaThread "Unconstrained build operations Thread 119" [_thread_blocked, id=3860, stack(0x00000038a0400000,0x00000038a0500000)]
  0x000001d0f1295000 JavaThread "Unconstrained build operations Thread 120" [_thread_blocked, id=8704, stack(0x00000038a0500000,0x00000038a0600000)]

Other Threads:
  0x000001d0eb28b000 VMThread "VM Thread" [stack: 0x0000003895c00000,0x0000003895d00000] [id=14272]
  0x000001d0ebcbb000 WatcherThread [stack: 0x0000003896600000,0x0000003896700000] [id=16900]
  0x000001d0d09a4800 GCTaskThread "GC Thread#0" [stack: 0x0000003895700000,0x0000003895800000] [id=16312]
  0x000001d0ece94000 GCTaskThread "GC Thread#1" [stack: 0x0000003896900000,0x0000003896a00000] [id=11908]
  0x000001d0ecc94800 GCTaskThread "GC Thread#2" [stack: 0x0000003896a00000,0x0000003896b00000] [id=6424]
  0x000001d0ec248800 GCTaskThread "GC Thread#3" [stack: 0x0000003896b00000,0x0000003896c00000] [id=5000]
  0x000001d0ec249000 GCTaskThread "GC Thread#4" [stack: 0x0000003896c00000,0x0000003896d00000] [id=19796]
  0x000001d0ec78d800 GCTaskThread "GC Thread#5" [stack: 0x0000003896d00000,0x0000003896e00000] [id=12628]
  0x000001d0edd03800 GCTaskThread "GC Thread#6" [stack: 0x0000003897900000,0x0000003897a00000] [id=18636]
  0x000001d0ee141000 GCTaskThread "GC Thread#7" [stack: 0x0000003897a00000,0x0000003897b00000] [id=8820]
  0x000001d0ee3b9000 GCTaskThread "GC Thread#8" [stack: 0x0000003897b00000,0x0000003897c00000] [id=14120]
  0x000001d0ed9fa800 GCTaskThread "GC Thread#9" [stack: 0x0000003897c00000,0x0000003897d00000] [id=9120]
  0x000001d0d09d8800 ConcurrentGCThread "G1 Main Marker" [stack: 0x0000003895800000,0x0000003895900000] [id=15152]
  0x000001d0d09db000 ConcurrentGCThread "G1 Conc#0" [stack: 0x0000003895900000,0x0000003895a00000] [id=15244]
  0x000001d0ee37d800 ConcurrentGCThread "G1 Conc#1" [stack: 0x0000003897d00000,0x0000003897e00000] [id=3692]
  0x000001d0ee37e800 ConcurrentGCThread "G1 Conc#2" [stack: 0x0000003897e00000,0x0000003897f00000] [id=7524]
  0x000001d0eb116800 ConcurrentGCThread "G1 Refine#0" [stack: 0x0000003895a00000,0x0000003895b00000] [id=13548]
  0x000001d0eb119000 ConcurrentGCThread "G1 Young RemSet Sampling" [stack: 0x0000003895b00000,0x0000003895c00000] [id=10972]

Threads with active compile tasks:
C2 CompilerThread0   5563 3857       4       java.lang.invoke.MethodType$ConcurrentWeakInternSet::get (54 bytes)
C1 CompilerThread0   5563 4732       2       org.gradle.cache.internal.btree.FileBackedBlockStore$BlockImpl::<init> (12 bytes)
C2 CompilerThread1   5563 3856       4       java.lang.invoke.MethodType::makeImpl (108 bytes)
C2 CompilerThread2   5563 3838       4       java.lang.invoke.LambdaForm$Name::replaceNames (174 bytes)

VM state:not at safepoint (normal execution)

VM Mutex/Monitor currently owned by a thread: None

Heap address: 0x0000000080000000, size: 2048 MB, Compressed Oops mode: 32-bit
Narrow klass base: 0x0000000000000000, Narrow klass shift: 3
Compressed class space size: 1073741824 Address: 0x0000000100000000

Heap:
 garbage-first heap   total 262144K, used 107288K [0x0000000080000000, 0x0000000100000000)
  region size 1024K, 90 young (92160K), 13 survivors (13312K)
 Metaspace       used 47947K, capacity 49207K, committed 49408K, reserved 1091584K
  class space    used 6176K, capacity 6637K, committed 6656K, reserved 1048576K
Heap Regions: E=young(eden), S=young(survivor), O=old, HS=humongous(starts), HC=humongous(continues), CS=collection set, F=free, A=archive, TAMS=top-at-mark-start (previous, next)
|   0|0x0000000080000000, 0x0000000080100000, 0x0000000080100000|100%| O|  |TAMS 0x0000000080100000, 0x0000000080000000| Untracked 
|   1|0x0000000080100000, 0x0000000080200000, 0x0000000080200000|100%| O|  |TAMS 0x0000000080200000, 0x0000000080100000| Untracked 
|   2|0x0000000080200000, 0x0000000080300000, 0x0000000080300000|100%| O|  |TAMS 0x0000000080300000, 0x0000000080200000| Untracked 
|   3|0x0000000080300000, 0x0000000080400000, 0x0000000080400000|100%|HS|  |TAMS 0x0000000080400000, 0x0000000080300000| Complete 
|   4|0x0000000080400000, 0x0000000080500000, 0x0000000080500000|100%|HC|  |TAMS 0x0000000080500000, 0x0000000080400000| Complete 
|   5|0x0000000080500000, 0x0000000080600000, 0x0000000080600000|100%|HC|  |TAMS 0x0000000080600000, 0x0000000080500000| Complete 
|   6|0x0000000080600000, 0x0000000080700000, 0x0000000080700000|100%| O|  |TAMS 0x0000000080700000, 0x0000000080600000| Untracked 
|   7|0x0000000080700000, 0x0000000080800000, 0x0000000080800000|100%| O|  |TAMS 0x0000000080800000, 0x0000000080700000| Untracked 
|   8|0x0000000080800000, 0x0000000080900000, 0x0000000080900000|100%| O|  |TAMS 0x0000000080900000, 0x0000000080800000| Untracked 
|   9|0x0000000080900000, 0x0000000080a00000, 0x0000000080a00000|100%| O|  |TAMS 0x0000000080a00000, 0x0000000080900000| Untracked 
|  10|0x0000000080a00000, 0x0000000080b00000, 0x0000000080b00000|100%| O|  |TAMS 0x0000000080b00000, 0x0000000080a00000| Untracked 
|  11|0x0000000080b00000, 0x0000000080c00000, 0x0000000080c00000|100%| O|  |TAMS 0x0000000080c00000, 0x0000000080b00000| Untracked 
|  12|0x0000000080c00000, 0x0000000080d00000, 0x0000000080d00000|100%| O|  |TAMS 0x0000000080d00000, 0x0000000080c00000| Untracked 
|  13|0x0000000080d00000, 0x0000000080e00000, 0x0000000080e00000|100%| O|  |TAMS 0x0000000080e00000, 0x0000000080d00000| Untracked 
|  14|0x0000000080e00000, 0x0000000080f00000, 0x0000000080f00000|100%| O|  |TAMS 0x0000000080f00000, 0x0000000080e00000| Untracked 
|  15|0x0000000080f00000, 0x0000000081000000, 0x0000000081000000|100%| O|  |TAMS 0x0000000081000000, 0x0000000080f00000| Untracked 
|  16|0x0000000081000000, 0x0000000081050600, 0x0000000081100000| 31%| O|  |TAMS 0x0000000081050600, 0x0000000081000000| Untracked 
|  17|0x0000000081100000, 0x0000000081100000, 0x0000000081200000|  0%| F|  |TAMS 0x0000000081100000, 0x0000000081100000| Untracked 
|  18|0x0000000081200000, 0x0000000081200000, 0x0000000081300000|  0%| F|  |TAMS 0x0000000081200000, 0x0000000081200000| Untracked 
|  19|0x0000000081300000, 0x0000000081300000, 0x0000000081400000|  0%| F|  |TAMS 0x0000000081300000, 0x0000000081300000| Untracked 
|  20|0x0000000081400000, 0x0000000081400000, 0x0000000081500000|  0%| F|  |TAMS 0x0000000081400000, 0x0000000081400000| Untracked 
|  21|0x0000000081500000, 0x0000000081500000, 0x0000000081600000|  0%| F|  |TAMS 0x0000000081500000, 0x0000000081500000| Untracked 
|  22|0x0000000081600000, 0x0000000081600000, 0x0000000081700000|  0%| F|  |TAMS 0x0000000081600000, 0x0000000081600000| Untracked 
|  23|0x0000000081700000, 0x0000000081700000, 0x0000000081800000|  0%| F|  |TAMS 0x0000000081700000, 0x0000000081700000| Untracked 
|  24|0x0000000081800000, 0x0000000081800000, 0x0000000081900000|  0%| F|  |TAMS 0x0000000081800000, 0x0000000081800000| Untracked 
|  25|0x0000000081900000, 0x0000000081900000, 0x0000000081a00000|  0%| F|  |TAMS 0x0000000081900000, 0x0000000081900000| Untracked 
|  26|0x0000000081a00000, 0x0000000081a00000, 0x0000000081b00000|  0%| F|  |TAMS 0x0000000081a00000, 0x0000000081a00000| Untracked 
|  27|0x0000000081b00000, 0x0000000081b00000, 0x0000000081c00000|  0%| F|  |TAMS 0x0000000081b00000, 0x0000000081b00000| Untracked 
|  28|0x0000000081c00000, 0x0000000081c00000, 0x0000000081d00000|  0%| F|  |TAMS 0x0000000081c00000, 0x0000000081c00000| Untracked 
|  29|0x0000000081d00000, 0x0000000081d00000, 0x0000000081e00000|  0%| F|  |TAMS 0x0000000081d00000, 0x0000000081d00000| Untracked 
|  30|0x0000000081e00000, 0x0000000081e00000, 0x0000000081f00000|  0%| F|  |TAMS 0x0000000081e00000, 0x0000000081e00000| Untracked 
|  31|0x0000000081f00000, 0x0000000081f00000, 0x0000000082000000|  0%| F|  |TAMS 0x0000000081f00000, 0x0000000081f00000| Untracked 
|  32|0x0000000082000000, 0x0000000082000000, 0x0000000082100000|  0%| F|  |TAMS 0x0000000082000000, 0x0000000082000000| Untracked 
|  33|0x0000000082100000, 0x0000000082100000, 0x0000000082200000|  0%| F|  |TAMS 0x0000000082100000, 0x0000000082100000| Untracked 
|  34|0x0000000082200000, 0x0000000082200000, 0x0000000082300000|  0%| F|  |TAMS 0x0000000082200000, 0x0000000082200000| Untracked 
|  35|0x0000000082300000, 0x0000000082300000, 0x0000000082400000|  0%| F|  |TAMS 0x0000000082300000, 0x0000000082300000| Untracked 
|  36|0x0000000082400000, 0x0000000082400000, 0x0000000082500000|  0%| F|  |TAMS 0x0000000082400000, 0x0000000082400000| Untracked 
|  37|0x0000000082500000, 0x0000000082500000, 0x0000000082600000|  0%| F|  |TAMS 0x0000000082500000, 0x0000000082500000| Untracked 
|  38|0x0000000082600000, 0x0000000082600000, 0x0000000082700000|  0%| F|  |TAMS 0x0000000082600000, 0x0000000082600000| Untracked 
|  39|0x0000000082700000, 0x0000000082700000, 0x0000000082800000|  0%| F|  |TAMS 0x0000000082700000, 0x0000000082700000| Untracked 
|  40|0x0000000082800000, 0x0000000082800000, 0x0000000082900000|  0%| F|  |TAMS 0x0000000082800000, 0x0000000082800000| Untracked 
|  41|0x0000000082900000, 0x0000000082900000, 0x0000000082a00000|  0%| F|  |TAMS 0x0000000082900000, 0x0000000082900000| Untracked 
|  42|0x0000000082a00000, 0x0000000082a00000, 0x0000000082b00000|  0%| F|  |TAMS 0x0000000082a00000, 0x0000000082a00000| Untracked 
|  43|0x0000000082b00000, 0x0000000082b00000, 0x0000000082c00000|  0%| F|  |TAMS 0x0000000082b00000, 0x0000000082b00000| Untracked 
|  44|0x0000000082c00000, 0x0000000082c00000, 0x0000000082d00000|  0%| F|  |TAMS 0x0000000082c00000, 0x0000000082c00000| Untracked 
|  45|0x0000000082d00000, 0x0000000082d00000, 0x0000000082e00000|  0%| F|  |TAMS 0x0000000082d00000, 0x0000000082d00000| Untracked 
|  46|0x0000000082e00000, 0x0000000082e00000, 0x0000000082f00000|  0%| F|  |TAMS 0x0000000082e00000, 0x0000000082e00000| Untracked 
|  47|0x0000000082f00000, 0x0000000082f00000, 0x0000000083000000|  0%| F|  |TAMS 0x0000000082f00000, 0x0000000082f00000| Untracked 
|  48|0x0000000083000000, 0x0000000083000000, 0x0000000083100000|  0%| F|  |TAMS 0x0000000083000000, 0x0000000083000000| Untracked 
|  49|0x0000000083100000, 0x0000000083100000, 0x0000000083200000|  0%| F|  |TAMS 0x0000000083100000, 0x0000000083100000| Untracked 
|  50|0x0000000083200000, 0x0000000083200000, 0x0000000083300000|  0%| F|  |TAMS 0x0000000083200000, 0x0000000083200000| Untracked 
|  51|0x0000000083300000, 0x0000000083300000, 0x0000000083400000|  0%| F|  |TAMS 0x0000000083300000, 0x0000000083300000| Untracked 
|  52|0x0000000083400000, 0x0000000083400000, 0x0000000083500000|  0%| F|  |TAMS 0x0000000083400000, 0x0000000083400000| Untracked 
|  53|0x0000000083500000, 0x0000000083500000, 0x0000000083600000|  0%| F|  |TAMS 0x0000000083500000, 0x0000000083500000| Untracked 
|  54|0x0000000083600000, 0x0000000083600000, 0x0000000083700000|  0%| F|  |TAMS 0x0000000083600000, 0x0000000083600000| Untracked 
|  55|0x0000000083700000, 0x0000000083700000, 0x0000000083800000|  0%| F|  |TAMS 0x0000000083700000, 0x0000000083700000| Untracked 
|  56|0x0000000083800000, 0x0000000083800000, 0x0000000083900000|  0%| F|  |TAMS 0x0000000083800000, 0x0000000083800000| Untracked 
|  57|0x0000000083900000, 0x0000000083900000, 0x0000000083a00000|  0%| F|  |TAMS 0x0000000083900000, 0x0000000083900000| Untracked 
|  58|0x0000000083a00000, 0x0000000083a00000, 0x0000000083b00000|  0%| F|  |TAMS 0x0000000083a00000, 0x0000000083a00000| Untracked 
|  59|0x0000000083b00000, 0x0000000083b00000, 0x0000000083c00000|  0%| F|  |TAMS 0x0000000083b00000, 0x0000000083b00000| Untracked 
|  60|0x0000000083c00000, 0x0000000083c00000, 0x0000000083d00000|  0%| F|  |TAMS 0x0000000083c00000, 0x0000000083c00000| Untracked 
|  61|0x0000000083d00000, 0x0000000083d00000, 0x0000000083e00000|  0%| F|  |TAMS 0x0000000083d00000, 0x0000000083d00000| Untracked 
|  62|0x0000000083e00000, 0x0000000083e00000, 0x0000000083f00000|  0%| F|  |TAMS 0x0000000083e00000, 0x0000000083e00000| Untracked 
|  63|0x0000000083f00000, 0x0000000083f00000, 0x0000000084000000|  0%| F|  |TAMS 0x0000000083f00000, 0x0000000083f00000| Untracked 
|  64|0x0000000084000000, 0x0000000084000000, 0x0000000084100000|  0%| F|  |TAMS 0x0000000084000000, 0x0000000084000000| Untracked 
|  65|0x0000000084100000, 0x0000000084100000, 0x0000000084200000|  0%| F|  |TAMS 0x0000000084100000, 0x0000000084100000| Untracked 
|  66|0x0000000084200000, 0x0000000084200000, 0x0000000084300000|  0%| F|  |TAMS 0x0000000084200000, 0x0000000084200000| Untracked 
|  67|0x0000000084300000, 0x0000000084300000, 0x0000000084400000|  0%| F|  |TAMS 0x0000000084300000, 0x0000000084300000| Untracked 
|  68|0x0000000084400000, 0x0000000084400000, 0x0000000084500000|  0%| F|  |TAMS 0x0000000084400000, 0x0000000084400000| Untracked 
|  69|0x0000000084500000, 0x0000000084500000, 0x0000000084600000|  0%| F|  |TAMS 0x0000000084500000, 0x0000000084500000| Untracked 
|  70|0x0000000084600000, 0x0000000084600000, 0x0000000084700000|  0%| F|  |TAMS 0x0000000084600000, 0x0000000084600000| Untracked 
|  71|0x0000000084700000, 0x0000000084700000, 0x0000000084800000|  0%| F|  |TAMS 0x0000000084700000, 0x0000000084700000| Untracked 
|  72|0x0000000084800000, 0x0000000084800000, 0x0000000084900000|  0%| F|  |TAMS 0x0000000084800000, 0x0000000084800000| Untracked 
|  73|0x0000000084900000, 0x0000000084900000, 0x0000000084a00000|  0%| F|  |TAMS 0x0000000084900000, 0x0000000084900000| Untracked 
|  74|0x0000000084a00000, 0x0000000084a00000, 0x0000000084b00000|  0%| F|  |TAMS 0x0000000084a00000, 0x0000000084a00000| Untracked 
|  75|0x0000000084b00000, 0x0000000084b00000, 0x0000000084c00000|  0%| F|  |TAMS 0x0000000084b00000, 0x0000000084b00000| Untracked 
|  76|0x0000000084c00000, 0x0000000084c00000, 0x0000000084d00000|  0%| F|  |TAMS 0x0000000084c00000, 0x0000000084c00000| Untracked 
|  77|0x0000000084d00000, 0x0000000084d00000, 0x0000000084e00000|  0%| F|  |TAMS 0x0000000084d00000, 0x0000000084d00000| Untracked 
|  78|0x0000000084e00000, 0x0000000084e00000, 0x0000000084f00000|  0%| F|  |TAMS 0x0000000084e00000, 0x0000000084e00000| Untracked 
|  79|0x0000000084f00000, 0x0000000084f00000, 0x0000000085000000|  0%| F|  |TAMS 0x0000000084f00000, 0x0000000084f00000| Untracked 
|  80|0x0000000085000000, 0x0000000085000000, 0x0000000085100000|  0%| F|  |TAMS 0x0000000085000000, 0x0000000085000000| Untracked 
|  81|0x0000000085100000, 0x0000000085100000, 0x0000000085200000|  0%| F|  |TAMS 0x0000000085100000, 0x0000000085100000| Untracked 
|  82|0x0000000085200000, 0x0000000085200000, 0x0000000085300000|  0%| F|  |TAMS 0x0000000085200000, 0x0000000085200000| Untracked 
|  83|0x0000000085300000, 0x0000000085300000, 0x0000000085400000|  0%| F|  |TAMS 0x0000000085300000, 0x0000000085300000| Untracked 
|  84|0x0000000085400000, 0x0000000085400000, 0x0000000085500000|  0%| F|  |TAMS 0x0000000085400000, 0x0000000085400000| Untracked 
|  85|0x0000000085500000, 0x0000000085500000, 0x0000000085600000|  0%| F|  |TAMS 0x0000000085500000, 0x0000000085500000| Untracked 
|  86|0x0000000085600000, 0x0000000085600000, 0x0000000085700000|  0%| F|  |TAMS 0x0000000085600000, 0x0000000085600000| Untracked 
|  87|0x0000000085700000, 0x0000000085700000, 0x0000000085800000|  0%| F|  |TAMS 0x0000000085700000, 0x0000000085700000| Untracked 
|  88|0x0000000085800000, 0x0000000085800000, 0x0000000085900000|  0%| F|  |TAMS 0x0000000085800000, 0x0000000085800000| Untracked 
|  89|0x0000000085900000, 0x0000000085900000, 0x0000000085a00000|  0%| F|  |TAMS 0x0000000085900000, 0x0000000085900000| Untracked 
|  90|0x0000000085a00000, 0x0000000085a00000, 0x0000000085b00000|  0%| F|  |TAMS 0x0000000085a00000, 0x0000000085a00000| Untracked 
|  91|0x0000000085b00000, 0x0000000085b00000, 0x0000000085c00000|  0%| F|  |TAMS 0x0000000085b00000, 0x0000000085b00000| Untracked 
|  92|0x0000000085c00000, 0x0000000085c00000, 0x0000000085d00000|  0%| F|  |TAMS 0x0000000085c00000, 0x0000000085c00000| Untracked 
|  93|0x0000000085d00000, 0x0000000085d00000, 0x0000000085e00000|  0%| F|  |TAMS 0x0000000085d00000, 0x0000000085d00000| Untracked 
|  94|0x0000000085e00000, 0x0000000085e00000, 0x0000000085f00000|  0%| F|  |TAMS 0x0000000085e00000, 0x0000000085e00000| Untracked 
|  95|0x0000000085f00000, 0x0000000085f00000, 0x0000000086000000|  0%| F|  |TAMS 0x0000000085f00000, 0x0000000085f00000| Untracked 
|  96|0x0000000086000000, 0x0000000086000000, 0x0000000086100000|  0%| F|  |TAMS 0x0000000086000000, 0x0000000086000000| Untracked 
|  97|0x0000000086100000, 0x0000000086100000, 0x0000000086200000|  0%| F|  |TAMS 0x0000000086100000, 0x0000000086100000| Untracked 
|  98|0x0000000086200000, 0x0000000086200000, 0x0000000086300000|  0%| F|  |TAMS 0x0000000086200000, 0x0000000086200000| Untracked 
|  99|0x0000000086300000, 0x0000000086300000, 0x0000000086400000|  0%| F|  |TAMS 0x0000000086300000, 0x0000000086300000| Untracked 
| 100|0x0000000086400000, 0x0000000086400000, 0x0000000086500000|  0%| F|  |TAMS 0x0000000086400000, 0x0000000086400000| Untracked 
| 101|0x0000000086500000, 0x0000000086500000, 0x0000000086600000|  0%| F|  |TAMS 0x0000000086500000, 0x0000000086500000| Untracked 
| 102|0x0000000086600000, 0x0000000086600000, 0x0000000086700000|  0%| F|  |TAMS 0x0000000086600000, 0x0000000086600000| Untracked 
| 103|0x0000000086700000, 0x0000000086700000, 0x0000000086800000|  0%| F|  |TAMS 0x0000000086700000, 0x0000000086700000| Untracked 
| 104|0x0000000086800000, 0x0000000086800000, 0x0000000086900000|  0%| F|  |TAMS 0x0000000086800000, 0x0000000086800000| Untracked 
| 105|0x0000000086900000, 0x0000000086900000, 0x0000000086a00000|  0%| F|  |TAMS 0x0000000086900000, 0x0000000086900000| Untracked 
| 106|0x0000000086a00000, 0x0000000086a00000, 0x0000000086b00000|  0%| F|  |TAMS 0x0000000086a00000, 0x0000000086a00000| Untracked 
| 107|0x0000000086b00000, 0x0000000086b00000, 0x0000000086c00000|  0%| F|  |TAMS 0x0000000086b00000, 0x0000000086b00000| Untracked 
| 108|0x0000000086c00000, 0x0000000086c00000, 0x0000000086d00000|  0%| F|  |TAMS 0x0000000086c00000, 0x0000000086c00000| Untracked 
| 109|0x0000000086d00000, 0x0000000086d00000, 0x0000000086e00000|  0%| F|  |TAMS 0x0000000086d00000, 0x0000000086d00000| Untracked 
| 110|0x0000000086e00000, 0x0000000086e00000, 0x0000000086f00000|  0%| F|  |TAMS 0x0000000086e00000, 0x0000000086e00000| Untracked 
| 111|0x0000000086f00000, 0x0000000086f00000, 0x0000000087000000|  0%| F|  |TAMS 0x0000000086f00000, 0x0000000086f00000| Untracked 
| 112|0x0000000087000000, 0x0000000087000000, 0x0000000087100000|  0%| F|  |TAMS 0x0000000087000000, 0x0000000087000000| Untracked 
| 113|0x0000000087100000, 0x0000000087100000, 0x0000000087200000|  0%| F|  |TAMS 0x0000000087100000, 0x0000000087100000| Untracked 
| 114|0x0000000087200000, 0x0000000087200000, 0x0000000087300000|  0%| F|  |TAMS 0x0000000087200000, 0x0000000087200000| Untracked 
| 115|0x0000000087300000, 0x0000000087300000, 0x0000000087400000|  0%| F|  |TAMS 0x0000000087300000, 0x0000000087300000| Untracked 
| 116|0x0000000087400000, 0x0000000087400000, 0x0000000087500000|  0%| F|  |TAMS 0x0000000087400000, 0x0000000087400000| Untracked 
| 117|0x0000000087500000, 0x0000000087500000, 0x0000000087600000|  0%| F|  |TAMS 0x0000000087500000, 0x0000000087500000| Untracked 
| 118|0x0000000087600000, 0x0000000087600000, 0x0000000087700000|  0%| F|  |TAMS 0x0000000087600000, 0x0000000087600000| Untracked 
| 119|0x0000000087700000, 0x0000000087700000, 0x0000000087800000|  0%| F|  |TAMS 0x0000000087700000, 0x0000000087700000| Untracked 
| 120|0x0000000087800000, 0x0000000087800000, 0x0000000087900000|  0%| F|  |TAMS 0x0000000087800000, 0x0000000087800000| Untracked 
| 121|0x0000000087900000, 0x0000000087900000, 0x0000000087a00000|  0%| F|  |TAMS 0x0000000087900000, 0x0000000087900000| Untracked 
| 122|0x0000000087a00000, 0x0000000087a00000, 0x0000000087b00000|  0%| F|  |TAMS 0x0000000087a00000, 0x0000000087a00000| Untracked 
| 123|0x0000000087b00000, 0x0000000087b00000, 0x0000000087c00000|  0%| F|  |TAMS 0x0000000087b00000, 0x0000000087b00000| Untracked 
| 124|0x0000000087c00000, 0x0000000087c00000, 0x0000000087d00000|  0%| F|  |TAMS 0x0000000087c00000, 0x0000000087c00000| Untracked 
| 125|0x0000000087d00000, 0x0000000087d75d58, 0x0000000087e00000| 46%| S|CS|TAMS 0x0000000087d00000, 0x0000000087d00000| Complete 
| 126|0x0000000087e00000, 0x0000000087f00000, 0x0000000087f00000|100%| S|CS|TAMS 0x0000000087e00000, 0x0000000087e00000| Complete 
| 127|0x0000000087f00000, 0x0000000088000000, 0x0000000088000000|100%| S|CS|TAMS 0x0000000087f00000, 0x0000000087f00000| Complete 
| 128|0x0000000088000000, 0x0000000088100000, 0x0000000088100000|100%| S|CS|TAMS 0x0000000088000000, 0x0000000088000000| Complete 
| 129|0x0000000088100000, 0x0000000088200000, 0x0000000088200000|100%| S|CS|TAMS 0x0000000088100000, 0x0000000088100000| Complete 
| 130|0x0000000088200000, 0x0000000088300000, 0x0000000088300000|100%| S|CS|TAMS 0x0000000088200000, 0x0000000088200000| Complete 
| 131|0x0000000088300000, 0x0000000088400000, 0x0000000088400000|100%| S|CS|TAMS 0x0000000088300000, 0x0000000088300000| Complete 
| 132|0x0000000088400000, 0x0000000088500000, 0x0000000088500000|100%| S|CS|TAMS 0x0000000088400000, 0x0000000088400000| Complete 
| 133|0x0000000088500000, 0x0000000088600000, 0x0000000088600000|100%| S|CS|TAMS 0x0000000088500000, 0x0000000088500000| Complete 
| 134|0x0000000088600000, 0x0000000088700000, 0x0000000088700000|100%| S|CS|TAMS 0x0000000088600000, 0x0000000088600000| Complete 
| 135|0x0000000088700000, 0x0000000088800000, 0x0000000088800000|100%| S|CS|TAMS 0x0000000088700000, 0x0000000088700000| Complete 
| 136|0x0000000088800000, 0x0000000088900000, 0x0000000088900000|100%| S|CS|TAMS 0x0000000088800000, 0x0000000088800000| Complete 
| 137|0x0000000088900000, 0x0000000088a00000, 0x0000000088a00000|100%| S|CS|TAMS 0x0000000088900000, 0x0000000088900000| Complete 
| 138|0x0000000088a00000, 0x0000000088a00000, 0x0000000088b00000|  0%| F|  |TAMS 0x0000000088a00000, 0x0000000088a00000| Untracked 
| 139|0x0000000088b00000, 0x0000000088b00000, 0x0000000088c00000|  0%| F|  |TAMS 0x0000000088b00000, 0x0000000088b00000| Untracked 
| 140|0x0000000088c00000, 0x0000000088c00000, 0x0000000088d00000|  0%| F|  |TAMS 0x0000000088c00000, 0x0000000088c00000| Untracked 
| 141|0x0000000088d00000, 0x0000000088d00000, 0x0000000088e00000|  0%| F|  |TAMS 0x0000000088d00000, 0x0000000088d00000| Untracked 
| 142|0x0000000088e00000, 0x0000000088e00000, 0x0000000088f00000|  0%| F|  |TAMS 0x0000000088e00000, 0x0000000088e00000| Untracked 
| 143|0x0000000088f00000, 0x0000000088f00000, 0x0000000089000000|  0%| F|  |TAMS 0x0000000088f00000, 0x0000000088f00000| Untracked 
| 144|0x0000000089000000, 0x0000000089000000, 0x0000000089100000|  0%| F|  |TAMS 0x0000000089000000, 0x0000000089000000| Untracked 
| 145|0x0000000089100000, 0x0000000089100000, 0x0000000089200000|  0%| F|  |TAMS 0x0000000089100000, 0x0000000089100000| Untracked 
| 146|0x0000000089200000, 0x0000000089200000, 0x0000000089300000|  0%| F|  |TAMS 0x0000000089200000, 0x0000000089200000| Untracked 
| 147|0x0000000089300000, 0x0000000089300000, 0x0000000089400000|  0%| F|  |TAMS 0x0000000089300000, 0x0000000089300000| Untracked 
| 148|0x0000000089400000, 0x0000000089400000, 0x0000000089500000|  0%| F|  |TAMS 0x0000000089400000, 0x0000000089400000| Untracked 
| 149|0x0000000089500000, 0x0000000089500000, 0x0000000089600000|  0%| F|  |TAMS 0x0000000089500000, 0x0000000089500000| Untracked 
| 150|0x0000000089600000, 0x0000000089600000, 0x0000000089700000|  0%| F|  |TAMS 0x0000000089600000, 0x0000000089600000| Untracked 
| 151|0x0000000089700000, 0x0000000089700000, 0x0000000089800000|  0%| F|  |TAMS 0x0000000089700000, 0x0000000089700000| Untracked 
| 152|0x0000000089800000, 0x0000000089800000, 0x0000000089900000|  0%| F|  |TAMS 0x0000000089800000, 0x0000000089800000| Untracked 
| 153|0x0000000089900000, 0x0000000089900000, 0x0000000089a00000|  0%| F|  |TAMS 0x0000000089900000, 0x0000000089900000| Untracked 
| 154|0x0000000089a00000, 0x0000000089a00000, 0x0000000089b00000|  0%| F|  |TAMS 0x0000000089a00000, 0x0000000089a00000| Untracked 
| 155|0x0000000089b00000, 0x0000000089b00000, 0x0000000089c00000|  0%| F|  |TAMS 0x0000000089b00000, 0x0000000089b00000| Untracked 
| 156|0x0000000089c00000, 0x0000000089c00000, 0x0000000089d00000|  0%| F|  |TAMS 0x0000000089c00000, 0x0000000089c00000| Untracked 
| 157|0x0000000089d00000, 0x0000000089d00000, 0x0000000089e00000|  0%| F|  |TAMS 0x0000000089d00000, 0x0000000089d00000| Untracked 
| 158|0x0000000089e00000, 0x0000000089e00000, 0x0000000089f00000|  0%| F|  |TAMS 0x0000000089e00000, 0x0000000089e00000| Untracked 
| 159|0x0000000089f00000, 0x0000000089f00000, 0x000000008a000000|  0%| F|  |TAMS 0x0000000089f00000, 0x0000000089f00000| Untracked 
| 160|0x000000008a000000, 0x000000008a000000, 0x000000008a100000|  0%| F|  |TAMS 0x000000008a000000, 0x000000008a000000| Untracked 
| 161|0x000000008a100000, 0x000000008a100000, 0x000000008a200000|  0%| F|  |TAMS 0x000000008a100000, 0x000000008a100000| Untracked 
| 162|0x000000008a200000, 0x000000008a200000, 0x000000008a300000|  0%| F|  |TAMS 0x000000008a200000, 0x000000008a200000| Untracked 
| 163|0x000000008a300000, 0x000000008a300000, 0x000000008a400000|  0%| F|  |TAMS 0x000000008a300000, 0x000000008a300000| Untracked 
| 164|0x000000008a400000, 0x000000008a400000, 0x000000008a500000|  0%| F|  |TAMS 0x000000008a400000, 0x000000008a400000| Untracked 
| 165|0x000000008a500000, 0x000000008a500000, 0x000000008a600000|  0%| F|  |TAMS 0x000000008a500000, 0x000000008a500000| Untracked 
| 166|0x000000008a600000, 0x000000008a600000, 0x000000008a700000|  0%| F|  |TAMS 0x000000008a600000, 0x000000008a600000| Untracked 
| 167|0x000000008a700000, 0x000000008a700000, 0x000000008a800000|  0%| F|  |TAMS 0x000000008a700000, 0x000000008a700000| Untracked 
| 168|0x000000008a800000, 0x000000008a800000, 0x000000008a900000|  0%| F|  |TAMS 0x000000008a800000, 0x000000008a800000| Untracked 
| 169|0x000000008a900000, 0x000000008a900000, 0x000000008aa00000|  0%| F|  |TAMS 0x000000008a900000, 0x000000008a900000| Untracked 
| 170|0x000000008aa00000, 0x000000008aa00000, 0x000000008ab00000|  0%| F|  |TAMS 0x000000008aa00000, 0x000000008aa00000| Untracked 
| 171|0x000000008ab00000, 0x000000008ab00000, 0x000000008ac00000|  0%| F|  |TAMS 0x000000008ab00000, 0x000000008ab00000| Untracked 
| 172|0x000000008ac00000, 0x000000008ac00000, 0x000000008ad00000|  0%| F|  |TAMS 0x000000008ac00000, 0x000000008ac00000| Untracked 
| 173|0x000000008ad00000, 0x000000008ad00000, 0x000000008ae00000|  0%| F|  |TAMS 0x000000008ad00000, 0x000000008ad00000| Untracked 
| 174|0x000000008ae00000, 0x000000008ae00000, 0x000000008af00000|  0%| F|  |TAMS 0x000000008ae00000, 0x000000008ae00000| Untracked 
| 175|0x000000008af00000, 0x000000008af00000, 0x000000008b000000|  0%| F|  |TAMS 0x000000008af00000, 0x000000008af00000| Untracked 
| 176|0x000000008b000000, 0x000000008b000000, 0x000000008b100000|  0%| F|  |TAMS 0x000000008b000000, 0x000000008b000000| Untracked 
| 177|0x000000008b100000, 0x000000008b100000, 0x000000008b200000|  0%| F|  |TAMS 0x000000008b100000, 0x000000008b100000| Untracked 
| 178|0x000000008b200000, 0x000000008b200000, 0x000000008b300000|  0%| F|  |TAMS 0x000000008b200000, 0x000000008b200000| Complete 
| 179|0x000000008b300000, 0x000000008b400000, 0x000000008b400000|100%| E|CS|TAMS 0x000000008b300000, 0x000000008b300000| Complete 
| 180|0x000000008b400000, 0x000000008b500000, 0x000000008b500000|100%| E|CS|TAMS 0x000000008b400000, 0x000000008b400000| Complete 
| 181|0x000000008b500000, 0x000000008b600000, 0x000000008b600000|100%| E|CS|TAMS 0x000000008b500000, 0x000000008b500000| Complete 
| 182|0x000000008b600000, 0x000000008b700000, 0x000000008b700000|100%| E|CS|TAMS 0x000000008b600000, 0x000000008b600000| Complete 
| 183|0x000000008b700000, 0x000000008b800000, 0x000000008b800000|100%| E|CS|TAMS 0x000000008b700000, 0x000000008b700000| Complete 
| 184|0x000000008b800000, 0x000000008b900000, 0x000000008b900000|100%| E|CS|TAMS 0x000000008b800000, 0x000000008b800000| Complete 
| 185|0x000000008b900000, 0x000000008ba00000, 0x000000008ba00000|100%| E|CS|TAMS 0x000000008b900000, 0x000000008b900000| Complete 
| 186|0x000000008ba00000, 0x000000008bb00000, 0x000000008bb00000|100%| E|CS|TAMS 0x000000008ba00000, 0x000000008ba00000| Complete 
| 187|0x000000008bb00000, 0x000000008bc00000, 0x000000008bc00000|100%| E|CS|TAMS 0x000000008bb00000, 0x000000008bb00000| Complete 
| 188|0x000000008bc00000, 0x000000008bd00000, 0x000000008bd00000|100%| E|CS|TAMS 0x000000008bc00000, 0x000000008bc00000| Complete 
| 189|0x000000008bd00000, 0x000000008be00000, 0x000000008be00000|100%| E|CS|TAMS 0x000000008bd00000, 0x000000008bd00000| Complete 
| 190|0x000000008be00000, 0x000000008bf00000, 0x000000008bf00000|100%| E|CS|TAMS 0x000000008be00000, 0x000000008be00000| Complete 
| 191|0x000000008bf00000, 0x000000008c000000, 0x000000008c000000|100%| E|CS|TAMS 0x000000008bf00000, 0x000000008bf00000| Complete 
| 192|0x000000008c000000, 0x000000008c100000, 0x000000008c100000|100%| E|CS|TAMS 0x000000008c000000, 0x000000008c000000| Complete 
| 193|0x000000008c100000, 0x000000008c200000, 0x000000008c200000|100%| E|CS|TAMS 0x000000008c100000, 0x000000008c100000| Complete 
| 194|0x000000008c200000, 0x000000008c300000, 0x000000008c300000|100%| E|CS|TAMS 0x000000008c200000, 0x000000008c200000| Complete 
| 195|0x000000008c300000, 0x000000008c400000, 0x000000008c400000|100%| E|CS|TAMS 0x000000008c300000, 0x000000008c300000| Complete 
| 196|0x000000008c400000, 0x000000008c500000, 0x000000008c500000|100%| E|CS|TAMS 0x000000008c400000, 0x000000008c400000| Complete 
| 197|0x000000008c500000, 0x000000008c600000, 0x000000008c600000|100%| E|CS|TAMS 0x000000008c500000, 0x000000008c500000| Complete 
| 198|0x000000008c600000, 0x000000008c700000, 0x000000008c700000|100%| E|CS|TAMS 0x000000008c600000, 0x000000008c600000| Complete 
| 199|0x000000008c700000, 0x000000008c800000, 0x000000008c800000|100%| E|CS|TAMS 0x000000008c700000, 0x000000008c700000| Complete 
| 200|0x000000008c800000, 0x000000008c900000, 0x000000008c900000|100%| E|CS|TAMS 0x000000008c800000, 0x000000008c800000| Complete 
| 201|0x000000008c900000, 0x000000008ca00000, 0x000000008ca00000|100%| E|CS|TAMS 0x000000008c900000, 0x000000008c900000| Complete 
| 202|0x000000008ca00000, 0x000000008cb00000, 0x000000008cb00000|100%| E|CS|TAMS 0x000000008ca00000, 0x000000008ca00000| Complete 
| 203|0x000000008cb00000, 0x000000008cc00000, 0x000000008cc00000|100%| E|CS|TAMS 0x000000008cb00000, 0x000000008cb00000| Complete 
| 204|0x000000008cc00000, 0x000000008cd00000, 0x000000008cd00000|100%| E|CS|TAMS 0x000000008cc00000, 0x000000008cc00000| Complete 
| 205|0x000000008cd00000, 0x000000008ce00000, 0x000000008ce00000|100%| E|CS|TAMS 0x000000008cd00000, 0x000000008cd00000| Complete 
| 206|0x000000008ce00000, 0x000000008cf00000, 0x000000008cf00000|100%| E|CS|TAMS 0x000000008ce00000, 0x000000008ce00000| Complete 
| 207|0x000000008cf00000, 0x000000008d000000, 0x000000008d000000|100%| E|CS|TAMS 0x000000008cf00000, 0x000000008cf00000| Complete 
| 208|0x000000008d000000, 0x000000008d100000, 0x000000008d100000|100%| E|CS|TAMS 0x000000008d000000, 0x000000008d000000| Complete 
| 209|0x000000008d100000, 0x000000008d200000, 0x000000008d200000|100%| E|CS|TAMS 0x000000008d100000, 0x000000008d100000| Complete 
| 210|0x000000008d200000, 0x000000008d300000, 0x000000008d300000|100%| E|CS|TAMS 0x000000008d200000, 0x000000008d200000| Complete 
| 211|0x000000008d300000, 0x000000008d400000, 0x000000008d400000|100%| E|CS|TAMS 0x000000008d300000, 0x000000008d300000| Complete 
| 212|0x000000008d400000, 0x000000008d500000, 0x000000008d500000|100%| E|CS|TAMS 0x000000008d400000, 0x000000008d400000| Complete 
| 213|0x000000008d500000, 0x000000008d600000, 0x000000008d600000|100%| E|CS|TAMS 0x000000008d500000, 0x000000008d500000| Complete 
| 214|0x000000008d600000, 0x000000008d700000, 0x000000008d700000|100%| E|CS|TAMS 0x000000008d600000, 0x000000008d600000| Complete 
| 215|0x000000008d700000, 0x000000008d800000, 0x000000008d800000|100%| E|CS|TAMS 0x000000008d700000, 0x000000008d700000| Complete 
| 216|0x000000008d800000, 0x000000008d900000, 0x000000008d900000|100%| E|CS|TAMS 0x000000008d800000, 0x000000008d800000| Complete 
| 217|0x000000008d900000, 0x000000008da00000, 0x000000008da00000|100%| E|CS|TAMS 0x000000008d900000, 0x000000008d900000| Complete 
| 218|0x000000008da00000, 0x000000008db00000, 0x000000008db00000|100%| E|CS|TAMS 0x000000008da00000, 0x000000008da00000| Complete 
| 219|0x000000008db00000, 0x000000008dc00000, 0x000000008dc00000|100%| E|CS|TAMS 0x000000008db00000, 0x000000008db00000| Complete 
| 220|0x000000008dc00000, 0x000000008dd00000, 0x000000008dd00000|100%| E|CS|TAMS 0x000000008dc00000, 0x000000008dc00000| Complete 
| 221|0x000000008dd00000, 0x000000008de00000, 0x000000008de00000|100%| E|CS|TAMS 0x000000008dd00000, 0x000000008dd00000| Complete 
| 222|0x000000008de00000, 0x000000008df00000, 0x000000008df00000|100%| E|CS|TAMS 0x000000008de00000, 0x000000008de00000| Complete 
| 223|0x000000008df00000, 0x000000008e000000, 0x000000008e000000|100%| E|CS|TAMS 0x000000008df00000, 0x000000008df00000| Complete 
| 224|0x000000008e000000, 0x000000008e100000, 0x000000008e100000|100%| E|CS|TAMS 0x000000008e000000, 0x000000008e000000| Complete 
| 225|0x000000008e100000, 0x000000008e200000, 0x000000008e200000|100%| E|CS|TAMS 0x000000008e100000, 0x000000008e100000| Complete 
| 226|0x000000008e200000, 0x000000008e300000, 0x000000008e300000|100%| E|CS|TAMS 0x000000008e200000, 0x000000008e200000| Complete 
| 227|0x000000008e300000, 0x000000008e400000, 0x000000008e400000|100%| E|CS|TAMS 0x000000008e300000, 0x000000008e300000| Complete 
| 228|0x000000008e400000, 0x000000008e500000, 0x000000008e500000|100%| E|CS|TAMS 0x000000008e400000, 0x000000008e400000| Complete 
| 229|0x000000008e500000, 0x000000008e600000, 0x000000008e600000|100%| E|CS|TAMS 0x000000008e500000, 0x000000008e500000| Complete 
| 230|0x000000008e600000, 0x000000008e700000, 0x000000008e700000|100%| E|CS|TAMS 0x000000008e600000, 0x000000008e600000| Complete 
| 231|0x000000008e700000, 0x000000008e800000, 0x000000008e800000|100%| E|CS|TAMS 0x000000008e700000, 0x000000008e700000| Complete 
| 232|0x000000008e800000, 0x000000008e900000, 0x000000008e900000|100%| E|CS|TAMS 0x000000008e800000, 0x000000008e800000| Complete 
| 233|0x000000008e900000, 0x000000008ea00000, 0x000000008ea00000|100%| E|CS|TAMS 0x000000008e900000, 0x000000008e900000| Complete 
| 234|0x000000008ea00000, 0x000000008eb00000, 0x000000008eb00000|100%| E|CS|TAMS 0x000000008ea00000, 0x000000008ea00000| Complete 
| 235|0x000000008eb00000, 0x000000008ec00000, 0x000000008ec00000|100%| E|CS|TAMS 0x000000008eb00000, 0x000000008eb00000| Complete 
| 236|0x000000008ec00000, 0x000000008ed00000, 0x000000008ed00000|100%| E|CS|TAMS 0x000000008ec00000, 0x000000008ec00000| Complete 
| 237|0x000000008ed00000, 0x000000008ee00000, 0x000000008ee00000|100%| E|CS|TAMS 0x000000008ed00000, 0x000000008ed00000| Complete 
| 238|0x000000008ee00000, 0x000000008ef00000, 0x000000008ef00000|100%| E|CS|TAMS 0x000000008ee00000, 0x000000008ee00000| Complete 
| 239|0x000000008ef00000, 0x000000008f000000, 0x000000008f000000|100%| E|CS|TAMS 0x000000008ef00000, 0x000000008ef00000| Complete 
| 240|0x000000008f000000, 0x000000008f100000, 0x000000008f100000|100%| E|CS|TAMS 0x000000008f000000, 0x000000008f000000| Complete 
| 241|0x000000008f100000, 0x000000008f200000, 0x000000008f200000|100%| E|CS|TAMS 0x000000008f100000, 0x000000008f100000| Complete 
| 242|0x000000008f200000, 0x000000008f300000, 0x000000008f300000|100%| E|CS|TAMS 0x000000008f200000, 0x000000008f200000| Complete 
| 243|0x000000008f300000, 0x000000008f400000, 0x000000008f400000|100%| E|CS|TAMS 0x000000008f300000, 0x000000008f300000| Complete 
| 244|0x000000008f400000, 0x000000008f500000, 0x000000008f500000|100%| E|CS|TAMS 0x000000008f400000, 0x000000008f400000| Complete 
| 245|0x000000008f500000, 0x000000008f600000, 0x000000008f600000|100%| E|CS|TAMS 0x000000008f500000, 0x000000008f500000| Complete 
| 246|0x000000008f600000, 0x000000008f700000, 0x000000008f700000|100%| E|CS|TAMS 0x000000008f600000, 0x000000008f600000| Complete 
| 247|0x000000008f700000, 0x000000008f800000, 0x000000008f800000|100%| E|CS|TAMS 0x000000008f700000, 0x000000008f700000| Complete 
| 248|0x000000008f800000, 0x000000008f900000, 0x000000008f900000|100%| E|CS|TAMS 0x000000008f800000, 0x000000008f800000| Complete 
| 249|0x000000008f900000, 0x000000008fa00000, 0x000000008fa00000|100%| E|CS|TAMS 0x000000008f900000, 0x000000008f900000| Complete 
| 250|0x000000008fa00000, 0x000000008fb00000, 0x000000008fb00000|100%| E|CS|TAMS 0x000000008fa00000, 0x000000008fa00000| Complete 
| 251|0x000000008fb00000, 0x000000008fc00000, 0x000000008fc00000|100%| E|CS|TAMS 0x000000008fb00000, 0x000000008fb00000| Complete 
| 252|0x000000008fc00000, 0x000000008fd00000, 0x000000008fd00000|100%| E|CS|TAMS 0x000000008fc00000, 0x000000008fc00000| Complete 
| 253|0x000000008fd00000, 0x000000008fe00000, 0x000000008fe00000|100%| E|CS|TAMS 0x000000008fd00000, 0x000000008fd00000| Complete 
| 254|0x000000008fe00000, 0x000000008ff00000, 0x000000008ff00000|100%| E|CS|TAMS 0x000000008fe00000, 0x000000008fe00000| Complete 
| 255|0x000000008ff00000, 0x0000000090000000, 0x0000000090000000|100%| E|CS|TAMS 0x000000008ff00000, 0x000000008ff00000| Complete 

Card table byte_map: [0x000001d0e3df0000,0x000001d0e41f0000] _byte_map_base: 0x000001d0e39f0000

Marking Bits (Prev, Next): (CMBitMap*) 0x000001d0d09cfe88, (CMBitMap*) 0x000001d0d09cfec0
 Prev Bits: [0x000001d0e45f0000, 0x000001d0e65f0000)
 Next Bits: [0x000001d0e65f0000, 0x000001d0e85f0000)

Polling page: 0x000001d0ce9b0000

Metaspace:

Usage:
  Non-class:     41.57 MB capacity,    40.80 MB ( 98%) used,   661.12 KB (  2%) free+waste,   127.31 KB ( <1%) overhead. 
      Class:      6.48 MB capacity,     6.03 MB ( 93%) used,   397.24 KB (  6%) free+waste,    61.19 KB ( <1%) overhead. 
       Both:     48.05 MB capacity,    46.84 MB ( 97%) used,     1.03 MB (  2%) free+waste,   188.50 KB ( <1%) overhead. 

Virtual space:
  Non-class space:       42.00 MB reserved,      41.75 MB (>99%) committed 
      Class space:        1.00 GB reserved,       6.50 MB ( <1%) committed 
             Both:        1.04 GB reserved,      48.25 MB (  5%) committed 

Chunk freelists:
   Non-Class:  54.00 KB
       Class:  0 bytes
        Both:  54.00 KB

MaxMetaspaceSize: 17179869184.00 GB
CompressedClassSpaceSize: 1.00 GB
Initial GC threshold: 20.80 MB
Current GC threshold: 58.75 MB
CDS: off

CodeHeap 'non-profiled nmethods': size=120000Kb used=2714Kb max_used=2714Kb free=117285Kb
 bounds [0x000001d0dbf70000, 0x000001d0dc220000, 0x000001d0e34a0000]
CodeHeap 'profiled nmethods': size=120000Kb used=9354Kb max_used=9354Kb free=110645Kb
 bounds [0x000001d0d4a40000, 0x000001d0d5370000, 0x000001d0dbf70000]
CodeHeap 'non-nmethods': size=5760Kb used=2310Kb max_used=2332Kb free=3449Kb
 bounds [0x000001d0d44a0000, 0x000001d0d4710000, 0x000001d0d4a40000]
 total_blobs=5513 nmethods=4723 adapters=700
 compilation: enabled
              stopped_count=0, restarted_count=0
 full_count=0

Compilation events (20 events):
Event: 5.513 Thread 0x000001d0ebb31000 4486       4       java.lang.invoke.DirectMethodHandle::internalMemberName (8 bytes)
Event: 5.513 Thread 0x000001d0ebb32000 nmethod 4571 0x000001d0d5332610 code [0x000001d0d5332800, 0x000001d0d5332b28]
Event: 5.513 Thread 0x000001d0ebb31000 nmethod 4486 0x000001d0dc1fd310 code [0x000001d0dc1fd4a0, 0x000001d0dc1fd518]
Event: 5.513 Thread 0x000001d0ebb31000 3857       4       java.lang.invoke.MethodType$ConcurrentWeakInternSet::get (54 bytes)
Event: 5.513 Thread 0x000001d0ebb32000 4572       3       java.io.DataInputStream::<init> (30 bytes)
Event: 5.514 Thread 0x000001d0ebb32000 nmethod 4572 0x000001d0d5332c90 code [0x000001d0d5332e60, 0x000001d0d53333b8]
Event: 5.514 Thread 0x000001d0ebb32000 4574       3       java.util.concurrent.locks.AbstractQueuedSynchronizer$ConditionObject::checkInterruptWhileWaiting (27 bytes)
Event: 5.516 Thread 0x000001d0ebb32000 nmethod 4574 0x000001d0d5333510 code [0x000001d0d53337c0, 0x000001d0d5334248]
Event: 5.516 Thread 0x000001d0ebb32000 4575  s    3       java.io.BufferedOutputStream::write (35 bytes)
Event: 5.517 Thread 0x000001d0ebb32000 nmethod 4575 0x000001d0d5334690 code [0x000001d0d5334860, 0x000001d0d5334cc8]
Event: 5.517 Thread 0x000001d0ebb32000 4578       3       sun.nio.fs.WindowsPath::getFileSystem (5 bytes)
Event: 5.517 Thread 0x000001d0ebb32000 nmethod 4578 0x000001d0d5334e90 code [0x000001d0d5335040, 0x000001d0d53351d8]
Event: 5.517 Thread 0x000001d0ebb32000 4581       3       sun.nio.fs.WindowsPath::toWindowsPath (32 bytes)
Event: 5.517 Thread 0x000001d0ebb32000 nmethod 4581 0x000001d0d5335290 code [0x000001d0d5335480, 0x000001d0d5335938]
Event: 5.517 Thread 0x000001d0ebb32000 4576       3       java.util.concurrent.locks.AbstractQueuedSynchronizer$Node::compareAndSetWaitStatus (10 bytes)
Event: 5.518 Thread 0x000001d0ebb32000 nmethod 4576 0x000001d0d5335a90 code [0x000001d0d5335ca0, 0x000001d0d5336218]
Event: 5.518 Thread 0x000001d0ebb32000 4583       3       com.google.common.cache.LocalCache$Segment::drainRecencyQueue (45 bytes)
Event: 5.519 Thread 0x000001d0ebb32000 nmethod 4583 0x000001d0d5336490 code [0x000001d0d53366a0, 0x000001d0d5336c68]
Event: 5.519 Thread 0x000001d0ebb32000 4580       3       com.google.common.cache.LocalCache$AccessQueue::offer (9 bytes)
Event: 5.519 Thread 0x000001d0ebb32000 nmethod 4580 0x000001d0d5336e10 code [0x000001d0d5336fe0, 0x000001d0d5337208]

GC Heap History (10 events):
Event: 0.647 GC heap before
{Heap before GC invocations=0 (full 0):
 garbage-first heap   total 262144K, used 29696K [0x0000000080000000, 0x0000000100000000)
  region size 1024K, 24 young (24576K), 0 survivors (0K)
 Metaspace       used 10220K, capacity 10424K, committed 10624K, reserved 1058816K
  class space    used 1069K, capacity 1140K, committed 1152K, reserved 1048576K
}
Event: 0.651 GC heap after
{Heap after GC invocations=1 (full 0):
 garbage-first heap   total 262144K, used 9236K [0x0000000080000000, 0x0000000100000000)
  region size 1024K, 3 young (3072K), 3 survivors (3072K)
 Metaspace       used 10220K, capacity 10424K, committed 10624K, reserved 1058816K
  class space    used 1069K, capacity 1140K, committed 1152K, reserved 1048576K
}
Event: 2.619 GC heap before
{Heap before GC invocations=1 (full 0):
 garbage-first heap   total 262144K, used 113684K [0x0000000080000000, 0x0000000100000000)
  region size 1024K, 105 young (107520K), 3 survivors (3072K)
 Metaspace       used 20775K, capacity 21152K, committed 21296K, reserved 1069056K
  class space    used 2563K, capacity 2717K, committed 2816K, reserved 1048576K
}
Event: 2.628 GC heap after
{Heap after GC invocations=2 (full 0):
 garbage-first heap   total 262144K, used 16895K [0x0000000080000000, 0x0000000100000000)
  region size 1024K, 11 young (11264K), 11 survivors (11264K)
 Metaspace       used 20775K, capacity 21152K, committed 21296K, reserved 1069056K
  class space    used 2563K, capacity 2717K, committed 2816K, reserved 1048576K
}
Event: 2.906 GC heap before
{Heap before GC invocations=3 (full 0):
 garbage-first heap   total 262144K, used 47615K [0x0000000080000000, 0x0000000100000000)
  region size 1024K, 41 young (41984K), 11 survivors (11264K)
 Metaspace       used 24038K, capacity 24527K, committed 24832K, reserved 1071104K
  class space    used 3043K, capacity 3250K, committed 3328K, reserved 1048576K
}
Event: 2.912 GC heap after
{Heap after GC invocations=4 (full 0):
 garbage-first heap   total 262144K, used 18270K [0x0000000080000000, 0x0000000100000000)
  region size 1024K, 2 young (2048K), 2 survivors (2048K)
 Metaspace       used 24038K, capacity 24527K, committed 24832K, reserved 1071104K
  class space    used 3043K, capacity 3250K, committed 3328K, reserved 1048576K
}
Event: 3.892 GC heap before
{Heap before GC invocations=4 (full 0):
 garbage-first heap   total 262144K, used 101214K [0x0000000080000000, 0x0000000100000000)
  region size 1024K, 84 young (86016K), 2 survivors (2048K)
 Metaspace       used 34997K, capacity 35794K, committed 35840K, reserved 1081344K
  class space    used 4548K, capacity 4844K, committed 4864K, reserved 1048576K
}
Event: 3.901 GC heap after
{Heap after GC invocations=5 (full 0):
 garbage-first heap   total 262144K, used 22098K [0x0000000080000000, 0x0000000100000000)
  region size 1024K, 6 young (6144K), 6 survivors (6144K)
 Metaspace       used 34997K, capacity 35794K, committed 35840K, reserved 1081344K
  class space    used 4548K, capacity 4844K, committed 4864K, reserved 1048576K
}
Event: 4.994 GC heap before
{Heap before GC invocations=6 (full 0):
 garbage-first heap   total 262144K, used 139858K [0x0000000080000000, 0x0000000100000000)
  region size 1024K, 118 young (120832K), 6 survivors (6144K)
 Metaspace       used 44713K, capacity 45810K, committed 45952K, reserved 1089536K
  class space    used 5754K, capacity 6164K, committed 6272K, reserved 1048576K
}
Event: 5.004 GC heap after
{Heap after GC invocations=7 (full 0):
 garbage-first heap   total 262144K, used 29464K [0x0000000080000000, 0x0000000100000000)
  region size 1024K, 13 young (13312K), 13 survivors (13312K)
 Metaspace       used 44713K, capacity 45810K, committed 45952K, reserved 1089536K
  class space    used 5754K, capacity 6164K, committed 6272K, reserved 1048576K
}

Deoptimization events (20 events):
Event: 5.127 Thread 0x000001d0ee2f9800 DEOPT PACKING pc=0x000001d0dc132104 sp=0x00000038972f8de0
Event: 5.127 Thread 0x000001d0ee2f9800 DEOPT UNPACKING pc=0x000001d0d44ea1af sp=0x00000038972f8d80 mode 2
Event: 5.301 Thread 0x000001d0ee2f9800 DEOPT PACKING pc=0x000001d0d4af9b1b sp=0x00000038972f8820
Event: 5.301 Thread 0x000001d0ee2f9800 DEOPT UNPACKING pc=0x000001d0d44ea95e sp=0x00000038972f7d60 mode 0
Event: 5.361 Thread 0x000001d0ee2f9800 DEOPT PACKING pc=0x000001d0d4af9b1b sp=0x00000038972f8820
Event: 5.361 Thread 0x000001d0ee2f9800 DEOPT UNPACKING pc=0x000001d0d44ea95e sp=0x00000038972f7d60 mode 0
Event: 5.361 Thread 0x000001d0ee2f9800 Uncommon trap: trap_request=0xffffff4d fr.pc=0x000001d0dbf95600 relative=0x0000000000000060
Event: 5.361 Thread 0x000001d0ee2f9800 Uncommon trap: reason=unstable_if action=reinterpret pc=0x000001d0dbf95600 method=java.io.WinNTFileSystem.isSlash(C)Z @ 9 c2
Event: 5.361 Thread 0x000001d0ee2f9800 DEOPT PACKING pc=0x000001d0dbf95600 sp=0x00000038972f8860
Event: 5.361 Thread 0x000001d0ee2f9800 DEOPT UNPACKING pc=0x000001d0d44ea1af sp=0x00000038972f87e8 mode 2
Event: 5.421 Thread 0x000001d0ee2f9800 DEOPT PACKING pc=0x000001d0d4af9b1b sp=0x00000038972f8820
Event: 5.421 Thread 0x000001d0ee2f9800 DEOPT UNPACKING pc=0x000001d0d44ea95e sp=0x00000038972f7d60 mode 0
Event: 5.506 Thread 0x000001d0ef106000 Uncommon trap: trap_request=0xffffffde fr.pc=0x000001d0dc0d7e38 relative=0x0000000000001378
Event: 5.506 Thread 0x000001d0ef106000 Uncommon trap: reason=class_check action=maybe_recompile pc=0x000001d0dc0d7e38 method=java.util.concurrent.ConcurrentHashMap.putVal(Ljava/lang/Object;Ljava/lang/Object;Z)Ljava/lang/Object; @ 242 c2
Event: 5.506 Thread 0x000001d0ef106000 DEOPT PACKING pc=0x000001d0dc0d7e38 sp=0x00000038990fd100
Event: 5.506 Thread 0x000001d0ef106000 DEOPT UNPACKING pc=0x000001d0d44ea1af sp=0x00000038990fd080 mode 2
Event: 5.509 Thread 0x000001d0f0e61800 Uncommon trap: trap_request=0xffffffde fr.pc=0x000001d0dc0d7d30 relative=0x0000000000001270
Event: 5.509 Thread 0x000001d0f0e61800 Uncommon trap: reason=class_check action=maybe_recompile pc=0x000001d0dc0d7d30 method=java.util.concurrent.ConcurrentHashMap.putVal(Ljava/lang/Object;Ljava/lang/Object;Z)Ljava/lang/Object; @ 159 c2
Event: 5.509 Thread 0x000001d0f0e61800 DEOPT PACKING pc=0x000001d0dc0d7d30 sp=0x00000038992fcec0
Event: 5.509 Thread 0x000001d0f0e61800 DEOPT UNPACKING pc=0x000001d0d44ea1af sp=0x00000038992fce50 mode 2

Classes redefined (0 events):
No events

Internal exceptions (20 events):
Event: 4.730 Thread 0x000001d0ee2f9800 Implicit null exception at 0x000001d0dc068c74 to 0x000001d0dc068e84
Event: 4.829 Thread 0x000001d0ee2f9800 Exception <a 'java/lang/ClassNotFoundException'{0x0000000089b79e80}: build_tahufl35dmk5kjbkbg5ii4m5BeanInfo> (0x0000000089b79e80) thrown at [./src/hotspot/share/classfile/systemDictionary.cpp, line 231]
Event: 4.830 Thread 0x000001d0ee2f9800 Exception <a 'java/lang/ClassNotFoundException'{0x0000000089b90e18}: org/gradle/api/internal/project/ProjectScriptBeanInfo> (0x0000000089b90e18) thrown at [./src/hotspot/share/classfile/systemDictionary.cpp, line 231]
Event: 4.830 Thread 0x000001d0ee2f9800 Exception <a 'java/lang/ClassNotFoundException'{0x0000000089ba7cd8}: org/gradle/api/internal/project/ProjectScriptCustomizer> (0x0000000089ba7cd8) thrown at [./src/hotspot/share/classfile/systemDictionary.cpp, line 231]
Event: 4.831 Thread 0x000001d0ee2f9800 Exception <a 'java/lang/ClassNotFoundException'{0x0000000089bc2f68}: build_tahufl35dmk5kjbkbg5ii4m5Customizer> (0x0000000089bc2f68) thrown at [./src/hotspot/share/classfile/systemDictionary.cpp, line 231]
Event: 4.838 Thread 0x000001d0ee2f9800 Exception <a 'java/lang/ClassNotFoundException'{0x0000000089a56678}: org/gradle/plugin/use/internal/PluginRequestCollector$PluginDependenciesSpecImplBeanInfo> (0x0000000089a56678) thrown at [./src/hotspot/share/classfile/systemDictionary.cpp, line 231]
Event: 4.839 Thread 0x000001d0ee2f9800 Exception <a 'java/lang/ClassNotFoundException'{0x0000000089a85838}: org/gradle/plugin/use/internal/PluginRequestCollector$PluginDependenciesSpecImplCustomizer> (0x0000000089a85838) thrown at [./src/hotspot/share/classfile/systemDictionary.cpp, line 231]
Event: 4.843 Thread 0x000001d0ee2f9800 Exception <a 'java/lang/ClassNotFoundException'{0x0000000089aed668}: org/gradle/plugin/use/internal/PluginRequestCollector$PluginDependencySpecImplBeanInfo> (0x0000000089aed668) thrown at [./src/hotspot/share/classfile/systemDictionary.cpp, line 231]
Event: 4.843 Thread 0x000001d0ee2f9800 Exception <a 'java/lang/ClassNotFoundException'{0x000000008991bd20}: org/gradle/plugin/use/internal/PluginRequestCollector$PluginDependencySpecImplCustomizer> (0x000000008991bd20) thrown at [./src/hotspot/share/classfile/systemDictionary.cpp, line 231]
Event: 5.071 Thread 0x000001d0ee2f9800 Exception <a 'java/lang/NoSuchMethodError'{0x000000008f547c00}: 'int java.lang.invoke.DirectMethodHandle$Holder.invokeInterface(java.lang.Object, java.lang.Object)'> (0x000000008f547c00) thrown at [./src/hotspot/share/interpreter/linkResolver.cpp, line 773]
Event: 5.072 Thread 0x000001d0ee2f9800 Exception <a 'java/lang/IncompatibleClassChangeError'{0x000000008f54b6e0}: Found class java.lang.Object, but interface was expected> (0x000000008f54b6e0) thrown at [./src/hotspot/share/interpreter/linkResolver.cpp, line 839]
Event: 5.131 Thread 0x000001d0ee2f9800 Exception <a 'java/lang/NoSuchMethodError'{0x000000008edd44f8}: 'int java.lang.invoke.DirectMethodHandle$Holder.invokeStaticInit(java.lang.Object)'> (0x000000008edd44f8) thrown at [./src/hotspot/share/interpreter/linkResolver.cpp, line 773]
Event: 5.155 Thread 0x000001d0ee2f9800 Exception <a 'java/lang/NoSuchMethodError'{0x000000008eaff700}: 'void java.lang.invoke.DirectMethodHandle$Holder.invokeStatic(java.lang.Object, java.lang.Object, java.lang.Object, int, java.lang.Object)'> (0x000000008eaff700) thrown at [./src/hotspot/share/interpreter/linkResolver.cpp, line 773]
Event: 5.231 Thread 0x000001d0ee2f9800 Exception <a 'java/lang/NoSuchMethodError'{0x000000008e35e1a0}: 'java.lang.Object java.lang.invoke.DelegatingMethodHandle$Holder.reinvoke_L(java.lang.Object, java.lang.Object, java.lang.Object, java.lang.Object, java.lang.Object, java.lang.Object, java.lang.Object, java.lang.Object, java.lang.Object, java.lang.Object, java.lang.Object, java.lang.Object, java.lang.Object, java.lang.Object, java.lang.Object, java.lang.Object, java.lang.Object, java.lang.Object, java.lang.Object, java.lang.Object)'> (0x000000
Event: 5.232 Thread 0x000001d0ee2f9800 Exception <a 'java/lang/NoSuchMethodError'{0x000000008e369c40}: 'java.lang.Object java.lang.invoke.DirectMethodHandle$Holder.invokeSpecial(java.lang.Object, java.lang.Object, java.lang.Object, java.lang.Object, java.lang.Object, java.lang.Object, java.lang.Object, java.lang.Object, java.lang.Object, java.lang.Object, java.lang.Object, java.lang.Object, java.lang.Object, java.lang.Object, java.lang.Object, java.lang.Object, java.lang.Object, java.lang.Object, java.lang.Object, java.lang.Object)'> (0x0000000
Event: 5.232 Thread 0x000001d0ee2f9800 Exception <a 'java/lang/NoSuchMethodError'{0x000000008e36fb80}: 'java.lang.Object java.lang.invoke.Invokers$Holder.invoker(java.lang.Object, java.lang.Object, java.lang.Object, java.lang.Object, java.lang.Object, java.lang.Object, java.lang.Object, java.lang.Object, java.lang.Object, java.lang.Object, java.lang.Object, java.lang.Object, java.lang.Object, java.lang.Object, java.lang.Object, java.lang.Object, java.lang.Object, java.lang.Object, java.lang.Object, java.lang.Object)'> (0x000000008e36fb80) throw
Event: 5.232 Thread 0x000001d0ee2f9800 Exception <a 'java/lang/NoSuchMethodError'{0x000000008e376c90}: 'java.lang.Object java.lang.invoke.DelegatingMethodHandle$Holder.delegate(java.lang.Object, java.lang.Object, java.lang.Object, java.lang.Object, java.lang.Object, java.lang.Object, java.lang.Object, java.lang.Object, java.lang.Object, java.lang.Object, java.lang.Object, java.lang.Object, java.lang.Object, java.lang.Object, java.lang.Object, java.lang.Object, java.lang.Object, java.lang.Object, java.lang.Object, java.lang.Object)'> (0x00000000
Event: 5.236 Thread 0x000001d0ee2f9800 Exception <a 'java/lang/NoSuchMethodError'{0x000000008e20e148}: 'java.lang.Object java.lang.invoke.DirectMethodHandle$Holder.invokeStatic(java.lang.Object, java.lang.Object, java.lang.Object, java.lang.Object, java.lang.Object, java.lang.Object, java.lang.Object, java.lang.Object, java.lang.Object, java.lang.Object, java.lang.Object, java.lang.Object, java.lang.Object, java.lang.Object, java.lang.Object)'> (0x000000008e20e148) thrown at [./src/hotspot/share/interpreter/linkResolver.cpp, line 773]
Event: 5.237 Thread 0x000001d0ee2f9800 Exception <a 'java/lang/NoSuchMethodError'{0x000000008e21e5f0}: 'java.lang.Object java.lang.invoke.DirectMethodHandle$Holder.invokeStatic(java.lang.Object, java.lang.Object, java.lang.Object, java.lang.Object, java.lang.Object, java.lang.Object, java.lang.Object, java.lang.Object, java.lang.Object, java.lang.Object, java.lang.Object, java.lang.Object, java.lang.Object, java.lang.Object, java.lang.Object, java.lang.Object)'> (0x000000008e21e5f0) thrown at [./src/hotspot/share/interpreter/linkResolver.cpp, l
Event: 5.237 Thread 0x000001d0ee2f9800 Exception <a 'java/lang/NoSuchMethodError'{0x000000008e22e820}: 'java.lang.Object java.lang.invoke.DelegatingMethodHandle$Holder.reinvoke_L(java.lang.Object, java.lang.Object, java.lang.Object, java.lang.Object, java.lang.Object, java.lang.Object, java.lang.Object, java.lang.Object, java.lang.Object, java.lang.Object, java.lang.Object, java.lang.Object, java.lang.Object, java.lang.Object, java.lang.Object, java.lang.Object, java.lang.Object, java.lang.Object, java.lang.Object)'> (0x000000008e22e820) thrown

Events (20 events):
Event: 5.515 Thread 0x000001d0f2354800 Thread added: 0x000001d0f2354800
Event: 5.515 Executing VM operation: RevokeBias
Event: 5.516 Executing coalesced safepoint VM operation: RevokeBias
Event: 5.516 Executing coalesced safepoint VM operation: RevokeBias done
Event: 5.516 Executing VM operation: RevokeBias done
Event: 5.516 loading class org/gradle/api/internal/artifacts/DownloadArtifactBuildOperationType
Event: 5.516 loading class org/gradle/api/internal/artifacts/DownloadArtifactBuildOperationType done
Event: 5.516 Executing VM operation: RevokeBias
Event: 5.517 Executing VM operation: RevokeBias done
Event: 5.517 loading class org/gradle/api/internal/artifacts/DownloadArtifactBuildOperationType$Result
Event: 5.517 loading class org/gradle/api/internal/artifacts/DownloadArtifactBuildOperationType$Result done
Event: 5.517 loading class org/gradle/api/internal/artifacts/DownloadArtifactBuildOperationType$1
Event: 5.517 loading class org/gradle/api/internal/artifacts/DownloadArtifactBuildOperationType$1 done
Event: 5.517 Thread 0x000001d0f234e800 Thread added: 0x000001d0f234e800
Event: 5.518 Thread 0x000001d0f2356000 Thread added: 0x000001d0f2356000
Event: 5.518 Thread 0x000001d0f2355000 Thread added: 0x000001d0f2355000
Event: 5.518 Thread 0x000001d0f2358800 Thread added: 0x000001d0f2358800
Event: 5.518 Thread 0x000001d0f2359800 Thread added: 0x000001d0f2359800
Event: 5.518 Thread 0x000001d0f2353800 Thread added: 0x000001d0f2353800
Event: 5.519 Thread 0x000001d0f2357000 Thread added: 0x000001d0f2357000


Dynamic libraries:
0x00007ff72da90000 - 0x00007ff72da9a000 	C:\Program Files\Android\Android Studio\jre\bin\java.exe
0x00007ffd03260000 - 0x00007ffd03469000 	C:\Windows\SYSTEM32\ntdll.dll
0x00007ffd02b20000 - 0x00007ffd02bdd000 	C:\Windows\System32\KERNEL32.DLL
0x00007ffd00d70000 - 0x00007ffd010ed000 	C:\Windows\System32\KERNELBASE.dll
0x00007ffd00ac0000 - 0x00007ffd00bd1000 	C:\Windows\System32\ucrtbase.dll
0x00007ffcf9430000 - 0x00007ffcf9449000 	C:\Program Files\Android\Android Studio\jre\bin\jli.dll
0x00007ffcf60f0000 - 0x00007ffcf6107000 	C:\Program Files\Android\Android Studio\jre\bin\VCRUNTIME140.dll
0x00007ffd01580000 - 0x00007ffd0172d000 	C:\Windows\System32\USER32.dll
0x00007ffd00be0000 - 0x00007ffd00c06000 	C:\Windows\System32\win32u.dll
0x00007ffce3f10000 - 0x00007ffce41b5000 	C:\Windows\WinSxS\amd64_microsoft.windows.common-controls_6595b64144ccf1df_6.0.22000.120_none_9d947278b86cc467\COMCTL32.dll
0x00007ffd01920000 - 0x00007ffd01949000 	C:\Windows\System32\GDI32.dll
0x00007ffd02c50000 - 0x00007ffd02cf3000 	C:\Windows\System32\msvcrt.dll
0x00007ffd009a0000 - 0x00007ffd00ab8000 	C:\Windows\System32\gdi32full.dll
0x00007ffd00cd0000 - 0x00007ffd00d6d000 	C:\Windows\System32\msvcp_win.dll
0x00007ffd02c00000 - 0x00007ffd02c31000 	C:\Windows\System32\IMM32.DLL
0x00007ffceb410000 - 0x00007ffceb4ad000 	C:\Program Files\Android\Android Studio\jre\bin\msvcp140.dll
0x00007ffc787a0000 - 0x00007ffc79285000 	C:\Program Files\Android\Android Studio\jre\bin\server\jvm.dll
0x00007ffd02a70000 - 0x00007ffd02b1e000 	C:\Windows\System32\ADVAPI32.dll
0x00007ffd03180000 - 0x00007ffd0321e000 	C:\Windows\System32\sechost.dll
0x00007ffd021e0000 - 0x00007ffd02300000 	C:\Windows\System32\RPCRT4.dll
0x00007ffd01950000 - 0x00007ffd01958000 	C:\Windows\System32\PSAPI.DLL
0x00007ffcde6f0000 - 0x00007ffcde6f9000 	C:\Windows\SYSTEM32\WSOCK32.dll
0x00007ffcf7a40000 - 0x00007ffcf7a73000 	C:\Windows\SYSTEM32\WINMM.dll
0x00007ffcf5fd0000 - 0x00007ffcf5fda000 	C:\Windows\SYSTEM32\VERSION.dll
0x00007ffd02df0000 - 0x00007ffd02e5f000 	C:\Windows\System32\WS2_32.dll
0x00007ffcff930000 - 0x00007ffcff948000 	C:\Windows\SYSTEM32\kernel.appcore.dll
0x00007ffcf75c0000 - 0x00007ffcf75d1000 	C:\Program Files\Android\Android Studio\jre\bin\verify.dll
0x00007ffcfa5a0000 - 0x00007ffcfa7c1000 	C:\Windows\SYSTEM32\DBGHELP.DLL
0x00007ffce57a0000 - 0x00007ffce57d1000 	C:\Windows\SYSTEM32\dbgcore.DLL
0x00007ffd00740000 - 0x00007ffd007bf000 	C:\Windows\System32\bcryptPrimitives.dll
0x00007ffcf29a0000 - 0x00007ffcf29c9000 	C:\Program Files\Android\Android Studio\jre\bin\java.dll
0x00007ffcefa50000 - 0x00007ffcefa5b000 	C:\Program Files\Android\Android Studio\jre\bin\jimage.dll
0x00007ffcdef70000 - 0x00007ffcdef88000 	C:\Program Files\Android\Android Studio\jre\bin\zip.dll
0x00007ffd01960000 - 0x00007ffd02118000 	C:\Windows\System32\SHELL32.dll
0x00007ffcfe8c0000 - 0x00007ffcff128000 	C:\Windows\SYSTEM32\windows.storage.dll
0x00007ffd02540000 - 0x00007ffd028b9000 	C:\Windows\System32\combase.dll
0x00007ffcfe750000 - 0x00007ffcfe8b6000 	C:\Windows\SYSTEM32\wintypes.dll
0x00007ffd028c0000 - 0x00007ffd029aa000 	C:\Windows\System32\SHCORE.dll
0x00007ffd02a10000 - 0x00007ffd02a6d000 	C:\Windows\System32\shlwapi.dll
0x00007ffd00670000 - 0x00007ffd00691000 	C:\Windows\SYSTEM32\profapi.dll
0x00007ffcdedf0000 - 0x00007ffcdee0a000 	C:\Program Files\Android\Android Studio\jre\bin\net.dll
0x00007ffcf6de0000 - 0x00007ffcf6eec000 	C:\Windows\SYSTEM32\WINHTTP.dll
0x00007ffcffd60000 - 0x00007ffcffdc7000 	C:\Windows\system32\mswsock.dll
0x00007ffcde790000 - 0x00007ffcde7a4000 	C:\Program Files\Android\Android Studio\jre\bin\nio.dll
0x00007ffcf8920000 - 0x00007ffcf8947000 	C:\Users\laita\.gradle\native\e1d6ef7f7dcc3fd88c89a11ec53ec762bb8ba0a96d01ffa2cd45eb1d1d8dd5c5\windows-amd64\native-platform.dll
0x00007ffcd5240000 - 0x00007ffcd5384000 	C:\Users\laita\.gradle\native\5664cfc778a61ccfe75a443a1ab52a65af34e5dc3c78e0209fed803814484fcb\windows-amd64\native-platform-file-events.dll
0x00007ffce2c20000 - 0x00007ffce2c2a000 	C:\Program Files\Android\Android Studio\jre\bin\management.dll
0x00007ffcdf330000 - 0x00007ffcdf33d000 	C:\Program Files\Android\Android Studio\jre\bin\management_ext.dll
0x00007ffcfffa0000 - 0x00007ffcfffb8000 	C:\Windows\SYSTEM32\CRYPTSP.dll
0x00007ffcff890000 - 0x00007ffcff8c5000 	C:\Windows\system32\rsaenh.dll
0x00007ffcffe50000 - 0x00007ffcffe79000 	C:\Windows\SYSTEM32\USERENV.dll
0x00007ffd00120000 - 0x00007ffd00147000 	C:\Windows\SYSTEM32\bcrypt.dll
0x00007ffcfffc0000 - 0x00007ffcfffcc000 	C:\Windows\SYSTEM32\CRYPTBASE.dll
0x00007ffcff460000 - 0x00007ffcff48d000 	C:\Windows\SYSTEM32\IPHLPAPI.DLL
0x00007ffd02120000 - 0x00007ffd02129000 	C:\Windows\System32\NSI.dll
0x00007ffcf6dc0000 - 0x00007ffcf6dd9000 	C:\Windows\SYSTEM32\dhcpcsvc6.DLL
0x00007ffcf7720000 - 0x00007ffcf773e000 	C:\Windows\SYSTEM32\dhcpcsvc.DLL
0x00007ffcff4d0000 - 0x00007ffcff5b8000 	C:\Windows\SYSTEM32\DNSAPI.dll

dbghelp: loaded successfully - version: 4.0.5 - missing functions: none
symbol engine: initialized successfully - sym options: 0x614 - pdb path: .;C:\Program Files\Android\Android Studio\jre\bin;C:\Windows\SYSTEM32;C:\Windows\WinSxS\amd64_microsoft.windows.common-controls_6595b64144ccf1df_6.0.22000.120_none_9d947278b86cc467;C:\Program Files\Android\Android Studio\jre\bin\server;C:\Users\laita\.gradle\native\e1d6ef7f7dcc3fd88c89a11ec53ec762bb8ba0a96d01ffa2cd45eb1d1d8dd5c5\windows-amd64;C:\Users\laita\.gradle\native\5664cfc778a61ccfe75a443a1ab52a65af34e5dc3c78e0209fed803814484fcb\windows-amd64

VM Arguments:
jvm_args: --add-opens=java.base/java.util=ALL-UNNAMED --add-opens=java.base/java.lang=ALL-UNNAMED --add-opens=java.base/java.lang.invoke=ALL-UNNAMED --add-opens=java.base/java.util=ALL-UNNAMED --add-opens=java.prefs/java.util.prefs=ALL-UNNAMED --add-opens=java.prefs/java.util.prefs=ALL-UNNAMED --add-opens=java.base/java.nio.charset=ALL-UNNAMED --add-opens=java.base/java.net=ALL-UNNAMED --add-opens=java.base/java.util.concurrent.atomic=ALL-UNNAMED -Xmx2048m -Dfile.encoding=UTF-8 -Duser.country=ID -Duser.language=en -Duser.variant 
java_command: org.gradle.launcher.daemon.bootstrap.GradleDaemon 7.3.3
java_class_path (initial): C:\Users\laita\.gradle\wrapper\dists\gradle-7.3.3-bin\6a41zxkdtcxs8rphpq6y0069z\gradle-7.3.3\lib\gradle-launcher-7.3.3.jar
Launcher Type: SUN_STANDARD

[Global flags]
     intx CICompilerCount                          = 4                                         {product} {ergonomic}
     uint ConcGCThreads                            = 3                                         {product} {ergonomic}
     uint G1ConcRefinementThreads                  = 10                                        {product} {ergonomic}
   size_t G1HeapRegionSize                         = 1048576                                   {product} {ergonomic}
    uintx GCDrainStackTargetSize                   = 64                                        {product} {ergonomic}
   size_t InitialHeapSize                          = 268435456                                 {product} {ergonomic}
   size_t MarkStackSize                            = 4194304                                   {product} {ergonomic}
   size_t MaxHeapSize                              = 2147483648                                {product} {command line}
   size_t MaxNewSize                               = 1287651328                                {product} {ergonomic}
   size_t MinHeapDeltaBytes                        = 1048576                                   {product} {ergonomic}
    uintx NonNMethodCodeHeapSize                   = 5836300                                {pd product} {ergonomic}
    uintx NonProfiledCodeHeapSize                  = 122910970                              {pd product} {ergonomic}
    uintx ProfiledCodeHeapSize                     = 122910970                              {pd product} {ergonomic}
    uintx ReservedCodeCacheSize                    = 251658240                              {pd product} {ergonomic}
     bool SegmentedCodeCache                       = true                                      {product} {ergonomic}
     bool UseCompressedClassPointers               = true                                 {lp64_product} {ergonomic}
     bool UseCompressedOops                        = true                                 {lp64_product} {ergonomic}
     bool UseG1GC                                  = true                                      {product} {ergonomic}
     bool UseLargePagesIndividualAllocation        = false                                  {pd product} {ergonomic}

Logging:
Log output configuration:
 #0: stdout all=warning uptime,level,tags
 #1: stderr all=off uptime,level,tags

Environment Variables:
PATH=C:\Program Files (x86)\Common Files\Oracle\Java\javapath;C:\Windows\system32;C:\Windows;C:\Windows\System32\Wbem;C:\Windows\System32\WindowsPowerShell\v1.0\;C:\Windows\System32\OpenSSH\;C:\Program Files (x86)\NVIDIA Corporation\PhysX\Common;C:\Program Files\NVIDIA Corporation\NVIDIA NGX;C:\Program Files\NVIDIA Corporation\NVIDIA NvDLISR;C:\Program Files\Git\cmd;C:\Users\laita\AppData\Local\Microsoft\WindowsApps;;C:\Users\laita\AppData\Local\Programs\Microsoft VS Code\bin
USERNAME=laita
OS=Windows_NT
PROCESSOR_IDENTIFIER=Intel64 Family 6 Model 158 Stepping 10, GenuineIntel



---------------  S Y S T E M  ---------------

OS: Windows 10 , 64 bit Build 22000 (10.0.22000.708)
OS uptime: 1 days 4:15 hours

CPU:total 12 (initial active 12) (6 cores per cpu, 2 threads per core) family 6 model 158 stepping 10 microcode 0xea, cmov, cx8, fxsr, mmx, sse, sse2, sse3, ssse3, sse4.1, sse4.2, popcnt, avx, avx2, aes, clmul, erms, 3dnowpref, lzcnt, ht, tsc, tscinvbit, bmi1, bmi2, adx, fma

Memory: 4k page, system-wide physical 16257M (4574M free)
TotalPageFile size 18305M (AvailPageFile size 17M)
current process WorkingSet (physical memory assigned to process): 334M, peak: 338M
current process commit charge ("private bytes"): 483M, peak: 485M

vm_info: OpenJDK 64-Bit Server VM (11.0.12+7-b1504.28-7817840) for windows-amd64 JRE (11.0.12+7-b1504.28-7817840), built on Oct 13 2021 22:12:33 by "builder" with MS VC++ 14.0 (VS2015)

END.
