#
# There is insufficient memory for the Java Runtime Environment to continue.
# Native memory allocation (malloc) failed to allocate 1085136 bytes for Chunk::new
# Possible reasons:
#   The system is out of physical RAM or swap space
#   The process is running with CompressedOops enabled, and the Java Heap may be blocking the growth of the native heap
# Possible solutions:
#   Reduce memory load on the system
#   Increase physical memory or swap space
#   Check if swap backing store is full
#   Decrease Java heap size (-Xmx/-Xms)
#   Decrease number of Java threads
#   Decrease Java thread stack sizes (-Xss)
#   Set larger code cache with -XX:ReservedCodeCacheSize=
#   JVM is running with Unscaled Compressed Oops mode in which the Java heap is
#     placed in the first 4GB address space. The Java Heap base address is the
#     maximum limit for the native heap growth. Please use -XX:HeapBaseMinAddress
#     to set the Java Heap base and to place the Java Heap above 4GB virtual address.
# This output file may be truncated or incomplete.
#
#  Out of Memory Error (./src/hotspot/share/memory/arena.cpp:197), pid=20180, tid=11268
#
# JRE version: OpenJDK Runtime Environment (11.0.12+7) (build 11.0.12+7-b1504.28-7817840)
# Java VM: OpenJDK 64-Bit Server VM (11.0.12+7-b1504.28-7817840, mixed mode, tiered, compressed oops, g1 gc, windows-amd64)
# No core dump will be written. Minidumps are not enabled by default on client versions of Windows
#

---------------  S U M M A R Y ------------

Command Line: --add-opens=java.base/java.util=ALL-UNNAMED --add-opens=java.base/java.lang=ALL-UNNAMED --add-opens=java.base/java.lang.invoke=ALL-UNNAMED --add-opens=java.base/java.util=ALL-UNNAMED --add-opens=java.prefs/java.util.prefs=ALL-UNNAMED --add-opens=java.prefs/java.util.prefs=ALL-UNNAMED --add-opens=java.base/java.nio.charset=ALL-UNNAMED --add-opens=java.base/java.net=ALL-UNNAMED --add-opens=java.base/java.util.concurrent.atomic=ALL-UNNAMED -Xmx2048m -Dfile.encoding=UTF-8 -Duser.country=ID -Duser.language=en -Duser.variant org.gradle.launcher.daemon.bootstrap.GradleDaemon 7.3.3

Host: Intel(R) Core(TM) i7-9750H CPU @ 2.60GHz, 12 cores, 15G,  Windows 10 , 64 bit Build 22000 (10.0.22000.708)
Time: Wed Aug 17 00:32:38 2022 SE Asia Standard Time elapsed time: 6.393007 seconds (0d 0h 0m 6s)

---------------  T H R E A D  ---------------

Current thread (0x0000026b0883d000):  JavaThread "C2 CompilerThread1" daemon [_thread_in_native, id=11268, stack(0x000000b37a000000,0x000000b37a100000)]


Current CompileTask:
C2:   6393 5154       4       java.lang.invoke.MethodType::makeImpl (108 bytes)

Stack: [0x000000b37a000000,0x000000b37a100000]
Native frames: (J=compiled Java code, j=interpreted, Vv=VM code, C=native code)
V  [jvm.dll+0x5fbcea]
V  [jvm.dll+0x731905]
V  [jvm.dll+0x732f1d]
V  [jvm.dll+0x7335d3]
V  [jvm.dll+0x247bf8]
V  [jvm.dll+0xc018c]
V  [jvm.dll+0xc06cc]
V  [jvm.dll+0x35b31d]
V  [jvm.dll+0x19d0bc]
V  [jvm.dll+0x20070e]
V  [jvm.dll+0x1ff794]
V  [jvm.dll+0x18868c]
V  [jvm.dll+0x20e0d7]
V  [jvm.dll+0x20c901]
V  [jvm.dll+0x6f9b7f]
V  [jvm.dll+0x6f26a5]
V  [jvm.dll+0x5fabf6]
C  [ucrtbase.dll+0x26c0c]
C  [KERNEL32.DLL+0x154e0]
C  [ntdll.dll+0x485b]


---------------  P R O C E S S  ---------------

Threads class SMR info:
_java_thread_list=0x0000026b0df97bc0, length=167, elements={
0x0000026b6d31e800, 0x0000026b0854e800, 0x0000026b08557800, 0x0000026b085ab800,
0x0000026b085ad000, 0x0000026b085ae000, 0x0000026b085b2800, 0x0000026b085b3800,
0x0000026b085c2800, 0x0000026b08726800, 0x0000026b09c88000, 0x0000026b0b8a3800,
0x0000026b0883d000, 0x0000026b0b1c9000, 0x0000026b0a1de800, 0x0000026b0b793800,
0x0000026b0a068800, 0x0000026b0b25f000, 0x0000026b0af54000, 0x0000026b0aab3000,
0x0000026b0a074000, 0x0000026b0a074800, 0x0000026b0a078000, 0x0000026b0a076800,
0x0000026b0a075800, 0x0000026b0c485000, 0x0000026b0a077000, 0x0000026b0a072000,
0x0000026b0a078800, 0x0000026b0a073000, 0x0000026b0a4e4800, 0x0000026b0a4e4000,
0x0000026b0a4e3000, 0x0000026b0a4e5800, 0x0000026b0a4e0800, 0x0000026b0a4e6000,
0x0000026b0a4e7000, 0x0000026b0a4e1800, 0x0000026b0a4e8000, 0x0000026b0a4e2000,
0x0000026b0a4ec000, 0x0000026b0a4ec800, 0x0000026b0a4ed800, 0x0000026b0a4e9800,
0x0000026b0a4eb000, 0x0000026b0a4e8800, 0x0000026b0a4ef000, 0x0000026b0d7b1000,
0x0000026b0d7b2000, 0x0000026b0d7b0800, 0x0000026b0d7b4800, 0x0000026b0d7b5000,
0x0000026b0d7b7000, 0x0000026b0d7b6000, 0x0000026b0d7b3800, 0x0000026b0d7b7800,
0x0000026b0d7b8800, 0x0000026b0d7b3000, 0x0000026b0d7be000, 0x0000026b0d7bf000,
0x0000026b0d7bb000, 0x0000026b0d7bd800, 0x0000026b0d7b9800, 0x0000026b0d7ba000,
0x0000026b0d7bb800, 0x0000026b0d7bc800, 0x0000026b0f7d3000, 0x0000026b0f7d4000,
0x0000026b0f7d5000, 0x0000026b0f7d5800, 0x0000026b0f7d6800, 0x0000026b0f7d0800,
0x0000026b0f7d7800, 0x0000026b0f7d1800, 0x0000026b0f7d8000, 0x0000026b0f7d2800,
0x0000026b0f7dd000, 0x0000026b0f7d9800, 0x0000026b0f7de800, 0x0000026b0f7db800,
0x0000026b0f7d9000, 0x0000026b0f7de000, 0x0000026b0f7df800, 0x0000026b0f7da800,
0x0000026b0f7dc000, 0x0000026b0f846800, 0x0000026b0f847800, 0x0000026b0f845000,
0x0000026b0f842000, 0x0000026b0f843800, 0x0000026b0f842800, 0x0000026b0f848800,
0x0000026b0f849000, 0x0000026b0f846000, 0x0000026b0f84a000, 0x0000026b0f844000,
0x0000026b0f84f000, 0x0000026b0f84d000, 0x0000026b0f84e000, 0x0000026b0f84f800,
0x0000026b0f850800, 0x0000026b0f84a800, 0x0000026b0f84b800, 0x0000026b0f84c800,
0x0000026b0aa30800, 0x0000026b0aa31800, 0x0000026b0aa2f000, 0x0000026b0aa30000,
0x0000026b0aa35800, 0x0000026b0aa34000, 0x0000026b0aa35000, 0x0000026b0aa37800,
0x0000026b0aa33000, 0x0000026b0aa36800, 0x0000026b0aa38000, 0x0000026b0aa32800,
0x0000026b0aa39000, 0x0000026b0aa3c000, 0x0000026b0aa3a800, 0x0000026b0aa3b800,
0x0000026b0aa39800, 0x0000026b0aa3d000, 0x0000026b0aa3e000, 0x0000026b0aeb6000,
0x0000026b0aeb9800, 0x0000026b0aeb7800, 0x0000026b0aeba000, 0x0000026b0aeb8800,
0x0000026b0aebc800, 0x0000026b0aebb000, 0x0000026b0aebc000, 0x0000026b0aeb7000,
0x0000026b0aebf000, 0x0000026b0aebd800, 0x0000026b0aebe800, 0x0000026b0aec3000,
0x0000026b0aec4000, 0x0000026b0aec5000, 0x0000026b0aec0800, 0x0000026b0aec0000,
0x0000026b0aec1800, 0x0000026b0aec2800, 0x0000026b0de96000, 0x0000026b0de94800,
0x0000026b0de95800, 0x0000026b0de91000, 0x0000026b0de97000, 0x0000026b0de93000,
0x0000026b0de97800, 0x0000026b0de92000, 0x0000026b0de98800, 0x0000026b0de99800,
0x0000026b0de93800, 0x0000026b0de9e800, 0x0000026b0de9f000, 0x0000026b0de9a000,
0x0000026b0dea0000, 0x0000026b0de9b000, 0x0000026b0de9c000, 0x0000026b0de9c800,
0x0000026b0de9d800, 0x0000026b08e21000, 0x0000026b08e23800, 0x0000026b08e21800,
0x0000026b08e20000, 0x0000026b08e1d800, 0x0000026b08e1f000
}

Java Threads: ( => current thread )
  0x0000026b6d31e800 JavaThread "main" [_thread_blocked, id=19892, stack(0x000000b378e00000,0x000000b378f00000)]
  0x0000026b0854e800 JavaThread "Reference Handler" daemon [_thread_blocked, id=21020, stack(0x000000b379500000,0x000000b379600000)]
  0x0000026b08557800 JavaThread "Finalizer" daemon [_thread_blocked, id=7288, stack(0x000000b379600000,0x000000b379700000)]
  0x0000026b085ab800 JavaThread "Signal Dispatcher" daemon [_thread_blocked, id=9596, stack(0x000000b379700000,0x000000b379800000)]
  0x0000026b085ad000 JavaThread "Attach Listener" daemon [_thread_blocked, id=16788, stack(0x000000b379800000,0x000000b379900000)]
  0x0000026b085ae000 JavaThread "Service Thread" daemon [_thread_blocked, id=11576, stack(0x000000b379900000,0x000000b379a00000)]
  0x0000026b085b2800 JavaThread "C2 CompilerThread0" daemon [_thread_in_native, id=13992, stack(0x000000b379a00000,0x000000b379b00000)]
  0x0000026b085b3800 JavaThread "C1 CompilerThread0" daemon [_thread_blocked, id=16324, stack(0x000000b379b00000,0x000000b379c00000)]
  0x0000026b085c2800 JavaThread "Sweeper thread" daemon [_thread_blocked, id=15592, stack(0x000000b379c00000,0x000000b379d00000)]
  0x0000026b08726800 JavaThread "Common-Cleaner" daemon [_thread_blocked, id=11792, stack(0x000000b379d00000,0x000000b379e00000)]
  0x0000026b09c88000 JavaThread "Daemon health stats" [_thread_blocked, id=684, stack(0x000000b37a600000,0x000000b37a700000)]
  0x0000026b0b8a3800 JavaThread "Incoming local TCP Connector on port 58397" [_thread_in_native, id=17492, stack(0x000000b379f00000,0x000000b37a000000)]
=>0x0000026b0883d000 JavaThread "C2 CompilerThread1" daemon [_thread_in_native, id=11268, stack(0x000000b37a000000,0x000000b37a100000)]
  0x0000026b0b1c9000 JavaThread "Daemon periodic checks" [_thread_blocked, id=19256, stack(0x000000b37a700000,0x000000b37a800000)]
  0x0000026b0a1de800 JavaThread "Daemon" [_thread_blocked, id=5124, stack(0x000000b37a800000,0x000000b37a900000)]
  0x0000026b0b793800 JavaThread "Handler for socket connection from /127.0.0.1:58397 to /127.0.0.1:58398" [_thread_in_native, id=15860, stack(0x000000b37a900000,0x000000b37aa00000)]
  0x0000026b0a068800 JavaThread "Cancel handler" [_thread_blocked, id=8056, stack(0x000000b37aa00000,0x000000b37ab00000)]
  0x0000026b0b25f000 JavaThread "Daemon worker" [_thread_in_Java, id=17276, stack(0x000000b37ab00000,0x000000b37ac00000)]
  0x0000026b0af54000 JavaThread "Asynchronous log dispatcher for DefaultDaemonConnection: socket connection from /127.0.0.1:58397 to /127.0.0.1:58398" [_thread_blocked, id=6332, stack(0x000000b37ac00000,0x000000b37ad00000)]
  0x0000026b0aab3000 JavaThread "Stdin handler" [_thread_blocked, id=7280, stack(0x000000b37ad00000,0x000000b37ae00000)]
  0x0000026b0a074000 JavaThread "Daemon client event forwarder" [_thread_blocked, id=19080, stack(0x000000b37ae00000,0x000000b37af00000)]
  0x0000026b0a074800 JavaThread "Cache worker for journal cache (C:\Users\laita\.gradle\caches\journal-1)" [_thread_blocked, id=7284, stack(0x000000b37af00000,0x000000b37b000000)]
  0x0000026b0a078000 JavaThread "File lock request listener" [_thread_in_native, id=3056, stack(0x000000b37b000000,0x000000b37b100000)]
  0x0000026b0a076800 JavaThread "Cache worker for file hash cache (C:\Users\laita\.gradle\caches\7.3.3\fileHashes)" [_thread_blocked, id=1856, stack(0x000000b37b700000,0x000000b37b800000)]
  0x0000026b0a075800 JavaThread "Cache worker for file hash cache (C:\Users\laita\AndroidStudioProjects\Eticket\.gradle\7.3.3\fileHashes)" [_thread_blocked, id=4992, stack(0x000000b37b800000,0x000000b37b900000)]
  0x0000026b0c485000 JavaThread "C2 CompilerThread2" daemon [_thread_in_native, id=16120, stack(0x000000b37b900000,0x000000b37ba00000)]
  0x0000026b0a077000 JavaThread "File watcher server" daemon [_thread_in_native, id=6644, stack(0x000000b37ba00000,0x000000b37bb00000)]
  0x0000026b0a072000 JavaThread "File watcher consumer" daemon [_thread_blocked, id=9992, stack(0x000000b37bb00000,0x000000b37bc00000)]
  0x0000026b0a078800 JavaThread "jar transforms" [_thread_blocked, id=20588, stack(0x000000b37bc00000,0x000000b37bd00000)]
  0x0000026b0a073000 JavaThread "jar transforms Thread 2" [_thread_blocked, id=17628, stack(0x000000b37bd00000,0x000000b37be00000)]
  0x0000026b0a4e4800 JavaThread "jar transforms Thread 3" [_thread_blocked, id=20204, stack(0x000000b37be00000,0x000000b37bf00000)]
  0x0000026b0a4e4000 JavaThread "jar transforms Thread 4" [_thread_blocked, id=6252, stack(0x000000b37bf00000,0x000000b37c000000)]
  0x0000026b0a4e3000 JavaThread "jar transforms Thread 5" [_thread_blocked, id=1768, stack(0x000000b37c000000,0x000000b37c100000)]
  0x0000026b0a4e5800 JavaThread "jar transforms Thread 6" [_thread_blocked, id=5112, stack(0x000000b37c100000,0x000000b37c200000)]
  0x0000026b0a4e0800 JavaThread "jar transforms Thread 7" [_thread_blocked, id=7784, stack(0x000000b37c200000,0x000000b37c300000)]
  0x0000026b0a4e6000 JavaThread "jar transforms Thread 8" [_thread_blocked, id=19512, stack(0x000000b37c300000,0x000000b37c400000)]
  0x0000026b0a4e7000 JavaThread "jar transforms Thread 9" [_thread_blocked, id=5184, stack(0x000000b37c400000,0x000000b37c500000)]
  0x0000026b0a4e1800 JavaThread "jar transforms Thread 10" [_thread_blocked, id=8720, stack(0x000000b37c500000,0x000000b37c600000)]
  0x0000026b0a4e8000 JavaThread "jar transforms Thread 11" [_thread_blocked, id=5844, stack(0x000000b37c600000,0x000000b37c700000)]
  0x0000026b0a4e2000 JavaThread "jar transforms Thread 12" [_thread_blocked, id=7052, stack(0x000000b37c700000,0x000000b37c800000)]
  0x0000026b0a4ec000 JavaThread "Cache worker for checksums cache (C:\Users\laita\AndroidStudioProjects\Eticket\.gradle\7.3.3\checksums)" [_thread_blocked, id=10420, stack(0x000000b37c800000,0x000000b37c900000)]
  0x0000026b0a4ec800 JavaThread "Cache worker for cache directory md-supplier (C:\Users\laita\.gradle\caches\7.3.3\md-supplier)" [_thread_blocked, id=7552, stack(0x000000b37c900000,0x000000b37ca00000)]
  0x0000026b0a4ed800 JavaThread "Cache worker for cache directory md-rule (C:\Users\laita\.gradle\caches\7.3.3\md-rule)" [_thread_blocked, id=6632, stack(0x000000b37ca00000,0x000000b37cb00000)]
  0x0000026b0a4e9800 JavaThread "Cache worker for execution history cache (C:\Users\laita\.gradle\caches\7.3.3\executionHistory)" [_thread_blocked, id=19272, stack(0x000000b37cb00000,0x000000b37cc00000)]
  0x0000026b0a4eb000 JavaThread "Cache worker for file content cache (C:\Users\laita\.gradle\caches\7.3.3\fileContent)" [_thread_blocked, id=568, stack(0x000000b37cc00000,0x000000b37cd00000)]
  0x0000026b0a4e8800 JavaThread "Cache worker for dependencies-accessors (C:\Users\laita\AndroidStudioProjects\Eticket\.gradle\7.3.3\dependencies-accessors)" [_thread_blocked, id=15768, stack(0x000000b37cd00000,0x000000b37ce00000)]
  0x0000026b0a4ef000 JavaThread "Cache worker for Build Output Cleanup Cache (C:\Users\laita\AndroidStudioProjects\Eticket\.gradle\buildOutputCleanup)" [_thread_blocked, id=1596, stack(0x000000b37ce00000,0x000000b37cf00000)]
  0x0000026b0d7b1000 JavaThread "Unconstrained build operations" [_thread_blocked, id=16284, stack(0x000000b37cf00000,0x000000b37d000000)]
  0x0000026b0d7b2000 JavaThread "Unconstrained build operations Thread 2" [_thread_blocked, id=4604, stack(0x000000b37d000000,0x000000b37d100000)]
  0x0000026b0d7b0800 JavaThread "Unconstrained build operations Thread 3" [_thread_blocked, id=15300, stack(0x000000b37d100000,0x000000b37d200000)]
  0x0000026b0d7b4800 JavaThread "Unconstrained build operations Thread 4" [_thread_blocked, id=3860, stack(0x000000b37d200000,0x000000b37d300000)]
  0x0000026b0d7b5000 JavaThread "Unconstrained build operations Thread 5" [_thread_blocked, id=8704, stack(0x000000b37d300000,0x000000b37d400000)]
  0x0000026b0d7b7000 JavaThread "Unconstrained build operations Thread 6" [_thread_blocked, id=14412, stack(0x000000b37d400000,0x000000b37d500000)]
  0x0000026b0d7b6000 JavaThread "Unconstrained build operations Thread 7" [_thread_blocked, id=3152, stack(0x000000b37d500000,0x000000b37d600000)]
  0x0000026b0d7b3800 JavaThread "Unconstrained build operations Thread 8" [_thread_blocked, id=1260, stack(0x000000b37d600000,0x000000b37d700000)]
  0x0000026b0d7b7800 JavaThread "Unconstrained build operations Thread 9" [_thread_blocked, id=19292, stack(0x000000b37d700000,0x000000b37d800000)]
  0x0000026b0d7b8800 JavaThread "Unconstrained build operations Thread 10" [_thread_blocked, id=10964, stack(0x000000b37d800000,0x000000b37d900000)]
  0x0000026b0d7b3000 JavaThread "Unconstrained build operations Thread 11" [_thread_blocked, id=6560, stack(0x000000b37d900000,0x000000b37da00000)]
  0x0000026b0d7be000 JavaThread "Unconstrained build operations Thread 12" [_thread_blocked, id=16476, stack(0x000000b37da00000,0x000000b37db00000)]
  0x0000026b0d7bf000 JavaThread "Unconstrained build operations Thread 13" [_thread_blocked, id=18856, stack(0x000000b37db00000,0x000000b37dc00000)]
  0x0000026b0d7bb000 JavaThread "Unconstrained build operations Thread 14" [_thread_blocked, id=19304, stack(0x000000b37dc00000,0x000000b37dd00000)]
  0x0000026b0d7bd800 JavaThread "Unconstrained build operations Thread 15" [_thread_blocked, id=15748, stack(0x000000b37dd00000,0x000000b37de00000)]
  0x0000026b0d7b9800 JavaThread "Unconstrained build operations Thread 16" [_thread_blocked, id=11400, stack(0x000000b37de00000,0x000000b37df00000)]
  0x0000026b0d7ba000 JavaThread "Unconstrained build operations Thread 17" [_thread_blocked, id=10032, stack(0x000000b37df00000,0x000000b37e000000)]
  0x0000026b0d7bb800 JavaThread "Unconstrained build operations Thread 18" [_thread_blocked, id=1384, stack(0x000000b37e000000,0x000000b37e100000)]
  0x0000026b0d7bc800 JavaThread "Unconstrained build operations Thread 19" [_thread_blocked, id=8612, stack(0x000000b37e100000,0x000000b37e200000)]
  0x0000026b0f7d3000 JavaThread "Unconstrained build operations Thread 20" [_thread_blocked, id=20020, stack(0x000000b37e200000,0x000000b37e300000)]
  0x0000026b0f7d4000 JavaThread "Unconstrained build operations Thread 21" [_thread_blocked, id=11232, stack(0x000000b37e300000,0x000000b37e400000)]
  0x0000026b0f7d5000 JavaThread "Unconstrained build operations Thread 22" [_thread_blocked, id=15648, stack(0x000000b37e400000,0x000000b37e500000)]
  0x0000026b0f7d5800 JavaThread "Unconstrained build operations Thread 23" [_thread_blocked, id=15296, stack(0x000000b37e500000,0x000000b37e600000)]
  0x0000026b0f7d6800 JavaThread "Unconstrained build operations Thread 24" [_thread_blocked, id=9884, stack(0x000000b37e600000,0x000000b37e700000)]
  0x0000026b0f7d0800 JavaThread "Unconstrained build operations Thread 25" [_thread_blocked, id=20224, stack(0x000000b37e700000,0x000000b37e800000)]
  0x0000026b0f7d7800 JavaThread "Unconstrained build operations Thread 26" [_thread_blocked, id=14548, stack(0x000000b37e800000,0x000000b37e900000)]
  0x0000026b0f7d1800 JavaThread "Unconstrained build operations Thread 27" [_thread_blocked, id=21192, stack(0x000000b37e900000,0x000000b37ea00000)]
  0x0000026b0f7d8000 JavaThread "Unconstrained build operations Thread 28" [_thread_blocked, id=1636, stack(0x000000b37ea00000,0x000000b37eb00000)]
  0x0000026b0f7d2800 JavaThread "Unconstrained build operations Thread 29" [_thread_blocked, id=6288, stack(0x000000b37eb00000,0x000000b37ec00000)]
  0x0000026b0f7dd000 JavaThread "Unconstrained build operations Thread 30" [_thread_blocked, id=18816, stack(0x000000b37ec00000,0x000000b37ed00000)]
  0x0000026b0f7d9800 JavaThread "Unconstrained build operations Thread 31" [_thread_blocked, id=1192, stack(0x000000b37ed00000,0x000000b37ee00000)]
  0x0000026b0f7de800 JavaThread "Unconstrained build operations Thread 32" [_thread_blocked, id=16972, stack(0x000000b37ee00000,0x000000b37ef00000)]
  0x0000026b0f7db800 JavaThread "Unconstrained build operations Thread 33" [_thread_blocked, id=15640, stack(0x000000b37ef00000,0x000000b37f000000)]
  0x0000026b0f7d9000 JavaThread "Unconstrained build operations Thread 34" [_thread_blocked, id=16352, stack(0x000000b37f000000,0x000000b37f100000)]
  0x0000026b0f7de000 JavaThread "Unconstrained build operations Thread 35" [_thread_blocked, id=20612, stack(0x000000b37f100000,0x000000b37f200000)]
  0x0000026b0f7df800 JavaThread "Unconstrained build operations Thread 36" [_thread_blocked, id=9272, stack(0x000000b37f200000,0x000000b37f300000)]
  0x0000026b0f7da800 JavaThread "Unconstrained build operations Thread 37" [_thread_blocked, id=12740, stack(0x000000b37f300000,0x000000b37f400000)]
  0x0000026b0f7dc000 JavaThread "Unconstrained build operations Thread 38" [_thread_blocked, id=18912, stack(0x000000b37f400000,0x000000b37f500000)]
  0x0000026b0f846800 JavaThread "Unconstrained build operations Thread 39" [_thread_blocked, id=13704, stack(0x000000b37f500000,0x000000b37f600000)]
  0x0000026b0f847800 JavaThread "Unconstrained build operations Thread 40" [_thread_blocked, id=21252, stack(0x000000b37f600000,0x000000b37f700000)]
  0x0000026b0f845000 JavaThread "Unconstrained build operations Thread 41" [_thread_blocked, id=9988, stack(0x000000b37f700000,0x000000b37f800000)]
  0x0000026b0f842000 JavaThread "Unconstrained build operations Thread 42" [_thread_blocked, id=21396, stack(0x000000b37f800000,0x000000b37f900000)]
  0x0000026b0f843800 JavaThread "Unconstrained build operations Thread 43" [_thread_blocked, id=18756, stack(0x000000b37f900000,0x000000b37fa00000)]
  0x0000026b0f842800 JavaThread "Unconstrained build operations Thread 44" [_thread_blocked, id=14996, stack(0x000000b37fa00000,0x000000b37fb00000)]
  0x0000026b0f848800 JavaThread "Unconstrained build operations Thread 45" [_thread_blocked, id=10676, stack(0x000000b37fb00000,0x000000b37fc00000)]
  0x0000026b0f849000 JavaThread "Unconstrained build operations Thread 46" [_thread_blocked, id=7616, stack(0x000000b37fc00000,0x000000b37fd00000)]
  0x0000026b0f846000 JavaThread "Unconstrained build operations Thread 47" [_thread_blocked, id=15196, stack(0x000000b37fd00000,0x000000b37fe00000)]
  0x0000026b0f84a000 JavaThread "Unconstrained build operations Thread 48" [_thread_blocked, id=2976, stack(0x000000b37fe00000,0x000000b37ff00000)]
  0x0000026b0f844000 JavaThread "Unconstrained build operations Thread 49" [_thread_blocked, id=3120, stack(0x000000b37ff00000,0x000000b380000000)]
  0x0000026b0f84f000 JavaThread "Unconstrained build operations Thread 50" [_thread_blocked, id=8896, stack(0x000000b300000000,0x000000b300100000)]
  0x0000026b0f84d000 JavaThread "Unconstrained build operations Thread 51" [_thread_blocked, id=11760, stack(0x000000b300100000,0x000000b300200000)]
  0x0000026b0f84e000 JavaThread "Unconstrained build operations Thread 52" [_thread_blocked, id=1196, stack(0x000000b300200000,0x000000b300300000)]
  0x0000026b0f84f800 JavaThread "Unconstrained build operations Thread 53" [_thread_blocked, id=16732, stack(0x000000b300300000,0x000000b300400000)]
  0x0000026b0f850800 JavaThread "Unconstrained build operations Thread 54" [_thread_blocked, id=17728, stack(0x000000b300400000,0x000000b300500000)]
  0x0000026b0f84a800 JavaThread "Unconstrained build operations Thread 55" [_thread_blocked, id=13356, stack(0x000000b300500000,0x000000b300600000)]
  0x0000026b0f84b800 JavaThread "Unconstrained build operations Thread 56" [_thread_blocked, id=18608, stack(0x000000b300600000,0x000000b300700000)]
  0x0000026b0f84c800 JavaThread "Unconstrained build operations Thread 57" [_thread_blocked, id=6784, stack(0x000000b300700000,0x000000b300800000)]
  0x0000026b0aa30800 JavaThread "Unconstrained build operations Thread 58" [_thread_blocked, id=13756, stack(0x000000b300800000,0x000000b300900000)]
  0x0000026b0aa31800 JavaThread "Unconstrained build operations Thread 59" [_thread_blocked, id=16996, stack(0x000000b300900000,0x000000b300a00000)]
  0x0000026b0aa2f000 JavaThread "Unconstrained build operations Thread 60" [_thread_blocked, id=19076, stack(0x000000b300a00000,0x000000b300b00000)]
  0x0000026b0aa30000 JavaThread "Unconstrained build operations Thread 61" [_thread_blocked, id=20420, stack(0x000000b300b00000,0x000000b300c00000)]
  0x0000026b0aa35800 JavaThread "Unconstrained build operations Thread 62" [_thread_blocked, id=13724, stack(0x000000b300c00000,0x000000b300d00000)]
  0x0000026b0aa34000 JavaThread "Unconstrained build operations Thread 63" [_thread_blocked, id=20700, stack(0x000000b300d00000,0x000000b300e00000)]
  0x0000026b0aa35000 JavaThread "Unconstrained build operations Thread 64" [_thread_blocked, id=16292, stack(0x000000b300e00000,0x000000b300f00000)]
  0x0000026b0aa37800 JavaThread "Unconstrained build operations Thread 65" [_thread_blocked, id=3208, stack(0x000000b300f00000,0x000000b301000000)]
  0x0000026b0aa33000 JavaThread "Unconstrained build operations Thread 66" [_thread_blocked, id=15016, stack(0x000000b301000000,0x000000b301100000)]
  0x0000026b0aa36800 JavaThread "Unconstrained build operations Thread 67" [_thread_blocked, id=16076, stack(0x000000b301100000,0x000000b301200000)]
  0x0000026b0aa38000 JavaThread "Unconstrained build operations Thread 68" [_thread_blocked, id=18948, stack(0x000000b301200000,0x000000b301300000)]
  0x0000026b0aa32800 JavaThread "Unconstrained build operations Thread 69" [_thread_blocked, id=11092, stack(0x000000b301300000,0x000000b301400000)]
  0x0000026b0aa39000 JavaThread "Unconstrained build operations Thread 70" [_thread_blocked, id=12556, stack(0x000000b301400000,0x000000b301500000)]
  0x0000026b0aa3c000 JavaThread "Unconstrained build operations Thread 71" [_thread_blocked, id=10096, stack(0x000000b301500000,0x000000b301600000)]
  0x0000026b0aa3a800 JavaThread "Unconstrained build operations Thread 72" [_thread_blocked, id=19232, stack(0x000000b301600000,0x000000b301700000)]
  0x0000026b0aa3b800 JavaThread "Unconstrained build operations Thread 73" [_thread_blocked, id=11160, stack(0x000000b301700000,0x000000b301800000)]
  0x0000026b0aa39800 JavaThread "Unconstrained build operations Thread 74" [_thread_blocked, id=17104, stack(0x000000b301800000,0x000000b301900000)]
  0x0000026b0aa3d000 JavaThread "Unconstrained build operations Thread 75" [_thread_blocked, id=15944, stack(0x000000b301900000,0x000000b301a00000)]
  0x0000026b0aa3e000 JavaThread "Unconstrained build operations Thread 76" [_thread_blocked, id=4600, stack(0x000000b301a00000,0x000000b301b00000)]
  0x0000026b0aeb6000 JavaThread "Unconstrained build operations Thread 77" [_thread_blocked, id=8280, stack(0x000000b301b00000,0x000000b301c00000)]
  0x0000026b0aeb9800 JavaThread "Unconstrained build operations Thread 78" [_thread_blocked, id=10896, stack(0x000000b301c00000,0x000000b301d00000)]
  0x0000026b0aeb7800 JavaThread "Unconstrained build operations Thread 79" [_thread_blocked, id=15652, stack(0x000000b301d00000,0x000000b301e00000)]
  0x0000026b0aeba000 JavaThread "Unconstrained build operations Thread 80" [_thread_blocked, id=11552, stack(0x000000b301e00000,0x000000b301f00000)]
  0x0000026b0aeb8800 JavaThread "Unconstrained build operations Thread 81" [_thread_blocked, id=13564, stack(0x000000b301f00000,0x000000b302000000)]
  0x0000026b0aebc800 JavaThread "Unconstrained build operations Thread 82" [_thread_blocked, id=18520, stack(0x000000b302000000,0x000000b302100000)]
  0x0000026b0aebb000 JavaThread "Unconstrained build operations Thread 83" [_thread_blocked, id=9172, stack(0x000000b302100000,0x000000b302200000)]
  0x0000026b0aebc000 JavaThread "Unconstrained build operations Thread 84" [_thread_blocked, id=16828, stack(0x000000b302200000,0x000000b302300000)]
  0x0000026b0aeb7000 JavaThread "Unconstrained build operations Thread 85" [_thread_blocked, id=13692, stack(0x000000b302300000,0x000000b302400000)]
  0x0000026b0aebf000 JavaThread "Unconstrained build operations Thread 86" [_thread_blocked, id=6244, stack(0x000000b302400000,0x000000b302500000)]
  0x0000026b0aebd800 JavaThread "Unconstrained build operations Thread 87" [_thread_blocked, id=18720, stack(0x000000b302500000,0x000000b302600000)]
  0x0000026b0aebe800 JavaThread "Unconstrained build operations Thread 88" [_thread_blocked, id=21308, stack(0x000000b302600000,0x000000b302700000)]
  0x0000026b0aec3000 JavaThread "Unconstrained build operations Thread 89" [_thread_blocked, id=6396, stack(0x000000b302700000,0x000000b302800000)]
  0x0000026b0aec4000 JavaThread "Unconstrained build operations Thread 90" [_thread_blocked, id=20636, stack(0x000000b302800000,0x000000b302900000)]
  0x0000026b0aec5000 JavaThread "Unconstrained build operations Thread 91" [_thread_blocked, id=17496, stack(0x000000b302900000,0x000000b302a00000)]
  0x0000026b0aec0800 JavaThread "Unconstrained build operations Thread 92" [_thread_blocked, id=3940, stack(0x000000b302a00000,0x000000b302b00000)]
  0x0000026b0aec0000 JavaThread "Unconstrained build operations Thread 93" [_thread_blocked, id=6636, stack(0x000000b302b00000,0x000000b302c00000)]
  0x0000026b0aec1800 JavaThread "Unconstrained build operations Thread 94" [_thread_blocked, id=5860, stack(0x000000b302c00000,0x000000b302d00000)]
  0x0000026b0aec2800 JavaThread "Unconstrained build operations Thread 95" [_thread_blocked, id=17712, stack(0x000000b302d00000,0x000000b302e00000)]
  0x0000026b0de96000 JavaThread "Unconstrained build operations Thread 96" [_thread_blocked, id=20456, stack(0x000000b302e00000,0x000000b302f00000)]
  0x0000026b0de94800 JavaThread "Unconstrained build operations Thread 97" [_thread_blocked, id=6184, stack(0x000000b302f00000,0x000000b303000000)]
  0x0000026b0de95800 JavaThread "Unconstrained build operations Thread 98" [_thread_blocked, id=12584, stack(0x000000b303000000,0x000000b303100000)]
  0x0000026b0de91000 JavaThread "Unconstrained build operations Thread 99" [_thread_blocked, id=10856, stack(0x000000b303100000,0x000000b303200000)]
  0x0000026b0de97000 JavaThread "Unconstrained build operations Thread 100" [_thread_blocked, id=2032, stack(0x000000b303200000,0x000000b303300000)]
  0x0000026b0de93000 JavaThread "Unconstrained build operations Thread 101" [_thread_blocked, id=19324, stack(0x000000b303300000,0x000000b303400000)]
  0x0000026b0de97800 JavaThread "Unconstrained build operations Thread 102" [_thread_blocked, id=1084, stack(0x000000b303400000,0x000000b303500000)]
  0x0000026b0de92000 JavaThread "Unconstrained build operations Thread 103" [_thread_blocked, id=18472, stack(0x000000b303500000,0x000000b303600000)]
  0x0000026b0de98800 JavaThread "Unconstrained build operations Thread 104" [_thread_blocked, id=13376, stack(0x000000b303600000,0x000000b303700000)]
  0x0000026b0de99800 JavaThread "Unconstrained build operations Thread 105" [_thread_blocked, id=8544, stack(0x000000b303700000,0x000000b303800000)]
  0x0000026b0de93800 JavaThread "Unconstrained build operations Thread 106" [_thread_blocked, id=6772, stack(0x000000b303800000,0x000000b303900000)]
  0x0000026b0de9e800 JavaThread "Unconstrained build operations Thread 107" [_thread_blocked, id=10648, stack(0x000000b303900000,0x000000b303a00000)]
  0x0000026b0de9f000 JavaThread "Unconstrained build operations Thread 108" [_thread_blocked, id=10284, stack(0x000000b303a00000,0x000000b303b00000)]
  0x0000026b0de9a000 JavaThread "Unconstrained build operations Thread 109" [_thread_blocked, id=8152, stack(0x000000b303b00000,0x000000b303c00000)]
  0x0000026b0dea0000 JavaThread "Unconstrained build operations Thread 110" [_thread_blocked, id=15616, stack(0x000000b303c00000,0x000000b303d00000)]
  0x0000026b0de9b000 JavaThread "Unconstrained build operations Thread 111" [_thread_blocked, id=6924, stack(0x000000b303d00000,0x000000b303e00000)]
  0x0000026b0de9c000 JavaThread "Unconstrained build operations Thread 112" [_thread_blocked, id=10732, stack(0x000000b303e00000,0x000000b303f00000)]
  0x0000026b0de9c800 JavaThread "Unconstrained build operations Thread 113" [_thread_blocked, id=15704, stack(0x000000b303f00000,0x000000b304000000)]
  0x0000026b0de9d800 JavaThread "Unconstrained build operations Thread 114" [_thread_blocked, id=16532, stack(0x000000b304000000,0x000000b304100000)]
  0x0000026b08e21000 JavaThread "Unconstrained build operations Thread 115" [_thread_blocked, id=13104, stack(0x000000b304100000,0x000000b304200000)]
  0x0000026b08e23800 JavaThread "Unconstrained build operations Thread 116" [_thread_blocked, id=15232, stack(0x000000b304200000,0x000000b304300000)]
  0x0000026b08e21800 JavaThread "Unconstrained build operations Thread 117" [_thread_blocked, id=5468, stack(0x000000b304300000,0x000000b304400000)]
  0x0000026b08e20000 JavaThread "Unconstrained build operations Thread 118" [_thread_blocked, id=5260, stack(0x000000b304400000,0x000000b304500000)]
  0x0000026b08e1d800 JavaThread "Unconstrained build operations Thread 119" [_thread_blocked, id=13732, stack(0x000000b304500000,0x000000b304600000)]
  0x0000026b08e1f000 JavaThread "Unconstrained build operations Thread 120" [_thread_blocked, id=20576, stack(0x000000b304600000,0x000000b304700000)]

Other Threads:
  0x0000026b07d0e800 VMThread "VM Thread" [stack: 0x000000b379400000,0x000000b379500000] [id=4936]
  0x0000026b08744000 WatcherThread [stack: 0x000000b379e00000,0x000000b379f00000] [id=20376]
  0x0000026b6d337000 GCTaskThread "GC Thread#0" [stack: 0x000000b378f00000,0x000000b379000000] [id=1472]
  0x0000026b09590000 GCTaskThread "GC Thread#1" [stack: 0x000000b37a100000,0x000000b37a200000] [id=9964]
  0x0000026b094b6800 GCTaskThread "GC Thread#2" [stack: 0x000000b37a200000,0x000000b37a300000] [id=13920]
  0x0000026b09919800 GCTaskThread "GC Thread#3" [stack: 0x000000b37a300000,0x000000b37a400000] [id=5036]
  0x0000026b099dd000 GCTaskThread "GC Thread#4" [stack: 0x000000b37a400000,0x000000b37a500000] [id=20596]
  0x0000026b092ee000 GCTaskThread "GC Thread#5" [stack: 0x000000b37a500000,0x000000b37a600000] [id=15352]
  0x0000026b0a947800 GCTaskThread "GC Thread#6" [stack: 0x000000b37b100000,0x000000b37b200000] [id=19392]
  0x0000026b0af52000 GCTaskThread "GC Thread#7" [stack: 0x000000b37b200000,0x000000b37b300000] [id=5644]
  0x0000026b0a8b2800 GCTaskThread "GC Thread#8" [stack: 0x000000b37b300000,0x000000b37b400000] [id=14836]
  0x0000026b0a84b800 GCTaskThread "GC Thread#9" [stack: 0x000000b37b400000,0x000000b37b500000] [id=19916]
  0x0000026b6d369800 ConcurrentGCThread "G1 Main Marker" [stack: 0x000000b379000000,0x000000b379100000] [id=5240]
  0x0000026b6d36c000 ConcurrentGCThread "G1 Conc#0" [stack: 0x000000b379100000,0x000000b379200000] [id=10064]
  0x0000026b08f0c000 ConcurrentGCThread "G1 Conc#1" [stack: 0x000000b37b500000,0x000000b37b600000] [id=6556]
  0x0000026b0afc1000 ConcurrentGCThread "G1 Conc#2" [stack: 0x000000b37b600000,0x000000b37b700000] [id=6828]
  0x0000026b07b97800 ConcurrentGCThread "G1 Refine#0" [stack: 0x000000b379200000,0x000000b379300000] [id=15364]
  0x0000026b07b9a800 ConcurrentGCThread "G1 Young RemSet Sampling" [stack: 0x000000b379300000,0x000000b379400000] [id=2496]

Threads with active compile tasks:
C2 CompilerThread0   6419 5525       4       org.gradle.internal.reflect.MethodSet::add (50 bytes)
C2 CompilerThread1   6419 5154       4       java.lang.invoke.MethodType::makeImpl (108 bytes)
C2 CompilerThread2   6419 5544 %     4       java.util.zip.ZipFile$Source::initCEN @ 228 (697 bytes)

VM state:not at safepoint (normal execution)

VM Mutex/Monitor currently owned by a thread: None

Heap address: 0x0000000080000000, size: 2048 MB, Compressed Oops mode: 32-bit
Narrow klass base: 0x0000000000000000, Narrow klass shift: 3
Compressed class space size: 1073741824 Address: 0x0000000100000000

Heap:
 garbage-first heap   total 262144K, used 179671K [0x0000000080000000, 0x0000000100000000)
  region size 1024K, 137 young (140288K), 17 survivors (17408K)
 Metaspace       used 51199K, capacity 52738K, committed 52864K, reserved 1095680K
  class space    used 6626K, capacity 7190K, committed 7296K, reserved 1048576K
Heap Regions: E=young(eden), S=young(survivor), O=old, HS=humongous(starts), HC=humongous(continues), CS=collection set, F=free, A=archive, TAMS=top-at-mark-start (previous, next)
|   0|0x0000000080000000, 0x0000000080100000, 0x0000000080100000|100%| O|  |TAMS 0x0000000080100000, 0x0000000080000000| Untracked 
|   1|0x0000000080100000, 0x0000000080200000, 0x0000000080200000|100%| O|  |TAMS 0x0000000080200000, 0x0000000080100000| Untracked 
|   2|0x0000000080200000, 0x0000000080300000, 0x0000000080300000|100%| O|  |TAMS 0x0000000080300000, 0x0000000080200000| Untracked 
|   3|0x0000000080300000, 0x0000000080400000, 0x0000000080400000|100%|HS|  |TAMS 0x0000000080400000, 0x0000000080300000| Complete 
|   4|0x0000000080400000, 0x0000000080500000, 0x0000000080500000|100%|HC|  |TAMS 0x0000000080500000, 0x0000000080400000| Complete 
|   5|0x0000000080500000, 0x0000000080600000, 0x0000000080600000|100%|HC|  |TAMS 0x0000000080600000, 0x0000000080500000| Complete 
|   6|0x0000000080600000, 0x0000000080700000, 0x0000000080700000|100%| O|  |TAMS 0x0000000080700000, 0x0000000080600000| Untracked 
|   7|0x0000000080700000, 0x0000000080800000, 0x0000000080800000|100%| O|  |TAMS 0x0000000080800000, 0x0000000080700000| Untracked 
|   8|0x0000000080800000, 0x0000000080900000, 0x0000000080900000|100%| O|  |TAMS 0x0000000080900000, 0x0000000080800000| Untracked 
|   9|0x0000000080900000, 0x0000000080a00000, 0x0000000080a00000|100%| O|  |TAMS 0x0000000080a00000, 0x0000000080900000| Untracked 
|  10|0x0000000080a00000, 0x0000000080b00000, 0x0000000080b00000|100%| O|  |TAMS 0x0000000080b00000, 0x0000000080a00000| Untracked 
|  11|0x0000000080b00000, 0x0000000080c00000, 0x0000000080c00000|100%| O|  |TAMS 0x0000000080c00000, 0x0000000080b00000| Untracked 
|  12|0x0000000080c00000, 0x0000000080d00000, 0x0000000080d00000|100%| O|  |TAMS 0x0000000080d00000, 0x0000000080c00000| Untracked 
|  13|0x0000000080d00000, 0x0000000080e00000, 0x0000000080e00000|100%| O|  |TAMS 0x0000000080e00000, 0x0000000080d00000| Untracked 
|  14|0x0000000080e00000, 0x0000000080f00000, 0x0000000080f00000|100%| O|  |TAMS 0x0000000080f00000, 0x0000000080e00000| Untracked 
|  15|0x0000000080f00000, 0x0000000081000000, 0x0000000081000000|100%| O|  |TAMS 0x0000000081000000, 0x0000000080f00000| Untracked 
|  16|0x0000000081000000, 0x0000000081100000, 0x0000000081100000|100%| O|  |TAMS 0x00000000810c4e00, 0x0000000081000000| Untracked 
|  17|0x0000000081100000, 0x0000000081200000, 0x0000000081200000|100%|HS|  |TAMS 0x0000000081200000, 0x0000000081100000| Complete 
|  18|0x0000000081200000, 0x0000000081300000, 0x0000000081300000|100%|HC|  |TAMS 0x0000000081300000, 0x0000000081200000| Complete 
|  19|0x0000000081300000, 0x0000000081400000, 0x0000000081400000|100%|HS|  |TAMS 0x0000000081400000, 0x0000000081300000| Complete 
|  20|0x0000000081400000, 0x0000000081500000, 0x0000000081500000|100%|HC|  |TAMS 0x0000000081500000, 0x0000000081400000| Complete 
|  21|0x0000000081500000, 0x0000000081600000, 0x0000000081600000|100%|HC|  |TAMS 0x0000000081600000, 0x0000000081500000| Complete 
|  22|0x0000000081600000, 0x0000000081700000, 0x0000000081700000|100%|HS|  |TAMS 0x0000000081700000, 0x0000000081600000| Complete 
|  23|0x0000000081700000, 0x0000000081800000, 0x0000000081800000|100%|HS|  |TAMS 0x0000000081800000, 0x0000000081700000| Complete 
|  24|0x0000000081800000, 0x0000000081900000, 0x0000000081900000|100%|HC|  |TAMS 0x0000000081900000, 0x0000000081800000| Complete 
|  25|0x0000000081900000, 0x0000000081a00000, 0x0000000081a00000|100%|HC|  |TAMS 0x0000000081a00000, 0x0000000081900000| Complete 
|  26|0x0000000081a00000, 0x0000000081b00000, 0x0000000081b00000|100%|HC|  |TAMS 0x0000000081b00000, 0x0000000081a00000| Complete 
|  27|0x0000000081b00000, 0x0000000081c00000, 0x0000000081c00000|100%|HS|  |TAMS 0x0000000081b00000, 0x0000000081b00000| Complete 
|  28|0x0000000081c00000, 0x0000000081d00000, 0x0000000081d00000|100%|HS|  |TAMS 0x0000000081c00000, 0x0000000081c00000| Complete 
|  29|0x0000000081d00000, 0x0000000081d00000, 0x0000000081e00000|  0%| F|  |TAMS 0x0000000081d00000, 0x0000000081d00000| Untracked 
|  30|0x0000000081e00000, 0x0000000081f00000, 0x0000000081f00000|100%|HS|  |TAMS 0x0000000081e00000, 0x0000000081e00000| Complete 
|  31|0x0000000081f00000, 0x0000000082000000, 0x0000000082000000|100%|HS|  |TAMS 0x0000000081f00000, 0x0000000081f00000| Complete 
|  32|0x0000000082000000, 0x0000000082100000, 0x0000000082100000|100%|HC|  |TAMS 0x0000000082000000, 0x0000000082000000| Complete 
|  33|0x0000000082100000, 0x0000000082200000, 0x0000000082200000|100%|HC|  |TAMS 0x0000000082100000, 0x0000000082100000| Complete 
|  34|0x0000000082200000, 0x0000000082200000, 0x0000000082300000|  0%| F|  |TAMS 0x0000000082200000, 0x0000000082200000| Untracked 
|  35|0x0000000082300000, 0x0000000082375e00, 0x0000000082400000| 46%| O|  |TAMS 0x0000000082300000, 0x0000000082300000| Untracked 
|  36|0x0000000082400000, 0x0000000082500000, 0x0000000082500000|100%|HS|  |TAMS 0x0000000082400000, 0x0000000082400000| Complete 
|  37|0x0000000082500000, 0x0000000082600000, 0x0000000082600000|100%|HC|  |TAMS 0x0000000082500000, 0x0000000082500000| Complete 
|  38|0x0000000082600000, 0x0000000082700000, 0x0000000082700000|100%|HC|  |TAMS 0x0000000082600000, 0x0000000082600000| Complete 
|  39|0x0000000082700000, 0x0000000082800000, 0x0000000082800000|100%|HC|  |TAMS 0x0000000082700000, 0x0000000082700000| Complete 
|  40|0x0000000082800000, 0x0000000082900000, 0x0000000082900000|100%|HS|  |TAMS 0x0000000082800000, 0x0000000082800000| Complete 
|  41|0x0000000082900000, 0x0000000082a00000, 0x0000000082a00000|100%|HC|  |TAMS 0x0000000082900000, 0x0000000082900000| Complete 
|  42|0x0000000082a00000, 0x0000000082a00000, 0x0000000082b00000|  0%| F|  |TAMS 0x0000000082a00000, 0x0000000082a00000| Untracked 
|  43|0x0000000082b00000, 0x0000000082b00000, 0x0000000082c00000|  0%| F|  |TAMS 0x0000000082b00000, 0x0000000082b00000| Untracked 
|  44|0x0000000082c00000, 0x0000000082c00000, 0x0000000082d00000|  0%| F|  |TAMS 0x0000000082c00000, 0x0000000082c00000| Untracked 
|  45|0x0000000082d00000, 0x0000000082d00000, 0x0000000082e00000|  0%| F|  |TAMS 0x0000000082d00000, 0x0000000082d00000| Untracked 
|  46|0x0000000082e00000, 0x0000000082e00000, 0x0000000082f00000|  0%| F|  |TAMS 0x0000000082e00000, 0x0000000082e00000| Untracked 
|  47|0x0000000082f00000, 0x0000000082f00000, 0x0000000083000000|  0%| F|  |TAMS 0x0000000082f00000, 0x0000000082f00000| Untracked 
|  48|0x0000000083000000, 0x0000000083000000, 0x0000000083100000|  0%| F|  |TAMS 0x0000000083000000, 0x0000000083000000| Untracked 
|  49|0x0000000083100000, 0x0000000083100000, 0x0000000083200000|  0%| F|  |TAMS 0x0000000083100000, 0x0000000083100000| Untracked 
|  50|0x0000000083200000, 0x0000000083200000, 0x0000000083300000|  0%| F|  |TAMS 0x0000000083200000, 0x0000000083200000| Untracked 
|  51|0x0000000083300000, 0x0000000083300000, 0x0000000083400000|  0%| F|  |TAMS 0x0000000083300000, 0x0000000083300000| Untracked 
|  52|0x0000000083400000, 0x0000000083400000, 0x0000000083500000|  0%| F|  |TAMS 0x0000000083400000, 0x0000000083400000| Untracked 
|  53|0x0000000083500000, 0x0000000083500000, 0x0000000083600000|  0%| F|  |TAMS 0x0000000083500000, 0x0000000083500000| Untracked 
|  54|0x0000000083600000, 0x0000000083600000, 0x0000000083700000|  0%| F|  |TAMS 0x0000000083600000, 0x0000000083600000| Untracked 
|  55|0x0000000083700000, 0x0000000083700000, 0x0000000083800000|  0%| F|  |TAMS 0x0000000083700000, 0x0000000083700000| Untracked 
|  56|0x0000000083800000, 0x0000000083800000, 0x0000000083900000|  0%| F|  |TAMS 0x0000000083800000, 0x0000000083800000| Untracked 
|  57|0x0000000083900000, 0x0000000083900000, 0x0000000083a00000|  0%| F|  |TAMS 0x0000000083900000, 0x0000000083900000| Untracked 
|  58|0x0000000083a00000, 0x0000000083a00000, 0x0000000083b00000|  0%| F|  |TAMS 0x0000000083a00000, 0x0000000083a00000| Untracked 
|  59|0x0000000083b00000, 0x0000000083b00000, 0x0000000083c00000|  0%| F|  |TAMS 0x0000000083b00000, 0x0000000083b00000| Untracked 
|  60|0x0000000083c00000, 0x0000000083c00000, 0x0000000083d00000|  0%| F|  |TAMS 0x0000000083c00000, 0x0000000083c00000| Untracked 
|  61|0x0000000083d00000, 0x0000000083d00000, 0x0000000083e00000|  0%| F|  |TAMS 0x0000000083d00000, 0x0000000083d00000| Untracked 
|  62|0x0000000083e00000, 0x0000000083e00000, 0x0000000083f00000|  0%| F|  |TAMS 0x0000000083e00000, 0x0000000083e00000| Untracked 
|  63|0x0000000083f00000, 0x0000000083f00000, 0x0000000084000000|  0%| F|  |TAMS 0x0000000083f00000, 0x0000000083f00000| Untracked 
|  64|0x0000000084000000, 0x0000000084000000, 0x0000000084100000|  0%| F|  |TAMS 0x0000000084000000, 0x0000000084000000| Untracked 
|  65|0x0000000084100000, 0x0000000084100000, 0x0000000084200000|  0%| F|  |TAMS 0x0000000084100000, 0x0000000084100000| Untracked 
|  66|0x0000000084200000, 0x0000000084200000, 0x0000000084300000|  0%| F|  |TAMS 0x0000000084200000, 0x0000000084200000| Untracked 
|  67|0x0000000084300000, 0x0000000084300000, 0x0000000084400000|  0%| F|  |TAMS 0x0000000084300000, 0x0000000084300000| Untracked 
|  68|0x0000000084400000, 0x0000000084400000, 0x0000000084500000|  0%| F|  |TAMS 0x0000000084400000, 0x0000000084400000| Untracked 
|  69|0x0000000084500000, 0x0000000084500000, 0x0000000084600000|  0%| F|  |TAMS 0x0000000084500000, 0x0000000084500000| Untracked 
|  70|0x0000000084600000, 0x0000000084600000, 0x0000000084700000|  0%| F|  |TAMS 0x0000000084600000, 0x0000000084600000| Untracked 
|  71|0x0000000084700000, 0x0000000084700000, 0x0000000084800000|  0%| F|  |TAMS 0x0000000084700000, 0x0000000084700000| Untracked 
|  72|0x0000000084800000, 0x0000000084800000, 0x0000000084900000|  0%| F|  |TAMS 0x0000000084800000, 0x0000000084800000| Untracked 
|  73|0x0000000084900000, 0x0000000084900000, 0x0000000084a00000|  0%| F|  |TAMS 0x0000000084900000, 0x0000000084900000| Untracked 
|  74|0x0000000084a00000, 0x0000000084a00000, 0x0000000084b00000|  0%| F|  |TAMS 0x0000000084a00000, 0x0000000084a00000| Untracked 
|  75|0x0000000084b00000, 0x0000000084b00000, 0x0000000084c00000|  0%| F|  |TAMS 0x0000000084b00000, 0x0000000084b00000| Untracked 
|  76|0x0000000084c00000, 0x0000000084c00000, 0x0000000084d00000|  0%| F|  |TAMS 0x0000000084c00000, 0x0000000084c00000| Untracked 
|  77|0x0000000084d00000, 0x0000000084d00000, 0x0000000084e00000|  0%| F|  |TAMS 0x0000000084d00000, 0x0000000084d00000| Untracked 
|  78|0x0000000084e00000, 0x0000000084e00000, 0x0000000084f00000|  0%| F|  |TAMS 0x0000000084e00000, 0x0000000084e00000| Untracked 
|  79|0x0000000084f00000, 0x0000000084f00000, 0x0000000085000000|  0%| F|  |TAMS 0x0000000084f00000, 0x0000000084f00000| Untracked 
|  80|0x0000000085000000, 0x0000000085000000, 0x0000000085100000|  0%| F|  |TAMS 0x0000000085000000, 0x0000000085000000| Untracked 
|  81|0x0000000085100000, 0x0000000085100000, 0x0000000085200000|  0%| F|  |TAMS 0x0000000085100000, 0x0000000085100000| Untracked 
|  82|0x0000000085200000, 0x0000000085200000, 0x0000000085300000|  0%| F|  |TAMS 0x0000000085200000, 0x0000000085200000| Untracked 
|  83|0x0000000085300000, 0x0000000085300000, 0x0000000085400000|  0%| F|  |TAMS 0x0000000085300000, 0x0000000085300000| Untracked 
|  84|0x0000000085400000, 0x0000000085400000, 0x0000000085500000|  0%| F|  |TAMS 0x0000000085400000, 0x0000000085400000| Untracked 
|  85|0x0000000085500000, 0x0000000085500000, 0x0000000085600000|  0%| F|  |TAMS 0x0000000085500000, 0x0000000085500000| Untracked 
|  86|0x0000000085600000, 0x0000000085600000, 0x0000000085700000|  0%| F|  |TAMS 0x0000000085600000, 0x0000000085600000| Untracked 
|  87|0x0000000085700000, 0x0000000085700000, 0x0000000085800000|  0%| F|  |TAMS 0x0000000085700000, 0x0000000085700000| Untracked 
|  88|0x0000000085800000, 0x0000000085800000, 0x0000000085900000|  0%| F|  |TAMS 0x0000000085800000, 0x0000000085800000| Untracked 
|  89|0x0000000085900000, 0x0000000085900000, 0x0000000085a00000|  0%| F|  |TAMS 0x0000000085900000, 0x0000000085900000| Untracked 
|  90|0x0000000085a00000, 0x0000000085a00000, 0x0000000085b00000|  0%| F|  |TAMS 0x0000000085a00000, 0x0000000085a00000| Untracked 
|  91|0x0000000085b00000, 0x0000000085b00000, 0x0000000085c00000|  0%| F|  |TAMS 0x0000000085b00000, 0x0000000085b00000| Untracked 
|  92|0x0000000085c00000, 0x0000000085c00000, 0x0000000085d00000|  0%| F|  |TAMS 0x0000000085c00000, 0x0000000085c00000| Untracked 
|  93|0x0000000085d00000, 0x0000000085d00000, 0x0000000085e00000|  0%| F|  |TAMS 0x0000000085d00000, 0x0000000085d00000| Untracked 
|  94|0x0000000085e00000, 0x0000000085e00000, 0x0000000085f00000|  0%| F|  |TAMS 0x0000000085e00000, 0x0000000085e00000| Untracked 
|  95|0x0000000085f00000, 0x0000000085f00000, 0x0000000086000000|  0%| F|  |TAMS 0x0000000085f00000, 0x0000000085f00000| Untracked 
|  96|0x0000000086000000, 0x0000000086000000, 0x0000000086100000|  0%| F|  |TAMS 0x0000000086000000, 0x0000000086000000| Untracked 
|  97|0x0000000086100000, 0x0000000086100000, 0x0000000086200000|  0%| F|  |TAMS 0x0000000086100000, 0x0000000086100000| Untracked 
|  98|0x0000000086200000, 0x0000000086200000, 0x0000000086300000|  0%| F|  |TAMS 0x0000000086200000, 0x0000000086200000| Untracked 
|  99|0x0000000086300000, 0x0000000086300000, 0x0000000086400000|  0%| F|  |TAMS 0x0000000086300000, 0x0000000086300000| Untracked 
| 100|0x0000000086400000, 0x0000000086400000, 0x0000000086500000|  0%| F|  |TAMS 0x0000000086400000, 0x0000000086400000| Untracked 
| 101|0x0000000086500000, 0x0000000086500000, 0x0000000086600000|  0%| F|  |TAMS 0x0000000086500000, 0x0000000086500000| Untracked 
| 102|0x0000000086600000, 0x0000000086600000, 0x0000000086700000|  0%| F|  |TAMS 0x0000000086600000, 0x0000000086600000| Untracked 
| 103|0x0000000086700000, 0x0000000086700000, 0x0000000086800000|  0%| F|  |TAMS 0x0000000086700000, 0x0000000086700000| Untracked 
| 104|0x0000000086800000, 0x0000000086800000, 0x0000000086900000|  0%| F|  |TAMS 0x0000000086800000, 0x0000000086800000| Untracked 
| 105|0x0000000086900000, 0x0000000086900000, 0x0000000086a00000|  0%| F|  |TAMS 0x0000000086900000, 0x0000000086900000| Untracked 
| 106|0x0000000086a00000, 0x0000000086a00000, 0x0000000086b00000|  0%| F|  |TAMS 0x0000000086a00000, 0x0000000086a00000| Untracked 
| 107|0x0000000086b00000, 0x0000000086b00000, 0x0000000086c00000|  0%| F|  |TAMS 0x0000000086b00000, 0x0000000086b00000| Untracked 
| 108|0x0000000086c00000, 0x0000000086c00000, 0x0000000086d00000|  0%| F|  |TAMS 0x0000000086c00000, 0x0000000086c00000| Untracked 
| 109|0x0000000086d00000, 0x0000000086e00000, 0x0000000086e00000|100%| S|CS|TAMS 0x0000000086d00000, 0x0000000086d00000| Complete 
| 110|0x0000000086e00000, 0x0000000086f00000, 0x0000000086f00000|100%| S|CS|TAMS 0x0000000086e00000, 0x0000000086e00000| Complete 
| 111|0x0000000086f00000, 0x0000000087000000, 0x0000000087000000|100%| S|CS|TAMS 0x0000000086f00000, 0x0000000086f00000| Complete 
| 112|0x0000000087000000, 0x0000000087100000, 0x0000000087100000|100%| S|CS|TAMS 0x0000000087000000, 0x0000000087000000| Complete 
| 113|0x0000000087100000, 0x0000000087200000, 0x0000000087200000|100%| S|CS|TAMS 0x0000000087100000, 0x0000000087100000| Complete 
| 114|0x0000000087200000, 0x0000000087300000, 0x0000000087300000|100%| S|CS|TAMS 0x0000000087200000, 0x0000000087200000| Complete 
| 115|0x0000000087300000, 0x0000000087400000, 0x0000000087400000|100%| S|CS|TAMS 0x0000000087300000, 0x0000000087300000| Complete 
| 116|0x0000000087400000, 0x0000000087500000, 0x0000000087500000|100%| S|CS|TAMS 0x0000000087400000, 0x0000000087400000| Complete 
| 117|0x0000000087500000, 0x0000000087600000, 0x0000000087600000|100%| S|CS|TAMS 0x0000000087500000, 0x0000000087500000| Complete 
| 118|0x0000000087600000, 0x0000000087700000, 0x0000000087700000|100%| S|CS|TAMS 0x0000000087600000, 0x0000000087600000| Complete 
| 119|0x0000000087700000, 0x0000000087800000, 0x0000000087800000|100%| S|CS|TAMS 0x0000000087700000, 0x0000000087700000| Complete 
| 120|0x0000000087800000, 0x0000000087900000, 0x0000000087900000|100%| S|CS|TAMS 0x0000000087800000, 0x0000000087800000| Complete 
| 121|0x0000000087900000, 0x0000000087a00000, 0x0000000087a00000|100%| S|CS|TAMS 0x0000000087900000, 0x0000000087900000| Complete 
| 122|0x0000000087a00000, 0x0000000087b00000, 0x0000000087b00000|100%| S|CS|TAMS 0x0000000087a00000, 0x0000000087a00000| Complete 
| 123|0x0000000087b00000, 0x0000000087c00000, 0x0000000087c00000|100%| S|CS|TAMS 0x0000000087b00000, 0x0000000087b00000| Complete 
| 124|0x0000000087c00000, 0x0000000087d00000, 0x0000000087d00000|100%| S|CS|TAMS 0x0000000087c00000, 0x0000000087c00000| Complete 
| 125|0x0000000087d00000, 0x0000000087e00000, 0x0000000087e00000|100%| S|CS|TAMS 0x0000000087d00000, 0x0000000087d00000| Complete 
| 126|0x0000000087e00000, 0x0000000087e00000, 0x0000000087f00000|  0%| F|  |TAMS 0x0000000087e00000, 0x0000000087e00000| Untracked 
| 127|0x0000000087f00000, 0x0000000087f00000, 0x0000000088000000|  0%| F|  |TAMS 0x0000000087f00000, 0x0000000087f00000| Untracked 
| 128|0x0000000088000000, 0x0000000088000000, 0x0000000088100000|  0%| F|  |TAMS 0x0000000088000000, 0x0000000088000000| Untracked 
| 129|0x0000000088100000, 0x0000000088100000, 0x0000000088200000|  0%| F|  |TAMS 0x0000000088100000, 0x0000000088100000| Untracked 
| 130|0x0000000088200000, 0x0000000088200000, 0x0000000088300000|  0%| F|  |TAMS 0x0000000088200000, 0x0000000088200000| Untracked 
| 131|0x0000000088300000, 0x0000000088300000, 0x0000000088400000|  0%| F|  |TAMS 0x0000000088300000, 0x0000000088300000| Untracked 
| 132|0x0000000088400000, 0x0000000088400000, 0x0000000088500000|  0%| F|  |TAMS 0x0000000088400000, 0x0000000088400000| Untracked 
| 133|0x0000000088500000, 0x0000000088500000, 0x0000000088600000|  0%| F|  |TAMS 0x0000000088500000, 0x0000000088500000| Untracked 
| 134|0x0000000088600000, 0x0000000088600000, 0x0000000088700000|  0%| F|  |TAMS 0x0000000088600000, 0x0000000088600000| Untracked 
| 135|0x0000000088700000, 0x0000000088780800, 0x0000000088800000| 50%| E|  |TAMS 0x0000000088700000, 0x0000000088700000| Complete 
| 136|0x0000000088800000, 0x0000000088900000, 0x0000000088900000|100%| E|CS|TAMS 0x0000000088800000, 0x0000000088800000| Complete 
| 137|0x0000000088900000, 0x0000000088a00000, 0x0000000088a00000|100%| E|CS|TAMS 0x0000000088900000, 0x0000000088900000| Complete 
| 138|0x0000000088a00000, 0x0000000088b00000, 0x0000000088b00000|100%| E|CS|TAMS 0x0000000088a00000, 0x0000000088a00000| Complete 
| 139|0x0000000088b00000, 0x0000000088c00000, 0x0000000088c00000|100%| E|CS|TAMS 0x0000000088b00000, 0x0000000088b00000| Complete 
| 140|0x0000000088c00000, 0x0000000088d00000, 0x0000000088d00000|100%| E|CS|TAMS 0x0000000088c00000, 0x0000000088c00000| Complete 
| 141|0x0000000088d00000, 0x0000000088e00000, 0x0000000088e00000|100%| E|CS|TAMS 0x0000000088d00000, 0x0000000088d00000| Complete 
| 142|0x0000000088e00000, 0x0000000088f00000, 0x0000000088f00000|100%| E|CS|TAMS 0x0000000088e00000, 0x0000000088e00000| Complete 
| 143|0x0000000088f00000, 0x0000000089000000, 0x0000000089000000|100%| E|CS|TAMS 0x0000000088f00000, 0x0000000088f00000| Complete 
| 144|0x0000000089000000, 0x0000000089100000, 0x0000000089100000|100%| E|CS|TAMS 0x0000000089000000, 0x0000000089000000| Complete 
| 145|0x0000000089100000, 0x0000000089200000, 0x0000000089200000|100%| E|CS|TAMS 0x0000000089100000, 0x0000000089100000| Complete 
| 146|0x0000000089200000, 0x0000000089300000, 0x0000000089300000|100%| E|CS|TAMS 0x0000000089200000, 0x0000000089200000| Complete 
| 147|0x0000000089300000, 0x0000000089400000, 0x0000000089400000|100%| E|CS|TAMS 0x0000000089300000, 0x0000000089300000| Complete 
| 148|0x0000000089400000, 0x0000000089500000, 0x0000000089500000|100%| E|CS|TAMS 0x0000000089400000, 0x0000000089400000| Complete 
| 149|0x0000000089500000, 0x0000000089600000, 0x0000000089600000|100%| E|CS|TAMS 0x0000000089500000, 0x0000000089500000| Complete 
| 150|0x0000000089600000, 0x0000000089700000, 0x0000000089700000|100%| E|CS|TAMS 0x0000000089600000, 0x0000000089600000| Complete 
| 151|0x0000000089700000, 0x0000000089800000, 0x0000000089800000|100%| E|CS|TAMS 0x0000000089700000, 0x0000000089700000| Complete 
| 152|0x0000000089800000, 0x0000000089900000, 0x0000000089900000|100%| E|CS|TAMS 0x0000000089800000, 0x0000000089800000| Complete 
| 153|0x0000000089900000, 0x0000000089a00000, 0x0000000089a00000|100%| E|CS|TAMS 0x0000000089900000, 0x0000000089900000| Complete 
| 154|0x0000000089a00000, 0x0000000089b00000, 0x0000000089b00000|100%| E|CS|TAMS 0x0000000089a00000, 0x0000000089a00000| Complete 
| 155|0x0000000089b00000, 0x0000000089c00000, 0x0000000089c00000|100%| E|CS|TAMS 0x0000000089b00000, 0x0000000089b00000| Complete 
| 156|0x0000000089c00000, 0x0000000089d00000, 0x0000000089d00000|100%| E|CS|TAMS 0x0000000089c00000, 0x0000000089c00000| Complete 
| 157|0x0000000089d00000, 0x0000000089e00000, 0x0000000089e00000|100%| E|CS|TAMS 0x0000000089d00000, 0x0000000089d00000| Complete 
| 158|0x0000000089e00000, 0x0000000089f00000, 0x0000000089f00000|100%| E|CS|TAMS 0x0000000089e00000, 0x0000000089e00000| Complete 
| 159|0x0000000089f00000, 0x000000008a000000, 0x000000008a000000|100%| E|CS|TAMS 0x0000000089f00000, 0x0000000089f00000| Complete 
| 160|0x000000008a000000, 0x000000008a100000, 0x000000008a100000|100%| E|CS|TAMS 0x000000008a000000, 0x000000008a000000| Complete 
| 161|0x000000008a100000, 0x000000008a200000, 0x000000008a200000|100%| E|CS|TAMS 0x000000008a100000, 0x000000008a100000| Complete 
| 162|0x000000008a200000, 0x000000008a300000, 0x000000008a300000|100%| E|CS|TAMS 0x000000008a200000, 0x000000008a200000| Complete 
| 163|0x000000008a300000, 0x000000008a400000, 0x000000008a400000|100%| E|CS|TAMS 0x000000008a300000, 0x000000008a300000| Complete 
| 164|0x000000008a400000, 0x000000008a500000, 0x000000008a500000|100%| E|CS|TAMS 0x000000008a400000, 0x000000008a400000| Complete 
| 165|0x000000008a500000, 0x000000008a600000, 0x000000008a600000|100%| E|CS|TAMS 0x000000008a500000, 0x000000008a500000| Complete 
| 166|0x000000008a600000, 0x000000008a700000, 0x000000008a700000|100%| E|CS|TAMS 0x000000008a600000, 0x000000008a600000| Complete 
| 167|0x000000008a700000, 0x000000008a800000, 0x000000008a800000|100%| E|CS|TAMS 0x000000008a700000, 0x000000008a700000| Complete 
| 168|0x000000008a800000, 0x000000008a900000, 0x000000008a900000|100%| E|CS|TAMS 0x000000008a800000, 0x000000008a800000| Complete 
| 169|0x000000008a900000, 0x000000008aa00000, 0x000000008aa00000|100%| E|CS|TAMS 0x000000008a900000, 0x000000008a900000| Complete 
| 170|0x000000008aa00000, 0x000000008ab00000, 0x000000008ab00000|100%| E|CS|TAMS 0x000000008aa00000, 0x000000008aa00000| Complete 
| 171|0x000000008ab00000, 0x000000008ac00000, 0x000000008ac00000|100%| E|CS|TAMS 0x000000008ab00000, 0x000000008ab00000| Complete 
| 172|0x000000008ac00000, 0x000000008ad00000, 0x000000008ad00000|100%| E|CS|TAMS 0x000000008ac00000, 0x000000008ac00000| Complete 
| 173|0x000000008ad00000, 0x000000008ae00000, 0x000000008ae00000|100%| E|CS|TAMS 0x000000008ad00000, 0x000000008ad00000| Complete 
| 174|0x000000008ae00000, 0x000000008af00000, 0x000000008af00000|100%| E|CS|TAMS 0x000000008ae00000, 0x000000008ae00000| Complete 
| 175|0x000000008af00000, 0x000000008b000000, 0x000000008b000000|100%| E|CS|TAMS 0x000000008af00000, 0x000000008af00000| Complete 
| 176|0x000000008b000000, 0x000000008b100000, 0x000000008b100000|100%| E|CS|TAMS 0x000000008b000000, 0x000000008b000000| Complete 
| 177|0x000000008b100000, 0x000000008b200000, 0x000000008b200000|100%| E|CS|TAMS 0x000000008b100000, 0x000000008b100000| Complete 
| 178|0x000000008b200000, 0x000000008b300000, 0x000000008b300000|100%| E|CS|TAMS 0x000000008b200000, 0x000000008b200000| Complete 
| 179|0x000000008b300000, 0x000000008b400000, 0x000000008b400000|100%| E|CS|TAMS 0x000000008b300000, 0x000000008b300000| Complete 
| 180|0x000000008b400000, 0x000000008b500000, 0x000000008b500000|100%| E|CS|TAMS 0x000000008b400000, 0x000000008b400000| Complete 
| 181|0x000000008b500000, 0x000000008b600000, 0x000000008b600000|100%| E|CS|TAMS 0x000000008b500000, 0x000000008b500000| Complete 
| 182|0x000000008b600000, 0x000000008b700000, 0x000000008b700000|100%| E|CS|TAMS 0x000000008b600000, 0x000000008b600000| Complete 
| 183|0x000000008b700000, 0x000000008b800000, 0x000000008b800000|100%| E|CS|TAMS 0x000000008b700000, 0x000000008b700000| Complete 
| 184|0x000000008b800000, 0x000000008b900000, 0x000000008b900000|100%| E|CS|TAMS 0x000000008b800000, 0x000000008b800000| Complete 
| 185|0x000000008b900000, 0x000000008ba00000, 0x000000008ba00000|100%| E|CS|TAMS 0x000000008b900000, 0x000000008b900000| Complete 
| 186|0x000000008ba00000, 0x000000008bb00000, 0x000000008bb00000|100%| E|CS|TAMS 0x000000008ba00000, 0x000000008ba00000| Complete 
| 187|0x000000008bb00000, 0x000000008bc00000, 0x000000008bc00000|100%| E|CS|TAMS 0x000000008bb00000, 0x000000008bb00000| Complete 
| 188|0x000000008bc00000, 0x000000008bd00000, 0x000000008bd00000|100%| E|CS|TAMS 0x000000008bc00000, 0x000000008bc00000| Complete 
| 189|0x000000008bd00000, 0x000000008be00000, 0x000000008be00000|100%| E|CS|TAMS 0x000000008bd00000, 0x000000008bd00000| Complete 
| 190|0x000000008be00000, 0x000000008bf00000, 0x000000008bf00000|100%| E|CS|TAMS 0x000000008be00000, 0x000000008be00000| Complete 
| 191|0x000000008bf00000, 0x000000008c000000, 0x000000008c000000|100%| E|CS|TAMS 0x000000008bf00000, 0x000000008bf00000| Complete 
| 192|0x000000008c000000, 0x000000008c100000, 0x000000008c100000|100%| E|CS|TAMS 0x000000008c000000, 0x000000008c000000| Complete 
| 193|0x000000008c100000, 0x000000008c200000, 0x000000008c200000|100%| E|CS|TAMS 0x000000008c100000, 0x000000008c100000| Complete 
| 194|0x000000008c200000, 0x000000008c300000, 0x000000008c300000|100%| E|CS|TAMS 0x000000008c200000, 0x000000008c200000| Complete 
| 195|0x000000008c300000, 0x000000008c400000, 0x000000008c400000|100%| E|CS|TAMS 0x000000008c300000, 0x000000008c300000| Complete 
| 196|0x000000008c400000, 0x000000008c500000, 0x000000008c500000|100%| E|CS|TAMS 0x000000008c400000, 0x000000008c400000| Complete 
| 197|0x000000008c500000, 0x000000008c600000, 0x000000008c600000|100%| E|CS|TAMS 0x000000008c500000, 0x000000008c500000| Complete 
| 198|0x000000008c600000, 0x000000008c700000, 0x000000008c700000|100%| E|CS|TAMS 0x000000008c600000, 0x000000008c600000| Complete 
| 199|0x000000008c700000, 0x000000008c800000, 0x000000008c800000|100%| E|CS|TAMS 0x000000008c700000, 0x000000008c700000| Complete 
| 200|0x000000008c800000, 0x000000008c900000, 0x000000008c900000|100%| E|CS|TAMS 0x000000008c800000, 0x000000008c800000| Complete 
| 201|0x000000008c900000, 0x000000008ca00000, 0x000000008ca00000|100%| E|CS|TAMS 0x000000008c900000, 0x000000008c900000| Complete 
| 202|0x000000008ca00000, 0x000000008cb00000, 0x000000008cb00000|100%| E|CS|TAMS 0x000000008ca00000, 0x000000008ca00000| Complete 
| 203|0x000000008cb00000, 0x000000008cc00000, 0x000000008cc00000|100%| E|CS|TAMS 0x000000008cb00000, 0x000000008cb00000| Complete 
| 204|0x000000008cc00000, 0x000000008cd00000, 0x000000008cd00000|100%| E|CS|TAMS 0x000000008cc00000, 0x000000008cc00000| Complete 
| 205|0x000000008cd00000, 0x000000008ce00000, 0x000000008ce00000|100%| E|CS|TAMS 0x000000008cd00000, 0x000000008cd00000| Complete 
| 206|0x000000008ce00000, 0x000000008cf00000, 0x000000008cf00000|100%| E|CS|TAMS 0x000000008ce00000, 0x000000008ce00000| Complete 
| 207|0x000000008cf00000, 0x000000008d000000, 0x000000008d000000|100%| E|CS|TAMS 0x000000008cf00000, 0x000000008cf00000| Complete 
| 208|0x000000008d000000, 0x000000008d100000, 0x000000008d100000|100%| E|CS|TAMS 0x000000008d000000, 0x000000008d000000| Complete 
| 209|0x000000008d100000, 0x000000008d200000, 0x000000008d200000|100%| E|CS|TAMS 0x000000008d100000, 0x000000008d100000| Complete 
| 210|0x000000008d200000, 0x000000008d300000, 0x000000008d300000|100%| E|CS|TAMS 0x000000008d200000, 0x000000008d200000| Complete 
| 211|0x000000008d300000, 0x000000008d400000, 0x000000008d400000|100%| E|CS|TAMS 0x000000008d300000, 0x000000008d300000| Complete 
| 212|0x000000008d400000, 0x000000008d500000, 0x000000008d500000|100%| E|CS|TAMS 0x000000008d400000, 0x000000008d400000| Complete 
| 213|0x000000008d500000, 0x000000008d600000, 0x000000008d600000|100%| E|CS|TAMS 0x000000008d500000, 0x000000008d500000| Complete 
| 214|0x000000008d600000, 0x000000008d700000, 0x000000008d700000|100%| E|CS|TAMS 0x000000008d600000, 0x000000008d600000| Complete 
| 215|0x000000008d700000, 0x000000008d800000, 0x000000008d800000|100%| E|CS|TAMS 0x000000008d700000, 0x000000008d700000| Complete 
| 216|0x000000008d800000, 0x000000008d900000, 0x000000008d900000|100%| E|CS|TAMS 0x000000008d800000, 0x000000008d800000| Complete 
| 217|0x000000008d900000, 0x000000008da00000, 0x000000008da00000|100%| E|CS|TAMS 0x000000008d900000, 0x000000008d900000| Complete 
| 218|0x000000008da00000, 0x000000008db00000, 0x000000008db00000|100%| E|CS|TAMS 0x000000008da00000, 0x000000008da00000| Complete 
| 219|0x000000008db00000, 0x000000008dc00000, 0x000000008dc00000|100%| E|CS|TAMS 0x000000008db00000, 0x000000008db00000| Complete 
| 220|0x000000008dc00000, 0x000000008dd00000, 0x000000008dd00000|100%| E|CS|TAMS 0x000000008dc00000, 0x000000008dc00000| Complete 
| 221|0x000000008dd00000, 0x000000008de00000, 0x000000008de00000|100%| E|CS|TAMS 0x000000008dd00000, 0x000000008dd00000| Complete 
| 222|0x000000008de00000, 0x000000008df00000, 0x000000008df00000|100%| E|CS|TAMS 0x000000008de00000, 0x000000008de00000| Complete 
| 223|0x000000008df00000, 0x000000008e000000, 0x000000008e000000|100%| E|CS|TAMS 0x000000008df00000, 0x000000008df00000| Complete 
| 224|0x000000008e000000, 0x000000008e100000, 0x000000008e100000|100%| E|CS|TAMS 0x000000008e000000, 0x000000008e000000| Complete 
| 225|0x000000008e100000, 0x000000008e200000, 0x000000008e200000|100%| E|CS|TAMS 0x000000008e100000, 0x000000008e100000| Complete 
| 226|0x000000008e200000, 0x000000008e300000, 0x000000008e300000|100%| E|CS|TAMS 0x000000008e200000, 0x000000008e200000| Complete 
| 227|0x000000008e300000, 0x000000008e400000, 0x000000008e400000|100%| E|CS|TAMS 0x000000008e300000, 0x000000008e300000| Complete 
| 228|0x000000008e400000, 0x000000008e500000, 0x000000008e500000|100%| E|CS|TAMS 0x000000008e400000, 0x000000008e400000| Complete 
| 229|0x000000008e500000, 0x000000008e600000, 0x000000008e600000|100%| E|CS|TAMS 0x000000008e500000, 0x000000008e500000| Complete 
| 230|0x000000008e600000, 0x000000008e700000, 0x000000008e700000|100%| E|CS|TAMS 0x000000008e600000, 0x000000008e600000| Complete 
| 231|0x000000008e700000, 0x000000008e800000, 0x000000008e800000|100%| E|CS|TAMS 0x000000008e700000, 0x000000008e700000| Complete 
| 232|0x000000008e800000, 0x000000008e900000, 0x000000008e900000|100%| E|CS|TAMS 0x000000008e800000, 0x000000008e800000| Complete 
| 233|0x000000008e900000, 0x000000008ea00000, 0x000000008ea00000|100%| E|CS|TAMS 0x000000008e900000, 0x000000008e900000| Complete 
| 234|0x000000008ea00000, 0x000000008eb00000, 0x000000008eb00000|100%| E|CS|TAMS 0x000000008ea00000, 0x000000008ea00000| Complete 
| 235|0x000000008eb00000, 0x000000008ec00000, 0x000000008ec00000|100%| E|CS|TAMS 0x000000008eb00000, 0x000000008eb00000| Complete 
| 236|0x000000008ec00000, 0x000000008ed00000, 0x000000008ed00000|100%| E|CS|TAMS 0x000000008ec00000, 0x000000008ec00000| Complete 
| 237|0x000000008ed00000, 0x000000008ee00000, 0x000000008ee00000|100%| E|CS|TAMS 0x000000008ed00000, 0x000000008ed00000| Complete 
| 238|0x000000008ee00000, 0x000000008ef00000, 0x000000008ef00000|100%| E|CS|TAMS 0x000000008ee00000, 0x000000008ee00000| Complete 
| 239|0x000000008ef00000, 0x000000008f000000, 0x000000008f000000|100%| E|CS|TAMS 0x000000008ef00000, 0x000000008ef00000| Complete 
| 240|0x000000008f000000, 0x000000008f100000, 0x000000008f100000|100%| E|CS|TAMS 0x000000008f000000, 0x000000008f000000| Complete 
| 241|0x000000008f100000, 0x000000008f200000, 0x000000008f200000|100%| E|CS|TAMS 0x000000008f100000, 0x000000008f100000| Complete 
| 242|0x000000008f200000, 0x000000008f300000, 0x000000008f300000|100%| E|CS|TAMS 0x000000008f200000, 0x000000008f200000| Complete 
| 243|0x000000008f300000, 0x000000008f400000, 0x000000008f400000|100%| E|CS|TAMS 0x000000008f300000, 0x000000008f300000| Complete 
| 244|0x000000008f400000, 0x000000008f500000, 0x000000008f500000|100%| E|CS|TAMS 0x000000008f400000, 0x000000008f400000| Complete 
| 245|0x000000008f500000, 0x000000008f600000, 0x000000008f600000|100%| E|CS|TAMS 0x000000008f500000, 0x000000008f500000| Complete 
| 246|0x000000008f600000, 0x000000008f700000, 0x000000008f700000|100%| E|CS|TAMS 0x000000008f600000, 0x000000008f600000| Complete 
| 247|0x000000008f700000, 0x000000008f800000, 0x000000008f800000|100%| E|CS|TAMS 0x000000008f700000, 0x000000008f700000| Complete 
| 248|0x000000008f800000, 0x000000008f900000, 0x000000008f900000|100%| E|CS|TAMS 0x000000008f800000, 0x000000008f800000| Complete 
| 249|0x000000008f900000, 0x000000008fa00000, 0x000000008fa00000|100%| E|CS|TAMS 0x000000008f900000, 0x000000008f900000| Complete 
| 250|0x000000008fa00000, 0x000000008fb00000, 0x000000008fb00000|100%| E|CS|TAMS 0x000000008fa00000, 0x000000008fa00000| Complete 
| 251|0x000000008fb00000, 0x000000008fc00000, 0x000000008fc00000|100%| E|CS|TAMS 0x000000008fb00000, 0x000000008fb00000| Complete 
| 252|0x000000008fc00000, 0x000000008fd00000, 0x000000008fd00000|100%| E|CS|TAMS 0x000000008fc00000, 0x000000008fc00000| Complete 
| 253|0x000000008fd00000, 0x000000008fe00000, 0x000000008fe00000|100%| E|CS|TAMS 0x000000008fd00000, 0x000000008fd00000| Complete 
| 254|0x000000008fe00000, 0x000000008ff00000, 0x000000008ff00000|100%| E|CS|TAMS 0x000000008fe00000, 0x000000008fe00000| Complete 
| 255|0x000000008ff00000, 0x0000000090000000, 0x0000000090000000|100%| E|CS|TAMS 0x000000008ff00000, 0x000000008ff00000| Complete 

Card table byte_map: [0x0000026b00860000,0x0000026b00c60000] _byte_map_base: 0x0000026b00460000

Marking Bits (Prev, Next): (CMBitMap*) 0x0000026b6d360ed8, (CMBitMap*) 0x0000026b6d360f10
 Prev Bits: [0x0000026b01060000, 0x0000026b03060000)
 Next Bits: [0x0000026b03060000, 0x0000026b05060000)

Polling page: 0x0000026b6cb00000

Metaspace:

Usage:
  Non-class:     44.54 MB capacity,    43.57 MB ( 98%) used,   854.58 KB (  2%) free+waste,   144.94 KB ( <1%) overhead. 
      Class:      7.02 MB capacity,     6.48 MB ( 92%) used,   483.09 KB (  7%) free+waste,    70.19 KB ( <1%) overhead. 
       Both:     51.56 MB capacity,    50.05 MB ( 97%) used,     1.31 MB (  3%) free+waste,   215.13 KB ( <1%) overhead. 

Virtual space:
  Non-class space:       46.00 MB reserved,      44.75 MB ( 97%) committed 
      Class space:        1.00 GB reserved,       7.13 MB ( <1%) committed 
             Both:        1.04 GB reserved,      51.88 MB (  5%) committed 

Chunk freelists:
   Non-Class:  20.00 KB
       Class:  10.00 KB
        Both:  30.00 KB

MaxMetaspaceSize: 17179869184.00 GB
CompressedClassSpaceSize: 1.00 GB
Initial GC threshold: 20.80 MB
Current GC threshold: 58.75 MB
CDS: off

CodeHeap 'non-profiled nmethods': size=120000Kb used=3178Kb max_used=3178Kb free=116821Kb
 bounds [0x0000026b78900000, 0x0000026b78c20000, 0x0000026b7fe30000]
CodeHeap 'profiled nmethods': size=120000Kb used=11451Kb max_used=11451Kb free=108548Kb
 bounds [0x0000026b713d0000, 0x0000026b71f00000, 0x0000026b78900000]
CodeHeap 'non-nmethods': size=5760Kb used=2300Kb max_used=2333Kb free=3459Kb
 bounds [0x0000026b70e30000, 0x0000026b710a0000, 0x0000026b713d0000]
 total_blobs=6356 nmethods=5561 adapters=706
 compilation: enabled
              stopped_count=0, restarted_count=0
 full_count=0

Compilation events (20 events):
Event: 6.373 Thread 0x0000026b085b3800 5549   !   3       jdk.internal.loader.URLClassPath$JarLoader$1::run (175 bytes)
Event: 6.373 Thread 0x0000026b085b3800 nmethod 5549 0x0000026b71eec510 code [0x0000026b71eec800, 0x0000026b71eed8f8]
Event: 6.373 Thread 0x0000026b085b3800 5548       3       jdk.internal.loader.URLClassPath$JarLoader$1::run (5 bytes)
Event: 6.374 Thread 0x0000026b085b3800 nmethod 5548 0x0000026b71eee010 code [0x0000026b71eee1c0, 0x0000026b71eee308]
Event: 6.374 Thread 0x0000026b085b3800 5550       3       jdk.internal.loader.URLClassPath$JarLoader::getJarFile (102 bytes)
Event: 6.374 Thread 0x0000026b085b3800 nmethod 5550 0x0000026b71eee390 code [0x0000026b71eee6a0, 0x0000026b71eef4a8]
Event: 6.374 Thread 0x0000026b085b3800 5553       3       jdk.internal.loader.URLClassPath$JarLoader::<init> (67 bytes)
Event: 6.375 Thread 0x0000026b085b3800 nmethod 5553 0x0000026b71eef990 code [0x0000026b71eefc60, 0x0000026b71ef0a38]
Event: 6.375 Thread 0x0000026b085b3800 5554       3       sun.net.util.IPAddressUtil::checkExternalForm (69 bytes)
Event: 6.376 Thread 0x0000026b085b3800 nmethod 5554 0x0000026b71ef0f10 code [0x0000026b71ef1200, 0x0000026b71ef2038]
Event: 6.376 Thread 0x0000026b085b3800 5551       3       jdk.internal.loader.URLClassPath$JarLoader::isOptimizable (10 bytes)
Event: 6.376 Thread 0x0000026b085b3800 nmethod 5551 0x0000026b71ef2590 code [0x0000026b71ef2740, 0x0000026b71ef2888]
Event: 6.376 Thread 0x0000026b085b3800 5552       3       jdk.internal.loader.FileURLMapper::<init> (10 bytes)
Event: 6.376 Thread 0x0000026b085b3800 nmethod 5552 0x0000026b71ef2990 code [0x0000026b71ef2b40, 0x0000026b71ef2cf8]
Event: 6.377 Thread 0x0000026b085b3800 5555   !   3       java.util.jar.JarFile::getBytes (137 bytes)
Event: 6.378 Thread 0x0000026b085b3800 nmethod 5555 0x0000026b71ef2d90 code [0x0000026b71ef30a0, 0x0000026b71ef4118]
Event: 6.380 Thread 0x0000026b085b3800 5556   !   3       java.util.jar.JarFile::checkForSpecialAttributes (163 bytes)
Event: 6.381 Thread 0x0000026b085b3800 nmethod 5556 0x0000026b71ef4910 code [0x0000026b71ef4c40, 0x0000026b71ef5ed8]
Event: 6.387 Thread 0x0000026b085b3800 5558       3       java.util.jar.JarFile::getEntry (22 bytes)
Event: 6.388 Thread 0x0000026b085b3800 nmethod 5558 0x0000026b71ef6690 code [0x0000026b71ef68c0, 0x0000026b71ef6fe8]

GC Heap History (12 events):
Event: 0.731 GC heap before
{Heap before GC invocations=0 (full 0):
 garbage-first heap   total 262144K, used 30720K [0x0000000080000000, 0x0000000100000000)
  region size 1024K, 24 young (24576K), 0 survivors (0K)
 Metaspace       used 10205K, capacity 10424K, committed 10624K, reserved 1058816K
  class space    used 1069K, capacity 1140K, committed 1152K, reserved 1048576K
}
Event: 0.735 GC heap after
{Heap after GC invocations=1 (full 0):
 garbage-first heap   total 262144K, used 9728K [0x0000000080000000, 0x0000000100000000)
  region size 1024K, 3 young (3072K), 3 survivors (3072K)
 Metaspace       used 10205K, capacity 10424K, committed 10624K, reserved 1058816K
  class space    used 1069K, capacity 1140K, committed 1152K, reserved 1048576K
}
Event: 2.629 GC heap before
{Heap before GC invocations=1 (full 0):
 garbage-first heap   total 262144K, used 110080K [0x0000000080000000, 0x0000000100000000)
  region size 1024K, 102 young (104448K), 3 survivors (3072K)
 Metaspace       used 20688K, capacity 21151K, committed 21248K, reserved 1067008K
  class space    used 2547K, capacity 2728K, committed 2816K, reserved 1048576K
}
Event: 2.638 GC heap after
{Heap after GC invocations=2 (full 0):
 garbage-first heap   total 262144K, used 17549K [0x0000000080000000, 0x0000000100000000)
  region size 1024K, 11 young (11264K), 11 survivors (11264K)
 Metaspace       used 20688K, capacity 21151K, committed 21248K, reserved 1067008K
  class space    used 2547K, capacity 2728K, committed 2816K, reserved 1048576K
}
Event: 2.874 GC heap before
{Heap before GC invocations=3 (full 0):
 garbage-first heap   total 262144K, used 46221K [0x0000000080000000, 0x0000000100000000)
  region size 1024K, 39 young (39936K), 11 survivors (11264K)
 Metaspace       used 23313K, capacity 23870K, committed 23936K, reserved 1071104K
  class space    used 2967K, capacity 3150K, committed 3200K, reserved 1048576K
}
Event: 2.880 GC heap after
{Heap after GC invocations=4 (full 0):
 garbage-first heap   total 262144K, used 18448K [0x0000000080000000, 0x0000000100000000)
  region size 1024K, 2 young (2048K), 2 survivors (2048K)
 Metaspace       used 23313K, capacity 23870K, committed 23936K, reserved 1071104K
  class space    used 2967K, capacity 3150K, committed 3200K, reserved 1048576K
}
Event: 3.789 GC heap before
{Heap before GC invocations=4 (full 0):
 garbage-first heap   total 262144K, used 123920K [0x0000000080000000, 0x0000000100000000)
  region size 1024K, 95 young (97280K), 2 survivors (2048K)
 Metaspace       used 32073K, capacity 32879K, committed 33152K, reserved 1077248K
  class space    used 4335K, capacity 4645K, committed 4736K, reserved 1048576K
}
Event: 3.794 GC heap after
{Heap after GC invocations=5 (full 0):
 garbage-first heap   total 262144K, used 34613K [0x0000000080000000, 0x0000000100000000)
  region size 1024K, 8 young (8192K), 8 survivors (8192K)
 Metaspace       used 32073K, capacity 32879K, committed 33152K, reserved 1077248K
  class space    used 4335K, capacity 4645K, committed 4736K, reserved 1048576K
}
Event: 4.049 GC heap before
{Heap before GC invocations=5 (full 0):
 garbage-first heap   total 262144K, used 48949K [0x0000000080000000, 0x0000000100000000)
  region size 1024K, 23 young (23552K), 8 survivors (8192K)
 Metaspace       used 34735K, capacity 35650K, committed 35840K, reserved 1079296K
  class space    used 4646K, capacity 4993K, committed 5120K, reserved 1048576K
}
Event: 4.057 GC heap after
{Heap after GC invocations=6 (full 0):
 garbage-first heap   total 262144K, used 36096K [0x0000000080000000, 0x0000000100000000)
  region size 1024K, 9 young (9216K), 9 survivors (9216K)
 Metaspace       used 34735K, capacity 35650K, committed 35840K, reserved 1079296K
  class space    used 4646K, capacity 4993K, committed 5120K, reserved 1048576K
}
Event: 5.309 GC heap before
{Heap before GC invocations=7 (full 0):
 garbage-first heap   total 262144K, used 167168K [0x0000000080000000, 0x0000000100000000)
  region size 1024K, 130 young (133120K), 9 survivors (9216K)
 Metaspace       used 45866K, capacity 47164K, committed 47360K, reserved 1089536K
  class space    used 5833K, capacity 6301K, committed 6400K, reserved 1048576K
}
Event: 5.322 GC heap after
{Heap after GC invocations=8 (full 0):
 garbage-first heap   total 262144K, used 49623K [0x0000000080000000, 0x0000000100000000)
  region size 1024K, 17 young (17408K), 17 survivors (17408K)
 Metaspace       used 45866K, capacity 47164K, committed 47360K, reserved 1089536K
  class space    used 5833K, capacity 6301K, committed 6400K, reserved 1048576K
}

Deoptimization events (20 events):
Event: 6.195 Thread 0x0000026b0b25f000 DEOPT PACKING pc=0x0000026b78b1e024 sp=0x000000b37abf8830
Event: 6.195 Thread 0x0000026b0b25f000 DEOPT UNPACKING pc=0x0000026b70e7a1af sp=0x000000b37abf87c0 mode 2
Event: 6.245 Thread 0x0000026b0a4e0800 DEOPT PACKING pc=0x0000026b71b24074 sp=0x000000b37c2fe810
Event: 6.245 Thread 0x0000026b0a4e0800 DEOPT UNPACKING pc=0x0000026b70e7a95e sp=0x000000b37c2fddb0 mode 0
Event: 6.286 Thread 0x0000026b0a076800 DEOPT PACKING pc=0x0000026b716f1ffa sp=0x000000b37b7fdfd0
Event: 6.286 Thread 0x0000026b0a076800 DEOPT UNPACKING pc=0x0000026b70e7a95e sp=0x000000b37b7fd408 mode 0
Event: 6.318 Thread 0x0000026b0b25f000 DEOPT PACKING pc=0x0000026b71465e34 sp=0x000000b37abf9090
Event: 6.318 Thread 0x0000026b0b25f000 DEOPT UNPACKING pc=0x0000026b70e7a95e sp=0x000000b37abf85e0 mode 0
Event: 6.320 Thread 0x0000026b0b25f000 DEOPT PACKING pc=0x0000026b71d3e571 sp=0x000000b37abf9050
Event: 6.320 Thread 0x0000026b0b25f000 DEOPT UNPACKING pc=0x0000026b70e7a95e sp=0x000000b37abf8548 mode 0
Event: 6.324 Thread 0x0000026b0b25f000 DEOPT PACKING pc=0x0000026b71d3e571 sp=0x000000b37abf9050
Event: 6.324 Thread 0x0000026b0b25f000 DEOPT UNPACKING pc=0x0000026b70e7a95e sp=0x000000b37abf8548 mode 0
Event: 6.365 Thread 0x0000026b0b25f000 Uncommon trap: trap_request=0xffffff4d fr.pc=0x0000026b789693ec relative=0x000000000000154c
Event: 6.365 Thread 0x0000026b0b25f000 Uncommon trap: reason=unstable_if action=reinterpret pc=0x0000026b789693ec method=java.util.jar.JarFile.checkForSpecialAttributes()V @ 53 c2
Event: 6.365 Thread 0x0000026b0b25f000 DEOPT PACKING pc=0x0000026b789693ec sp=0x000000b37abefba0
Event: 6.365 Thread 0x0000026b0b25f000 DEOPT UNPACKING pc=0x0000026b70e7a1af sp=0x000000b37abefa98 mode 2
Event: 6.375 Thread 0x0000026b0b25f000 Uncommon trap: trap_request=0xffffff4d fr.pc=0x0000026b78966994 relative=0x0000000000001314
Event: 6.375 Thread 0x0000026b0b25f000 Uncommon trap: reason=unstable_if action=reinterpret pc=0x0000026b78966994 method=java.util.jar.JarFile.checkForSpecialAttributes()V @ 53 c2
Event: 6.375 Thread 0x0000026b0b25f000 DEOPT PACKING pc=0x0000026b78966994 sp=0x000000b37abefb40
Event: 6.375 Thread 0x0000026b0b25f000 DEOPT UNPACKING pc=0x0000026b70e7a1af sp=0x000000b37abefb00 mode 2

Classes redefined (0 events):
No events

Internal exceptions (20 events):
Event: 6.367 Thread 0x0000026b0b25f000 Exception <a 'java/security/PrivilegedActionException'{0x0000000089057ea0}> (0x0000000089057ea0) thrown at [./src/hotspot/share/prims/jvm.cpp, line 1306]
Event: 6.367 Thread 0x0000026b0b25f000 Exception <a 'java/security/PrivilegedActionException'{0x0000000089059408}> (0x0000000089059408) thrown at [./src/hotspot/share/prims/jvm.cpp, line 1306]
Event: 6.367 Thread 0x0000026b0b25f000 Exception <a 'java/security/PrivilegedActionException'{0x000000008905c5d8}> (0x000000008905c5d8) thrown at [./src/hotspot/share/prims/jvm.cpp, line 1306]
Event: 6.367 Thread 0x0000026b0b25f000 Exception <a 'java/security/PrivilegedActionException'{0x000000008905db40}> (0x000000008905db40) thrown at [./src/hotspot/share/prims/jvm.cpp, line 1306]
Event: 6.367 Thread 0x0000026b0b25f000 Exception <a 'java/security/PrivilegedActionException'{0x0000000089060d28}> (0x0000000089060d28) thrown at [./src/hotspot/share/prims/jvm.cpp, line 1306]
Event: 6.367 Thread 0x0000026b0b25f000 Exception <a 'java/security/PrivilegedActionException'{0x0000000089062290}> (0x0000000089062290) thrown at [./src/hotspot/share/prims/jvm.cpp, line 1306]
Event: 6.367 Thread 0x0000026b0b25f000 Exception <a 'java/security/PrivilegedActionException'{0x0000000089065408}> (0x0000000089065408) thrown at [./src/hotspot/share/prims/jvm.cpp, line 1306]
Event: 6.367 Thread 0x0000026b0b25f000 Exception <a 'java/security/PrivilegedActionException'{0x0000000089066970}> (0x0000000089066970) thrown at [./src/hotspot/share/prims/jvm.cpp, line 1306]
Event: 6.375 Thread 0x0000026b0b25f000 Exception <a 'java/security/PrivilegedActionException'{0x0000000088f4d3a0}> (0x0000000088f4d3a0) thrown at [./src/hotspot/share/prims/jvm.cpp, line 1306]
Event: 6.375 Thread 0x0000026b0b25f000 Exception <a 'java/security/PrivilegedActionException'{0x0000000088f4e908}> (0x0000000088f4e908) thrown at [./src/hotspot/share/prims/jvm.cpp, line 1306]
Event: 6.376 Thread 0x0000026b0b25f000 Exception <a 'java/security/PrivilegedActionException'{0x0000000088f51a80}> (0x0000000088f51a80) thrown at [./src/hotspot/share/prims/jvm.cpp, line 1306]
Event: 6.376 Thread 0x0000026b0b25f000 Exception <a 'java/security/PrivilegedActionException'{0x0000000088f52fe8}> (0x0000000088f52fe8) thrown at [./src/hotspot/share/prims/jvm.cpp, line 1306]
Event: 6.376 Thread 0x0000026b0b25f000 Exception <a 'java/security/PrivilegedActionException'{0x0000000088f56218}> (0x0000000088f56218) thrown at [./src/hotspot/share/prims/jvm.cpp, line 1306]
Event: 6.376 Thread 0x0000026b0b25f000 Exception <a 'java/security/PrivilegedActionException'{0x0000000088f57780}> (0x0000000088f57780) thrown at [./src/hotspot/share/prims/jvm.cpp, line 1306]
Event: 6.376 Thread 0x0000026b0b25f000 Exception <a 'java/security/PrivilegedActionException'{0x0000000088f5a900}> (0x0000000088f5a900) thrown at [./src/hotspot/share/prims/jvm.cpp, line 1306]
Event: 6.376 Thread 0x0000026b0b25f000 Exception <a 'java/security/PrivilegedActionException'{0x0000000088f5be68}> (0x0000000088f5be68) thrown at [./src/hotspot/share/prims/jvm.cpp, line 1306]
Event: 6.376 Thread 0x0000026b0b25f000 Exception <a 'java/security/PrivilegedActionException'{0x0000000088f5f038}> (0x0000000088f5f038) thrown at [./src/hotspot/share/prims/jvm.cpp, line 1306]
Event: 6.376 Thread 0x0000026b0b25f000 Exception <a 'java/security/PrivilegedActionException'{0x0000000088f605a0}> (0x0000000088f605a0) thrown at [./src/hotspot/share/prims/jvm.cpp, line 1306]
Event: 6.376 Thread 0x0000026b0b25f000 Exception <a 'java/security/PrivilegedActionException'{0x0000000088f637d0}> (0x0000000088f637d0) thrown at [./src/hotspot/share/prims/jvm.cpp, line 1306]
Event: 6.376 Thread 0x0000026b0b25f000 Exception <a 'java/security/PrivilegedActionException'{0x0000000088f64d38}> (0x0000000088f64d38) thrown at [./src/hotspot/share/prims/jvm.cpp, line 1306]

Events (20 events):
Event: 6.352 loading class org/gradle/internal/extensibility/ConventionAwareHelper$2
Event: 6.352 loading class org/gradle/internal/extensibility/ConventionAwareHelper$2 done
Event: 6.352 loading class org/gradle/internal/extensibility/ConventionAwareHelper$1
Event: 6.352 loading class org/gradle/internal/extensibility/ConventionAwareHelper$1 done
Event: 6.353 loading class org/gradle/api/tasks/UntrackedTask
Event: 6.353 loading class org/gradle/api/tasks/UntrackedTask done
Event: 6.353 loading class org/gradle/api/internal/project/taskfactory/DefaultTaskClassInfoStore$StandardTaskActionFactory
Event: 6.353 loading class org/gradle/api/internal/project/taskfactory/DefaultTaskClassInfoStore$StandardTaskActionFactory done
Event: 6.354 loading class org/gradle/api/internal/project/taskfactory/StandardTaskAction
Event: 6.354 loading class org/gradle/api/internal/project/taskfactory/StandardTaskAction done
Event: 6.354 loading class org/gradle/api/Task
Event: 6.354 loading class org/gradle/api/Task done
Event: 6.355 loading class groovy/runtime/metaclass/org/gradle/api/tasks/Delete_DecoratedMetaClass
Event: 6.355 loading class groovy/runtime/metaclass/org/gradle/api/tasks/Delete_DecoratedMetaClass done
Event: 6.356 loading class org/gradle/api/tasks/Delete_DecoratedBeanInfo
Event: 6.356 loading class org/gradle/api/tasks/Delete_DecoratedBeanInfo done
Event: 6.356 loading class org/gradle/api/tasks/Delete_DecoratedBeanInfo
Event: 6.356 loading class org/gradle/api/tasks/Delete_DecoratedBeanInfo done
Event: 6.356 loading class org/gradle/api/tasks/Delete_DecoratedBeanInfo
Event: 6.356 loading class org/gradle/api/tasks/Delete_DecoratedBeanInfo done


Dynamic libraries:
0x00007ff72da90000 - 0x00007ff72da9a000 	C:\Program Files\Android\Android Studio\jre\bin\java.exe
0x00007ffd03260000 - 0x00007ffd03469000 	C:\Windows\SYSTEM32\ntdll.dll
0x00007ffd02b20000 - 0x00007ffd02bdd000 	C:\Windows\System32\KERNEL32.DLL
0x00007ffd00d70000 - 0x00007ffd010ed000 	C:\Windows\System32\KERNELBASE.dll
0x00007ffd00ac0000 - 0x00007ffd00bd1000 	C:\Windows\System32\ucrtbase.dll
0x00007ffcf9430000 - 0x00007ffcf9449000 	C:\Program Files\Android\Android Studio\jre\bin\jli.dll
0x00007ffcf87b0000 - 0x00007ffcf87c7000 	C:\Program Files\Android\Android Studio\jre\bin\VCRUNTIME140.dll
0x00007ffd01580000 - 0x00007ffd0172d000 	C:\Windows\System32\USER32.dll
0x00007ffd00be0000 - 0x00007ffd00c06000 	C:\Windows\System32\win32u.dll
0x00007ffce3f10000 - 0x00007ffce41b5000 	C:\Windows\WinSxS\amd64_microsoft.windows.common-controls_6595b64144ccf1df_6.0.22000.120_none_9d947278b86cc467\COMCTL32.dll
0x00007ffd02c50000 - 0x00007ffd02cf3000 	C:\Windows\System32\msvcrt.dll
0x00007ffd01920000 - 0x00007ffd01949000 	C:\Windows\System32\GDI32.dll
0x00007ffd009a0000 - 0x00007ffd00ab8000 	C:\Windows\System32\gdi32full.dll
0x00007ffd00cd0000 - 0x00007ffd00d6d000 	C:\Windows\System32\msvcp_win.dll
0x00007ffd02c00000 - 0x00007ffd02c31000 	C:\Windows\System32\IMM32.DLL
0x00007ffceb410000 - 0x00007ffceb4ad000 	C:\Program Files\Android\Android Studio\jre\bin\msvcp140.dll
0x00007ffc787a0000 - 0x00007ffc79285000 	C:\Program Files\Android\Android Studio\jre\bin\server\jvm.dll
0x00007ffd02a70000 - 0x00007ffd02b1e000 	C:\Windows\System32\ADVAPI32.dll
0x00007ffd03180000 - 0x00007ffd0321e000 	C:\Windows\System32\sechost.dll
0x00007ffd021e0000 - 0x00007ffd02300000 	C:\Windows\System32\RPCRT4.dll
0x00007ffd01950000 - 0x00007ffd01958000 	C:\Windows\System32\PSAPI.DLL
0x00007ffcf5fd0000 - 0x00007ffcf5fda000 	C:\Windows\SYSTEM32\VERSION.dll
0x00007ffcde6f0000 - 0x00007ffcde6f9000 	C:\Windows\SYSTEM32\WSOCK32.dll
0x00007ffcf7a40000 - 0x00007ffcf7a73000 	C:\Windows\SYSTEM32\WINMM.dll
0x00007ffd02df0000 - 0x00007ffd02e5f000 	C:\Windows\System32\WS2_32.dll
0x00007ffcff930000 - 0x00007ffcff948000 	C:\Windows\SYSTEM32\kernel.appcore.dll
0x00007ffcf75c0000 - 0x00007ffcf75d1000 	C:\Program Files\Android\Android Studio\jre\bin\verify.dll
0x00007ffcfa5a0000 - 0x00007ffcfa7c1000 	C:\Windows\SYSTEM32\DBGHELP.DLL
0x00007ffce57a0000 - 0x00007ffce57d1000 	C:\Windows\SYSTEM32\dbgcore.DLL
0x00007ffd00740000 - 0x00007ffd007bf000 	C:\Windows\System32\bcryptPrimitives.dll
0x00007ffcf29a0000 - 0x00007ffcf29c9000 	C:\Program Files\Android\Android Studio\jre\bin\java.dll
0x00007ffcefa50000 - 0x00007ffcefa5b000 	C:\Program Files\Android\Android Studio\jre\bin\jimage.dll
0x00007ffcdef70000 - 0x00007ffcdef88000 	C:\Program Files\Android\Android Studio\jre\bin\zip.dll
0x00007ffd01960000 - 0x00007ffd02118000 	C:\Windows\System32\SHELL32.dll
0x00007ffcfe8c0000 - 0x00007ffcff128000 	C:\Windows\SYSTEM32\windows.storage.dll
0x00007ffd02540000 - 0x00007ffd028b9000 	C:\Windows\System32\combase.dll
0x00007ffcfe750000 - 0x00007ffcfe8b6000 	C:\Windows\SYSTEM32\wintypes.dll
0x00007ffd028c0000 - 0x00007ffd029aa000 	C:\Windows\System32\SHCORE.dll
0x00007ffd02a10000 - 0x00007ffd02a6d000 	C:\Windows\System32\shlwapi.dll
0x00007ffd00670000 - 0x00007ffd00691000 	C:\Windows\SYSTEM32\profapi.dll
0x00007ffcdedf0000 - 0x00007ffcdee0a000 	C:\Program Files\Android\Android Studio\jre\bin\net.dll
0x00007ffcf6de0000 - 0x00007ffcf6eec000 	C:\Windows\SYSTEM32\WINHTTP.dll
0x00007ffcffd60000 - 0x00007ffcffdc7000 	C:\Windows\system32\mswsock.dll
0x00007ffcde790000 - 0x00007ffcde7a4000 	C:\Program Files\Android\Android Studio\jre\bin\nio.dll
0x00007ffcf8920000 - 0x00007ffcf8947000 	C:\Users\laita\.gradle\native\e1d6ef7f7dcc3fd88c89a11ec53ec762bb8ba0a96d01ffa2cd45eb1d1d8dd5c5\windows-amd64\native-platform.dll
0x00007ffcd5240000 - 0x00007ffcd5384000 	C:\Users\laita\.gradle\native\5664cfc778a61ccfe75a443a1ab52a65af34e5dc3c78e0209fed803814484fcb\windows-amd64\native-platform-file-events.dll
0x00007ffce2c20000 - 0x00007ffce2c2a000 	C:\Program Files\Android\Android Studio\jre\bin\management.dll
0x00007ffcdf330000 - 0x00007ffcdf33d000 	C:\Program Files\Android\Android Studio\jre\bin\management_ext.dll
0x00007ffcfffa0000 - 0x00007ffcfffb8000 	C:\Windows\SYSTEM32\CRYPTSP.dll
0x00007ffcff890000 - 0x00007ffcff8c5000 	C:\Windows\system32\rsaenh.dll
0x00007ffcffe50000 - 0x00007ffcffe79000 	C:\Windows\SYSTEM32\USERENV.dll
0x00007ffd00120000 - 0x00007ffd00147000 	C:\Windows\SYSTEM32\bcrypt.dll
0x00007ffcfffc0000 - 0x00007ffcfffcc000 	C:\Windows\SYSTEM32\CRYPTBASE.dll
0x00007ffcff460000 - 0x00007ffcff48d000 	C:\Windows\SYSTEM32\IPHLPAPI.DLL
0x00007ffd02120000 - 0x00007ffd02129000 	C:\Windows\System32\NSI.dll
0x00007ffcf6dc0000 - 0x00007ffcf6dd9000 	C:\Windows\SYSTEM32\dhcpcsvc6.DLL
0x00007ffcf7720000 - 0x00007ffcf773e000 	C:\Windows\SYSTEM32\dhcpcsvc.DLL
0x00007ffcff4d0000 - 0x00007ffcff5b8000 	C:\Windows\SYSTEM32\DNSAPI.dll

dbghelp: loaded successfully - version: 4.0.5 - missing functions: none
symbol engine: initialized successfully - sym options: 0x614 - pdb path: .;C:\Program Files\Android\Android Studio\jre\bin;C:\Windows\SYSTEM32;C:\Windows\WinSxS\amd64_microsoft.windows.common-controls_6595b64144ccf1df_6.0.22000.120_none_9d947278b86cc467;C:\Program Files\Android\Android Studio\jre\bin\server;C:\Users\laita\.gradle\native\e1d6ef7f7dcc3fd88c89a11ec53ec762bb8ba0a96d01ffa2cd45eb1d1d8dd5c5\windows-amd64;C:\Users\laita\.gradle\native\5664cfc778a61ccfe75a443a1ab52a65af34e5dc3c78e0209fed803814484fcb\windows-amd64

VM Arguments:
jvm_args: --add-opens=java.base/java.util=ALL-UNNAMED --add-opens=java.base/java.lang=ALL-UNNAMED --add-opens=java.base/java.lang.invoke=ALL-UNNAMED --add-opens=java.base/java.util=ALL-UNNAMED --add-opens=java.prefs/java.util.prefs=ALL-UNNAMED --add-opens=java.prefs/java.util.prefs=ALL-UNNAMED --add-opens=java.base/java.nio.charset=ALL-UNNAMED --add-opens=java.base/java.net=ALL-UNNAMED --add-opens=java.base/java.util.concurrent.atomic=ALL-UNNAMED -Xmx2048m -Dfile.encoding=UTF-8 -Duser.country=ID -Duser.language=en -Duser.variant 
java_command: org.gradle.launcher.daemon.bootstrap.GradleDaemon 7.3.3
java_class_path (initial): C:\Users\laita\.gradle\wrapper\dists\gradle-7.3.3-bin\6a41zxkdtcxs8rphpq6y0069z\gradle-7.3.3\lib\gradle-launcher-7.3.3.jar
Launcher Type: SUN_STANDARD

[Global flags]
     intx CICompilerCount                          = 4                                         {product} {ergonomic}
     uint ConcGCThreads                            = 3                                         {product} {ergonomic}
     uint G1ConcRefinementThreads                  = 10                                        {product} {ergonomic}
   size_t G1HeapRegionSize                         = 1048576                                   {product} {ergonomic}
    uintx GCDrainStackTargetSize                   = 64                                        {product} {ergonomic}
   size_t InitialHeapSize                          = 268435456                                 {product} {ergonomic}
   size_t MarkStackSize                            = 4194304                                   {product} {ergonomic}
   size_t MaxHeapSize                              = 2147483648                                {product} {command line}
   size_t MaxNewSize                               = 1287651328                                {product} {ergonomic}
   size_t MinHeapDeltaBytes                        = 1048576                                   {product} {ergonomic}
    uintx NonNMethodCodeHeapSize                   = 5836300                                {pd product} {ergonomic}
    uintx NonProfiledCodeHeapSize                  = 122910970                              {pd product} {ergonomic}
    uintx ProfiledCodeHeapSize                     = 122910970                              {pd product} {ergonomic}
    uintx ReservedCodeCacheSize                    = 251658240                              {pd product} {ergonomic}
     bool SegmentedCodeCache                       = true                                      {product} {ergonomic}
     bool UseCompressedClassPointers               = true                                 {lp64_product} {ergonomic}
     bool UseCompressedOops                        = true                                 {lp64_product} {ergonomic}
     bool UseG1GC                                  = true                                      {product} {ergonomic}
     bool UseLargePagesIndividualAllocation        = false                                  {pd product} {ergonomic}

Logging:
Log output configuration:
 #0: stdout all=warning uptime,level,tags
 #1: stderr all=off uptime,level,tags

Environment Variables:
PATH=C:\Program Files (x86)\Common Files\Oracle\Java\javapath;C:\Windows\system32;C:\Windows;C:\Windows\System32\Wbem;C:\Windows\System32\WindowsPowerShell\v1.0\;C:\Windows\System32\OpenSSH\;C:\Program Files (x86)\NVIDIA Corporation\PhysX\Common;C:\Program Files\NVIDIA Corporation\NVIDIA NGX;C:\Program Files\NVIDIA Corporation\NVIDIA NvDLISR;C:\Program Files\Git\cmd;C:\Users\laita\AppData\Local\Microsoft\WindowsApps;;C:\Users\laita\AppData\Local\Programs\Microsoft VS Code\bin
USERNAME=laita
OS=Windows_NT
PROCESSOR_IDENTIFIER=Intel64 Family 6 Model 158 Stepping 10, GenuineIntel



---------------  S Y S T E M  ---------------

OS: Windows 10 , 64 bit Build 22000 (10.0.22000.708)
OS uptime: 1 days 4:16 hours

CPU:total 12 (initial active 12) (6 cores per cpu, 2 threads per core) family 6 model 158 stepping 10 microcode 0xea, cmov, cx8, fxsr, mmx, sse, sse2, sse3, ssse3, sse4.1, sse4.2, popcnt, avx, avx2, aes, clmul, erms, 3dnowpref, lzcnt, ht, tsc, tscinvbit, bmi1, bmi2, adx, fma

Memory: 4k page, system-wide physical 16257M (4511M free)
TotalPageFile size 18305M (AvailPageFile size 5M)
current process WorkingSet (physical memory assigned to process): 382M, peak: 382M
current process commit charge ("private bytes"): 497M, peak: 497M

vm_info: OpenJDK 64-Bit Server VM (11.0.12+7-b1504.28-7817840) for windows-amd64 JRE (11.0.12+7-b1504.28-7817840), built on Oct 13 2021 22:12:33 by "builder" with MS VC++ 14.0 (VS2015)

END.
