#
# There is insufficient memory for the Java Runtime Environment to continue.
# Native memory allocation (malloc) failed to allocate 734016 bytes for Chunk::new
# Possible reasons:
#   The system is out of physical RAM or swap space
#   The process is running with CompressedOops enabled, and the Java Heap may be blocking the growth of the native heap
# Possible solutions:
#   Reduce memory load on the system
#   Increase physical memory or swap space
#   Check if swap backing store is full
#   Decrease Java heap size (-Xmx/-Xms)
#   Decrease number of Java threads
#   Decrease Java thread stack sizes (-Xss)
#   Set larger code cache with -XX:ReservedCodeCacheSize=
#   JVM is running with Unscaled Compressed Oops mode in which the Java heap is
#     placed in the first 4GB address space. The Java Heap base address is the
#     maximum limit for the native heap growth. Please use -XX:HeapBaseMinAddress
#     to set the Java Heap base and to place the Java Heap above 4GB virtual address.
# This output file may be truncated or incomplete.
#
#  Out of Memory Error (./src/hotspot/share/memory/arena.cpp:197), pid=3944, tid=21488
#
# JRE version: OpenJDK Runtime Environment (11.0.12+7) (build 11.0.12+7-b1504.28-7817840)
# Java VM: OpenJDK 64-Bit Server VM (11.0.12+7-b1504.28-7817840, mixed mode, tiered, compressed oops, g1 gc, windows-amd64)
# No core dump will be written. Minidumps are not enabled by default on client versions of Windows
#

---------------  S U M M A R Y ------------

Command Line: --add-opens=java.base/java.util=ALL-UNNAMED --add-opens=java.base/java.lang=ALL-UNNAMED --add-opens=java.base/java.lang.invoke=ALL-UNNAMED --add-opens=java.base/java.util=ALL-UNNAMED --add-opens=java.prefs/java.util.prefs=ALL-UNNAMED --add-opens=java.prefs/java.util.prefs=ALL-UNNAMED --add-opens=java.base/java.nio.charset=ALL-UNNAMED --add-opens=java.base/java.net=ALL-UNNAMED --add-opens=java.base/java.util.concurrent.atomic=ALL-UNNAMED -Xmx2048m -Dfile.encoding=UTF-8 -Duser.country=ID -Duser.language=en -Duser.variant org.gradle.launcher.daemon.bootstrap.GradleDaemon 7.3.3

Host: Intel(R) Core(TM) i7-9750H CPU @ 2.60GHz, 12 cores, 15G,  Windows 10 , 64 bit Build 22000 (10.0.22000.708)
Time: Wed Aug 17 00:30:35 2022 SE Asia Standard Time elapsed time: 5.389044 seconds (0d 0h 0m 5s)

---------------  T H R E A D  ---------------

Current thread (0x0000027dbfb50800):  JavaThread "C2 CompilerThread0" daemon [_thread_in_native, id=21488, stack(0x000000ce81c00000,0x000000ce81d00000)]


Current CompileTask:
C2:   5389 4008       4       groovy.lang.MetaClassImpl$1MOPIter::methodNameAction (325 bytes)

Stack: [0x000000ce81c00000,0x000000ce81d00000]
Native frames: (J=compiled Java code, j=interpreted, Vv=VM code, C=native code)
V  [jvm.dll+0x5fbcea]
V  [jvm.dll+0x731905]
V  [jvm.dll+0x732f1d]
V  [jvm.dll+0x7335d3]
V  [jvm.dll+0x247bf8]
V  [jvm.dll+0xc018c]
V  [jvm.dll+0xc06cc]
V  [jvm.dll+0x2bcc04]
V  [jvm.dll+0x5113a8]
V  [jvm.dll+0x201b42]
V  [jvm.dll+0x1ff71f]
V  [jvm.dll+0x18868c]
V  [jvm.dll+0x20e0d7]
V  [jvm.dll+0x20c901]
V  [jvm.dll+0x6f9b7f]
V  [jvm.dll+0x6f26a5]
V  [jvm.dll+0x5fabf6]
C  [ucrtbase.dll+0x26c0c]
C  [KERNEL32.DLL+0x154e0]
C  [ntdll.dll+0x485b]


---------------  P R O C E S S  ---------------

Threads class SMR info:
_java_thread_list=0x0000027dc32a1140, length=45, elements={
0x0000027da499d800, 0x0000027dbfae9800, 0x0000027dbfaeb000, 0x0000027dbfb4a800,
0x0000027dbfb4b800, 0x0000027dbfb4d000, 0x0000027dbfb50800, 0x0000027dbfb52000,
0x0000027dbfb5a800, 0x0000027dbfcb7000, 0x0000027dc1f58000, 0x0000027dc0f02800,
0x0000027dc1594000, 0x0000027dc16a7800, 0x0000027dc1d37800, 0x0000027dc0e48800,
0x0000027dc0f63800, 0x0000027dc0f64000, 0x0000027dc2157000, 0x0000027dc22f3800,
0x0000027dbfd42000, 0x0000027dbfd42800, 0x0000027dbfd40800, 0x0000027dbfd45000,
0x0000027dbfd47000, 0x0000027dbfd43800, 0x0000027dbfd41000, 0x0000027dbfd44800,
0x0000027dc3651800, 0x0000027dc3652800, 0x0000027dc3655800, 0x0000027dc3654000,
0x0000027dc3653000, 0x0000027dc3658000, 0x0000027dc3656800, 0x0000027dc3657000,
0x0000027dc365a800, 0x0000027dc3659000, 0x0000027dc3659800, 0x0000027dc3654800,
0x0000027dc365f800, 0x0000027dc3660000, 0x0000027dc365c000, 0x0000027dc365b800,
0x0000027dc302d000
}

Java Threads: ( => current thread )
  0x0000027da499d800 JavaThread "main" [_thread_blocked, id=18636, stack(0x000000ce81000000,0x000000ce81100000)]
  0x0000027dbfae9800 JavaThread "Reference Handler" daemon [_thread_blocked, id=10152, stack(0x000000ce81700000,0x000000ce81800000)]
  0x0000027dbfaeb000 JavaThread "Finalizer" daemon [_thread_blocked, id=18812, stack(0x000000ce81800000,0x000000ce81900000)]
  0x0000027dbfb4a800 JavaThread "Signal Dispatcher" daemon [_thread_blocked, id=12752, stack(0x000000ce81900000,0x000000ce81a00000)]
  0x0000027dbfb4b800 JavaThread "Attach Listener" daemon [_thread_blocked, id=13832, stack(0x000000ce81a00000,0x000000ce81b00000)]
  0x0000027dbfb4d000 JavaThread "Service Thread" daemon [_thread_blocked, id=1028, stack(0x000000ce81b00000,0x000000ce81c00000)]
=>0x0000027dbfb50800 JavaThread "C2 CompilerThread0" daemon [_thread_in_native, id=21488, stack(0x000000ce81c00000,0x000000ce81d00000)]
  0x0000027dbfb52000 JavaThread "C1 CompilerThread0" daemon [_thread_blocked, id=16508, stack(0x000000ce81d00000,0x000000ce81e00000)]
  0x0000027dbfb5a800 JavaThread "Sweeper thread" daemon [_thread_blocked, id=16208, stack(0x000000ce81e00000,0x000000ce81f00000)]
  0x0000027dbfcb7000 JavaThread "Common-Cleaner" daemon [_thread_blocked, id=14696, stack(0x000000ce81f00000,0x000000ce82000000)]
  0x0000027dc1f58000 JavaThread "Daemon health stats" [_thread_blocked, id=16964, stack(0x000000ce82800000,0x000000ce82900000)]
  0x0000027dc0f02800 JavaThread "Incoming local TCP Connector on port 58320" [_thread_in_native, id=14120, stack(0x000000ce82100000,0x000000ce82200000)]
  0x0000027dc1594000 JavaThread "Daemon periodic checks" [_thread_blocked, id=11272, stack(0x000000ce82200000,0x000000ce82300000)]
  0x0000027dc16a7800 JavaThread "Daemon" [_thread_blocked, id=9120, stack(0x000000ce82900000,0x000000ce82a00000)]
  0x0000027dc1d37800 JavaThread "Handler for socket connection from /127.0.0.1:58320 to /127.0.0.1:58321" [_thread_in_native, id=3692, stack(0x000000ce82a00000,0x000000ce82b00000)]
  0x0000027dc0e48800 JavaThread "Cancel handler" [_thread_blocked, id=7524, stack(0x000000ce82b00000,0x000000ce82c00000)]
  0x0000027dc0f63800 JavaThread "Daemon worker" [_thread_in_vm, id=15328, stack(0x000000ce82c00000,0x000000ce82d00000)]
  0x0000027dc0f64000 JavaThread "Asynchronous log dispatcher for DefaultDaemonConnection: socket connection from /127.0.0.1:58320 to /127.0.0.1:58321" [_thread_blocked, id=12600, stack(0x000000ce82d00000,0x000000ce82e00000)]
  0x0000027dc2157000 JavaThread "Stdin handler" [_thread_blocked, id=14412, stack(0x000000ce82e00000,0x000000ce82f00000)]
  0x0000027dc22f3800 JavaThread "Daemon client event forwarder" [_thread_blocked, id=6268, stack(0x000000ce82f00000,0x000000ce83000000)]
  0x0000027dbfd42000 JavaThread "Cache worker for journal cache (C:\Users\laita\.gradle\caches\journal-1)" [_thread_blocked, id=14972, stack(0x000000ce83000000,0x000000ce83100000)]
  0x0000027dbfd42800 JavaThread "File lock request listener" [_thread_in_native, id=18040, stack(0x000000ce83100000,0x000000ce83200000)]
  0x0000027dbfd40800 JavaThread "Cache worker for file hash cache (C:\Users\laita\.gradle\caches\7.3.3\fileHashes)" [_thread_blocked, id=6108, stack(0x000000ce83800000,0x000000ce83900000)]
  0x0000027dbfd45000 JavaThread "C2 CompilerThread1" daemon [_thread_in_native, id=19484, stack(0x000000ce83900000,0x000000ce83a00000)]
  0x0000027dbfd47000 JavaThread "Cache worker for file hash cache (C:\Users\laita\AndroidStudioProjects\Eticket\.gradle\7.3.3\fileHashes)" [_thread_blocked, id=13244, stack(0x000000ce83a00000,0x000000ce83b00000)]
  0x0000027dbfd43800 JavaThread "File watcher server" daemon [_thread_in_native, id=21032, stack(0x000000ce83b00000,0x000000ce83c00000)]
  0x0000027dbfd41000 JavaThread "File watcher consumer" daemon [_thread_blocked, id=2052, stack(0x000000ce83c00000,0x000000ce83d00000)]
  0x0000027dbfd44800 JavaThread "C2 CompilerThread2" daemon [_thread_in_native, id=18608, stack(0x000000ce83d00000,0x000000ce83e00000)]
  0x0000027dc3651800 JavaThread "jar transforms" [_thread_blocked, id=6444, stack(0x000000ce83e00000,0x000000ce83f00000)]
  0x0000027dc3652800 JavaThread "jar transforms Thread 2" [_thread_blocked, id=6784, stack(0x000000ce83f00000,0x000000ce84000000)]
  0x0000027dc3655800 JavaThread "jar transforms Thread 3" [_thread_blocked, id=15128, stack(0x000000ce84000000,0x000000ce84100000)]
  0x0000027dc3654000 JavaThread "jar transforms Thread 4" [_thread_blocked, id=3304, stack(0x000000ce84100000,0x000000ce84200000)]
  0x0000027dc3653000 JavaThread "jar transforms Thread 5" [_thread_blocked, id=12400, stack(0x000000ce84200000,0x000000ce84300000)]
  0x0000027dc3658000 JavaThread "jar transforms Thread 6" [_thread_blocked, id=13952, stack(0x000000ce84300000,0x000000ce84400000)]
  0x0000027dc3656800 JavaThread "jar transforms Thread 7" [_thread_blocked, id=9792, stack(0x000000ce84400000,0x000000ce84500000)]
  0x0000027dc3657000 JavaThread "jar transforms Thread 8" [_thread_blocked, id=10992, stack(0x000000ce84500000,0x000000ce84600000)]
  0x0000027dc365a800 JavaThread "jar transforms Thread 9" [_thread_blocked, id=17288, stack(0x000000ce84600000,0x000000ce84700000)]
  0x0000027dc3659000 JavaThread "jar transforms Thread 10" [_thread_blocked, id=8820, stack(0x000000ce84700000,0x000000ce84800000)]
  0x0000027dc3659800 JavaThread "jar transforms Thread 11" [_thread_blocked, id=13932, stack(0x000000ce84800000,0x000000ce84900000)]
  0x0000027dc3654800 JavaThread "jar transforms Thread 12" [_thread_blocked, id=20476, stack(0x000000ce84900000,0x000000ce84a00000)]
  0x0000027dc365f800 JavaThread "Cache worker for checksums cache (C:\Users\laita\AndroidStudioProjects\Eticket\.gradle\7.3.3\checksums)" [_thread_blocked, id=6160, stack(0x000000ce84a00000,0x000000ce84b00000)]
  0x0000027dc3660000 JavaThread "Cache worker for cache directory md-supplier (C:\Users\laita\.gradle\caches\7.3.3\md-supplier)" [_thread_blocked, id=5920, stack(0x000000ce84b00000,0x000000ce84c00000)]
  0x0000027dc365c000 JavaThread "Cache worker for cache directory md-rule (C:\Users\laita\.gradle\caches\7.3.3\md-rule)" [_thread_blocked, id=2960, stack(0x000000ce84c00000,0x000000ce84d00000)]
  0x0000027dc365b800 JavaThread "Cache worker for execution history cache (C:\Users\laita\.gradle\caches\7.3.3\executionHistory)" [_thread_blocked, id=15424, stack(0x000000ce84d00000,0x000000ce84e00000)]
  0x0000027dc302d000 JavaThread "Cache worker for file content cache (C:\Users\laita\.gradle\caches\7.3.3\fileContent)" [_thread_blocked, id=3572, stack(0x000000ce84e00000,0x000000ce84f00000)]

Other Threads:
  0x0000027dbfae5800 VMThread "VM Thread" [stack: 0x000000ce81600000,0x000000ce81700000] [id=21436]
  0x0000027dbfcc5000 WatcherThread [stack: 0x000000ce82000000,0x000000ce82100000] [id=14984]
  0x0000027da49b5000 GCTaskThread "GC Thread#0" [stack: 0x000000ce81100000,0x000000ce81200000] [id=3772]
  0x0000027dc0b4a000 GCTaskThread "GC Thread#1" [stack: 0x000000ce82300000,0x000000ce82400000] [id=14372]
  0x0000027dc0486800 GCTaskThread "GC Thread#2" [stack: 0x000000ce82400000,0x000000ce82500000] [id=3780]
  0x0000027dc0be3800 GCTaskThread "GC Thread#3" [stack: 0x000000ce82500000,0x000000ce82600000] [id=17196]
  0x0000027dc0e09000 GCTaskThread "GC Thread#4" [stack: 0x000000ce82600000,0x000000ce82700000] [id=2360]
  0x0000027dc0bfd000 GCTaskThread "GC Thread#5" [stack: 0x000000ce82700000,0x000000ce82800000] [id=2324]
  0x0000027dc1a38000 GCTaskThread "GC Thread#6" [stack: 0x000000ce83200000,0x000000ce83300000] [id=18164]
  0x0000027dc262f000 GCTaskThread "GC Thread#7" [stack: 0x000000ce83300000,0x000000ce83400000] [id=18972]
  0x0000027dc1fd0000 GCTaskThread "GC Thread#8" [stack: 0x000000ce83400000,0x000000ce83500000] [id=5360]
  0x0000027dc1c82800 GCTaskThread "GC Thread#9" [stack: 0x000000ce83500000,0x000000ce83600000] [id=16812]
  0x0000027da49e9000 ConcurrentGCThread "G1 Main Marker" [stack: 0x000000ce81200000,0x000000ce81300000] [id=12372]
  0x0000027da49eb000 ConcurrentGCThread "G1 Conc#0" [stack: 0x000000ce81300000,0x000000ce81400000] [id=3748]
  0x0000027dc266c000 ConcurrentGCThread "G1 Conc#1" [stack: 0x000000ce83600000,0x000000ce83700000] [id=13072]
  0x0000027dc0b63000 ConcurrentGCThread "G1 Conc#2" [stack: 0x000000ce83700000,0x000000ce83800000] [id=9084]
  0x0000027da4a7e800 ConcurrentGCThread "G1 Refine#0" [stack: 0x000000ce81400000,0x000000ce81500000] [id=5016]
  0x0000027dbf136800 ConcurrentGCThread "G1 Young RemSet Sampling" [stack: 0x000000ce81500000,0x000000ce81600000] [id=15356]

Threads with active compile tasks:
C2 CompilerThread0   5413 4008       4       groovy.lang.MetaClassImpl$1MOPIter::methodNameAction (325 bytes)
C2 CompilerThread1   5413 4020       4       groovy.lang.MetaMethod::getMopName (105 bytes)
C2 CompilerThread2   5413 4033   !   4       sun.nio.fs.WindowsPath::initOffsets (153 bytes)

VM state:not at safepoint (normal execution)

VM Mutex/Monitor currently owned by a thread: None

Heap address: 0x0000000080000000, size: 2048 MB, Compressed Oops mode: 32-bit
Narrow klass base: 0x0000000000000000, Narrow klass shift: 3
Compressed class space size: 1073741824 Address: 0x0000000100000000

Heap:
 garbage-first heap   total 262144K, used 154846K [0x0000000080000000, 0x0000000100000000)
  region size 1024K, 119 young (121856K), 9 survivors (9216K)
 Metaspace       used 45646K, capacity 46970K, committed 47232K, reserved 1089536K
  class space    used 5800K, capacity 6258K, committed 6272K, reserved 1048576K
Heap Regions: E=young(eden), S=young(survivor), O=old, HS=humongous(starts), HC=humongous(continues), CS=collection set, F=free, A=archive, TAMS=top-at-mark-start (previous, next)
|   0|0x0000000080000000, 0x0000000080100000, 0x0000000080100000|100%| O|  |TAMS 0x0000000080100000, 0x0000000080000000| Untracked 
|   1|0x0000000080100000, 0x0000000080200000, 0x0000000080200000|100%| O|  |TAMS 0x0000000080200000, 0x0000000080100000| Untracked 
|   2|0x0000000080200000, 0x0000000080300000, 0x0000000080300000|100%| O|  |TAMS 0x0000000080300000, 0x0000000080200000| Untracked 
|   3|0x0000000080300000, 0x0000000080400000, 0x0000000080400000|100%|HS|  |TAMS 0x0000000080400000, 0x0000000080300000| Complete 
|   4|0x0000000080400000, 0x0000000080500000, 0x0000000080500000|100%|HC|  |TAMS 0x0000000080500000, 0x0000000080400000| Complete 
|   5|0x0000000080500000, 0x0000000080600000, 0x0000000080600000|100%|HC|  |TAMS 0x0000000080600000, 0x0000000080500000| Complete 
|   6|0x0000000080600000, 0x0000000080700000, 0x0000000080700000|100%| O|  |TAMS 0x0000000080700000, 0x0000000080600000| Untracked 
|   7|0x0000000080700000, 0x0000000080800000, 0x0000000080800000|100%| O|  |TAMS 0x0000000080800000, 0x0000000080700000| Untracked 
|   8|0x0000000080800000, 0x0000000080900000, 0x0000000080900000|100%| O|  |TAMS 0x0000000080900000, 0x0000000080800000| Untracked 
|   9|0x0000000080900000, 0x0000000080a00000, 0x0000000080a00000|100%| O|  |TAMS 0x0000000080a00000, 0x0000000080900000| Untracked 
|  10|0x0000000080a00000, 0x0000000080b00000, 0x0000000080b00000|100%| O|  |TAMS 0x0000000080b00000, 0x0000000080a00000| Untracked 
|  11|0x0000000080b00000, 0x0000000080c00000, 0x0000000080c00000|100%| O|  |TAMS 0x0000000080c00000, 0x0000000080b00000| Untracked 
|  12|0x0000000080c00000, 0x0000000080d00000, 0x0000000080d00000|100%| O|  |TAMS 0x0000000080d00000, 0x0000000080c00000| Untracked 
|  13|0x0000000080d00000, 0x0000000080e00000, 0x0000000080e00000|100%| O|  |TAMS 0x0000000080e00000, 0x0000000080d00000| Untracked 
|  14|0x0000000080e00000, 0x0000000080f00000, 0x0000000080f00000|100%| O|  |TAMS 0x0000000080f00000, 0x0000000080e00000| Untracked 
|  15|0x0000000080f00000, 0x0000000081000000, 0x0000000081000000|100%| O|  |TAMS 0x0000000081000000, 0x0000000080f00000| Untracked 
|  16|0x0000000081000000, 0x00000000810a9a00, 0x0000000081100000| 66%| O|  |TAMS 0x00000000810a9a00, 0x0000000081000000| Untracked 
|  17|0x0000000081100000, 0x0000000081200000, 0x0000000081200000|100%|HS|  |TAMS 0x0000000081200000, 0x0000000081100000| Complete 
|  18|0x0000000081200000, 0x0000000081300000, 0x0000000081300000|100%|HC|  |TAMS 0x0000000081300000, 0x0000000081200000| Complete 
|  19|0x0000000081300000, 0x0000000081400000, 0x0000000081400000|100%|HS|  |TAMS 0x0000000081400000, 0x0000000081300000| Complete 
|  20|0x0000000081400000, 0x0000000081500000, 0x0000000081500000|100%|HC|  |TAMS 0x0000000081500000, 0x0000000081400000| Complete 
|  21|0x0000000081500000, 0x0000000081600000, 0x0000000081600000|100%|HC|  |TAMS 0x0000000081600000, 0x0000000081500000| Complete 
|  22|0x0000000081600000, 0x0000000081700000, 0x0000000081700000|100%|HS|  |TAMS 0x0000000081700000, 0x0000000081600000| Complete 
|  23|0x0000000081700000, 0x0000000081800000, 0x0000000081800000|100%|HS|  |TAMS 0x0000000081800000, 0x0000000081700000| Complete 
|  24|0x0000000081800000, 0x0000000081900000, 0x0000000081900000|100%|HC|  |TAMS 0x0000000081900000, 0x0000000081800000| Complete 
|  25|0x0000000081900000, 0x0000000081a00000, 0x0000000081a00000|100%|HC|  |TAMS 0x0000000081a00000, 0x0000000081900000| Complete 
|  26|0x0000000081a00000, 0x0000000081b00000, 0x0000000081b00000|100%|HC|  |TAMS 0x0000000081b00000, 0x0000000081a00000| Complete 
|  27|0x0000000081b00000, 0x0000000081c00000, 0x0000000081c00000|100%|HS|  |TAMS 0x0000000081b00000, 0x0000000081b00000| Complete 
|  28|0x0000000081c00000, 0x0000000081d00000, 0x0000000081d00000|100%|HS|  |TAMS 0x0000000081c00000, 0x0000000081c00000| Complete 
|  29|0x0000000081d00000, 0x0000000081e00000, 0x0000000081e00000|100%|HC|  |TAMS 0x0000000081d00000, 0x0000000081d00000| Complete 
|  30|0x0000000081e00000, 0x0000000081f00000, 0x0000000081f00000|100%|HS|  |TAMS 0x0000000081e00000, 0x0000000081e00000| Complete 
|  31|0x0000000081f00000, 0x0000000082000000, 0x0000000082000000|100%|HS|  |TAMS 0x0000000081f00000, 0x0000000081f00000| Complete 
|  32|0x0000000082000000, 0x0000000082100000, 0x0000000082100000|100%|HC|  |TAMS 0x0000000082000000, 0x0000000082000000| Complete 
|  33|0x0000000082100000, 0x0000000082200000, 0x0000000082200000|100%|HC|  |TAMS 0x0000000082100000, 0x0000000082100000| Complete 
|  34|0x0000000082200000, 0x0000000082300000, 0x0000000082300000|100%|HS|  |TAMS 0x0000000082200000, 0x0000000082200000| Complete 
|  35|0x0000000082300000, 0x0000000082300000, 0x0000000082400000|  0%| F|  |TAMS 0x0000000082300000, 0x0000000082300000| Untracked 
|  36|0x0000000082400000, 0x0000000082400000, 0x0000000082500000|  0%| F|  |TAMS 0x0000000082400000, 0x0000000082400000| Untracked 
|  37|0x0000000082500000, 0x0000000082500000, 0x0000000082600000|  0%| F|  |TAMS 0x0000000082500000, 0x0000000082500000| Untracked 
|  38|0x0000000082600000, 0x0000000082600000, 0x0000000082700000|  0%| F|  |TAMS 0x0000000082600000, 0x0000000082600000| Untracked 
|  39|0x0000000082700000, 0x0000000082700000, 0x0000000082800000|  0%| F|  |TAMS 0x0000000082700000, 0x0000000082700000| Untracked 
|  40|0x0000000082800000, 0x0000000082800000, 0x0000000082900000|  0%| F|  |TAMS 0x0000000082800000, 0x0000000082800000| Untracked 
|  41|0x0000000082900000, 0x0000000082900000, 0x0000000082a00000|  0%| F|  |TAMS 0x0000000082900000, 0x0000000082900000| Untracked 
|  42|0x0000000082a00000, 0x0000000082a00000, 0x0000000082b00000|  0%| F|  |TAMS 0x0000000082a00000, 0x0000000082a00000| Untracked 
|  43|0x0000000082b00000, 0x0000000082b00000, 0x0000000082c00000|  0%| F|  |TAMS 0x0000000082b00000, 0x0000000082b00000| Untracked 
|  44|0x0000000082c00000, 0x0000000082c00000, 0x0000000082d00000|  0%| F|  |TAMS 0x0000000082c00000, 0x0000000082c00000| Untracked 
|  45|0x0000000082d00000, 0x0000000082d00000, 0x0000000082e00000|  0%| F|  |TAMS 0x0000000082d00000, 0x0000000082d00000| Untracked 
|  46|0x0000000082e00000, 0x0000000082e00000, 0x0000000082f00000|  0%| F|  |TAMS 0x0000000082e00000, 0x0000000082e00000| Untracked 
|  47|0x0000000082f00000, 0x0000000082f00000, 0x0000000083000000|  0%| F|  |TAMS 0x0000000082f00000, 0x0000000082f00000| Untracked 
|  48|0x0000000083000000, 0x0000000083000000, 0x0000000083100000|  0%| F|  |TAMS 0x0000000083000000, 0x0000000083000000| Untracked 
|  49|0x0000000083100000, 0x0000000083100000, 0x0000000083200000|  0%| F|  |TAMS 0x0000000083100000, 0x0000000083100000| Untracked 
|  50|0x0000000083200000, 0x0000000083200000, 0x0000000083300000|  0%| F|  |TAMS 0x0000000083200000, 0x0000000083200000| Untracked 
|  51|0x0000000083300000, 0x0000000083300000, 0x0000000083400000|  0%| F|  |TAMS 0x0000000083300000, 0x0000000083300000| Untracked 
|  52|0x0000000083400000, 0x0000000083400000, 0x0000000083500000|  0%| F|  |TAMS 0x0000000083400000, 0x0000000083400000| Untracked 
|  53|0x0000000083500000, 0x0000000083500000, 0x0000000083600000|  0%| F|  |TAMS 0x0000000083500000, 0x0000000083500000| Untracked 
|  54|0x0000000083600000, 0x0000000083600000, 0x0000000083700000|  0%| F|  |TAMS 0x0000000083600000, 0x0000000083600000| Untracked 
|  55|0x0000000083700000, 0x0000000083700000, 0x0000000083800000|  0%| F|  |TAMS 0x0000000083700000, 0x0000000083700000| Untracked 
|  56|0x0000000083800000, 0x0000000083800000, 0x0000000083900000|  0%| F|  |TAMS 0x0000000083800000, 0x0000000083800000| Untracked 
|  57|0x0000000083900000, 0x0000000083900000, 0x0000000083a00000|  0%| F|  |TAMS 0x0000000083900000, 0x0000000083900000| Untracked 
|  58|0x0000000083a00000, 0x0000000083a00000, 0x0000000083b00000|  0%| F|  |TAMS 0x0000000083a00000, 0x0000000083a00000| Untracked 
|  59|0x0000000083b00000, 0x0000000083b00000, 0x0000000083c00000|  0%| F|  |TAMS 0x0000000083b00000, 0x0000000083b00000| Untracked 
|  60|0x0000000083c00000, 0x0000000083c00000, 0x0000000083d00000|  0%| F|  |TAMS 0x0000000083c00000, 0x0000000083c00000| Untracked 
|  61|0x0000000083d00000, 0x0000000083d00000, 0x0000000083e00000|  0%| F|  |TAMS 0x0000000083d00000, 0x0000000083d00000| Untracked 
|  62|0x0000000083e00000, 0x0000000083e00000, 0x0000000083f00000|  0%| F|  |TAMS 0x0000000083e00000, 0x0000000083e00000| Untracked 
|  63|0x0000000083f00000, 0x0000000083f00000, 0x0000000084000000|  0%| F|  |TAMS 0x0000000083f00000, 0x0000000083f00000| Untracked 
|  64|0x0000000084000000, 0x0000000084000000, 0x0000000084100000|  0%| F|  |TAMS 0x0000000084000000, 0x0000000084000000| Untracked 
|  65|0x0000000084100000, 0x0000000084100000, 0x0000000084200000|  0%| F|  |TAMS 0x0000000084100000, 0x0000000084100000| Untracked 
|  66|0x0000000084200000, 0x0000000084200000, 0x0000000084300000|  0%| F|  |TAMS 0x0000000084200000, 0x0000000084200000| Untracked 
|  67|0x0000000084300000, 0x0000000084300000, 0x0000000084400000|  0%| F|  |TAMS 0x0000000084300000, 0x0000000084300000| Untracked 
|  68|0x0000000084400000, 0x0000000084400000, 0x0000000084500000|  0%| F|  |TAMS 0x0000000084400000, 0x0000000084400000| Untracked 
|  69|0x0000000084500000, 0x0000000084500000, 0x0000000084600000|  0%| F|  |TAMS 0x0000000084500000, 0x0000000084500000| Untracked 
|  70|0x0000000084600000, 0x0000000084600000, 0x0000000084700000|  0%| F|  |TAMS 0x0000000084600000, 0x0000000084600000| Untracked 
|  71|0x0000000084700000, 0x0000000084700000, 0x0000000084800000|  0%| F|  |TAMS 0x0000000084700000, 0x0000000084700000| Untracked 
|  72|0x0000000084800000, 0x0000000084800000, 0x0000000084900000|  0%| F|  |TAMS 0x0000000084800000, 0x0000000084800000| Untracked 
|  73|0x0000000084900000, 0x0000000084900000, 0x0000000084a00000|  0%| F|  |TAMS 0x0000000084900000, 0x0000000084900000| Untracked 
|  74|0x0000000084a00000, 0x0000000084a00000, 0x0000000084b00000|  0%| F|  |TAMS 0x0000000084a00000, 0x0000000084a00000| Untracked 
|  75|0x0000000084b00000, 0x0000000084b00000, 0x0000000084c00000|  0%| F|  |TAMS 0x0000000084b00000, 0x0000000084b00000| Untracked 
|  76|0x0000000084c00000, 0x0000000084c00000, 0x0000000084d00000|  0%| F|  |TAMS 0x0000000084c00000, 0x0000000084c00000| Untracked 
|  77|0x0000000084d00000, 0x0000000084d00000, 0x0000000084e00000|  0%| F|  |TAMS 0x0000000084d00000, 0x0000000084d00000| Untracked 
|  78|0x0000000084e00000, 0x0000000084e00000, 0x0000000084f00000|  0%| F|  |TAMS 0x0000000084e00000, 0x0000000084e00000| Untracked 
|  79|0x0000000084f00000, 0x0000000084f00000, 0x0000000085000000|  0%| F|  |TAMS 0x0000000084f00000, 0x0000000084f00000| Untracked 
|  80|0x0000000085000000, 0x0000000085000000, 0x0000000085100000|  0%| F|  |TAMS 0x0000000085000000, 0x0000000085000000| Untracked 
|  81|0x0000000085100000, 0x0000000085100000, 0x0000000085200000|  0%| F|  |TAMS 0x0000000085100000, 0x0000000085100000| Untracked 
|  82|0x0000000085200000, 0x0000000085200000, 0x0000000085300000|  0%| F|  |TAMS 0x0000000085200000, 0x0000000085200000| Untracked 
|  83|0x0000000085300000, 0x0000000085300000, 0x0000000085400000|  0%| F|  |TAMS 0x0000000085300000, 0x0000000085300000| Untracked 
|  84|0x0000000085400000, 0x0000000085400000, 0x0000000085500000|  0%| F|  |TAMS 0x0000000085400000, 0x0000000085400000| Untracked 
|  85|0x0000000085500000, 0x0000000085500000, 0x0000000085600000|  0%| F|  |TAMS 0x0000000085500000, 0x0000000085500000| Untracked 
|  86|0x0000000085600000, 0x0000000085600000, 0x0000000085700000|  0%| F|  |TAMS 0x0000000085600000, 0x0000000085600000| Untracked 
|  87|0x0000000085700000, 0x0000000085700000, 0x0000000085800000|  0%| F|  |TAMS 0x0000000085700000, 0x0000000085700000| Untracked 
|  88|0x0000000085800000, 0x0000000085800000, 0x0000000085900000|  0%| F|  |TAMS 0x0000000085800000, 0x0000000085800000| Untracked 
|  89|0x0000000085900000, 0x0000000085900000, 0x0000000085a00000|  0%| F|  |TAMS 0x0000000085900000, 0x0000000085900000| Untracked 
|  90|0x0000000085a00000, 0x0000000085a00000, 0x0000000085b00000|  0%| F|  |TAMS 0x0000000085a00000, 0x0000000085a00000| Untracked 
|  91|0x0000000085b00000, 0x0000000085b00000, 0x0000000085c00000|  0%| F|  |TAMS 0x0000000085b00000, 0x0000000085b00000| Untracked 
|  92|0x0000000085c00000, 0x0000000085c00000, 0x0000000085d00000|  0%| F|  |TAMS 0x0000000085c00000, 0x0000000085c00000| Untracked 
|  93|0x0000000085d00000, 0x0000000085d00000, 0x0000000085e00000|  0%| F|  |TAMS 0x0000000085d00000, 0x0000000085d00000| Untracked 
|  94|0x0000000085e00000, 0x0000000085e00000, 0x0000000085f00000|  0%| F|  |TAMS 0x0000000085e00000, 0x0000000085e00000| Untracked 
|  95|0x0000000085f00000, 0x0000000085f00000, 0x0000000086000000|  0%| F|  |TAMS 0x0000000085f00000, 0x0000000085f00000| Untracked 
|  96|0x0000000086000000, 0x0000000086000000, 0x0000000086100000|  0%| F|  |TAMS 0x0000000086000000, 0x0000000086000000| Untracked 
|  97|0x0000000086100000, 0x0000000086100000, 0x0000000086200000|  0%| F|  |TAMS 0x0000000086100000, 0x0000000086100000| Untracked 
|  98|0x0000000086200000, 0x0000000086200000, 0x0000000086300000|  0%| F|  |TAMS 0x0000000086200000, 0x0000000086200000| Untracked 
|  99|0x0000000086300000, 0x0000000086300000, 0x0000000086400000|  0%| F|  |TAMS 0x0000000086300000, 0x0000000086300000| Untracked 
| 100|0x0000000086400000, 0x0000000086400000, 0x0000000086500000|  0%| F|  |TAMS 0x0000000086400000, 0x0000000086400000| Untracked 
| 101|0x0000000086500000, 0x0000000086500000, 0x0000000086600000|  0%| F|  |TAMS 0x0000000086500000, 0x0000000086500000| Untracked 
| 102|0x0000000086600000, 0x0000000086600000, 0x0000000086700000|  0%| F|  |TAMS 0x0000000086600000, 0x0000000086600000| Untracked 
| 103|0x0000000086700000, 0x0000000086700000, 0x0000000086800000|  0%| F|  |TAMS 0x0000000086700000, 0x0000000086700000| Untracked 
| 104|0x0000000086800000, 0x0000000086800000, 0x0000000086900000|  0%| F|  |TAMS 0x0000000086800000, 0x0000000086800000| Untracked 
| 105|0x0000000086900000, 0x0000000086900000, 0x0000000086a00000|  0%| F|  |TAMS 0x0000000086900000, 0x0000000086900000| Untracked 
| 106|0x0000000086a00000, 0x0000000086a00000, 0x0000000086b00000|  0%| F|  |TAMS 0x0000000086a00000, 0x0000000086a00000| Untracked 
| 107|0x0000000086b00000, 0x0000000086b00000, 0x0000000086c00000|  0%| F|  |TAMS 0x0000000086b00000, 0x0000000086b00000| Untracked 
| 108|0x0000000086c00000, 0x0000000086c00000, 0x0000000086d00000|  0%| F|  |TAMS 0x0000000086c00000, 0x0000000086c00000| Untracked 
| 109|0x0000000086d00000, 0x0000000086d00000, 0x0000000086e00000|  0%| F|  |TAMS 0x0000000086d00000, 0x0000000086d00000| Untracked 
| 110|0x0000000086e00000, 0x0000000086e00000, 0x0000000086f00000|  0%| F|  |TAMS 0x0000000086e00000, 0x0000000086e00000| Untracked 
| 111|0x0000000086f00000, 0x0000000086f00000, 0x0000000087000000|  0%| F|  |TAMS 0x0000000086f00000, 0x0000000086f00000| Untracked 
| 112|0x0000000087000000, 0x0000000087000000, 0x0000000087100000|  0%| F|  |TAMS 0x0000000087000000, 0x0000000087000000| Untracked 
| 113|0x0000000087100000, 0x0000000087100000, 0x0000000087200000|  0%| F|  |TAMS 0x0000000087100000, 0x0000000087100000| Untracked 
| 114|0x0000000087200000, 0x0000000087200000, 0x0000000087300000|  0%| F|  |TAMS 0x0000000087200000, 0x0000000087200000| Untracked 
| 115|0x0000000087300000, 0x0000000087300000, 0x0000000087400000|  0%| F|  |TAMS 0x0000000087300000, 0x0000000087300000| Untracked 
| 116|0x0000000087400000, 0x0000000087400000, 0x0000000087500000|  0%| F|  |TAMS 0x0000000087400000, 0x0000000087400000| Untracked 
| 117|0x0000000087500000, 0x0000000087500000, 0x0000000087600000|  0%| F|  |TAMS 0x0000000087500000, 0x0000000087500000| Untracked 
| 118|0x0000000087600000, 0x0000000087600000, 0x0000000087700000|  0%| F|  |TAMS 0x0000000087600000, 0x0000000087600000| Untracked 
| 119|0x0000000087700000, 0x0000000087700000, 0x0000000087800000|  0%| F|  |TAMS 0x0000000087700000, 0x0000000087700000| Untracked 
| 120|0x0000000087800000, 0x0000000087800000, 0x0000000087900000|  0%| F|  |TAMS 0x0000000087800000, 0x0000000087800000| Untracked 
| 121|0x0000000087900000, 0x0000000087900000, 0x0000000087a00000|  0%| F|  |TAMS 0x0000000087900000, 0x0000000087900000| Untracked 
| 122|0x0000000087a00000, 0x0000000087a00000, 0x0000000087b00000|  0%| F|  |TAMS 0x0000000087a00000, 0x0000000087a00000| Untracked 
| 123|0x0000000087b00000, 0x0000000087b00000, 0x0000000087c00000|  0%| F|  |TAMS 0x0000000087b00000, 0x0000000087b00000| Untracked 
| 124|0x0000000087c00000, 0x0000000087c00000, 0x0000000087d00000|  0%| F|  |TAMS 0x0000000087c00000, 0x0000000087c00000| Untracked 
| 125|0x0000000087d00000, 0x0000000087d00000, 0x0000000087e00000|  0%| F|  |TAMS 0x0000000087d00000, 0x0000000087d00000| Untracked 
| 126|0x0000000087e00000, 0x0000000087e00000, 0x0000000087f00000|  0%| F|  |TAMS 0x0000000087e00000, 0x0000000087e00000| Untracked 
| 127|0x0000000087f00000, 0x0000000087f00000, 0x0000000088000000|  0%| F|  |TAMS 0x0000000087f00000, 0x0000000087f00000| Untracked 
| 128|0x0000000088000000, 0x0000000088000000, 0x0000000088100000|  0%| F|  |TAMS 0x0000000088000000, 0x0000000088000000| Untracked 
| 129|0x0000000088100000, 0x0000000088100000, 0x0000000088200000|  0%| F|  |TAMS 0x0000000088100000, 0x0000000088100000| Untracked 
| 130|0x0000000088200000, 0x0000000088200000, 0x0000000088300000|  0%| F|  |TAMS 0x0000000088200000, 0x0000000088200000| Untracked 
| 131|0x0000000088300000, 0x0000000088300000, 0x0000000088400000|  0%| F|  |TAMS 0x0000000088300000, 0x0000000088300000| Untracked 
| 132|0x0000000088400000, 0x0000000088400000, 0x0000000088500000|  0%| F|  |TAMS 0x0000000088400000, 0x0000000088400000| Untracked 
| 133|0x0000000088500000, 0x0000000088500000, 0x0000000088600000|  0%| F|  |TAMS 0x0000000088500000, 0x0000000088500000| Untracked 
| 134|0x0000000088600000, 0x0000000088600000, 0x0000000088700000|  0%| F|  |TAMS 0x0000000088600000, 0x0000000088600000| Untracked 
| 135|0x0000000088700000, 0x0000000088700000, 0x0000000088800000|  0%| F|  |TAMS 0x0000000088700000, 0x0000000088700000| Untracked 
| 136|0x0000000088800000, 0x0000000088880800, 0x0000000088900000| 50%| E|  |TAMS 0x0000000088800000, 0x0000000088800000| Complete 
| 137|0x0000000088900000, 0x0000000088a00000, 0x0000000088a00000|100%| E|CS|TAMS 0x0000000088900000, 0x0000000088900000| Complete 
| 138|0x0000000088a00000, 0x0000000088b00000, 0x0000000088b00000|100%| E|CS|TAMS 0x0000000088a00000, 0x0000000088a00000| Complete 
| 139|0x0000000088b00000, 0x0000000088c00000, 0x0000000088c00000|100%| E|CS|TAMS 0x0000000088b00000, 0x0000000088b00000| Complete 
| 140|0x0000000088c00000, 0x0000000088d00000, 0x0000000088d00000|100%| E|CS|TAMS 0x0000000088c00000, 0x0000000088c00000| Complete 
| 141|0x0000000088d00000, 0x0000000088e00000, 0x0000000088e00000|100%| E|CS|TAMS 0x0000000088d00000, 0x0000000088d00000| Complete 
| 142|0x0000000088e00000, 0x0000000088f00000, 0x0000000088f00000|100%| E|CS|TAMS 0x0000000088e00000, 0x0000000088e00000| Complete 
| 143|0x0000000088f00000, 0x0000000089000000, 0x0000000089000000|100%| E|CS|TAMS 0x0000000088f00000, 0x0000000088f00000| Complete 
| 144|0x0000000089000000, 0x0000000089100000, 0x0000000089100000|100%| E|CS|TAMS 0x0000000089000000, 0x0000000089000000| Complete 
| 145|0x0000000089100000, 0x0000000089200000, 0x0000000089200000|100%| E|CS|TAMS 0x0000000089100000, 0x0000000089100000| Complete 
| 146|0x0000000089200000, 0x0000000089300000, 0x0000000089300000|100%| E|  |TAMS 0x0000000089200000, 0x0000000089200000| Complete 
| 147|0x0000000089300000, 0x0000000089400000, 0x0000000089400000|100%| E|CS|TAMS 0x0000000089300000, 0x0000000089300000| Complete 
| 148|0x0000000089400000, 0x0000000089500000, 0x0000000089500000|100%| E|CS|TAMS 0x0000000089400000, 0x0000000089400000| Complete 
| 149|0x0000000089500000, 0x0000000089600000, 0x0000000089600000|100%| E|CS|TAMS 0x0000000089500000, 0x0000000089500000| Complete 
| 150|0x0000000089600000, 0x0000000089700000, 0x0000000089700000|100%| E|CS|TAMS 0x0000000089600000, 0x0000000089600000| Complete 
| 151|0x0000000089700000, 0x0000000089800000, 0x0000000089800000|100%| E|CS|TAMS 0x0000000089700000, 0x0000000089700000| Complete 
| 152|0x0000000089800000, 0x0000000089900000, 0x0000000089900000|100%| E|CS|TAMS 0x0000000089800000, 0x0000000089800000| Complete 
| 153|0x0000000089900000, 0x0000000089a00000, 0x0000000089a00000|100%| E|CS|TAMS 0x0000000089900000, 0x0000000089900000| Complete 
| 154|0x0000000089a00000, 0x0000000089b00000, 0x0000000089b00000|100%| E|CS|TAMS 0x0000000089a00000, 0x0000000089a00000| Complete 
| 155|0x0000000089b00000, 0x0000000089c00000, 0x0000000089c00000|100%| E|CS|TAMS 0x0000000089b00000, 0x0000000089b00000| Complete 
| 156|0x0000000089c00000, 0x0000000089d00000, 0x0000000089d00000|100%| E|CS|TAMS 0x0000000089c00000, 0x0000000089c00000| Complete 
| 157|0x0000000089d00000, 0x0000000089e00000, 0x0000000089e00000|100%| E|CS|TAMS 0x0000000089d00000, 0x0000000089d00000| Complete 
| 158|0x0000000089e00000, 0x0000000089f00000, 0x0000000089f00000|100%| E|CS|TAMS 0x0000000089e00000, 0x0000000089e00000| Complete 
| 159|0x0000000089f00000, 0x000000008a000000, 0x000000008a000000|100%| E|CS|TAMS 0x0000000089f00000, 0x0000000089f00000| Complete 
| 160|0x000000008a000000, 0x000000008a100000, 0x000000008a100000|100%| E|CS|TAMS 0x000000008a000000, 0x000000008a000000| Complete 
| 161|0x000000008a100000, 0x000000008a200000, 0x000000008a200000|100%| E|CS|TAMS 0x000000008a100000, 0x000000008a100000| Complete 
| 162|0x000000008a200000, 0x000000008a300000, 0x000000008a300000|100%| E|CS|TAMS 0x000000008a200000, 0x000000008a200000| Complete 
| 163|0x000000008a300000, 0x000000008a400000, 0x000000008a400000|100%| E|CS|TAMS 0x000000008a300000, 0x000000008a300000| Complete 
| 164|0x000000008a400000, 0x000000008a500000, 0x000000008a500000|100%| E|CS|TAMS 0x000000008a400000, 0x000000008a400000| Complete 
| 165|0x000000008a500000, 0x000000008a600000, 0x000000008a600000|100%| E|CS|TAMS 0x000000008a500000, 0x000000008a500000| Complete 
| 166|0x000000008a600000, 0x000000008a700000, 0x000000008a700000|100%| E|CS|TAMS 0x000000008a600000, 0x000000008a600000| Complete 
| 167|0x000000008a700000, 0x000000008a800000, 0x000000008a800000|100%| E|CS|TAMS 0x000000008a700000, 0x000000008a700000| Complete 
| 168|0x000000008a800000, 0x000000008a900000, 0x000000008a900000|100%| E|CS|TAMS 0x000000008a800000, 0x000000008a800000| Complete 
| 169|0x000000008a900000, 0x000000008aa00000, 0x000000008aa00000|100%| E|CS|TAMS 0x000000008a900000, 0x000000008a900000| Complete 
| 170|0x000000008aa00000, 0x000000008ab00000, 0x000000008ab00000|100%| E|CS|TAMS 0x000000008aa00000, 0x000000008aa00000| Complete 
| 171|0x000000008ab00000, 0x000000008ac00000, 0x000000008ac00000|100%| E|CS|TAMS 0x000000008ab00000, 0x000000008ab00000| Complete 
| 172|0x000000008ac00000, 0x000000008ad00000, 0x000000008ad00000|100%| E|CS|TAMS 0x000000008ac00000, 0x000000008ac00000| Complete 
| 173|0x000000008ad00000, 0x000000008ae00000, 0x000000008ae00000|100%| E|CS|TAMS 0x000000008ad00000, 0x000000008ad00000| Complete 
| 174|0x000000008ae00000, 0x000000008af00000, 0x000000008af00000|100%| E|CS|TAMS 0x000000008ae00000, 0x000000008ae00000| Complete 
| 175|0x000000008af00000, 0x000000008b000000, 0x000000008b000000|100%| E|CS|TAMS 0x000000008af00000, 0x000000008af00000| Complete 
| 176|0x000000008b000000, 0x000000008b100000, 0x000000008b100000|100%| E|CS|TAMS 0x000000008b000000, 0x000000008b000000| Complete 
| 177|0x000000008b100000, 0x000000008b200000, 0x000000008b200000|100%| E|CS|TAMS 0x000000008b100000, 0x000000008b100000| Complete 
| 178|0x000000008b200000, 0x000000008b300000, 0x000000008b300000|100%| E|CS|TAMS 0x000000008b200000, 0x000000008b200000| Complete 
| 179|0x000000008b300000, 0x000000008b400000, 0x000000008b400000|100%| E|CS|TAMS 0x000000008b300000, 0x000000008b300000| Complete 
| 180|0x000000008b400000, 0x000000008b500000, 0x000000008b500000|100%| E|CS|TAMS 0x000000008b400000, 0x000000008b400000| Complete 
| 181|0x000000008b500000, 0x000000008b600000, 0x000000008b600000|100%| E|CS|TAMS 0x000000008b500000, 0x000000008b500000| Complete 
| 182|0x000000008b600000, 0x000000008b700000, 0x000000008b700000|100%| E|CS|TAMS 0x000000008b600000, 0x000000008b600000| Complete 
| 183|0x000000008b700000, 0x000000008b800000, 0x000000008b800000|100%| E|CS|TAMS 0x000000008b700000, 0x000000008b700000| Complete 
| 184|0x000000008b800000, 0x000000008b900000, 0x000000008b900000|100%| E|CS|TAMS 0x000000008b800000, 0x000000008b800000| Complete 
| 185|0x000000008b900000, 0x000000008ba00000, 0x000000008ba00000|100%| E|CS|TAMS 0x000000008b900000, 0x000000008b900000| Complete 
| 186|0x000000008ba00000, 0x000000008bb00000, 0x000000008bb00000|100%| E|CS|TAMS 0x000000008ba00000, 0x000000008ba00000| Complete 
| 187|0x000000008bb00000, 0x000000008bc00000, 0x000000008bc00000|100%| E|CS|TAMS 0x000000008bb00000, 0x000000008bb00000| Complete 
| 188|0x000000008bc00000, 0x000000008bd00000, 0x000000008bd00000|100%| E|CS|TAMS 0x000000008bc00000, 0x000000008bc00000| Complete 
| 189|0x000000008bd00000, 0x000000008be00000, 0x000000008be00000|100%| E|CS|TAMS 0x000000008bd00000, 0x000000008bd00000| Complete 
| 190|0x000000008be00000, 0x000000008bf00000, 0x000000008bf00000|100%| E|CS|TAMS 0x000000008be00000, 0x000000008be00000| Complete 
| 191|0x000000008bf00000, 0x000000008c000000, 0x000000008c000000|100%| E|CS|TAMS 0x000000008bf00000, 0x000000008bf00000| Complete 
| 192|0x000000008c000000, 0x000000008c100000, 0x000000008c100000|100%| E|CS|TAMS 0x000000008c000000, 0x000000008c000000| Complete 
| 193|0x000000008c100000, 0x000000008c200000, 0x000000008c200000|100%| E|CS|TAMS 0x000000008c100000, 0x000000008c100000| Complete 
| 194|0x000000008c200000, 0x000000008c300000, 0x000000008c300000|100%| E|CS|TAMS 0x000000008c200000, 0x000000008c200000| Complete 
| 195|0x000000008c300000, 0x000000008c400000, 0x000000008c400000|100%| E|CS|TAMS 0x000000008c300000, 0x000000008c300000| Complete 
| 196|0x000000008c400000, 0x000000008c500000, 0x000000008c500000|100%| E|CS|TAMS 0x000000008c400000, 0x000000008c400000| Complete 
| 197|0x000000008c500000, 0x000000008c600000, 0x000000008c600000|100%| E|CS|TAMS 0x000000008c500000, 0x000000008c500000| Complete 
| 198|0x000000008c600000, 0x000000008c700000, 0x000000008c700000|100%| E|CS|TAMS 0x000000008c600000, 0x000000008c600000| Complete 
| 199|0x000000008c700000, 0x000000008c800000, 0x000000008c800000|100%| E|CS|TAMS 0x000000008c700000, 0x000000008c700000| Complete 
| 200|0x000000008c800000, 0x000000008c900000, 0x000000008c900000|100%| E|CS|TAMS 0x000000008c800000, 0x000000008c800000| Complete 
| 201|0x000000008c900000, 0x000000008ca00000, 0x000000008ca00000|100%| E|CS|TAMS 0x000000008c900000, 0x000000008c900000| Complete 
| 202|0x000000008ca00000, 0x000000008cb00000, 0x000000008cb00000|100%| E|CS|TAMS 0x000000008ca00000, 0x000000008ca00000| Complete 
| 203|0x000000008cb00000, 0x000000008cc00000, 0x000000008cc00000|100%| E|CS|TAMS 0x000000008cb00000, 0x000000008cb00000| Complete 
| 204|0x000000008cc00000, 0x000000008cd00000, 0x000000008cd00000|100%| E|CS|TAMS 0x000000008cc00000, 0x000000008cc00000| Complete 
| 205|0x000000008cd00000, 0x000000008ce00000, 0x000000008ce00000|100%| E|CS|TAMS 0x000000008cd00000, 0x000000008cd00000| Complete 
| 206|0x000000008ce00000, 0x000000008cf00000, 0x000000008cf00000|100%| E|CS|TAMS 0x000000008ce00000, 0x000000008ce00000| Complete 
| 207|0x000000008cf00000, 0x000000008d000000, 0x000000008d000000|100%| E|CS|TAMS 0x000000008cf00000, 0x000000008cf00000| Complete 
| 208|0x000000008d000000, 0x000000008d100000, 0x000000008d100000|100%| E|CS|TAMS 0x000000008d000000, 0x000000008d000000| Complete 
| 209|0x000000008d100000, 0x000000008d200000, 0x000000008d200000|100%| E|CS|TAMS 0x000000008d100000, 0x000000008d100000| Complete 
| 210|0x000000008d200000, 0x000000008d300000, 0x000000008d300000|100%| E|CS|TAMS 0x000000008d200000, 0x000000008d200000| Complete 
| 211|0x000000008d300000, 0x000000008d400000, 0x000000008d400000|100%| E|CS|TAMS 0x000000008d300000, 0x000000008d300000| Complete 
| 212|0x000000008d400000, 0x000000008d500000, 0x000000008d500000|100%| E|CS|TAMS 0x000000008d400000, 0x000000008d400000| Complete 
| 213|0x000000008d500000, 0x000000008d600000, 0x000000008d600000|100%| E|CS|TAMS 0x000000008d500000, 0x000000008d500000| Complete 
| 214|0x000000008d600000, 0x000000008d700000, 0x000000008d700000|100%| E|CS|TAMS 0x000000008d600000, 0x000000008d600000| Complete 
| 215|0x000000008d700000, 0x000000008d800000, 0x000000008d800000|100%| E|CS|TAMS 0x000000008d700000, 0x000000008d700000| Complete 
| 216|0x000000008d800000, 0x000000008d900000, 0x000000008d900000|100%| E|CS|TAMS 0x000000008d800000, 0x000000008d800000| Complete 
| 217|0x000000008d900000, 0x000000008da00000, 0x000000008da00000|100%| E|CS|TAMS 0x000000008d900000, 0x000000008d900000| Complete 
| 218|0x000000008da00000, 0x000000008db00000, 0x000000008db00000|100%| E|CS|TAMS 0x000000008da00000, 0x000000008da00000| Complete 
| 219|0x000000008db00000, 0x000000008dc00000, 0x000000008dc00000|100%| E|CS|TAMS 0x000000008db00000, 0x000000008db00000| Complete 
| 220|0x000000008dc00000, 0x000000008dd00000, 0x000000008dd00000|100%| E|CS|TAMS 0x000000008dc00000, 0x000000008dc00000| Complete 
| 221|0x000000008dd00000, 0x000000008de00000, 0x000000008de00000|100%| E|CS|TAMS 0x000000008dd00000, 0x000000008dd00000| Complete 
| 222|0x000000008de00000, 0x000000008df00000, 0x000000008df00000|100%| E|CS|TAMS 0x000000008de00000, 0x000000008de00000| Complete 
| 223|0x000000008df00000, 0x000000008e000000, 0x000000008e000000|100%| E|CS|TAMS 0x000000008df00000, 0x000000008df00000| Complete 
| 224|0x000000008e000000, 0x000000008e100000, 0x000000008e100000|100%| E|CS|TAMS 0x000000008e000000, 0x000000008e000000| Complete 
| 225|0x000000008e100000, 0x000000008e200000, 0x000000008e200000|100%| E|CS|TAMS 0x000000008e100000, 0x000000008e100000| Complete 
| 226|0x000000008e200000, 0x000000008e300000, 0x000000008e300000|100%| E|CS|TAMS 0x000000008e200000, 0x000000008e200000| Complete 
| 227|0x000000008e300000, 0x000000008e400000, 0x000000008e400000|100%| E|CS|TAMS 0x000000008e300000, 0x000000008e300000| Complete 
| 228|0x000000008e400000, 0x000000008e48e080, 0x000000008e500000| 55%| S|CS|TAMS 0x000000008e400000, 0x000000008e400000| Complete 
| 229|0x000000008e500000, 0x000000008e600000, 0x000000008e600000|100%| S|CS|TAMS 0x000000008e500000, 0x000000008e500000| Complete 
| 230|0x000000008e600000, 0x000000008e700000, 0x000000008e700000|100%| S|CS|TAMS 0x000000008e600000, 0x000000008e600000| Complete 
| 231|0x000000008e700000, 0x000000008e800000, 0x000000008e800000|100%| S|CS|TAMS 0x000000008e700000, 0x000000008e700000| Complete 
| 232|0x000000008e800000, 0x000000008e900000, 0x000000008e900000|100%| S|CS|TAMS 0x000000008e800000, 0x000000008e800000| Complete 
| 233|0x000000008e900000, 0x000000008ea00000, 0x000000008ea00000|100%| S|CS|TAMS 0x000000008e900000, 0x000000008e900000| Complete 
| 234|0x000000008ea00000, 0x000000008eb00000, 0x000000008eb00000|100%| S|CS|TAMS 0x000000008ea00000, 0x000000008ea00000| Complete 
| 235|0x000000008eb00000, 0x000000008ec00000, 0x000000008ec00000|100%| S|CS|TAMS 0x000000008eb00000, 0x000000008eb00000| Complete 
| 236|0x000000008ec00000, 0x000000008ed00000, 0x000000008ed00000|100%| S|CS|TAMS 0x000000008ec00000, 0x000000008ec00000| Complete 
| 237|0x000000008ed00000, 0x000000008ee00000, 0x000000008ee00000|100%| E|CS|TAMS 0x000000008ed00000, 0x000000008ed00000| Complete 
| 238|0x000000008ee00000, 0x000000008ef00000, 0x000000008ef00000|100%| E|CS|TAMS 0x000000008ee00000, 0x000000008ee00000| Complete 
| 239|0x000000008ef00000, 0x000000008f000000, 0x000000008f000000|100%| E|CS|TAMS 0x000000008ef00000, 0x000000008ef00000| Complete 
| 240|0x000000008f000000, 0x000000008f100000, 0x000000008f100000|100%| E|CS|TAMS 0x000000008f000000, 0x000000008f000000| Complete 
| 241|0x000000008f100000, 0x000000008f200000, 0x000000008f200000|100%| E|CS|TAMS 0x000000008f100000, 0x000000008f100000| Complete 
| 242|0x000000008f200000, 0x000000008f300000, 0x000000008f300000|100%| E|CS|TAMS 0x000000008f200000, 0x000000008f200000| Complete 
| 243|0x000000008f300000, 0x000000008f400000, 0x000000008f400000|100%| E|CS|TAMS 0x000000008f300000, 0x000000008f300000| Complete 
| 244|0x000000008f400000, 0x000000008f500000, 0x000000008f500000|100%| E|CS|TAMS 0x000000008f400000, 0x000000008f400000| Complete 
| 245|0x000000008f500000, 0x000000008f600000, 0x000000008f600000|100%| E|CS|TAMS 0x000000008f500000, 0x000000008f500000| Complete 
| 246|0x000000008f600000, 0x000000008f700000, 0x000000008f700000|100%| E|CS|TAMS 0x000000008f600000, 0x000000008f600000| Complete 
| 247|0x000000008f700000, 0x000000008f800000, 0x000000008f800000|100%| E|CS|TAMS 0x000000008f700000, 0x000000008f700000| Complete 
| 248|0x000000008f800000, 0x000000008f900000, 0x000000008f900000|100%| E|CS|TAMS 0x000000008f800000, 0x000000008f800000| Complete 
| 249|0x000000008f900000, 0x000000008fa00000, 0x000000008fa00000|100%| E|CS|TAMS 0x000000008f900000, 0x000000008f900000| Complete 
| 250|0x000000008fa00000, 0x000000008fb00000, 0x000000008fb00000|100%| E|CS|TAMS 0x000000008fa00000, 0x000000008fa00000| Complete 
| 251|0x000000008fb00000, 0x000000008fc00000, 0x000000008fc00000|100%| E|CS|TAMS 0x000000008fb00000, 0x000000008fb00000| Complete 
| 252|0x000000008fc00000, 0x000000008fd00000, 0x000000008fd00000|100%| E|CS|TAMS 0x000000008fc00000, 0x000000008fc00000| Complete 
| 253|0x000000008fd00000, 0x000000008fe00000, 0x000000008fe00000|100%| E|CS|TAMS 0x000000008fd00000, 0x000000008fd00000| Complete 
| 254|0x000000008fe00000, 0x000000008ff00000, 0x000000008ff00000|100%| E|CS|TAMS 0x000000008fe00000, 0x000000008fe00000| Complete 
| 255|0x000000008ff00000, 0x0000000090000000, 0x0000000090000000|100%| E|CS|TAMS 0x000000008ff00000, 0x000000008ff00000| Complete 

Card table byte_map: [0x0000027db7e00000,0x0000027db8200000] _byte_map_base: 0x0000027db7a00000

Marking Bits (Prev, Next): (CMBitMap*) 0x0000027da49e0208, (CMBitMap*) 0x0000027da49e0240
 Prev Bits: [0x0000027db8600000, 0x0000027dba600000)
 Next Bits: [0x0000027dba600000, 0x0000027dbc600000)

Polling page: 0x0000027da4180000

Metaspace:

Usage:
  Non-class:     39.76 MB capacity,    38.93 MB ( 98%) used,   732.02 KB (  2%) free+waste,   115.06 KB ( <1%) overhead. 
      Class:      6.11 MB capacity,     5.67 MB ( 93%) used,   399.26 KB (  6%) free+waste,    55.69 KB ( <1%) overhead. 
       Both:     45.87 MB capacity,    44.60 MB ( 97%) used,     1.10 MB (  2%) free+waste,   170.75 KB ( <1%) overhead. 

Virtual space:
  Non-class space:       40.00 MB reserved,      40.00 MB (100%) committed 
      Class space:        1.00 GB reserved,       6.13 MB ( <1%) committed 
             Both:        1.04 GB reserved,      46.13 MB (  4%) committed 

Chunk freelists:
   Non-Class:  56.00 KB
       Class:  14.00 KB
        Both:  70.00 KB

MaxMetaspaceSize: 17179869184.00 GB
CompressedClassSpaceSize: 1.00 GB
Initial GC threshold: 20.80 MB
Current GC threshold: 58.75 MB
CDS: off

CodeHeap 'non-profiled nmethods': size=120000Kb used=2297Kb max_used=2297Kb free=117702Kb
 bounds [0x0000027daff80000, 0x0000027db01f0000, 0x0000027db74b0000]
CodeHeap 'profiled nmethods': size=120000Kb used=8708Kb max_used=8708Kb free=111291Kb
 bounds [0x0000027da8a50000, 0x0000027da92e0000, 0x0000027daff80000]
CodeHeap 'non-nmethods': size=5760Kb used=2286Kb max_used=2343Kb free=3473Kb
 bounds [0x0000027da84b0000, 0x0000027da8720000, 0x0000027da8a50000]
 total_blobs=4817 nmethods=4037 adapters=692
 compilation: enabled
              stopped_count=0, restarted_count=0
 full_count=0

Compilation events (20 events):
Event: 5.373 Thread 0x0000027dbfb52000 4025       3       org.codehaus.groovy.reflection.CachedClass$1$$Lambda$374/0x0000000100539440::apply (12 bytes)
Event: 5.373 Thread 0x0000027dbfb52000 nmethod 4025 0x0000027da92b6610 code [0x0000027da92b6800, 0x0000027da92b6cb8]
Event: 5.373 Thread 0x0000027dbfb52000 4026       3       org.codehaus.groovy.reflection.CachedField::<init> (18 bytes)
Event: 5.373 Thread 0x0000027dbfb52000 nmethod 4026 0x0000027da92b6e10 code [0x0000027da92b6fe0, 0x0000027da92b72f8]
Event: 5.373 Thread 0x0000027dbfb52000 4021       3       com.google.common.collect.MapMakerInternalMap::putIfAbsent (29 bytes)
Event: 5.374 Thread 0x0000027dbfb52000 nmethod 4021 0x0000027da92b7410 code [0x0000027da92b7640, 0x0000027da92b7d68]
Event: 5.375 Thread 0x0000027dbfd44800 4027       4       java.lang.PublicMethods$MethodList::merge (192 bytes)
Event: 5.375 Thread 0x0000027dbfb52000 4028       3       java.util.regex.Pattern::newSlice (181 bytes)
Event: 5.377 Thread 0x0000027dbfb52000 nmethod 4028 0x0000027da92b8090 code [0x0000027da92b83c0, 0x0000027da92b9568]
Event: 5.379 Thread 0x0000027dbfb52000 4029       3       org.codehaus.groovy.runtime.metaclass.MetaMethodIndex::resize (103 bytes)
Event: 5.380 Thread 0x0000027dbfb52000 nmethod 4029 0x0000027da92b9c10 code [0x0000027da92b9e00, 0x0000027da92ba398]
Event: 5.380 Thread 0x0000027dbfb52000 4030       3       org.gradle.internal.classloader.FilteringClassLoader::classAllowed (80 bytes)
Event: 5.380 Thread 0x0000027dbfb52000 nmethod 4030 0x0000027da92ba590 code [0x0000027da92ba800, 0x0000027da92bb138]
Event: 5.380 Thread 0x0000027dbfb52000 4031       3       com.sun.beans.introspect.MethodInfo::resolve (12 bytes)
Event: 5.381 Thread 0x0000027dbfb52000 nmethod 4031 0x0000027da92bb490 code [0x0000027da92bb6c0, 0x0000027da92bbcb8]
Event: 5.384 Thread 0x0000027dbfb52000 4032       3       java.util.jar.Attributes::<init> (17 bytes)
Event: 5.384 Thread 0x0000027dbfb52000 nmethod 4032 0x0000027da92bbf90 code [0x0000027da92bc180, 0x0000027da92bc4c8]
Event: 5.387 Thread 0x0000027dbfd44800 nmethod 4027 0x0000027db01bb090 code [0x0000027db01bb240, 0x0000027db01bb7b8]
Event: 5.387 Thread 0x0000027dbfd44800 4033   !   4       sun.nio.fs.WindowsPath::initOffsets (153 bytes)
Event: 5.388 Thread 0x0000027dbfb52000 4034       3       java.util.stream.Nodes::builder (8 bytes)

GC Heap History (10 events):
Event: 0.714 GC heap before
{Heap before GC invocations=0 (full 0):
 garbage-first heap   total 262144K, used 30720K [0x0000000080000000, 0x0000000100000000)
  region size 1024K, 24 young (24576K), 0 survivors (0K)
 Metaspace       used 10190K, capacity 10424K, committed 10624K, reserved 1058816K
  class space    used 1070K, capacity 1140K, committed 1152K, reserved 1048576K
}
Event: 0.719 GC heap after
{Heap after GC invocations=1 (full 0):
 garbage-first heap   total 262144K, used 9826K [0x0000000080000000, 0x0000000100000000)
  region size 1024K, 3 young (3072K), 3 survivors (3072K)
 Metaspace       used 10190K, capacity 10424K, committed 10624K, reserved 1058816K
  class space    used 1070K, capacity 1140K, committed 1152K, reserved 1048576K
}
Event: 2.747 GC heap before
{Heap before GC invocations=1 (full 0):
 garbage-first heap   total 262144K, used 111202K [0x0000000080000000, 0x0000000100000000)
  region size 1024K, 102 young (104448K), 3 survivors (3072K)
 Metaspace       used 20714K, capacity 21151K, committed 21248K, reserved 1067008K
  class space    used 2548K, capacity 2728K, committed 2816K, reserved 1048576K
}
Event: 2.759 GC heap after
{Heap after GC invocations=2 (full 0):
 garbage-first heap   total 262144K, used 17324K [0x0000000080000000, 0x0000000100000000)
  region size 1024K, 11 young (11264K), 11 survivors (11264K)
 Metaspace       used 20714K, capacity 21151K, committed 21248K, reserved 1067008K
  class space    used 2548K, capacity 2728K, committed 2816K, reserved 1048576K
}
Event: 2.893 GC heap before
{Heap before GC invocations=3 (full 0):
 garbage-first heap   total 262144K, used 30636K [0x0000000080000000, 0x0000000100000000)
  region size 1024K, 24 young (24576K), 11 survivors (11264K)
 Metaspace       used 22364K, capacity 22891K, committed 23040K, reserved 1069056K
  class space    used 2782K, capacity 2951K, committed 3072K, reserved 1048576K
}
Event: 2.898 GC heap after
{Heap after GC invocations=4 (full 0):
 garbage-first heap   total 262144K, used 17953K [0x0000000080000000, 0x0000000100000000)
  region size 1024K, 1 young (1024K), 1 survivors (1024K)
 Metaspace       used 22364K, capacity 22891K, committed 23040K, reserved 1069056K
  class space    used 2782K, capacity 2951K, committed 3072K, reserved 1048576K
}
Event: 3.920 GC heap before
{Heap before GC invocations=4 (full 0):
 garbage-first heap   total 262144K, used 135713K [0x0000000080000000, 0x0000000100000000)
  region size 1024K, 106 young (108544K), 1 survivors (1024K)
 Metaspace       used 31691K, capacity 32511K, committed 32512K, reserved 1077248K
  class space    used 4272K, capacity 4607K, committed 4608K, reserved 1048576K
}
Event: 3.926 GC heap after
{Heap after GC invocations=5 (full 0):
 garbage-first heap   total 262144K, used 35062K [0x0000000080000000, 0x0000000100000000)
  region size 1024K, 8 young (8192K), 8 survivors (8192K)
 Metaspace       used 31691K, capacity 32511K, committed 32512K, reserved 1077248K
  class space    used 4272K, capacity 4607K, committed 4608K, reserved 1048576K
}
Event: 4.212 GC heap before
{Heap before GC invocations=5 (full 0):
 garbage-first heap   total 262144K, used 53494K [0x0000000080000000, 0x0000000100000000)
  region size 1024K, 27 young (27648K), 8 survivors (8192K)
 Metaspace       used 34781K, capacity 35713K, committed 35840K, reserved 1079296K
  class space    used 4648K, capacity 4993K, committed 5120K, reserved 1048576K
}
Event: 4.220 GC heap after
{Heap after GC invocations=6 (full 0):
 garbage-first heap   total 262144K, used 36062K [0x0000000080000000, 0x0000000100000000)
  region size 1024K, 9 young (9216K), 9 survivors (9216K)
 Metaspace       used 34781K, capacity 35713K, committed 35840K, reserved 1079296K
  class space    used 4648K, capacity 4993K, committed 5120K, reserved 1048576K
}

Deoptimization events (20 events):
Event: 5.298 Thread 0x0000027dc0f63800 Uncommon trap: trap_request=0xffffffbe fr.pc=0x0000027db01366c8 relative=0x0000000000000968
Event: 5.298 Thread 0x0000027dc0f63800 Uncommon trap: reason=profile_predicate action=maybe_recompile pc=0x0000027db01366c8 method=jdk.internal.jimage.ImageStringsReader.charsFromByteBuffer([CLjava/nio/ByteBuffer;)V @ 6 c2
Event: 5.298 Thread 0x0000027dc0f63800 DEOPT PACKING pc=0x0000027db01366c8 sp=0x000000ce82cf5fc0
Event: 5.298 Thread 0x0000027dc0f63800 DEOPT UNPACKING pc=0x0000027da84fa1af sp=0x000000ce82cf5e98 mode 2
Event: 5.298 Thread 0x0000027dc0f63800 Uncommon trap: trap_request=0xffffffbe fr.pc=0x0000027db01366c8 relative=0x0000000000000968
Event: 5.298 Thread 0x0000027dc0f63800 Uncommon trap: reason=profile_predicate action=maybe_recompile pc=0x0000027db01366c8 method=jdk.internal.jimage.ImageStringsReader.charsFromByteBuffer([CLjava/nio/ByteBuffer;)V @ 6 c2
Event: 5.298 Thread 0x0000027dc0f63800 DEOPT PACKING pc=0x0000027db01366c8 sp=0x000000ce82cf5fc0
Event: 5.298 Thread 0x0000027dc0f63800 DEOPT UNPACKING pc=0x0000027da84fa1af sp=0x000000ce82cf5e98 mode 2
Event: 5.298 Thread 0x0000027dc0f63800 Uncommon trap: trap_request=0xffffffbe fr.pc=0x0000027db01366c8 relative=0x0000000000000968
Event: 5.298 Thread 0x0000027dc0f63800 Uncommon trap: reason=profile_predicate action=maybe_recompile pc=0x0000027db01366c8 method=jdk.internal.jimage.ImageStringsReader.charsFromByteBuffer([CLjava/nio/ByteBuffer;)V @ 6 c2
Event: 5.298 Thread 0x0000027dc0f63800 DEOPT PACKING pc=0x0000027db01366c8 sp=0x000000ce82cf5fc0
Event: 5.298 Thread 0x0000027dc0f63800 DEOPT UNPACKING pc=0x0000027da84fa1af sp=0x000000ce82cf5e98 mode 2
Event: 5.343 Thread 0x0000027dc0f63800 Uncommon trap: trap_request=0xffffff7e fr.pc=0x0000027db018d210 relative=0x00000000000001b0
Event: 5.343 Thread 0x0000027dc0f63800 Uncommon trap: reason=predicate action=maybe_recompile pc=0x0000027db018d210 method=java.util.Arrays.binarySearch0([Ljava/lang/Object;IILjava/lang/Object;Ljava/util/Comparator;)I @ 25 c2
Event: 5.343 Thread 0x0000027dc0f63800 DEOPT PACKING pc=0x0000027db018d210 sp=0x000000ce82cf72e0
Event: 5.343 Thread 0x0000027dc0f63800 DEOPT UNPACKING pc=0x0000027da84fa1af sp=0x000000ce82cf7248 mode 2
Event: 5.383 Thread 0x0000027dc1f58000 Uncommon trap: trap_request=0xffffffc6 fr.pc=0x0000027db013aa84 relative=0x0000000000000664
Event: 5.383 Thread 0x0000027dc1f58000 Uncommon trap: reason=bimorphic_or_optimized_type_check action=maybe_recompile pc=0x0000027db013aa84 method=java.util.stream.Sink$ChainedReference.cancellationRequested()Z @ 4 c2
Event: 5.383 Thread 0x0000027dc1f58000 DEOPT PACKING pc=0x0000027db013aa84 sp=0x000000ce828fe910
Event: 5.384 Thread 0x0000027dc1f58000 DEOPT UNPACKING pc=0x0000027da84fa1af sp=0x000000ce828fe850 mode 2

Classes redefined (0 events):
No events

Internal exceptions (20 events):
Event: 5.272 Thread 0x0000027dc0f63800 Exception <a 'java/lang/ClassNotFoundException'{0x00000000897e2b60}: java/lang/ClassLoaderCustomizer> (0x00000000897e2b60) thrown at [./src/hotspot/share/classfile/systemDictionary.cpp, line 231]
Event: 5.273 Thread 0x0000027dc0f63800 Exception <a 'java/lang/ClassNotFoundException'{0x00000000897f8b60}: java/security/SecureClassLoaderCustomizer> (0x00000000897f8b60) thrown at [./src/hotspot/share/classfile/systemDictionary.cpp, line 231]
Event: 5.273 Thread 0x0000027dc0f63800 Exception <a 'java/lang/ClassNotFoundException'{0x00000000896042c0}: java/net/URLClassLoaderCustomizer> (0x00000000896042c0) thrown at [./src/hotspot/share/classfile/systemDictionary.cpp, line 231]
Event: 5.274 Thread 0x0000027dc0f63800 Exception <a 'java/lang/ClassNotFoundException'{0x0000000089636cf8}: org/gradle/internal/classloader/VisitableURLClassLoaderCustomizer> (0x0000000089636cf8) thrown at [./src/hotspot/share/classfile/systemDictionary.cpp, line 231]
Event: 5.278 Thread 0x0000027dc0f63800 Exception <a 'java/lang/ClassNotFoundException'{0x000000008967cbc8}: org/jetbrains/plugins/gradle/tooling/internal/ExtraModelBuilder$ForGradle44BeanInfo> (0x000000008967cbc8) thrown at [./src/hotspot/share/classfile/systemDictionary.cpp, line 231]
Event: 5.279 Thread 0x0000027dc0f63800 Exception <a 'java/lang/ClassNotFoundException'{0x0000000089689620}: org/jetbrains/plugins/gradle/tooling/internal/ExtraModelBuilder$ForGradle44Customizer> (0x0000000089689620) thrown at [./src/hotspot/share/classfile/systemDictionary.cpp, line 231]
Event: 5.343 Thread 0x0000027dc0f63800 Exception <a 'java/lang/ClassNotFoundException'{0x0000000088f427d8}: org/jetbrains/plugins/gradle/tooling/builder/WarModelBuilderImplBeanInfo> (0x0000000088f427d8) thrown at [./src/hotspot/share/classfile/systemDictionary.cpp, line 231]
Event: 5.344 Thread 0x0000027dc0f63800 Exception <a 'java/lang/ClassNotFoundException'{0x0000000088f4fd58}: org/jetbrains/plugins/gradle/tooling/AbstractModelBuilderServiceBeanInfo> (0x0000000088f4fd58) thrown at [./src/hotspot/share/classfile/systemDictionary.cpp, line 231]
Event: 5.344 Thread 0x0000027dc0f63800 Exception <a 'java/lang/ClassNotFoundException'{0x0000000088f5d3f0}: org/jetbrains/plugins/gradle/tooling/AbstractModelBuilderServiceCustomizer> (0x0000000088f5d3f0) thrown at [./src/hotspot/share/classfile/systemDictionary.cpp, line 231]
Event: 5.344 Thread 0x0000027dc0f63800 Exception <a 'java/lang/ClassNotFoundException'{0x0000000088f6d930}: org/jetbrains/plugins/gradle/tooling/builder/WarModelBuilderImplCustomizer> (0x0000000088f6d930) thrown at [./src/hotspot/share/classfile/systemDictionary.cpp, line 231]
Event: 5.349 Thread 0x0000027dc0f63800 Exception <a 'java/lang/ClassNotFoundException'{0x0000000088fe2be8}: org/jetbrains/plugins/gradle/tooling/builder/EarModelBuilderImplBeanInfo> (0x0000000088fe2be8) thrown at [./src/hotspot/share/classfile/systemDictionary.cpp, line 231]
Event: 5.350 Thread 0x0000027dc0f63800 Exception <a 'java/lang/ClassNotFoundException'{0x0000000088ff0290}: org/jetbrains/plugins/gradle/tooling/builder/EarModelBuilderImplCustomizer> (0x0000000088ff0290) thrown at [./src/hotspot/share/classfile/systemDictionary.cpp, line 231]
Event: 5.360 Thread 0x0000027dc0f63800 Exception <a 'java/lang/ClassNotFoundException'{0x0000000088ef4720}: org/jetbrains/plugins/gradle/tooling/builder/ScalaModelBuilderImplBeanInfo> (0x0000000088ef4720) thrown at [./src/hotspot/share/classfile/systemDictionary.cpp, line 231]
Event: 5.360 Thread 0x0000027dc0f63800 Exception <a 'java/lang/ClassNotFoundException'{0x0000000088d02f48}: org/jetbrains/plugins/gradle/tooling/builder/ScalaModelBuilderImplCustomizer> (0x0000000088d02f48) thrown at [./src/hotspot/share/classfile/systemDictionary.cpp, line 231]
Event: 5.370 Thread 0x0000027dc0f63800 Exception <a 'java/lang/ClassNotFoundException'{0x0000000088d75230}: org/jetbrains/plugins/gradle/tooling/builder/ExternalProjectBuilderImpl$1BeanInfo> (0x0000000088d75230) thrown at [./src/hotspot/share/classfile/systemDictionary.cpp, line 231]
Event: 5.370 Thread 0x0000027dc0f63800 Exception <a 'java/lang/ClassNotFoundException'{0x0000000088d82ee0}: org/jetbrains/plugins/gradle/tooling/builder/ExternalProjectBuilderImpl$1Customizer> (0x0000000088d82ee0) thrown at [./src/hotspot/share/classfile/systemDictionary.cpp, line 231]
Event: 5.374 Thread 0x0000027dc0f63800 Exception <a 'java/lang/ClassNotFoundException'{0x0000000088df67d0}: org/jetbrains/plugins/gradle/tooling/builder/ExternalProjectBuilderImplBeanInfo> (0x0000000088df67d0) thrown at [./src/hotspot/share/classfile/systemDictionary.cpp, line 231]
Event: 5.375 Thread 0x0000027dc0f63800 Exception <a 'java/lang/ClassNotFoundException'{0x0000000088c045d8}: org/jetbrains/plugins/gradle/tooling/builder/ExternalProjectBuilderImplCustomizer> (0x0000000088c045d8) thrown at [./src/hotspot/share/classfile/systemDictionary.cpp, line 231]
Event: 5.380 Thread 0x0000027dc0f63800 Exception <a 'java/lang/ClassNotFoundException'{0x0000000088c60ba8}: org/jetbrains/plugins/gradle/tooling/builder/DependencyGraphModelBuilderImplBeanInfo> (0x0000000088c60ba8) thrown at [./src/hotspot/share/classfile/systemDictionary.cpp, line 231]
Event: 5.380 Thread 0x0000027dc0f63800 Exception <a 'java/lang/ClassNotFoundException'{0x0000000088c6e680}: org/jetbrains/plugins/gradle/tooling/builder/DependencyGraphModelBuilderImplCustomizer> (0x0000000088c6e680) thrown at [./src/hotspot/share/classfile/systemDictionary.cpp, line 231]

Events (20 events):
Event: 5.380 loading class org/jetbrains/plugins/gradle/tooling/builder/DependencyGraphModelBuilderImplCustomizer
Event: 5.380 loading class org/jetbrains/plugins/gradle/tooling/builder/DependencyGraphModelBuilderImplCustomizer done
Event: 5.381 loading class org/jetbrains/plugins/gradle/tooling/builder/ExternalTestsModelBuilderImpl
Event: 5.381 loading class org/jetbrains/plugins/gradle/tooling/builder/ExternalTestsModelBuilderImpl done
Event: 5.381 loading class org/jetbrains/plugins/gradle/tooling/builder/ExternalTestsModelBuilderImpl$_getMapping_closure1
Event: 5.381 loading class org/jetbrains/plugins/gradle/tooling/builder/ExternalTestsModelBuilderImpl$_getMapping_closure1 done
Event: 5.382 loading class org/jetbrains/plugins/gradle/tooling/builder/ExternalTestsModelBuilderImpl$_getMapping_closure2
Event: 5.382 loading class org/jetbrains/plugins/gradle/tooling/builder/ExternalTestsModelBuilderImpl$_getMapping_closure2 done
Event: 5.383 loading class groovy/runtime/metaclass/org/jetbrains/plugins/gradle/tooling/builder/ExternalTestsModelBuilderImplMetaClass
Event: 5.383 loading class groovy/runtime/metaclass/org/jetbrains/plugins/gradle/tooling/builder/ExternalTestsModelBuilderImplMetaClass done
Event: 5.383 loading class org/gradle/api/tasks/testing/Test
Event: 5.383 loading class org/gradle/api/tasks/testing/Test done
Event: 5.383 loading class org/gradle/api/tasks/testing/Test
Event: 5.383 loading class org/gradle/api/tasks/testing/Test done
Event: 5.385 loading class org/gradle/api/tasks/testing/AbstractTestTask
Event: 5.385 loading class org/gradle/api/tasks/testing/AbstractTestTask done
Event: 5.386 loading class org/gradle/api/tasks/VerificationTask
Event: 5.386 loading class org/gradle/api/tasks/VerificationTask done
Event: 5.387 loading class org/gradle/api/reporting/Reporting
Event: 5.387 loading class org/gradle/api/reporting/Reporting done


Dynamic libraries:
0x00007ff72da90000 - 0x00007ff72da9a000 	C:\Program Files\Android\Android Studio\jre\bin\java.exe
0x00007ffd03260000 - 0x00007ffd03469000 	C:\Windows\SYSTEM32\ntdll.dll
0x00007ffd02b20000 - 0x00007ffd02bdd000 	C:\Windows\System32\KERNEL32.DLL
0x00007ffd00d70000 - 0x00007ffd010ed000 	C:\Windows\System32\KERNELBASE.dll
0x00007ffd00ac0000 - 0x00007ffd00bd1000 	C:\Windows\System32\ucrtbase.dll
0x00007ffcf9430000 - 0x00007ffcf9449000 	C:\Program Files\Android\Android Studio\jre\bin\jli.dll
0x00007ffcf60f0000 - 0x00007ffcf6107000 	C:\Program Files\Android\Android Studio\jre\bin\VCRUNTIME140.dll
0x00007ffd01580000 - 0x00007ffd0172d000 	C:\Windows\System32\USER32.dll
0x00007ffd00be0000 - 0x00007ffd00c06000 	C:\Windows\System32\win32u.dll
0x00007ffce3f10000 - 0x00007ffce41b5000 	C:\Windows\WinSxS\amd64_microsoft.windows.common-controls_6595b64144ccf1df_6.0.22000.120_none_9d947278b86cc467\COMCTL32.dll
0x00007ffd01920000 - 0x00007ffd01949000 	C:\Windows\System32\GDI32.dll
0x00007ffd02c50000 - 0x00007ffd02cf3000 	C:\Windows\System32\msvcrt.dll
0x00007ffd009a0000 - 0x00007ffd00ab8000 	C:\Windows\System32\gdi32full.dll
0x00007ffd00cd0000 - 0x00007ffd00d6d000 	C:\Windows\System32\msvcp_win.dll
0x00007ffd02c00000 - 0x00007ffd02c31000 	C:\Windows\System32\IMM32.DLL
0x00007ffceb410000 - 0x00007ffceb4ad000 	C:\Program Files\Android\Android Studio\jre\bin\msvcp140.dll
0x00007ffc787a0000 - 0x00007ffc79285000 	C:\Program Files\Android\Android Studio\jre\bin\server\jvm.dll
0x00007ffd02a70000 - 0x00007ffd02b1e000 	C:\Windows\System32\ADVAPI32.dll
0x00007ffd03180000 - 0x00007ffd0321e000 	C:\Windows\System32\sechost.dll
0x00007ffd021e0000 - 0x00007ffd02300000 	C:\Windows\System32\RPCRT4.dll
0x00007ffd01950000 - 0x00007ffd01958000 	C:\Windows\System32\PSAPI.DLL
0x00007ffcde6f0000 - 0x00007ffcde6f9000 	C:\Windows\SYSTEM32\WSOCK32.dll
0x00007ffcf5fd0000 - 0x00007ffcf5fda000 	C:\Windows\SYSTEM32\VERSION.dll
0x00007ffcf7a40000 - 0x00007ffcf7a73000 	C:\Windows\SYSTEM32\WINMM.dll
0x00007ffd02df0000 - 0x00007ffd02e5f000 	C:\Windows\System32\WS2_32.dll
0x00007ffcff930000 - 0x00007ffcff948000 	C:\Windows\SYSTEM32\kernel.appcore.dll
0x00007ffcf75c0000 - 0x00007ffcf75d1000 	C:\Program Files\Android\Android Studio\jre\bin\verify.dll
0x00007ffcfa5a0000 - 0x00007ffcfa7c1000 	C:\Windows\SYSTEM32\DBGHELP.DLL
0x00007ffce57a0000 - 0x00007ffce57d1000 	C:\Windows\SYSTEM32\dbgcore.DLL
0x00007ffd00740000 - 0x00007ffd007bf000 	C:\Windows\System32\bcryptPrimitives.dll
0x00007ffcf29a0000 - 0x00007ffcf29c9000 	C:\Program Files\Android\Android Studio\jre\bin\java.dll
0x00007ffcefa50000 - 0x00007ffcefa5b000 	C:\Program Files\Android\Android Studio\jre\bin\jimage.dll
0x00007ffcdef70000 - 0x00007ffcdef88000 	C:\Program Files\Android\Android Studio\jre\bin\zip.dll
0x00007ffd01960000 - 0x00007ffd02118000 	C:\Windows\System32\SHELL32.dll
0x00007ffcfe8c0000 - 0x00007ffcff128000 	C:\Windows\SYSTEM32\windows.storage.dll
0x00007ffd02540000 - 0x00007ffd028b9000 	C:\Windows\System32\combase.dll
0x00007ffcfe750000 - 0x00007ffcfe8b6000 	C:\Windows\SYSTEM32\wintypes.dll
0x00007ffd028c0000 - 0x00007ffd029aa000 	C:\Windows\System32\SHCORE.dll
0x00007ffd02a10000 - 0x00007ffd02a6d000 	C:\Windows\System32\shlwapi.dll
0x00007ffd00670000 - 0x00007ffd00691000 	C:\Windows\SYSTEM32\profapi.dll
0x00007ffcdedf0000 - 0x00007ffcdee0a000 	C:\Program Files\Android\Android Studio\jre\bin\net.dll
0x00007ffcf6de0000 - 0x00007ffcf6eec000 	C:\Windows\SYSTEM32\WINHTTP.dll
0x00007ffcffd60000 - 0x00007ffcffdc7000 	C:\Windows\system32\mswsock.dll
0x00007ffcde790000 - 0x00007ffcde7a4000 	C:\Program Files\Android\Android Studio\jre\bin\nio.dll
0x00007ffcf8920000 - 0x00007ffcf8947000 	C:\Users\laita\.gradle\native\e1d6ef7f7dcc3fd88c89a11ec53ec762bb8ba0a96d01ffa2cd45eb1d1d8dd5c5\windows-amd64\native-platform.dll
0x00007ffcd5240000 - 0x00007ffcd5384000 	C:\Users\laita\.gradle\native\5664cfc778a61ccfe75a443a1ab52a65af34e5dc3c78e0209fed803814484fcb\windows-amd64\native-platform-file-events.dll
0x00007ffce2c20000 - 0x00007ffce2c2a000 	C:\Program Files\Android\Android Studio\jre\bin\management.dll
0x00007ffcdf330000 - 0x00007ffcdf33d000 	C:\Program Files\Android\Android Studio\jre\bin\management_ext.dll
0x00007ffcfffa0000 - 0x00007ffcfffb8000 	C:\Windows\SYSTEM32\CRYPTSP.dll
0x00007ffcff890000 - 0x00007ffcff8c5000 	C:\Windows\system32\rsaenh.dll
0x00007ffcffe50000 - 0x00007ffcffe79000 	C:\Windows\SYSTEM32\USERENV.dll
0x00007ffd00120000 - 0x00007ffd00147000 	C:\Windows\SYSTEM32\bcrypt.dll
0x00007ffcfffc0000 - 0x00007ffcfffcc000 	C:\Windows\SYSTEM32\CRYPTBASE.dll
0x00007ffcff460000 - 0x00007ffcff48d000 	C:\Windows\SYSTEM32\IPHLPAPI.DLL
0x00007ffd02120000 - 0x00007ffd02129000 	C:\Windows\System32\NSI.dll
0x00007ffcf6dc0000 - 0x00007ffcf6dd9000 	C:\Windows\SYSTEM32\dhcpcsvc6.DLL
0x00007ffcf7720000 - 0x00007ffcf773e000 	C:\Windows\SYSTEM32\dhcpcsvc.DLL
0x00007ffcff4d0000 - 0x00007ffcff5b8000 	C:\Windows\SYSTEM32\DNSAPI.dll

dbghelp: loaded successfully - version: 4.0.5 - missing functions: none
symbol engine: initialized successfully - sym options: 0x614 - pdb path: .;C:\Program Files\Android\Android Studio\jre\bin;C:\Windows\SYSTEM32;C:\Windows\WinSxS\amd64_microsoft.windows.common-controls_6595b64144ccf1df_6.0.22000.120_none_9d947278b86cc467;C:\Program Files\Android\Android Studio\jre\bin\server;C:\Users\laita\.gradle\native\e1d6ef7f7dcc3fd88c89a11ec53ec762bb8ba0a96d01ffa2cd45eb1d1d8dd5c5\windows-amd64;C:\Users\laita\.gradle\native\5664cfc778a61ccfe75a443a1ab52a65af34e5dc3c78e0209fed803814484fcb\windows-amd64

VM Arguments:
jvm_args: --add-opens=java.base/java.util=ALL-UNNAMED --add-opens=java.base/java.lang=ALL-UNNAMED --add-opens=java.base/java.lang.invoke=ALL-UNNAMED --add-opens=java.base/java.util=ALL-UNNAMED --add-opens=java.prefs/java.util.prefs=ALL-UNNAMED --add-opens=java.prefs/java.util.prefs=ALL-UNNAMED --add-opens=java.base/java.nio.charset=ALL-UNNAMED --add-opens=java.base/java.net=ALL-UNNAMED --add-opens=java.base/java.util.concurrent.atomic=ALL-UNNAMED -Xmx2048m -Dfile.encoding=UTF-8 -Duser.country=ID -Duser.language=en -Duser.variant 
java_command: org.gradle.launcher.daemon.bootstrap.GradleDaemon 7.3.3
java_class_path (initial): C:\Users\laita\.gradle\wrapper\dists\gradle-7.3.3-bin\6a41zxkdtcxs8rphpq6y0069z\gradle-7.3.3\lib\gradle-launcher-7.3.3.jar
Launcher Type: SUN_STANDARD

[Global flags]
     intx CICompilerCount                          = 4                                         {product} {ergonomic}
     uint ConcGCThreads                            = 3                                         {product} {ergonomic}
     uint G1ConcRefinementThreads                  = 10                                        {product} {ergonomic}
   size_t G1HeapRegionSize                         = 1048576                                   {product} {ergonomic}
    uintx GCDrainStackTargetSize                   = 64                                        {product} {ergonomic}
   size_t InitialHeapSize                          = 268435456                                 {product} {ergonomic}
   size_t MarkStackSize                            = 4194304                                   {product} {ergonomic}
   size_t MaxHeapSize                              = 2147483648                                {product} {command line}
   size_t MaxNewSize                               = 1287651328                                {product} {ergonomic}
   size_t MinHeapDeltaBytes                        = 1048576                                   {product} {ergonomic}
    uintx NonNMethodCodeHeapSize                   = 5836300                                {pd product} {ergonomic}
    uintx NonProfiledCodeHeapSize                  = 122910970                              {pd product} {ergonomic}
    uintx ProfiledCodeHeapSize                     = 122910970                              {pd product} {ergonomic}
    uintx ReservedCodeCacheSize                    = 251658240                              {pd product} {ergonomic}
     bool SegmentedCodeCache                       = true                                      {product} {ergonomic}
     bool UseCompressedClassPointers               = true                                 {lp64_product} {ergonomic}
     bool UseCompressedOops                        = true                                 {lp64_product} {ergonomic}
     bool UseG1GC                                  = true                                      {product} {ergonomic}
     bool UseLargePagesIndividualAllocation        = false                                  {pd product} {ergonomic}

Logging:
Log output configuration:
 #0: stdout all=warning uptime,level,tags
 #1: stderr all=off uptime,level,tags

Environment Variables:
PATH=C:\Program Files (x86)\Common Files\Oracle\Java\javapath;C:\Windows\system32;C:\Windows;C:\Windows\System32\Wbem;C:\Windows\System32\WindowsPowerShell\v1.0\;C:\Windows\System32\OpenSSH\;C:\Program Files (x86)\NVIDIA Corporation\PhysX\Common;C:\Program Files\NVIDIA Corporation\NVIDIA NGX;C:\Program Files\NVIDIA Corporation\NVIDIA NvDLISR;C:\Program Files\Git\cmd;C:\Users\laita\AppData\Local\Microsoft\WindowsApps;;C:\Users\laita\AppData\Local\Programs\Microsoft VS Code\bin
USERNAME=laita
OS=Windows_NT
PROCESSOR_IDENTIFIER=Intel64 Family 6 Model 158 Stepping 10, GenuineIntel



---------------  S Y S T E M  ---------------

OS: Windows 10 , 64 bit Build 22000 (10.0.22000.708)
OS uptime: 1 days 4:14 hours

CPU:total 12 (initial active 12) (6 cores per cpu, 2 threads per core) family 6 model 158 stepping 10 microcode 0xea, cmov, cx8, fxsr, mmx, sse, sse2, sse3, ssse3, sse4.1, sse4.2, popcnt, avx, avx2, aes, clmul, erms, 3dnowpref, lzcnt, ht, tsc, tscinvbit, bmi1, bmi2, adx, fma

Memory: 4k page, system-wide physical 16257M (4598M free)
TotalPageFile size 18305M (AvailPageFile size 0M)
current process WorkingSet (physical memory assigned to process): 318M, peak: 322M
current process commit charge ("private bytes"): 460M, peak: 475M

vm_info: OpenJDK 64-Bit Server VM (11.0.12+7-b1504.28-7817840) for windows-amd64 JRE (11.0.12+7-b1504.28-7817840), built on Oct 13 2021 22:12:33 by "builder" with MS VC++ 14.0 (VS2015)

END.
