#
# There is insufficient memory for the Java Runtime Environment to continue.
# Native memory allocation (malloc) failed to allocate 1230416 bytes for Chunk::new
# Possible reasons:
#   The system is out of physical RAM or swap space
#   The process is running with CompressedOops enabled, and the Java Heap may be blocking the growth of the native heap
# Possible solutions:
#   Reduce memory load on the system
#   Increase physical memory or swap space
#   Check if swap backing store is full
#   Decrease Java heap size (-Xmx/-Xms)
#   Decrease number of Java threads
#   Decrease Java thread stack sizes (-Xss)
#   Set larger code cache with -XX:ReservedCodeCacheSize=
#   JVM is running with Unscaled Compressed Oops mode in which the Java heap is
#     placed in the first 4GB address space. The Java Heap base address is the
#     maximum limit for the native heap growth. Please use -XX:HeapBaseMinAddress
#     to set the Java Heap base and to place the Java Heap above 4GB virtual address.
# This output file may be truncated or incomplete.
#
#  Out of Memory Error (./src/hotspot/share/memory/arena.cpp:197), pid=1448, tid=19888
#
# JRE version: OpenJDK Runtime Environment (11.0.12+7) (build 11.0.12+7-b1504.28-7817840)
# Java VM: OpenJDK 64-Bit Server VM (11.0.12+7-b1504.28-7817840, mixed mode, tiered, compressed oops, g1 gc, windows-amd64)
# No core dump will be written. Minidumps are not enabled by default on client versions of Windows
#

---------------  S U M M A R Y ------------

Command Line: --add-opens=java.base/java.util=ALL-UNNAMED --add-opens=java.base/java.lang=ALL-UNNAMED --add-opens=java.base/java.lang.invoke=ALL-UNNAMED --add-opens=java.base/java.util=ALL-UNNAMED --add-opens=java.prefs/java.util.prefs=ALL-UNNAMED --add-opens=java.prefs/java.util.prefs=ALL-UNNAMED --add-opens=java.base/java.nio.charset=ALL-UNNAMED --add-opens=java.base/java.net=ALL-UNNAMED --add-opens=java.base/java.util.concurrent.atomic=ALL-UNNAMED -Xmx2048m -Dfile.encoding=UTF-8 -Duser.country=ID -Duser.language=en -Duser.variant org.gradle.launcher.daemon.bootstrap.GradleDaemon 7.3.3

Host: Intel(R) Core(TM) i7-9750H CPU @ 2.60GHz, 12 cores, 15G,  Windows 10 , 64 bit Build 22000 (10.0.22000.708)
Time: Wed Aug 17 00:30:51 2022 SE Asia Standard Time elapsed time: 6.040454 seconds (0d 0h 0m 6s)

---------------  T H R E A D  ---------------

Current thread (0x000001f5627c8000):  JavaThread "C2 CompilerThread2" daemon [_thread_in_native, id=19888, stack(0x000000d409e00000,0x000000d409f00000)]


Current CompileTask:
C2:   6040 5097       4       groovy.lang.MetaClassImpl$1MOPIter::methodNameAction (325 bytes)

Stack: [0x000000d409e00000,0x000000d409f00000]
Native frames: (J=compiled Java code, j=interpreted, Vv=VM code, C=native code)
V  [jvm.dll+0x5fbcea]
V  [jvm.dll+0x731905]
V  [jvm.dll+0x732f1d]
V  [jvm.dll+0x7335d3]
V  [jvm.dll+0x247bf8]
V  [jvm.dll+0xc018c]
V  [jvm.dll+0xc06cc]
V  [jvm.dll+0x35b31d]
V  [jvm.dll+0x19cebc]
V  [jvm.dll+0x20070e]
V  [jvm.dll+0x1ff794]
V  [jvm.dll+0x18868c]
V  [jvm.dll+0x20e0d7]
V  [jvm.dll+0x20c901]
V  [jvm.dll+0x6f9b7f]
V  [jvm.dll+0x6f26a5]
V  [jvm.dll+0x5fabf6]
C  [ucrtbase.dll+0x26c0c]
C  [KERNEL32.DLL+0x154e0]
C  [ntdll.dll+0x485b]


---------------  P R O C E S S  ---------------

Threads class SMR info:
_java_thread_list=0x000001f566874f10, length=167, elements={
0x000001f54404e000, 0x000001f55f1c0000, 0x000001f55f1cb800, 0x000001f55f1de000,
0x000001f55f1df000, 0x000001f55f1e0800, 0x000001f55f1e4800, 0x000001f55f1e5800,
0x000001f55f1f1000, 0x000001f55f399000, 0x000001f55f397800, 0x000001f55f39a000,
0x000001f55f398000, 0x000001f55f39a800, 0x000001f55f39b800, 0x000001f55f39c800,
0x000001f55f396800, 0x000001f55f39d000, 0x000001f56179b000, 0x000001f56179a800,
0x000001f5617a1800, 0x000001f56179e800, 0x000001f5617a1000, 0x000001f5622a8000,
0x000001f5617a0000, 0x000001f5627c8000, 0x000001f56179c000, 0x000001f5617a2800,
0x000001f56179f000, 0x000001f56179d000, 0x000001f5617a3800, 0x000001f56179d800,
0x000001f5617a8000, 0x000001f5617a6000, 0x000001f5617a6800, 0x000001f5617a9000,
0x000001f564f56800, 0x000001f564f57800, 0x000001f564f58000, 0x000001f564f59000,
0x000001f564f5a000, 0x000001f564f5a800, 0x000001f564f55000, 0x000001f564f5b800,
0x000001f564f55800, 0x000001f564f5e800, 0x000001f564f5d000, 0x000001f564f5c000,
0x000001f564f60800, 0x000001f564f62000, 0x000001f564f63000, 0x000001f564f5f800,
0x000001f564f61000, 0x000001f564f5e000, 0x000001f564f63800, 0x000001f56267b000,
0x000001f562680800, 0x000001f562681800, 0x000001f56267b800, 0x000001f56267c800,
0x000001f56267d800, 0x000001f562684000, 0x000001f562683000, 0x000001f56267e000,
0x000001f56267f000, 0x000001f562684800, 0x000001f562680000, 0x000001f562685800,
0x000001f562686800, 0x000001f562687000, 0x000001f562688000, 0x000001f562682800,
0x000001f562689000, 0x000001f562689800, 0x000001f564ce3000, 0x000001f564ce2000,
0x000001f564ce1800, 0x000001f564cde000, 0x000001f564ce4000, 0x000001f564ce0000,
0x000001f564ce4800, 0x000001f564ce0800, 0x000001f564cdf000, 0x000001f564cea800,
0x000001f564ce8000, 0x000001f564ce6800, 0x000001f564ceb000, 0x000001f564ce5800,
0x000001f564ced000, 0x000001f564ce7000, 0x000001f564ce9000, 0x000001f564cec000,
0x000001f564ce9800, 0x000001f56129b800, 0x000001f56129e000, 0x000001f56129f800,
0x000001f56129c800, 0x000001f5612a3000, 0x000001f56129d000, 0x000001f5612a0800,
0x000001f5612a4800, 0x000001f5612a1800, 0x000001f5612a2000, 0x000001f56129f000,
0x000001f5612a8800, 0x000001f5612a8000, 0x000001f5612a6000, 0x000001f5612a7000,
0x000001f5612a5800, 0x000001f5612a9800, 0x000001f5612a4000, 0x000001f5612aa800,
0x000001f560355000, 0x000001f560357800, 0x000001f560354000, 0x000001f560353800,
0x000001f560356800, 0x000001f560352000, 0x000001f560358800, 0x000001f560356000,
0x000001f560352800, 0x000001f56035e000, 0x000001f56035b000, 0x000001f56035b800,
0x000001f56035d000, 0x000001f560359000, 0x000001f56035f000, 0x000001f56035c800,
0x000001f56035f800, 0x000001f56035a000, 0x000001f560360800, 0x000001f561db3000,
0x000001f561db4800, 0x000001f561db7800, 0x000001f561db6000, 0x000001f561db3800,
0x000001f561db2000, 0x000001f561db7000, 0x000001f561dbb000, 0x000001f561dba000,
0x000001f561db8800, 0x000001f561db9800, 0x000001f561db5000, 0x000001f561dbe000,
0x000001f561dbf000, 0x000001f561dc0000, 0x000001f561dbc000, 0x000001f561dbc800,
0x000001f561dc0800, 0x000001f561dbd800, 0x000001f565b40800, 0x000001f565b3f800,
0x000001f565b41800, 0x000001f565b42000, 0x000001f565b43000, 0x000001f565b3f000,
0x000001f565b48000, 0x000001f565b48800, 0x000001f565b49800, 0x000001f565b47000,
0x000001f565b44800, 0x000001f565b44000, 0x000001f565b4b000, 0x000001f565b46000,
0x000001f565b45800, 0x000001f565b4a800, 0x000001f565b4c000
}

Java Threads: ( => current thread )
  0x000001f54404e000 JavaThread "main" [_thread_blocked, id=1084, stack(0x000000d407300000,0x000000d407400000)]
  0x000001f55f1c0000 JavaThread "Reference Handler" daemon [_thread_blocked, id=11160, stack(0x000000d407a00000,0x000000d407b00000)]
  0x000001f55f1cb800 JavaThread "Finalizer" daemon [_thread_blocked, id=10096, stack(0x000000d407b00000,0x000000d407c00000)]
  0x000001f55f1de000 JavaThread "Signal Dispatcher" daemon [_thread_blocked, id=19232, stack(0x000000d407c00000,0x000000d407d00000)]
  0x000001f55f1df000 JavaThread "Attach Listener" daemon [_thread_blocked, id=8152, stack(0x000000d407d00000,0x000000d407e00000)]
  0x000001f55f1e0800 JavaThread "Service Thread" daemon [_thread_blocked, id=6924, stack(0x000000d407e00000,0x000000d407f00000)]
  0x000001f55f1e4800 JavaThread "C2 CompilerThread0" daemon [_thread_in_native, id=15704, stack(0x000000d407f00000,0x000000d408000000)]
  0x000001f55f1e5800 JavaThread "C1 CompilerThread0" daemon [_thread_blocked, id=10732, stack(0x000000d408000000,0x000000d408100000)]
  0x000001f55f1f1000 JavaThread "Sweeper thread" daemon [_thread_blocked, id=10284, stack(0x000000d408100000,0x000000d408200000)]
  0x000001f55f399000 JavaThread "Common-Cleaner" daemon [_thread_blocked, id=10648, stack(0x000000d408200000,0x000000d408300000)]
  0x000001f55f397800 JavaThread "Daemon health stats" [_thread_blocked, id=18472, stack(0x000000d408b00000,0x000000d408c00000)]
  0x000001f55f39a000 JavaThread "Incoming local TCP Connector on port 58330" [_thread_in_native, id=10552, stack(0x000000d408400000,0x000000d408500000)]
  0x000001f55f398000 JavaThread "Daemon periodic checks" [_thread_blocked, id=11552, stack(0x000000d408500000,0x000000d408600000)]
  0x000001f55f39a800 JavaThread "Daemon" [_thread_blocked, id=8544, stack(0x000000d408c00000,0x000000d408d00000)]
  0x000001f55f39b800 JavaThread "Handler for socket connection from /127.0.0.1:58330 to /127.0.0.1:58331" [_thread_in_native, id=13564, stack(0x000000d408d00000,0x000000d408e00000)]
  0x000001f55f39c800 JavaThread "Cancel handler" [_thread_blocked, id=15944, stack(0x000000d408e00000,0x000000d408f00000)]
  0x000001f55f396800 JavaThread "Daemon worker" [_thread_in_vm, id=18520, stack(0x000000d408f00000,0x000000d409000000)]
  0x000001f55f39d000 JavaThread "Asynchronous log dispatcher for DefaultDaemonConnection: socket connection from /127.0.0.1:58330 to /127.0.0.1:58331" [_thread_blocked, id=18720, stack(0x000000d409000000,0x000000d409100000)]
  0x000001f56179b000 JavaThread "Stdin handler" [_thread_blocked, id=19324, stack(0x000000d409100000,0x000000d409200000)]
  0x000001f56179a800 JavaThread "Daemon client event forwarder" [_thread_blocked, id=10840, stack(0x000000d409200000,0x000000d409300000)]
  0x000001f5617a1800 JavaThread "Cache worker for journal cache (C:\Users\laita\.gradle\caches\journal-1)" [_thread_blocked, id=4600, stack(0x000000d409300000,0x000000d409400000)]
  0x000001f56179e800 JavaThread "File lock request listener" [_thread_in_native, id=6184, stack(0x000000d409400000,0x000000d409500000)]
  0x000001f5617a1000 JavaThread "Cache worker for file hash cache (C:\Users\laita\.gradle\caches\7.3.3\fileHashes)" [_thread_blocked, id=9172, stack(0x000000d409500000,0x000000d409600000)]
  0x000001f5622a8000 JavaThread "C2 CompilerThread1" daemon [_thread_in_native, id=17496, stack(0x000000d409c00000,0x000000d409d00000)]
  0x000001f5617a0000 JavaThread "Cache worker for file hash cache (C:\Users\laita\AndroidStudioProjects\Eticket\.gradle\7.3.3\fileHashes)" [_thread_blocked, id=3940, stack(0x000000d409d00000,0x000000d409e00000)]
=>0x000001f5627c8000 JavaThread "C2 CompilerThread2" daemon [_thread_in_native, id=19888, stack(0x000000d409e00000,0x000000d409f00000)]
  0x000001f56179c000 JavaThread "File watcher server" daemon [_thread_in_native, id=6636, stack(0x000000d409f00000,0x000000d40a000000)]
  0x000001f5617a2800 JavaThread "File watcher consumer" daemon [_thread_blocked, id=5860, stack(0x000000d40a000000,0x000000d40a100000)]
  0x000001f56179f000 JavaThread "Cache worker for checksums cache (C:\Users\laita\AndroidStudioProjects\Eticket\.gradle\7.3.3\checksums)" [_thread_blocked, id=17712, stack(0x000000d40a100000,0x000000d40a200000)]
  0x000001f56179d000 JavaThread "Cache worker for cache directory md-supplier (C:\Users\laita\.gradle\caches\7.3.3\md-supplier)" [_thread_blocked, id=12584, stack(0x000000d40a200000,0x000000d40a300000)]
  0x000001f5617a3800 JavaThread "Cache worker for cache directory md-rule (C:\Users\laita\.gradle\caches\7.3.3\md-rule)" [_thread_blocked, id=10856, stack(0x000000d40a300000,0x000000d40a400000)]
  0x000001f56179d800 JavaThread "Cache worker for execution history cache (C:\Users\laita\.gradle\caches\7.3.3\executionHistory)" [_thread_blocked, id=2032, stack(0x000000d40a400000,0x000000d40a500000)]
  0x000001f5617a8000 JavaThread "jar transforms" [_thread_blocked, id=15264, stack(0x000000d40a500000,0x000000d40a600000)]
  0x000001f5617a6000 JavaThread "Cache worker for file content cache (C:\Users\laita\.gradle\caches\7.3.3\fileContent)" [_thread_blocked, id=10900, stack(0x000000d40a600000,0x000000d40a700000)]
  0x000001f5617a6800 JavaThread "jar transforms Thread 2" [_thread_blocked, id=10776, stack(0x000000d40a700000,0x000000d40a800000)]
  0x000001f5617a9000 JavaThread "Cache worker for dependencies-accessors (C:\Users\laita\AndroidStudioProjects\Eticket\.gradle\7.3.3\dependencies-accessors)" [_thread_blocked, id=16504, stack(0x000000d40a800000,0x000000d40a900000)]
  0x000001f564f56800 JavaThread "jar transforms Thread 3" [_thread_blocked, id=8596, stack(0x000000d40a900000,0x000000d40aa00000)]
  0x000001f564f57800 JavaThread "Cache worker for Build Output Cleanup Cache (C:\Users\laita\AndroidStudioProjects\Eticket\.gradle\buildOutputCleanup)" [_thread_blocked, id=4584, stack(0x000000d40aa00000,0x000000d40ab00000)]
  0x000001f564f58000 JavaThread "Unconstrained build operations" [_thread_blocked, id=9580, stack(0x000000d40ab00000,0x000000d40ac00000)]
  0x000001f564f59000 JavaThread "Unconstrained build operations Thread 2" [_thread_blocked, id=16428, stack(0x000000d40ac00000,0x000000d40ad00000)]
  0x000001f564f5a000 JavaThread "Unconstrained build operations Thread 3" [_thread_blocked, id=11884, stack(0x000000d40ad00000,0x000000d40ae00000)]
  0x000001f564f5a800 JavaThread "Unconstrained build operations Thread 4" [_thread_blocked, id=18372, stack(0x000000d40ae00000,0x000000d40af00000)]
  0x000001f564f55000 JavaThread "Unconstrained build operations Thread 5" [_thread_blocked, id=14940, stack(0x000000d40af00000,0x000000d40b000000)]
  0x000001f564f5b800 JavaThread "Unconstrained build operations Thread 6" [_thread_blocked, id=1072, stack(0x000000d40b000000,0x000000d40b100000)]
  0x000001f564f55800 JavaThread "Unconstrained build operations Thread 7" [_thread_blocked, id=2196, stack(0x000000d40b100000,0x000000d40b200000)]
  0x000001f564f5e800 JavaThread "Unconstrained build operations Thread 8" [_thread_blocked, id=13632, stack(0x000000d40b200000,0x000000d40b300000)]
  0x000001f564f5d000 JavaThread "Unconstrained build operations Thread 9" [_thread_blocked, id=8176, stack(0x000000d40b300000,0x000000d40b400000)]
  0x000001f564f5c000 JavaThread "Unconstrained build operations Thread 10" [_thread_blocked, id=13492, stack(0x000000d40b400000,0x000000d40b500000)]
  0x000001f564f60800 JavaThread "Unconstrained build operations Thread 11" [_thread_blocked, id=1380, stack(0x000000d40b500000,0x000000d40b600000)]
  0x000001f564f62000 JavaThread "Unconstrained build operations Thread 12" [_thread_blocked, id=1200, stack(0x000000d40b600000,0x000000d40b700000)]
  0x000001f564f63000 JavaThread "Unconstrained build operations Thread 13" [_thread_blocked, id=20300, stack(0x000000d40b700000,0x000000d40b800000)]
  0x000001f564f5f800 JavaThread "Unconstrained build operations Thread 14" [_thread_blocked, id=17260, stack(0x000000d40b800000,0x000000d40b900000)]
  0x000001f564f61000 JavaThread "Unconstrained build operations Thread 15" [_thread_blocked, id=3808, stack(0x000000d40b900000,0x000000d40ba00000)]
  0x000001f564f5e000 JavaThread "Unconstrained build operations Thread 16" [_thread_blocked, id=15188, stack(0x000000d40ba00000,0x000000d40bb00000)]
  0x000001f564f63800 JavaThread "Unconstrained build operations Thread 17" [_thread_blocked, id=20508, stack(0x000000d40bb00000,0x000000d40bc00000)]
  0x000001f56267b000 JavaThread "Unconstrained build operations Thread 18" [_thread_blocked, id=4860, stack(0x000000d40bc00000,0x000000d40bd00000)]
  0x000001f562680800 JavaThread "Unconstrained build operations Thread 19" [_thread_blocked, id=20776, stack(0x000000d40bd00000,0x000000d40be00000)]
  0x000001f562681800 JavaThread "Unconstrained build operations Thread 20" [_thread_blocked, id=14648, stack(0x000000d40be00000,0x000000d40bf00000)]
  0x000001f56267b800 JavaThread "Unconstrained build operations Thread 21" [_thread_blocked, id=10368, stack(0x000000d40bf00000,0x000000d40c000000)]
  0x000001f56267c800 JavaThread "Unconstrained build operations Thread 22" [_thread_blocked, id=15436, stack(0x000000d40c000000,0x000000d40c100000)]
  0x000001f56267d800 JavaThread "Unconstrained build operations Thread 23" [_thread_blocked, id=13420, stack(0x000000d40c100000,0x000000d40c200000)]
  0x000001f562684000 JavaThread "Unconstrained build operations Thread 24" [_thread_blocked, id=19876, stack(0x000000d40c200000,0x000000d40c300000)]
  0x000001f562683000 JavaThread "Unconstrained build operations Thread 25" [_thread_blocked, id=11964, stack(0x000000d40c300000,0x000000d40c400000)]
  0x000001f56267e000 JavaThread "Unconstrained build operations Thread 26" [_thread_blocked, id=21356, stack(0x000000d40c400000,0x000000d40c500000)]
  0x000001f56267f000 JavaThread "Unconstrained build operations Thread 27" [_thread_blocked, id=16956, stack(0x000000d40c500000,0x000000d40c600000)]
  0x000001f562684800 JavaThread "Unconstrained build operations Thread 28" [_thread_blocked, id=776, stack(0x000000d40c600000,0x000000d40c700000)]
  0x000001f562680000 JavaThread "Unconstrained build operations Thread 29" [_thread_blocked, id=12804, stack(0x000000d40c700000,0x000000d40c800000)]
  0x000001f562685800 JavaThread "Unconstrained build operations Thread 30" [_thread_blocked, id=16488, stack(0x000000d40c800000,0x000000d40c900000)]
  0x000001f562686800 JavaThread "Unconstrained build operations Thread 31" [_thread_blocked, id=15852, stack(0x000000d40c900000,0x000000d40ca00000)]
  0x000001f562687000 JavaThread "Unconstrained build operations Thread 32" [_thread_blocked, id=15752, stack(0x000000d40ca00000,0x000000d40cb00000)]
  0x000001f562688000 JavaThread "Unconstrained build operations Thread 33" [_thread_blocked, id=6552, stack(0x000000d40cb00000,0x000000d40cc00000)]
  0x000001f562682800 JavaThread "Unconstrained build operations Thread 34" [_thread_blocked, id=3528, stack(0x000000d40cc00000,0x000000d40cd00000)]
  0x000001f562689000 JavaThread "Unconstrained build operations Thread 35" [_thread_blocked, id=11340, stack(0x000000d40cd00000,0x000000d40ce00000)]
  0x000001f562689800 JavaThread "Unconstrained build operations Thread 36" [_thread_blocked, id=21008, stack(0x000000d40ce00000,0x000000d40cf00000)]
  0x000001f564ce3000 JavaThread "Unconstrained build operations Thread 37" [_thread_blocked, id=18860, stack(0x000000d40cf00000,0x000000d40d000000)]
  0x000001f564ce2000 JavaThread "Unconstrained build operations Thread 38" [_thread_blocked, id=19284, stack(0x000000d40d000000,0x000000d40d100000)]
  0x000001f564ce1800 JavaThread "Unconstrained build operations Thread 39" [_thread_blocked, id=2616, stack(0x000000d40d100000,0x000000d40d200000)]
  0x000001f564cde000 JavaThread "Unconstrained build operations Thread 40" [_thread_blocked, id=21076, stack(0x000000d40d200000,0x000000d40d300000)]
  0x000001f564ce4000 JavaThread "Unconstrained build operations Thread 41" [_thread_blocked, id=3012, stack(0x000000d40d300000,0x000000d40d400000)]
  0x000001f564ce0000 JavaThread "Unconstrained build operations Thread 42" [_thread_blocked, id=21044, stack(0x000000d40d400000,0x000000d40d500000)]
  0x000001f564ce4800 JavaThread "Unconstrained build operations Thread 43" [_thread_blocked, id=20360, stack(0x000000d40d500000,0x000000d40d600000)]
  0x000001f564ce0800 JavaThread "Unconstrained build operations Thread 44" [_thread_blocked, id=14308, stack(0x000000d40d600000,0x000000d40d700000)]
  0x000001f564cdf000 JavaThread "Unconstrained build operations Thread 45" [_thread_blocked, id=2580, stack(0x000000d40d700000,0x000000d40d800000)]
  0x000001f564cea800 JavaThread "Unconstrained build operations Thread 46" [_thread_blocked, id=2952, stack(0x000000d40d800000,0x000000d40d900000)]
  0x000001f564ce8000 JavaThread "Unconstrained build operations Thread 47" [_thread_blocked, id=5720, stack(0x000000d40d900000,0x000000d40da00000)]
  0x000001f564ce6800 JavaThread "Unconstrained build operations Thread 48" [_thread_blocked, id=9552, stack(0x000000d40da00000,0x000000d40db00000)]
  0x000001f564ceb000 JavaThread "Unconstrained build operations Thread 49" [_thread_blocked, id=1516, stack(0x000000d40db00000,0x000000d40dc00000)]
  0x000001f564ce5800 JavaThread "Unconstrained build operations Thread 50" [_thread_blocked, id=4424, stack(0x000000d40dc00000,0x000000d40dd00000)]
  0x000001f564ced000 JavaThread "Unconstrained build operations Thread 51" [_thread_blocked, id=13096, stack(0x000000d40dd00000,0x000000d40de00000)]
  0x000001f564ce7000 JavaThread "Unconstrained build operations Thread 52" [_thread_blocked, id=15384, stack(0x000000d40de00000,0x000000d40df00000)]
  0x000001f564ce9000 JavaThread "Unconstrained build operations Thread 53" [_thread_blocked, id=16688, stack(0x000000d40df00000,0x000000d40e000000)]
  0x000001f564cec000 JavaThread "Unconstrained build operations Thread 54" [_thread_blocked, id=15836, stack(0x000000d40e000000,0x000000d40e100000)]
  0x000001f564ce9800 JavaThread "Unconstrained build operations Thread 55" [_thread_blocked, id=21000, stack(0x000000d40e100000,0x000000d40e200000)]
  0x000001f56129b800 JavaThread "Unconstrained build operations Thread 56" [_thread_blocked, id=10608, stack(0x000000d40e200000,0x000000d40e300000)]
  0x000001f56129e000 JavaThread "Unconstrained build operations Thread 57" [_thread_blocked, id=5880, stack(0x000000d40e300000,0x000000d40e400000)]
  0x000001f56129f800 JavaThread "Unconstrained build operations Thread 58" [_thread_blocked, id=15520, stack(0x000000d40e400000,0x000000d40e500000)]
  0x000001f56129c800 JavaThread "Unconstrained build operations Thread 59" [_thread_blocked, id=13940, stack(0x000000d40e500000,0x000000d40e600000)]
  0x000001f5612a3000 JavaThread "Unconstrained build operations Thread 60" [_thread_blocked, id=10328, stack(0x000000d40e600000,0x000000d40e700000)]
  0x000001f56129d000 JavaThread "Unconstrained build operations Thread 61" [_thread_blocked, id=15008, stack(0x000000d40e700000,0x000000d40e800000)]
  0x000001f5612a0800 JavaThread "Unconstrained build operations Thread 62" [_thread_blocked, id=9940, stack(0x000000d40e800000,0x000000d40e900000)]
  0x000001f5612a4800 JavaThread "Unconstrained build operations Thread 63" [_thread_blocked, id=12452, stack(0x000000d40e900000,0x000000d40ea00000)]
  0x000001f5612a1800 JavaThread "Unconstrained build operations Thread 64" [_thread_blocked, id=14104, stack(0x000000d40ea00000,0x000000d40eb00000)]
  0x000001f5612a2000 JavaThread "Unconstrained build operations Thread 65" [_thread_blocked, id=11352, stack(0x000000d40eb00000,0x000000d40ec00000)]
  0x000001f56129f000 JavaThread "Unconstrained build operations Thread 66" [_thread_blocked, id=7556, stack(0x000000d40ec00000,0x000000d40ed00000)]
  0x000001f5612a8800 JavaThread "Unconstrained build operations Thread 67" [_thread_blocked, id=10576, stack(0x000000d40ed00000,0x000000d40ee00000)]
  0x000001f5612a8000 JavaThread "Unconstrained build operations Thread 68" [_thread_blocked, id=18728, stack(0x000000d40ee00000,0x000000d40ef00000)]
  0x000001f5612a6000 JavaThread "Unconstrained build operations Thread 69" [_thread_blocked, id=14456, stack(0x000000d40ef00000,0x000000d40f000000)]
  0x000001f5612a7000 JavaThread "Unconstrained build operations Thread 70" [_thread_blocked, id=1304, stack(0x000000d40f000000,0x000000d40f100000)]
  0x000001f5612a5800 JavaThread "Unconstrained build operations Thread 71" [_thread_blocked, id=13264, stack(0x000000d40f100000,0x000000d40f200000)]
  0x000001f5612a9800 JavaThread "Unconstrained build operations Thread 72" [_thread_blocked, id=3508, stack(0x000000d40f200000,0x000000d40f300000)]
  0x000001f5612a4000 JavaThread "Unconstrained build operations Thread 73" [_thread_blocked, id=14920, stack(0x000000d40f300000,0x000000d40f400000)]
  0x000001f5612aa800 JavaThread "Unconstrained build operations Thread 74" [_thread_blocked, id=21392, stack(0x000000d40f400000,0x000000d40f500000)]
  0x000001f560355000 JavaThread "Unconstrained build operations Thread 75" [_thread_blocked, id=18084, stack(0x000000d40f500000,0x000000d40f600000)]
  0x000001f560357800 JavaThread "Unconstrained build operations Thread 76" [_thread_blocked, id=2172, stack(0x000000d40f600000,0x000000d40f700000)]
  0x000001f560354000 JavaThread "Unconstrained build operations Thread 77" [_thread_blocked, id=688, stack(0x000000d40f700000,0x000000d40f800000)]
  0x000001f560353800 JavaThread "Unconstrained build operations Thread 78" [_thread_blocked, id=20780, stack(0x000000d40f800000,0x000000d40f900000)]
  0x000001f560356800 JavaThread "Unconstrained build operations Thread 79" [_thread_blocked, id=19160, stack(0x000000d40f900000,0x000000d40fa00000)]
  0x000001f560352000 JavaThread "Unconstrained build operations Thread 80" [_thread_blocked, id=8664, stack(0x000000d40fa00000,0x000000d40fb00000)]
  0x000001f560358800 JavaThread "Unconstrained build operations Thread 81" [_thread_blocked, id=5892, stack(0x000000d40fb00000,0x000000d40fc00000)]
  0x000001f560356000 JavaThread "Unconstrained build operations Thread 82" [_thread_blocked, id=20808, stack(0x000000d40fc00000,0x000000d40fd00000)]
  0x000001f560352800 JavaThread "Unconstrained build operations Thread 83" [_thread_blocked, id=6292, stack(0x000000d40fd00000,0x000000d40fe00000)]
  0x000001f56035e000 JavaThread "Unconstrained build operations Thread 84" [_thread_blocked, id=8416, stack(0x000000d40fe00000,0x000000d40ff00000)]
  0x000001f56035b000 JavaThread "Unconstrained build operations Thread 85" [_thread_blocked, id=13568, stack(0x000000d40ff00000,0x000000d410000000)]
  0x000001f56035b800 JavaThread "Unconstrained build operations Thread 86" [_thread_blocked, id=16180, stack(0x000000d410000000,0x000000d410100000)]
  0x000001f56035d000 JavaThread "Unconstrained build operations Thread 87" [_thread_blocked, id=1764, stack(0x000000d410100000,0x000000d410200000)]
  0x000001f560359000 JavaThread "Unconstrained build operations Thread 88" [_thread_blocked, id=1132, stack(0x000000d410200000,0x000000d410300000)]
  0x000001f56035f000 JavaThread "Unconstrained build operations Thread 89" [_thread_blocked, id=17112, stack(0x000000d410300000,0x000000d410400000)]
  0x000001f56035c800 JavaThread "Unconstrained build operations Thread 90" [_thread_blocked, id=12976, stack(0x000000d410400000,0x000000d410500000)]
  0x000001f56035f800 JavaThread "Unconstrained build operations Thread 91" [_thread_blocked, id=20368, stack(0x000000d410500000,0x000000d410600000)]
  0x000001f56035a000 JavaThread "Unconstrained build operations Thread 92" [_thread_blocked, id=15456, stack(0x000000d410600000,0x000000d410700000)]
  0x000001f560360800 JavaThread "Unconstrained build operations Thread 93" [_thread_blocked, id=700, stack(0x000000d410700000,0x000000d410800000)]
  0x000001f561db3000 JavaThread "Unconstrained build operations Thread 94" [_thread_blocked, id=6172, stack(0x000000d410800000,0x000000d410900000)]
  0x000001f561db4800 JavaThread "Unconstrained build operations Thread 95" [_thread_blocked, id=9500, stack(0x000000d410900000,0x000000d410a00000)]
  0x000001f561db7800 JavaThread "Unconstrained build operations Thread 96" [_thread_blocked, id=19992, stack(0x000000d410a00000,0x000000d410b00000)]
  0x000001f561db6000 JavaThread "Unconstrained build operations Thread 97" [_thread_blocked, id=6728, stack(0x000000d410b00000,0x000000d410c00000)]
  0x000001f561db3800 JavaThread "Unconstrained build operations Thread 98" [_thread_blocked, id=15484, stack(0x000000d410c00000,0x000000d410d00000)]
  0x000001f561db2000 JavaThread "Unconstrained build operations Thread 99" [_thread_blocked, id=21280, stack(0x000000d410d00000,0x000000d410e00000)]
  0x000001f561db7000 JavaThread "Unconstrained build operations Thread 100" [_thread_blocked, id=14580, stack(0x000000d410e00000,0x000000d410f00000)]
  0x000001f561dbb000 JavaThread "Unconstrained build operations Thread 101" [_thread_blocked, id=20880, stack(0x000000d410f00000,0x000000d411000000)]
  0x000001f561dba000 JavaThread "Unconstrained build operations Thread 102" [_thread_blocked, id=5004, stack(0x000000d411000000,0x000000d411100000)]
  0x000001f561db8800 JavaThread "Unconstrained build operations Thread 103" [_thread_blocked, id=6980, stack(0x000000d411100000,0x000000d411200000)]
  0x000001f561db9800 JavaThread "Unconstrained build operations Thread 104" [_thread_blocked, id=4192, stack(0x000000d411200000,0x000000d411300000)]
  0x000001f561db5000 JavaThread "Unconstrained build operations Thread 105" [_thread_blocked, id=9612, stack(0x000000d411300000,0x000000d411400000)]
  0x000001f561dbe000 JavaThread "Unconstrained build operations Thread 106" [_thread_blocked, id=10408, stack(0x000000d411400000,0x000000d411500000)]
  0x000001f561dbf000 JavaThread "Unconstrained build operations Thread 107" [_thread_blocked, id=12712, stack(0x000000d411500000,0x000000d411600000)]
  0x000001f561dc0000 JavaThread "Unconstrained build operations Thread 108" [_thread_blocked, id=14616, stack(0x000000d411600000,0x000000d411700000)]
  0x000001f561dbc000 JavaThread "Unconstrained build operations Thread 109" [_thread_blocked, id=10264, stack(0x000000d411700000,0x000000d411800000)]
  0x000001f561dbc800 JavaThread "Unconstrained build operations Thread 110" [_thread_blocked, id=13544, stack(0x000000d411800000,0x000000d411900000)]
  0x000001f561dc0800 JavaThread "Unconstrained build operations Thread 111" [_thread_blocked, id=2280, stack(0x000000d411900000,0x000000d411a00000)]
  0x000001f561dbd800 JavaThread "Unconstrained build operations Thread 112" [_thread_blocked, id=8020, stack(0x000000d411a00000,0x000000d411b00000)]
  0x000001f565b40800 JavaThread "Unconstrained build operations Thread 113" [_thread_blocked, id=9528, stack(0x000000d411b00000,0x000000d411c00000)]
  0x000001f565b3f800 JavaThread "Unconstrained build operations Thread 114" [_thread_blocked, id=16544, stack(0x000000d411c00000,0x000000d411d00000)]
  0x000001f565b41800 JavaThread "Unconstrained build operations Thread 115" [_thread_blocked, id=17848, stack(0x000000d411d00000,0x000000d411e00000)]
  0x000001f565b42000 JavaThread "Unconstrained build operations Thread 116" [_thread_blocked, id=3476, stack(0x000000d411e00000,0x000000d411f00000)]
  0x000001f565b43000 JavaThread "Unconstrained build operations Thread 117" [_thread_blocked, id=6516, stack(0x000000d411f00000,0x000000d412000000)]
  0x000001f565b3f000 JavaThread "Unconstrained build operations Thread 118" [_thread_blocked, id=3460, stack(0x000000d412000000,0x000000d412100000)]
  0x000001f565b48000 JavaThread "Unconstrained build operations Thread 119" [_thread_blocked, id=12592, stack(0x000000d412100000,0x000000d412200000)]
  0x000001f565b48800 JavaThread "Unconstrained build operations Thread 120" [_thread_blocked, id=21468, stack(0x000000d412200000,0x000000d412300000)]
  0x000001f565b49800 JavaThread "jar transforms Thread 4" [_thread_blocked, id=10156, stack(0x000000d412300000,0x000000d412400000)]
  0x000001f565b47000 JavaThread "jar transforms Thread 5" [_thread_blocked, id=17516, stack(0x000000d412400000,0x000000d412500000)]
  0x000001f565b44800 JavaThread "jar transforms Thread 6" [_thread_blocked, id=16264, stack(0x000000d412500000,0x000000d412600000)]
  0x000001f565b44000 JavaThread "jar transforms Thread 7" [_thread_blocked, id=19536, stack(0x000000d412600000,0x000000d412700000)]
  0x000001f565b4b000 JavaThread "jar transforms Thread 8" [_thread_blocked, id=21492, stack(0x000000d412700000,0x000000d412800000)]
  0x000001f565b46000 JavaThread "jar transforms Thread 9" [_thread_blocked, id=18744, stack(0x000000d412800000,0x000000d412900000)]
  0x000001f565b45800 JavaThread "jar transforms Thread 10" [_thread_blocked, id=576, stack(0x000000d412900000,0x000000d412a00000)]
  0x000001f565b4a800 JavaThread "jar transforms Thread 11" [_thread_blocked, id=13052, stack(0x000000d412a00000,0x000000d412b00000)]
  0x000001f565b4c000 JavaThread "jar transforms Thread 12" [_thread_blocked, id=16664, stack(0x000000d412b00000,0x000000d412c00000)]

Other Threads:
  0x000001f55f1bd000 VMThread "VM Thread" [stack: 0x000000d407900000,0x000000d407a00000] [id=16532]
  0x000001f55f3c0800 WatcherThread [stack: 0x000000d408300000,0x000000d408400000] [id=6772]
  0x000001f544065800 GCTaskThread "GC Thread#0" [stack: 0x000000d407400000,0x000000d407500000] [id=2460]
  0x000001f5605f6800 GCTaskThread "GC Thread#1" [stack: 0x000000d408600000,0x000000d408700000] [id=10488]
  0x000001f56030d000 GCTaskThread "GC Thread#2" [stack: 0x000000d408700000,0x000000d408800000] [id=13376]
  0x000001f55fc7e000 GCTaskThread "GC Thread#3" [stack: 0x000000d408800000,0x000000d408900000] [id=15652]
  0x000001f55feb1800 GCTaskThread "GC Thread#4" [stack: 0x000000d408900000,0x000000d408a00000] [id=10896]
  0x000001f55fe59800 GCTaskThread "GC Thread#5" [stack: 0x000000d408a00000,0x000000d408b00000] [id=8280]
  0x000001f560852800 GCTaskThread "GC Thread#6" [stack: 0x000000d409600000,0x000000d409700000] [id=16828]
  0x000001f561b38800 GCTaskThread "GC Thread#7" [stack: 0x000000d409700000,0x000000d409800000] [id=13692]
  0x000001f55f46a000 GCTaskThread "GC Thread#8" [stack: 0x000000d409800000,0x000000d409900000] [id=21308]
  0x000001f56268b000 GCTaskThread "GC Thread#9" [stack: 0x000000d409900000,0x000000d409a00000] [id=6244]
  0x000001f5440b5800 ConcurrentGCThread "G1 Main Marker" [stack: 0x000000d407500000,0x000000d407600000] [id=1720]
  0x000001f5440b8000 ConcurrentGCThread "G1 Conc#0" [stack: 0x000000d407600000,0x000000d407700000] [id=15708]
  0x000001f561884000 ConcurrentGCThread "G1 Conc#1" [stack: 0x000000d409a00000,0x000000d409b00000] [id=6396]
  0x000001f561685800 ConcurrentGCThread "G1 Conc#2" [stack: 0x000000d409b00000,0x000000d409c00000] [id=20636]
  0x000001f55e806000 ConcurrentGCThread "G1 Refine#0" [stack: 0x000000d407700000,0x000000d407800000] [id=1948]
  0x000001f55e809000 ConcurrentGCThread "G1 Young RemSet Sampling" [stack: 0x000000d407800000,0x000000d407900000] [id=15616]

Threads with active compile tasks:
C2 CompilerThread0   6069 5201       4       java.util.StringJoiner::toString (181 bytes)
C2 CompilerThread1   6069 5215       4       org.codehaus.groovy.util.LazyReference::get (44 bytes)
C2 CompilerThread2   6069 5097       4       groovy.lang.MetaClassImpl$1MOPIter::methodNameAction (325 bytes)

VM state:not at safepoint (normal execution)

VM Mutex/Monitor currently owned by a thread: None

Heap address: 0x0000000080000000, size: 2048 MB, Compressed Oops mode: 32-bit
Narrow klass base: 0x0000000000000000, Narrow klass shift: 3
Compressed class space size: 1073741824 Address: 0x0000000100000000

Heap:
 garbage-first heap   total 262144K, used 151972K [0x0000000080000000, 0x0000000100000000)
  region size 1024K, 130 young (133120K), 13 survivors (13312K)
 Metaspace       used 49751K, capacity 51061K, committed 51280K, reserved 1093632K
  class space    used 6414K, capacity 6898K, committed 6992K, reserved 1048576K
Heap Regions: E=young(eden), S=young(survivor), O=old, HS=humongous(starts), HC=humongous(continues), CS=collection set, F=free, A=archive, TAMS=top-at-mark-start (previous, next)
|   0|0x0000000080000000, 0x0000000080100000, 0x0000000080100000|100%| O|  |TAMS 0x0000000080100000, 0x0000000080000000| Untracked 
|   1|0x0000000080100000, 0x0000000080200000, 0x0000000080200000|100%| O|  |TAMS 0x0000000080200000, 0x0000000080100000| Untracked 
|   2|0x0000000080200000, 0x0000000080300000, 0x0000000080300000|100%| O|  |TAMS 0x0000000080300000, 0x0000000080200000| Untracked 
|   3|0x0000000080300000, 0x0000000080400000, 0x0000000080400000|100%|HS|  |TAMS 0x0000000080400000, 0x0000000080300000| Complete 
|   4|0x0000000080400000, 0x0000000080500000, 0x0000000080500000|100%|HC|  |TAMS 0x0000000080500000, 0x0000000080400000| Complete 
|   5|0x0000000080500000, 0x0000000080600000, 0x0000000080600000|100%|HC|  |TAMS 0x0000000080600000, 0x0000000080500000| Complete 
|   6|0x0000000080600000, 0x0000000080700000, 0x0000000080700000|100%| O|  |TAMS 0x0000000080700000, 0x0000000080600000| Untracked 
|   7|0x0000000080700000, 0x0000000080800000, 0x0000000080800000|100%| O|  |TAMS 0x0000000080800000, 0x0000000080700000| Untracked 
|   8|0x0000000080800000, 0x0000000080900000, 0x0000000080900000|100%| O|  |TAMS 0x0000000080900000, 0x0000000080800000| Untracked 
|   9|0x0000000080900000, 0x0000000080a00000, 0x0000000080a00000|100%| O|  |TAMS 0x0000000080a00000, 0x0000000080900000| Untracked 
|  10|0x0000000080a00000, 0x0000000080b00000, 0x0000000080b00000|100%| O|  |TAMS 0x0000000080b00000, 0x0000000080a00000| Untracked 
|  11|0x0000000080b00000, 0x0000000080c00000, 0x0000000080c00000|100%| O|  |TAMS 0x0000000080c00000, 0x0000000080b00000| Untracked 
|  12|0x0000000080c00000, 0x0000000080d00000, 0x0000000080d00000|100%| O|  |TAMS 0x0000000080d00000, 0x0000000080c00000| Untracked 
|  13|0x0000000080d00000, 0x0000000080e00000, 0x0000000080e00000|100%| O|  |TAMS 0x0000000080e00000, 0x0000000080d00000| Untracked 
|  14|0x0000000080e00000, 0x0000000080f00000, 0x0000000080f00000|100%| O|  |TAMS 0x0000000080f00000, 0x0000000080e00000| Untracked 
|  15|0x0000000080f00000, 0x0000000081000000, 0x0000000081000000|100%| O|  |TAMS 0x0000000081000000, 0x0000000080f00000| Untracked 
|  16|0x0000000081000000, 0x00000000810f3600, 0x0000000081100000| 95%| O|  |TAMS 0x00000000810f3600, 0x0000000081000000| Untracked 
|  17|0x0000000081100000, 0x0000000081200000, 0x0000000081200000|100%|HS|  |TAMS 0x0000000081100000, 0x0000000081100000| Complete 
|  18|0x0000000081200000, 0x0000000081300000, 0x0000000081300000|100%|HS|  |TAMS 0x0000000081200000, 0x0000000081200000| Complete 
|  19|0x0000000081300000, 0x0000000081400000, 0x0000000081400000|100%|HS|  |TAMS 0x0000000081300000, 0x0000000081300000| Complete 
|  20|0x0000000081400000, 0x0000000081500000, 0x0000000081500000|100%|HC|  |TAMS 0x0000000081400000, 0x0000000081400000| Complete 
|  21|0x0000000081500000, 0x0000000081500000, 0x0000000081600000|  0%| F|  |TAMS 0x0000000081500000, 0x0000000081500000| Untracked 
|  22|0x0000000081600000, 0x0000000081600000, 0x0000000081700000|  0%| F|  |TAMS 0x0000000081600000, 0x0000000081600000| Untracked 
|  23|0x0000000081700000, 0x0000000081700000, 0x0000000081800000|  0%| F|  |TAMS 0x0000000081700000, 0x0000000081700000| Untracked 
|  24|0x0000000081800000, 0x0000000081800000, 0x0000000081900000|  0%| F|  |TAMS 0x0000000081800000, 0x0000000081800000| Untracked 
|  25|0x0000000081900000, 0x0000000081900000, 0x0000000081a00000|  0%| F|  |TAMS 0x0000000081900000, 0x0000000081900000| Untracked 
|  26|0x0000000081a00000, 0x0000000081a00000, 0x0000000081b00000|  0%| F|  |TAMS 0x0000000081a00000, 0x0000000081a00000| Untracked 
|  27|0x0000000081b00000, 0x0000000081b00000, 0x0000000081c00000|  0%| F|  |TAMS 0x0000000081b00000, 0x0000000081b00000| Untracked 
|  28|0x0000000081c00000, 0x0000000081c00000, 0x0000000081d00000|  0%| F|  |TAMS 0x0000000081c00000, 0x0000000081c00000| Untracked 
|  29|0x0000000081d00000, 0x0000000081d00000, 0x0000000081e00000|  0%| F|  |TAMS 0x0000000081d00000, 0x0000000081d00000| Untracked 
|  30|0x0000000081e00000, 0x0000000081e00000, 0x0000000081f00000|  0%| F|  |TAMS 0x0000000081e00000, 0x0000000081e00000| Untracked 
|  31|0x0000000081f00000, 0x0000000081f00000, 0x0000000082000000|  0%| F|  |TAMS 0x0000000081f00000, 0x0000000081f00000| Untracked 
|  32|0x0000000082000000, 0x0000000082000000, 0x0000000082100000|  0%| F|  |TAMS 0x0000000082000000, 0x0000000082000000| Untracked 
|  33|0x0000000082100000, 0x0000000082100000, 0x0000000082200000|  0%| F|  |TAMS 0x0000000082100000, 0x0000000082100000| Untracked 
|  34|0x0000000082200000, 0x0000000082200000, 0x0000000082300000|  0%| F|  |TAMS 0x0000000082200000, 0x0000000082200000| Untracked 
|  35|0x0000000082300000, 0x0000000082300000, 0x0000000082400000|  0%| F|  |TAMS 0x0000000082300000, 0x0000000082300000| Untracked 
|  36|0x0000000082400000, 0x0000000082400000, 0x0000000082500000|  0%| F|  |TAMS 0x0000000082400000, 0x0000000082400000| Untracked 
|  37|0x0000000082500000, 0x0000000082500000, 0x0000000082600000|  0%| F|  |TAMS 0x0000000082500000, 0x0000000082500000| Untracked 
|  38|0x0000000082600000, 0x0000000082600000, 0x0000000082700000|  0%| F|  |TAMS 0x0000000082600000, 0x0000000082600000| Untracked 
|  39|0x0000000082700000, 0x0000000082700000, 0x0000000082800000|  0%| F|  |TAMS 0x0000000082700000, 0x0000000082700000| Untracked 
|  40|0x0000000082800000, 0x0000000082800000, 0x0000000082900000|  0%| F|  |TAMS 0x0000000082800000, 0x0000000082800000| Untracked 
|  41|0x0000000082900000, 0x0000000082900000, 0x0000000082a00000|  0%| F|  |TAMS 0x0000000082900000, 0x0000000082900000| Untracked 
|  42|0x0000000082a00000, 0x0000000082a00000, 0x0000000082b00000|  0%| F|  |TAMS 0x0000000082a00000, 0x0000000082a00000| Untracked 
|  43|0x0000000082b00000, 0x0000000082b00000, 0x0000000082c00000|  0%| F|  |TAMS 0x0000000082b00000, 0x0000000082b00000| Untracked 
|  44|0x0000000082c00000, 0x0000000082c00000, 0x0000000082d00000|  0%| F|  |TAMS 0x0000000082c00000, 0x0000000082c00000| Untracked 
|  45|0x0000000082d00000, 0x0000000082d00000, 0x0000000082e00000|  0%| F|  |TAMS 0x0000000082d00000, 0x0000000082d00000| Untracked 
|  46|0x0000000082e00000, 0x0000000082e00000, 0x0000000082f00000|  0%| F|  |TAMS 0x0000000082e00000, 0x0000000082e00000| Untracked 
|  47|0x0000000082f00000, 0x0000000082f00000, 0x0000000083000000|  0%| F|  |TAMS 0x0000000082f00000, 0x0000000082f00000| Untracked 
|  48|0x0000000083000000, 0x0000000083000000, 0x0000000083100000|  0%| F|  |TAMS 0x0000000083000000, 0x0000000083000000| Untracked 
|  49|0x0000000083100000, 0x0000000083100000, 0x0000000083200000|  0%| F|  |TAMS 0x0000000083100000, 0x0000000083100000| Untracked 
|  50|0x0000000083200000, 0x0000000083200000, 0x0000000083300000|  0%| F|  |TAMS 0x0000000083200000, 0x0000000083200000| Untracked 
|  51|0x0000000083300000, 0x0000000083300000, 0x0000000083400000|  0%| F|  |TAMS 0x0000000083300000, 0x0000000083300000| Untracked 
|  52|0x0000000083400000, 0x0000000083400000, 0x0000000083500000|  0%| F|  |TAMS 0x0000000083400000, 0x0000000083400000| Untracked 
|  53|0x0000000083500000, 0x0000000083500000, 0x0000000083600000|  0%| F|  |TAMS 0x0000000083500000, 0x0000000083500000| Untracked 
|  54|0x0000000083600000, 0x0000000083600000, 0x0000000083700000|  0%| F|  |TAMS 0x0000000083600000, 0x0000000083600000| Untracked 
|  55|0x0000000083700000, 0x0000000083700000, 0x0000000083800000|  0%| F|  |TAMS 0x0000000083700000, 0x0000000083700000| Untracked 
|  56|0x0000000083800000, 0x0000000083800000, 0x0000000083900000|  0%| F|  |TAMS 0x0000000083800000, 0x0000000083800000| Untracked 
|  57|0x0000000083900000, 0x0000000083900000, 0x0000000083a00000|  0%| F|  |TAMS 0x0000000083900000, 0x0000000083900000| Untracked 
|  58|0x0000000083a00000, 0x0000000083a00000, 0x0000000083b00000|  0%| F|  |TAMS 0x0000000083a00000, 0x0000000083a00000| Untracked 
|  59|0x0000000083b00000, 0x0000000083b00000, 0x0000000083c00000|  0%| F|  |TAMS 0x0000000083b00000, 0x0000000083b00000| Untracked 
|  60|0x0000000083c00000, 0x0000000083c00000, 0x0000000083d00000|  0%| F|  |TAMS 0x0000000083c00000, 0x0000000083c00000| Untracked 
|  61|0x0000000083d00000, 0x0000000083d00000, 0x0000000083e00000|  0%| F|  |TAMS 0x0000000083d00000, 0x0000000083d00000| Untracked 
|  62|0x0000000083e00000, 0x0000000083e00000, 0x0000000083f00000|  0%| F|  |TAMS 0x0000000083e00000, 0x0000000083e00000| Untracked 
|  63|0x0000000083f00000, 0x0000000083f00000, 0x0000000084000000|  0%| F|  |TAMS 0x0000000083f00000, 0x0000000083f00000| Untracked 
|  64|0x0000000084000000, 0x0000000084000000, 0x0000000084100000|  0%| F|  |TAMS 0x0000000084000000, 0x0000000084000000| Untracked 
|  65|0x0000000084100000, 0x0000000084100000, 0x0000000084200000|  0%| F|  |TAMS 0x0000000084100000, 0x0000000084100000| Untracked 
|  66|0x0000000084200000, 0x0000000084200000, 0x0000000084300000|  0%| F|  |TAMS 0x0000000084200000, 0x0000000084200000| Untracked 
|  67|0x0000000084300000, 0x0000000084300000, 0x0000000084400000|  0%| F|  |TAMS 0x0000000084300000, 0x0000000084300000| Untracked 
|  68|0x0000000084400000, 0x0000000084400000, 0x0000000084500000|  0%| F|  |TAMS 0x0000000084400000, 0x0000000084400000| Untracked 
|  69|0x0000000084500000, 0x0000000084500000, 0x0000000084600000|  0%| F|  |TAMS 0x0000000084500000, 0x0000000084500000| Untracked 
|  70|0x0000000084600000, 0x0000000084600000, 0x0000000084700000|  0%| F|  |TAMS 0x0000000084600000, 0x0000000084600000| Untracked 
|  71|0x0000000084700000, 0x0000000084700000, 0x0000000084800000|  0%| F|  |TAMS 0x0000000084700000, 0x0000000084700000| Untracked 
|  72|0x0000000084800000, 0x0000000084800000, 0x0000000084900000|  0%| F|  |TAMS 0x0000000084800000, 0x0000000084800000| Untracked 
|  73|0x0000000084900000, 0x0000000084900000, 0x0000000084a00000|  0%| F|  |TAMS 0x0000000084900000, 0x0000000084900000| Untracked 
|  74|0x0000000084a00000, 0x0000000084a00000, 0x0000000084b00000|  0%| F|  |TAMS 0x0000000084a00000, 0x0000000084a00000| Untracked 
|  75|0x0000000084b00000, 0x0000000084b00000, 0x0000000084c00000|  0%| F|  |TAMS 0x0000000084b00000, 0x0000000084b00000| Untracked 
|  76|0x0000000084c00000, 0x0000000084c00000, 0x0000000084d00000|  0%| F|  |TAMS 0x0000000084c00000, 0x0000000084c00000| Untracked 
|  77|0x0000000084d00000, 0x0000000084d00000, 0x0000000084e00000|  0%| F|  |TAMS 0x0000000084d00000, 0x0000000084d00000| Untracked 
|  78|0x0000000084e00000, 0x0000000084e00000, 0x0000000084f00000|  0%| F|  |TAMS 0x0000000084e00000, 0x0000000084e00000| Untracked 
|  79|0x0000000084f00000, 0x0000000084f00000, 0x0000000085000000|  0%| F|  |TAMS 0x0000000084f00000, 0x0000000084f00000| Untracked 
|  80|0x0000000085000000, 0x0000000085000000, 0x0000000085100000|  0%| F|  |TAMS 0x0000000085000000, 0x0000000085000000| Untracked 
|  81|0x0000000085100000, 0x0000000085100000, 0x0000000085200000|  0%| F|  |TAMS 0x0000000085100000, 0x0000000085100000| Untracked 
|  82|0x0000000085200000, 0x0000000085200000, 0x0000000085300000|  0%| F|  |TAMS 0x0000000085200000, 0x0000000085200000| Untracked 
|  83|0x0000000085300000, 0x0000000085300000, 0x0000000085400000|  0%| F|  |TAMS 0x0000000085300000, 0x0000000085300000| Untracked 
|  84|0x0000000085400000, 0x0000000085400000, 0x0000000085500000|  0%| F|  |TAMS 0x0000000085400000, 0x0000000085400000| Untracked 
|  85|0x0000000085500000, 0x0000000085500000, 0x0000000085600000|  0%| F|  |TAMS 0x0000000085500000, 0x0000000085500000| Untracked 
|  86|0x0000000085600000, 0x0000000085600000, 0x0000000085700000|  0%| F|  |TAMS 0x0000000085600000, 0x0000000085600000| Untracked 
|  87|0x0000000085700000, 0x0000000085700000, 0x0000000085800000|  0%| F|  |TAMS 0x0000000085700000, 0x0000000085700000| Untracked 
|  88|0x0000000085800000, 0x0000000085800000, 0x0000000085900000|  0%| F|  |TAMS 0x0000000085800000, 0x0000000085800000| Untracked 
|  89|0x0000000085900000, 0x0000000085900000, 0x0000000085a00000|  0%| F|  |TAMS 0x0000000085900000, 0x0000000085900000| Untracked 
|  90|0x0000000085a00000, 0x0000000085a00000, 0x0000000085b00000|  0%| F|  |TAMS 0x0000000085a00000, 0x0000000085a00000| Untracked 
|  91|0x0000000085b00000, 0x0000000085b00000, 0x0000000085c00000|  0%| F|  |TAMS 0x0000000085b00000, 0x0000000085b00000| Untracked 
|  92|0x0000000085c00000, 0x0000000085c00000, 0x0000000085d00000|  0%| F|  |TAMS 0x0000000085c00000, 0x0000000085c00000| Untracked 
|  93|0x0000000085d00000, 0x0000000085d00000, 0x0000000085e00000|  0%| F|  |TAMS 0x0000000085d00000, 0x0000000085d00000| Untracked 
|  94|0x0000000085e00000, 0x0000000085e00000, 0x0000000085f00000|  0%| F|  |TAMS 0x0000000085e00000, 0x0000000085e00000| Untracked 
|  95|0x0000000085f00000, 0x0000000085f00000, 0x0000000086000000|  0%| F|  |TAMS 0x0000000085f00000, 0x0000000085f00000| Untracked 
|  96|0x0000000086000000, 0x0000000086000000, 0x0000000086100000|  0%| F|  |TAMS 0x0000000086000000, 0x0000000086000000| Untracked 
|  97|0x0000000086100000, 0x0000000086100000, 0x0000000086200000|  0%| F|  |TAMS 0x0000000086100000, 0x0000000086100000| Untracked 
|  98|0x0000000086200000, 0x0000000086200000, 0x0000000086300000|  0%| F|  |TAMS 0x0000000086200000, 0x0000000086200000| Untracked 
|  99|0x0000000086300000, 0x0000000086300000, 0x0000000086400000|  0%| F|  |TAMS 0x0000000086300000, 0x0000000086300000| Untracked 
| 100|0x0000000086400000, 0x0000000086400000, 0x0000000086500000|  0%| F|  |TAMS 0x0000000086400000, 0x0000000086400000| Untracked 
| 101|0x0000000086500000, 0x0000000086500000, 0x0000000086600000|  0%| F|  |TAMS 0x0000000086500000, 0x0000000086500000| Untracked 
| 102|0x0000000086600000, 0x0000000086600000, 0x0000000086700000|  0%| F|  |TAMS 0x0000000086600000, 0x0000000086600000| Untracked 
| 103|0x0000000086700000, 0x0000000086700000, 0x0000000086800000|  0%| F|  |TAMS 0x0000000086700000, 0x0000000086700000| Untracked 
| 104|0x0000000086800000, 0x0000000086800000, 0x0000000086900000|  0%| F|  |TAMS 0x0000000086800000, 0x0000000086800000| Untracked 
| 105|0x0000000086900000, 0x0000000086900000, 0x0000000086a00000|  0%| F|  |TAMS 0x0000000086900000, 0x0000000086900000| Untracked 
| 106|0x0000000086a00000, 0x0000000086a00000, 0x0000000086b00000|  0%| F|  |TAMS 0x0000000086a00000, 0x0000000086a00000| Untracked 
| 107|0x0000000086b00000, 0x0000000086b00000, 0x0000000086c00000|  0%| F|  |TAMS 0x0000000086b00000, 0x0000000086b00000| Untracked 
| 108|0x0000000086c00000, 0x0000000086c00000, 0x0000000086d00000|  0%| F|  |TAMS 0x0000000086c00000, 0x0000000086c00000| Untracked 
| 109|0x0000000086d00000, 0x0000000086d00000, 0x0000000086e00000|  0%| F|  |TAMS 0x0000000086d00000, 0x0000000086d00000| Untracked 
| 110|0x0000000086e00000, 0x0000000086e00000, 0x0000000086f00000|  0%| F|  |TAMS 0x0000000086e00000, 0x0000000086e00000| Untracked 
| 111|0x0000000086f00000, 0x0000000086f00000, 0x0000000087000000|  0%| F|  |TAMS 0x0000000086f00000, 0x0000000086f00000| Untracked 
| 112|0x0000000087000000, 0x0000000087000000, 0x0000000087100000|  0%| F|  |TAMS 0x0000000087000000, 0x0000000087000000| Untracked 
| 113|0x0000000087100000, 0x0000000087100000, 0x0000000087200000|  0%| F|  |TAMS 0x0000000087100000, 0x0000000087100000| Untracked 
| 114|0x0000000087200000, 0x0000000087200000, 0x0000000087300000|  0%| F|  |TAMS 0x0000000087200000, 0x0000000087200000| Untracked 
| 115|0x0000000087300000, 0x0000000087300000, 0x0000000087400000|  0%| F|  |TAMS 0x0000000087300000, 0x0000000087300000| Untracked 
| 116|0x0000000087400000, 0x0000000087400000, 0x0000000087500000|  0%| F|  |TAMS 0x0000000087400000, 0x0000000087400000| Untracked 
| 117|0x0000000087500000, 0x0000000087500000, 0x0000000087600000|  0%| F|  |TAMS 0x0000000087500000, 0x0000000087500000| Untracked 
| 118|0x0000000087600000, 0x0000000087600000, 0x0000000087700000|  0%| F|  |TAMS 0x0000000087600000, 0x0000000087600000| Untracked 
| 119|0x0000000087700000, 0x0000000087700000, 0x0000000087800000|  0%| F|  |TAMS 0x0000000087700000, 0x0000000087700000| Untracked 
| 120|0x0000000087800000, 0x0000000087800000, 0x0000000087900000|  0%| F|  |TAMS 0x0000000087800000, 0x0000000087800000| Untracked 
| 121|0x0000000087900000, 0x0000000087900000, 0x0000000087a00000|  0%| F|  |TAMS 0x0000000087900000, 0x0000000087900000| Untracked 
| 122|0x0000000087a00000, 0x0000000087a00000, 0x0000000087b00000|  0%| F|  |TAMS 0x0000000087a00000, 0x0000000087a00000| Untracked 
| 123|0x0000000087b00000, 0x0000000087b00000, 0x0000000087c00000|  0%| F|  |TAMS 0x0000000087b00000, 0x0000000087b00000| Untracked 
| 124|0x0000000087c00000, 0x0000000087c00000, 0x0000000087d00000|  0%| F|  |TAMS 0x0000000087c00000, 0x0000000087c00000| Untracked 
| 125|0x0000000087d00000, 0x0000000087d00000, 0x0000000087e00000|  0%| F|  |TAMS 0x0000000087d00000, 0x0000000087d00000| Untracked 
| 126|0x0000000087e00000, 0x0000000087e210e0, 0x0000000087f00000| 12%| E|  |TAMS 0x0000000087e00000, 0x0000000087e00000| Complete 
| 127|0x0000000087f00000, 0x0000000087f75d58, 0x0000000088000000| 46%| S|CS|TAMS 0x0000000087f00000, 0x0000000087f00000| Complete 
| 128|0x0000000088000000, 0x0000000088100000, 0x0000000088100000|100%| S|CS|TAMS 0x0000000088000000, 0x0000000088000000| Complete 
| 129|0x0000000088100000, 0x0000000088200000, 0x0000000088200000|100%| S|CS|TAMS 0x0000000088100000, 0x0000000088100000| Complete 
| 130|0x0000000088200000, 0x0000000088300000, 0x0000000088300000|100%| S|CS|TAMS 0x0000000088200000, 0x0000000088200000| Complete 
| 131|0x0000000088300000, 0x0000000088400000, 0x0000000088400000|100%| S|CS|TAMS 0x0000000088300000, 0x0000000088300000| Complete 
| 132|0x0000000088400000, 0x0000000088500000, 0x0000000088500000|100%| S|CS|TAMS 0x0000000088400000, 0x0000000088400000| Complete 
| 133|0x0000000088500000, 0x0000000088600000, 0x0000000088600000|100%| S|CS|TAMS 0x0000000088500000, 0x0000000088500000| Complete 
| 134|0x0000000088600000, 0x0000000088700000, 0x0000000088700000|100%| S|CS|TAMS 0x0000000088600000, 0x0000000088600000| Complete 
| 135|0x0000000088700000, 0x0000000088800000, 0x0000000088800000|100%| S|CS|TAMS 0x0000000088700000, 0x0000000088700000| Complete 
| 136|0x0000000088800000, 0x0000000088900000, 0x0000000088900000|100%| S|CS|TAMS 0x0000000088800000, 0x0000000088800000| Complete 
| 137|0x0000000088900000, 0x0000000088a00000, 0x0000000088a00000|100%| S|CS|TAMS 0x0000000088900000, 0x0000000088900000| Complete 
| 138|0x0000000088a00000, 0x0000000088b00000, 0x0000000088b00000|100%| S|CS|TAMS 0x0000000088a00000, 0x0000000088a00000| Complete 
| 139|0x0000000088b00000, 0x0000000088c00000, 0x0000000088c00000|100%| S|CS|TAMS 0x0000000088b00000, 0x0000000088b00000| Complete 
| 140|0x0000000088c00000, 0x0000000088d00000, 0x0000000088d00000|100%| E|CS|TAMS 0x0000000088c00000, 0x0000000088c00000| Complete 
| 141|0x0000000088d00000, 0x0000000088e00000, 0x0000000088e00000|100%| E|CS|TAMS 0x0000000088d00000, 0x0000000088d00000| Complete 
| 142|0x0000000088e00000, 0x0000000088f00000, 0x0000000088f00000|100%| E|CS|TAMS 0x0000000088e00000, 0x0000000088e00000| Complete 
| 143|0x0000000088f00000, 0x0000000089000000, 0x0000000089000000|100%| E|CS|TAMS 0x0000000088f00000, 0x0000000088f00000| Complete 
| 144|0x0000000089000000, 0x0000000089100000, 0x0000000089100000|100%| E|CS|TAMS 0x0000000089000000, 0x0000000089000000| Complete 
| 145|0x0000000089100000, 0x0000000089200000, 0x0000000089200000|100%| E|CS|TAMS 0x0000000089100000, 0x0000000089100000| Complete 
| 146|0x0000000089200000, 0x0000000089300000, 0x0000000089300000|100%| E|CS|TAMS 0x0000000089200000, 0x0000000089200000| Complete 
| 147|0x0000000089300000, 0x0000000089400000, 0x0000000089400000|100%| E|CS|TAMS 0x0000000089300000, 0x0000000089300000| Complete 
| 148|0x0000000089400000, 0x0000000089500000, 0x0000000089500000|100%| E|CS|TAMS 0x0000000089400000, 0x0000000089400000| Complete 
| 149|0x0000000089500000, 0x0000000089600000, 0x0000000089600000|100%| E|CS|TAMS 0x0000000089500000, 0x0000000089500000| Complete 
| 150|0x0000000089600000, 0x0000000089700000, 0x0000000089700000|100%| E|CS|TAMS 0x0000000089600000, 0x0000000089600000| Complete 
| 151|0x0000000089700000, 0x0000000089800000, 0x0000000089800000|100%| E|CS|TAMS 0x0000000089700000, 0x0000000089700000| Complete 
| 152|0x0000000089800000, 0x0000000089900000, 0x0000000089900000|100%| E|CS|TAMS 0x0000000089800000, 0x0000000089800000| Complete 
| 153|0x0000000089900000, 0x0000000089a00000, 0x0000000089a00000|100%| E|CS|TAMS 0x0000000089900000, 0x0000000089900000| Complete 
| 154|0x0000000089a00000, 0x0000000089b00000, 0x0000000089b00000|100%| E|CS|TAMS 0x0000000089a00000, 0x0000000089a00000| Complete 
| 155|0x0000000089b00000, 0x0000000089c00000, 0x0000000089c00000|100%| E|CS|TAMS 0x0000000089b00000, 0x0000000089b00000| Complete 
| 156|0x0000000089c00000, 0x0000000089d00000, 0x0000000089d00000|100%| E|CS|TAMS 0x0000000089c00000, 0x0000000089c00000| Complete 
| 157|0x0000000089d00000, 0x0000000089e00000, 0x0000000089e00000|100%| E|CS|TAMS 0x0000000089d00000, 0x0000000089d00000| Complete 
| 158|0x0000000089e00000, 0x0000000089f00000, 0x0000000089f00000|100%| E|CS|TAMS 0x0000000089e00000, 0x0000000089e00000| Complete 
| 159|0x0000000089f00000, 0x000000008a000000, 0x000000008a000000|100%| E|  |TAMS 0x0000000089f00000, 0x0000000089f00000| Complete 
| 160|0x000000008a000000, 0x000000008a100000, 0x000000008a100000|100%| E|CS|TAMS 0x000000008a000000, 0x000000008a000000| Complete 
| 161|0x000000008a100000, 0x000000008a200000, 0x000000008a200000|100%| E|CS|TAMS 0x000000008a100000, 0x000000008a100000| Complete 
| 162|0x000000008a200000, 0x000000008a300000, 0x000000008a300000|100%| E|CS|TAMS 0x000000008a200000, 0x000000008a200000| Complete 
| 163|0x000000008a300000, 0x000000008a400000, 0x000000008a400000|100%| E|CS|TAMS 0x000000008a300000, 0x000000008a300000| Complete 
| 164|0x000000008a400000, 0x000000008a500000, 0x000000008a500000|100%| E|CS|TAMS 0x000000008a400000, 0x000000008a400000| Complete 
| 165|0x000000008a500000, 0x000000008a600000, 0x000000008a600000|100%| E|CS|TAMS 0x000000008a500000, 0x000000008a500000| Complete 
| 166|0x000000008a600000, 0x000000008a700000, 0x000000008a700000|100%| E|CS|TAMS 0x000000008a600000, 0x000000008a600000| Complete 
| 167|0x000000008a700000, 0x000000008a800000, 0x000000008a800000|100%| E|CS|TAMS 0x000000008a700000, 0x000000008a700000| Complete 
| 168|0x000000008a800000, 0x000000008a900000, 0x000000008a900000|100%| E|CS|TAMS 0x000000008a800000, 0x000000008a800000| Complete 
| 169|0x000000008a900000, 0x000000008aa00000, 0x000000008aa00000|100%| E|CS|TAMS 0x000000008a900000, 0x000000008a900000| Complete 
| 170|0x000000008aa00000, 0x000000008ab00000, 0x000000008ab00000|100%| E|CS|TAMS 0x000000008aa00000, 0x000000008aa00000| Complete 
| 171|0x000000008ab00000, 0x000000008ac00000, 0x000000008ac00000|100%| E|CS|TAMS 0x000000008ab00000, 0x000000008ab00000| Complete 
| 172|0x000000008ac00000, 0x000000008ad00000, 0x000000008ad00000|100%| E|CS|TAMS 0x000000008ac00000, 0x000000008ac00000| Complete 
| 173|0x000000008ad00000, 0x000000008ae00000, 0x000000008ae00000|100%| E|CS|TAMS 0x000000008ad00000, 0x000000008ad00000| Complete 
| 174|0x000000008ae00000, 0x000000008af00000, 0x000000008af00000|100%| E|CS|TAMS 0x000000008ae00000, 0x000000008ae00000| Complete 
| 175|0x000000008af00000, 0x000000008b000000, 0x000000008b000000|100%| E|CS|TAMS 0x000000008af00000, 0x000000008af00000| Complete 
| 176|0x000000008b000000, 0x000000008b100000, 0x000000008b100000|100%| E|CS|TAMS 0x000000008b000000, 0x000000008b000000| Complete 
| 177|0x000000008b100000, 0x000000008b200000, 0x000000008b200000|100%| E|CS|TAMS 0x000000008b100000, 0x000000008b100000| Complete 
| 178|0x000000008b200000, 0x000000008b300000, 0x000000008b300000|100%| E|CS|TAMS 0x000000008b200000, 0x000000008b200000| Complete 
| 179|0x000000008b300000, 0x000000008b400000, 0x000000008b400000|100%| E|CS|TAMS 0x000000008b300000, 0x000000008b300000| Complete 
| 180|0x000000008b400000, 0x000000008b500000, 0x000000008b500000|100%| E|CS|TAMS 0x000000008b400000, 0x000000008b400000| Complete 
| 181|0x000000008b500000, 0x000000008b600000, 0x000000008b600000|100%| E|CS|TAMS 0x000000008b500000, 0x000000008b500000| Complete 
| 182|0x000000008b600000, 0x000000008b700000, 0x000000008b700000|100%| E|CS|TAMS 0x000000008b600000, 0x000000008b600000| Complete 
| 183|0x000000008b700000, 0x000000008b800000, 0x000000008b800000|100%| E|CS|TAMS 0x000000008b700000, 0x000000008b700000| Complete 
| 184|0x000000008b800000, 0x000000008b900000, 0x000000008b900000|100%| E|CS|TAMS 0x000000008b800000, 0x000000008b800000| Complete 
| 185|0x000000008b900000, 0x000000008ba00000, 0x000000008ba00000|100%| E|CS|TAMS 0x000000008b900000, 0x000000008b900000| Complete 
| 186|0x000000008ba00000, 0x000000008bb00000, 0x000000008bb00000|100%| E|CS|TAMS 0x000000008ba00000, 0x000000008ba00000| Complete 
| 187|0x000000008bb00000, 0x000000008bc00000, 0x000000008bc00000|100%| E|CS|TAMS 0x000000008bb00000, 0x000000008bb00000| Complete 
| 188|0x000000008bc00000, 0x000000008bd00000, 0x000000008bd00000|100%| E|CS|TAMS 0x000000008bc00000, 0x000000008bc00000| Complete 
| 189|0x000000008bd00000, 0x000000008be00000, 0x000000008be00000|100%| E|CS|TAMS 0x000000008bd00000, 0x000000008bd00000| Complete 
| 190|0x000000008be00000, 0x000000008bf00000, 0x000000008bf00000|100%| E|CS|TAMS 0x000000008be00000, 0x000000008be00000| Complete 
| 191|0x000000008bf00000, 0x000000008c000000, 0x000000008c000000|100%| E|CS|TAMS 0x000000008bf00000, 0x000000008bf00000| Complete 
| 192|0x000000008c000000, 0x000000008c100000, 0x000000008c100000|100%| E|CS|TAMS 0x000000008c000000, 0x000000008c000000| Complete 
| 193|0x000000008c100000, 0x000000008c200000, 0x000000008c200000|100%| E|CS|TAMS 0x000000008c100000, 0x000000008c100000| Complete 
| 194|0x000000008c200000, 0x000000008c300000, 0x000000008c300000|100%| E|CS|TAMS 0x000000008c200000, 0x000000008c200000| Complete 
| 195|0x000000008c300000, 0x000000008c400000, 0x000000008c400000|100%| E|CS|TAMS 0x000000008c300000, 0x000000008c300000| Complete 
| 196|0x000000008c400000, 0x000000008c500000, 0x000000008c500000|100%| E|CS|TAMS 0x000000008c400000, 0x000000008c400000| Complete 
| 197|0x000000008c500000, 0x000000008c600000, 0x000000008c600000|100%| E|CS|TAMS 0x000000008c500000, 0x000000008c500000| Complete 
| 198|0x000000008c600000, 0x000000008c700000, 0x000000008c700000|100%| E|CS|TAMS 0x000000008c600000, 0x000000008c600000| Complete 
| 199|0x000000008c700000, 0x000000008c800000, 0x000000008c800000|100%| E|CS|TAMS 0x000000008c700000, 0x000000008c700000| Complete 
| 200|0x000000008c800000, 0x000000008c900000, 0x000000008c900000|100%| E|CS|TAMS 0x000000008c800000, 0x000000008c800000| Complete 
| 201|0x000000008c900000, 0x000000008ca00000, 0x000000008ca00000|100%| E|CS|TAMS 0x000000008c900000, 0x000000008c900000| Complete 
| 202|0x000000008ca00000, 0x000000008cb00000, 0x000000008cb00000|100%| E|CS|TAMS 0x000000008ca00000, 0x000000008ca00000| Complete 
| 203|0x000000008cb00000, 0x000000008cc00000, 0x000000008cc00000|100%| E|CS|TAMS 0x000000008cb00000, 0x000000008cb00000| Complete 
| 204|0x000000008cc00000, 0x000000008cd00000, 0x000000008cd00000|100%| E|CS|TAMS 0x000000008cc00000, 0x000000008cc00000| Complete 
| 205|0x000000008cd00000, 0x000000008ce00000, 0x000000008ce00000|100%| E|CS|TAMS 0x000000008cd00000, 0x000000008cd00000| Complete 
| 206|0x000000008ce00000, 0x000000008cf00000, 0x000000008cf00000|100%| E|CS|TAMS 0x000000008ce00000, 0x000000008ce00000| Complete 
| 207|0x000000008cf00000, 0x000000008d000000, 0x000000008d000000|100%| E|CS|TAMS 0x000000008cf00000, 0x000000008cf00000| Complete 
| 208|0x000000008d000000, 0x000000008d100000, 0x000000008d100000|100%| E|CS|TAMS 0x000000008d000000, 0x000000008d000000| Complete 
| 209|0x000000008d100000, 0x000000008d200000, 0x000000008d200000|100%| E|CS|TAMS 0x000000008d100000, 0x000000008d100000| Complete 
| 210|0x000000008d200000, 0x000000008d300000, 0x000000008d300000|100%| E|CS|TAMS 0x000000008d200000, 0x000000008d200000| Complete 
| 211|0x000000008d300000, 0x000000008d400000, 0x000000008d400000|100%| E|CS|TAMS 0x000000008d300000, 0x000000008d300000| Complete 
| 212|0x000000008d400000, 0x000000008d500000, 0x000000008d500000|100%| E|CS|TAMS 0x000000008d400000, 0x000000008d400000| Complete 
| 213|0x000000008d500000, 0x000000008d600000, 0x000000008d600000|100%| E|CS|TAMS 0x000000008d500000, 0x000000008d500000| Complete 
| 214|0x000000008d600000, 0x000000008d700000, 0x000000008d700000|100%| E|CS|TAMS 0x000000008d600000, 0x000000008d600000| Complete 
| 215|0x000000008d700000, 0x000000008d800000, 0x000000008d800000|100%| E|CS|TAMS 0x000000008d700000, 0x000000008d700000| Complete 
| 216|0x000000008d800000, 0x000000008d900000, 0x000000008d900000|100%| E|CS|TAMS 0x000000008d800000, 0x000000008d800000| Complete 
| 217|0x000000008d900000, 0x000000008da00000, 0x000000008da00000|100%| E|CS|TAMS 0x000000008d900000, 0x000000008d900000| Complete 
| 218|0x000000008da00000, 0x000000008db00000, 0x000000008db00000|100%| E|CS|TAMS 0x000000008da00000, 0x000000008da00000| Complete 
| 219|0x000000008db00000, 0x000000008dc00000, 0x000000008dc00000|100%| E|CS|TAMS 0x000000008db00000, 0x000000008db00000| Complete 
| 220|0x000000008dc00000, 0x000000008dd00000, 0x000000008dd00000|100%| E|CS|TAMS 0x000000008dc00000, 0x000000008dc00000| Complete 
| 221|0x000000008dd00000, 0x000000008de00000, 0x000000008de00000|100%| E|CS|TAMS 0x000000008dd00000, 0x000000008dd00000| Complete 
| 222|0x000000008de00000, 0x000000008df00000, 0x000000008df00000|100%| E|CS|TAMS 0x000000008de00000, 0x000000008de00000| Complete 
| 223|0x000000008df00000, 0x000000008e000000, 0x000000008e000000|100%| E|CS|TAMS 0x000000008df00000, 0x000000008df00000| Complete 
| 224|0x000000008e000000, 0x000000008e100000, 0x000000008e100000|100%| E|CS|TAMS 0x000000008e000000, 0x000000008e000000| Complete 
| 225|0x000000008e100000, 0x000000008e200000, 0x000000008e200000|100%| E|CS|TAMS 0x000000008e100000, 0x000000008e100000| Complete 
| 226|0x000000008e200000, 0x000000008e300000, 0x000000008e300000|100%| E|CS|TAMS 0x000000008e200000, 0x000000008e200000| Complete 
| 227|0x000000008e300000, 0x000000008e400000, 0x000000008e400000|100%| E|CS|TAMS 0x000000008e300000, 0x000000008e300000| Complete 
| 228|0x000000008e400000, 0x000000008e500000, 0x000000008e500000|100%| E|CS|TAMS 0x000000008e400000, 0x000000008e400000| Complete 
| 229|0x000000008e500000, 0x000000008e600000, 0x000000008e600000|100%| E|CS|TAMS 0x000000008e500000, 0x000000008e500000| Complete 
| 230|0x000000008e600000, 0x000000008e700000, 0x000000008e700000|100%| E|CS|TAMS 0x000000008e600000, 0x000000008e600000| Complete 
| 231|0x000000008e700000, 0x000000008e800000, 0x000000008e800000|100%| E|CS|TAMS 0x000000008e700000, 0x000000008e700000| Complete 
| 232|0x000000008e800000, 0x000000008e900000, 0x000000008e900000|100%| E|CS|TAMS 0x000000008e800000, 0x000000008e800000| Complete 
| 233|0x000000008e900000, 0x000000008ea00000, 0x000000008ea00000|100%| E|CS|TAMS 0x000000008e900000, 0x000000008e900000| Complete 
| 234|0x000000008ea00000, 0x000000008eb00000, 0x000000008eb00000|100%| E|CS|TAMS 0x000000008ea00000, 0x000000008ea00000| Complete 
| 235|0x000000008eb00000, 0x000000008ec00000, 0x000000008ec00000|100%| E|CS|TAMS 0x000000008eb00000, 0x000000008eb00000| Complete 
| 236|0x000000008ec00000, 0x000000008ed00000, 0x000000008ed00000|100%| E|CS|TAMS 0x000000008ec00000, 0x000000008ec00000| Complete 
| 237|0x000000008ed00000, 0x000000008ee00000, 0x000000008ee00000|100%| E|CS|TAMS 0x000000008ed00000, 0x000000008ed00000| Complete 
| 238|0x000000008ee00000, 0x000000008ef00000, 0x000000008ef00000|100%| E|CS|TAMS 0x000000008ee00000, 0x000000008ee00000| Complete 
| 239|0x000000008ef00000, 0x000000008f000000, 0x000000008f000000|100%| E|CS|TAMS 0x000000008ef00000, 0x000000008ef00000| Complete 
| 240|0x000000008f000000, 0x000000008f100000, 0x000000008f100000|100%| E|CS|TAMS 0x000000008f000000, 0x000000008f000000| Complete 
| 241|0x000000008f100000, 0x000000008f200000, 0x000000008f200000|100%| E|CS|TAMS 0x000000008f100000, 0x000000008f100000| Complete 
| 242|0x000000008f200000, 0x000000008f300000, 0x000000008f300000|100%| E|CS|TAMS 0x000000008f200000, 0x000000008f200000| Complete 
| 243|0x000000008f300000, 0x000000008f400000, 0x000000008f400000|100%| E|CS|TAMS 0x000000008f300000, 0x000000008f300000| Complete 
| 244|0x000000008f400000, 0x000000008f500000, 0x000000008f500000|100%| E|CS|TAMS 0x000000008f400000, 0x000000008f400000| Complete 
| 245|0x000000008f500000, 0x000000008f600000, 0x000000008f600000|100%| E|CS|TAMS 0x000000008f500000, 0x000000008f500000| Complete 
| 246|0x000000008f600000, 0x000000008f700000, 0x000000008f700000|100%| E|CS|TAMS 0x000000008f600000, 0x000000008f600000| Complete 
| 247|0x000000008f700000, 0x000000008f800000, 0x000000008f800000|100%| E|CS|TAMS 0x000000008f700000, 0x000000008f700000| Complete 
| 248|0x000000008f800000, 0x000000008f900000, 0x000000008f900000|100%| E|CS|TAMS 0x000000008f800000, 0x000000008f800000| Complete 
| 249|0x000000008f900000, 0x000000008fa00000, 0x000000008fa00000|100%| E|CS|TAMS 0x000000008f900000, 0x000000008f900000| Complete 
| 250|0x000000008fa00000, 0x000000008fb00000, 0x000000008fb00000|100%| E|CS|TAMS 0x000000008fa00000, 0x000000008fa00000| Complete 
| 251|0x000000008fb00000, 0x000000008fc00000, 0x000000008fc00000|100%| E|CS|TAMS 0x000000008fb00000, 0x000000008fb00000| Complete 
| 252|0x000000008fc00000, 0x000000008fd00000, 0x000000008fd00000|100%| E|CS|TAMS 0x000000008fc00000, 0x000000008fc00000| Complete 
| 253|0x000000008fd00000, 0x000000008fe00000, 0x000000008fe00000|100%| E|CS|TAMS 0x000000008fd00000, 0x000000008fd00000| Complete 
| 254|0x000000008fe00000, 0x000000008ff00000, 0x000000008ff00000|100%| E|CS|TAMS 0x000000008fe00000, 0x000000008fe00000| Complete 
| 255|0x000000008ff00000, 0x0000000090000000, 0x0000000090000000|100%| E|CS|TAMS 0x000000008ff00000, 0x000000008ff00000| Complete 

Card table byte_map: [0x000001f5574c0000,0x000001f5578c0000] _byte_map_base: 0x000001f5570c0000

Marking Bits (Prev, Next): (CMBitMap*) 0x000001f5440acd98, (CMBitMap*) 0x000001f5440acdd0
 Prev Bits: [0x000001f557cc0000, 0x000001f559cc0000)
 Next Bits: [0x000001f559cc0000, 0x000001f55bcc0000)

Polling page: 0x000001f542070000

Metaspace:

Usage:
  Non-class:     43.25 MB capacity,    42.45 MB ( 98%) used,   685.68 KB (  2%) free+waste,   136.44 KB ( <1%) overhead. 
      Class:      6.74 MB capacity,     6.27 MB ( 93%) used,   413.39 KB (  6%) free+waste,    65.38 KB ( <1%) overhead. 
       Both:     49.99 MB capacity,    48.72 MB ( 97%) used,     1.07 MB (  2%) free+waste,   201.81 KB ( <1%) overhead. 

Virtual space:
  Non-class space:       46.00 MB reserved,      43.50 MB ( 95%) committed 
      Class space:        1.00 GB reserved,       6.83 MB ( <1%) committed 
             Both:        1.04 GB reserved,      50.33 MB (  5%) committed 

Chunk freelists:
   Non-Class:  61.00 KB
       Class:  14.00 KB
        Both:  75.00 KB

MaxMetaspaceSize: 17179869184.00 GB
CompressedClassSpaceSize: 1.00 GB
Initial GC threshold: 20.80 MB
Current GC threshold: 58.88 MB
CDS: off

CodeHeap 'non-profiled nmethods': size=120000Kb used=2988Kb max_used=2988Kb free=117011Kb
 bounds [0x000001f54f630000, 0x000001f54f920000, 0x000001f556b60000]
CodeHeap 'profiled nmethods': size=120000Kb used=10732Kb max_used=10732Kb free=109267Kb
 bounds [0x000001f548100000, 0x000001f548b80000, 0x000001f54f630000]
CodeHeap 'non-nmethods': size=5760Kb used=2296Kb max_used=2351Kb free=3463Kb
 bounds [0x000001f547b60000, 0x000001f547dd0000, 0x000001f548100000]
 total_blobs=6046 nmethods=5256 adapters=702
 compilation: enabled
              stopped_count=0, restarted_count=0
 full_count=0

Compilation events (20 events):
Event: 5.997 Thread 0x000001f55f1e5800 nmethod 5240 0x000001f548b65990 code [0x000001f548b65b60, 0x000001f548b65d28]
Event: 5.998 Thread 0x000001f55f1e5800 5241  s!   3       java.io.FileDescriptor::closeAll (163 bytes)
Event: 5.999 Thread 0x000001f55f1e5800 nmethod 5241 0x000001f548b65e10 code [0x000001f548b660a0, 0x000001f548b66fa8]
Event: 6.002 Thread 0x000001f55f1e5800 5242       3       org.codehaus.groovy.reflection.CachedClass::getNewMetaMethods (166 bytes)
Event: 6.003 Thread 0x000001f55f1e5800 nmethod 5242 0x000001f548b67610 code [0x000001f548b67940, 0x000001f548b68ca8]
Event: 6.017 Thread 0x000001f55f1e4800 nmethod 5191 0x000001f54f90fe10 code [0x000001f54f9100e0, 0x000001f54f9115a0]
Event: 6.017 Thread 0x000001f55f1e4800 5232   !   4       jdk.internal.reflect.UTF8::encode (191 bytes)
Event: 6.021 Thread 0x000001f55f1e5800 5243       1       java.util.zip.ZipEntry::getName (5 bytes)
Event: 6.021 Thread 0x000001f55f1e5800 nmethod 5243 0x000001f54f912210 code [0x000001f54f9123c0, 0x000001f54f912478]
Event: 6.024 Thread 0x000001f55f1e4800 nmethod 5232 0x000001f54f912510 code [0x000001f54f9126e0, 0x000001f54f912a78]
Event: 6.024 Thread 0x000001f55f1e4800 5233       4       jdk.internal.reflect.ClassFileAssembler::emitConstantPoolUTF8 (50 bytes)
Event: 6.026 Thread 0x000001f55f1e5800 5245       1       com.google.common.collect.MapMakerInternalMap$StrongKeyWeakValueSegment::access$100 (5 bytes)
Event: 6.027 Thread 0x000001f55f1e5800 nmethod 5245 0x000001f54f913310 code [0x000001f54f9134c0, 0x000001f54f913558]
Event: 6.028 Thread 0x000001f55f1e5800 5246       3       java.util.TreeMap$Values::iterator (19 bytes)
Event: 6.028 Thread 0x000001f55f1e5800 nmethod 5246 0x000001f548b69310 code [0x000001f548b69500, 0x000001f548b69a18]
Event: 6.028 Thread 0x000001f55f1e5800 5247       3       java.util.TreeMap$ValueIterator::<init> (12 bytes)
Event: 6.028 Thread 0x000001f55f1e5800 nmethod 5247 0x000001f548b69c10 code [0x000001f548b69de0, 0x000001f548b6a0f8]
Event: 6.028 Thread 0x000001f55f1e5800 5248       3       java.util.regex.Pattern::range (292 bytes)
Event: 6.030 Thread 0x000001f55f1e5800 nmethod 5248 0x000001f548b6a210 code [0x000001f548b6a6c0, 0x000001f548b6c948]
Event: 6.030 Thread 0x000001f55f1e5800 5249       3       java.util.jar.Manifest$FastInputStream::readLine (296 bytes)

GC Heap History (10 events):
Event: 0.678 GC heap before
{Heap before GC invocations=0 (full 0):
 garbage-first heap   total 262144K, used 29696K [0x0000000080000000, 0x0000000100000000)
  region size 1024K, 24 young (24576K), 0 survivors (0K)
 Metaspace       used 10183K, capacity 10424K, committed 10624K, reserved 1058816K
  class space    used 1069K, capacity 1140K, committed 1152K, reserved 1048576K
}
Event: 0.683 GC heap after
{Heap after GC invocations=1 (full 0):
 garbage-first heap   total 262144K, used 9445K [0x0000000080000000, 0x0000000100000000)
  region size 1024K, 3 young (3072K), 3 survivors (3072K)
 Metaspace       used 10183K, capacity 10424K, committed 10624K, reserved 1058816K
  class space    used 1069K, capacity 1140K, committed 1152K, reserved 1048576K
}
Event: 2.699 GC heap before
{Heap before GC invocations=1 (full 0):
 garbage-first heap   total 262144K, used 113893K [0x0000000080000000, 0x0000000100000000)
  region size 1024K, 105 young (107520K), 3 survivors (3072K)
 Metaspace       used 20779K, capacity 21152K, committed 21296K, reserved 1069056K
  class space    used 2563K, capacity 2717K, committed 2816K, reserved 1048576K
}
Event: 2.708 GC heap after
{Heap after GC invocations=2 (full 0):
 garbage-first heap   total 262144K, used 17260K [0x0000000080000000, 0x0000000100000000)
  region size 1024K, 11 young (11264K), 11 survivors (11264K)
 Metaspace       used 20779K, capacity 21152K, committed 21296K, reserved 1069056K
  class space    used 2563K, capacity 2717K, committed 2816K, reserved 1048576K
}
Event: 2.869 GC heap before
{Heap before GC invocations=3 (full 0):
 garbage-first heap   total 262144K, used 39788K [0x0000000080000000, 0x0000000100000000)
  region size 1024K, 33 young (33792K), 11 survivors (11264K)
 Metaspace       used 22901K, capacity 23427K, committed 23680K, reserved 1069056K
  class space    used 2909K, capacity 3098K, committed 3200K, reserved 1048576K
}
Event: 2.874 GC heap after
{Heap after GC invocations=4 (full 0):
 garbage-first heap   total 262144K, used 18471K [0x0000000080000000, 0x0000000100000000)
  region size 1024K, 2 young (2048K), 2 survivors (2048K)
 Metaspace       used 22901K, capacity 23427K, committed 23680K, reserved 1069056K
  class space    used 2909K, capacity 3098K, committed 3200K, reserved 1048576K
}
Event: 3.941 GC heap before
{Heap before GC invocations=4 (full 0):
 garbage-first heap   total 262144K, used 109607K [0x0000000080000000, 0x0000000100000000)
  region size 1024K, 92 young (94208K), 2 survivors (2048K)
 Metaspace       used 35070K, capacity 35838K, committed 35920K, reserved 1081344K
  class space    used 4561K, capacity 4880K, committed 4944K, reserved 1048576K
}
Event: 3.952 GC heap after
{Heap after GC invocations=5 (full 0):
 garbage-first heap   total 262144K, used 22957K [0x0000000080000000, 0x0000000100000000)
  region size 1024K, 6 young (6144K), 6 survivors (6144K)
 Metaspace       used 35070K, capacity 35838K, committed 35920K, reserved 1081344K
  class space    used 4561K, capacity 4880K, committed 4944K, reserved 1048576K
}
Event: 5.084 GC heap before
{Heap before GC invocations=6 (full 0):
 garbage-first heap   total 262144K, used 138669K [0x0000000080000000, 0x0000000100000000)
  region size 1024K, 116 young (118784K), 6 survivors (6144K)
 Metaspace       used 44555K, capacity 45545K, committed 45904K, reserved 1089536K
  class space    used 5728K, capacity 6097K, committed 6224K, reserved 1048576K
}
Event: 5.094 GC heap after
{Heap after GC invocations=7 (full 0):
 garbage-first heap   total 262144K, used 30116K [0x0000000080000000, 0x0000000100000000)
  region size 1024K, 13 young (13312K), 13 survivors (13312K)
 Metaspace       used 44555K, capacity 45545K, committed 45904K, reserved 1089536K
  class space    used 5728K, capacity 6097K, committed 6224K, reserved 1048576K
}

Deoptimization events (20 events):
Event: 5.869 Thread 0x000001f55f396800 DEOPT PACKING pc=0x000001f548aef284 sp=0x000000d408ff16b0
Event: 5.869 Thread 0x000001f55f396800 DEOPT UNPACKING pc=0x000001f547baa95e sp=0x000000d408ff0c88 mode 0
Event: 5.878 Thread 0x000001f55f396800 DEOPT PACKING pc=0x000001f548aef284 sp=0x000000d408ff16c0
Event: 5.878 Thread 0x000001f55f396800 DEOPT UNPACKING pc=0x000001f547baa95e sp=0x000000d408ff0c98 mode 0
Event: 5.887 Thread 0x000001f55f396800 DEOPT PACKING pc=0x000001f548aef284 sp=0x000000d408ff15b0
Event: 5.887 Thread 0x000001f55f396800 DEOPT UNPACKING pc=0x000001f547baa95e sp=0x000000d408ff0b88 mode 0
Event: 5.892 Thread 0x000001f55f396800 DEOPT PACKING pc=0x000001f548aef284 sp=0x000000d408ff15b0
Event: 5.892 Thread 0x000001f55f396800 DEOPT UNPACKING pc=0x000001f547baa95e sp=0x000000d408ff0b88 mode 0
Event: 5.908 Thread 0x000001f55f396800 Uncommon trap: trap_request=0xffffff4d fr.pc=0x000001f54f8458c8 relative=0x0000000000001e68
Event: 5.908 Thread 0x000001f55f396800 Uncommon trap: reason=unstable_if action=reinterpret pc=0x000001f54f8458c8 method=org.codehaus.groovy.reflection.CachedMethod.compareToMethod(Ljava/lang/reflect/Method;)I @ 71 c2
Event: 5.908 Thread 0x000001f55f396800 DEOPT PACKING pc=0x000001f54f8458c8 sp=0x000000d408ff92a0
Event: 5.908 Thread 0x000001f55f396800 DEOPT UNPACKING pc=0x000001f547baa1af sp=0x000000d408ff9270 mode 2
Event: 6.007 Thread 0x000001f55f396800 Uncommon trap: trap_request=0xffffffc6 fr.pc=0x000001f54f753028 relative=0x0000000000000248
Event: 6.007 Thread 0x000001f55f396800 Uncommon trap: reason=bimorphic_or_optimized_type_check action=maybe_recompile pc=0x000001f54f753028 method=com.google.common.base.CharMatcher.indexIn(Ljava/lang/CharSequence;I)I @ 31 c2
Event: 6.007 Thread 0x000001f55f396800 DEOPT PACKING pc=0x000001f54f753028 sp=0x000000d408ff7e10
Event: 6.007 Thread 0x000001f55f396800 DEOPT UNPACKING pc=0x000001f547baa1af sp=0x000000d408ff7db8 mode 2
Event: 6.009 Thread 0x000001f55f396800 Uncommon trap: trap_request=0xffffff4d fr.pc=0x000001f54f689938 relative=0x0000000000000558
Event: 6.009 Thread 0x000001f55f396800 Uncommon trap: reason=unstable_if action=reinterpret pc=0x000001f54f689938 method=java.util.jar.Manifest$FastInputStream.readLine([BII)I @ 130 c2
Event: 6.009 Thread 0x000001f55f396800 DEOPT PACKING pc=0x000001f54f689938 sp=0x000000d408ff7560
Event: 6.009 Thread 0x000001f55f396800 DEOPT UNPACKING pc=0x000001f547baa1af sp=0x000000d408ff74f0 mode 2

Classes redefined (0 events):
No events

Internal exceptions (20 events):
Event: 5.954 Thread 0x000001f55f396800 Exception <a 'java/lang/ClassNotFoundException'{0x00000000896494e0}: org/gradle/api/DefaultTaskBeanInfo> (0x00000000896494e0) thrown at [./src/hotspot/share/classfile/systemDictionary.cpp, line 231]
Event: 5.955 Thread 0x000001f55f396800 Exception <a 'java/lang/ClassNotFoundException'{0x00000000896770c8}: org/gradle/api/internal/AbstractTaskBeanInfo> (0x00000000896770c8) thrown at [./src/hotspot/share/classfile/systemDictionary.cpp, line 231]
Event: 5.956 Thread 0x000001f55f396800 Exception <a 'java/lang/ClassNotFoundException'{0x00000000896a5430}: org/gradle/api/internal/AbstractTaskCustomizer> (0x00000000896a5430) thrown at [./src/hotspot/share/classfile/systemDictionary.cpp, line 231]
Event: 5.959 Thread 0x000001f55f396800 Exception <a 'java/lang/ClassNotFoundException'{0x000000008951a600}: org/gradle/api/DefaultTaskCustomizer> (0x000000008951a600) thrown at [./src/hotspot/share/classfile/systemDictionary.cpp, line 231]
Event: 5.961 Thread 0x000001f55f396800 Exception <a 'java/lang/ClassNotFoundException'{0x000000008959cd88}: org/gradle/api/internal/ConventionTaskCustomizer> (0x000000008959cd88) thrown at [./src/hotspot/share/classfile/systemDictionary.cpp, line 231]
Event: 5.963 Thread 0x000001f55f396800 Exception <a 'java/lang/ClassNotFoundException'{0x00000000895d62a0}: org/gradle/api/tasks/DeleteCustomizer> (0x00000000895d62a0) thrown at [./src/hotspot/share/classfile/systemDictionary.cpp, line 231]
Event: 5.965 Thread 0x000001f55f396800 Exception <a 'java/lang/ClassNotFoundException'{0x0000000089416b28}: org/gradle/api/tasks/Delete_DecoratedCustomizer> (0x0000000089416b28) thrown at [./src/hotspot/share/classfile/systemDictionary.cpp, line 231]
Event: 5.983 Thread 0x000001f55f396800 Exception <a 'java/lang/NoSuchMethodError'{0x000000008932b150}: 'long java.lang.invoke.DirectMethodHandle$Holder.invokeVirtual(java.lang.Object, java.lang.Object)'> (0x000000008932b150) thrown at [./src/hotspot/share/interpreter/linkResolver.cpp, line 773]
Event: 5.988 Thread 0x000001f56179a800 Exception <a 'java/lang/NoSuchMethodError'{0x000000008ff08ca8}: <clinit>> (0x000000008ff08ca8) thrown at [./src/hotspot/share/prims/jni.cpp, line 1365]
Event: 5.992 Thread 0x000001f56179a800 Exception <a 'java/lang/NoSuchMethodError'{0x0000000089397070}: <clinit>> (0x0000000089397070) thrown at [./src/hotspot/share/prims/jni.cpp, line 1365]
Event: 5.992 Thread 0x000001f56179a800 Exception <a 'java/lang/NoSuchMethodError'{0x0000000089398180}: <clinit>> (0x0000000089398180) thrown at [./src/hotspot/share/prims/jni.cpp, line 1365]
Event: 5.992 Thread 0x000001f56179a800 Exception <a 'java/lang/NoSuchMethodError'{0x0000000089399488}: <clinit>> (0x0000000089399488) thrown at [./src/hotspot/share/prims/jni.cpp, line 1365]
Event: 5.992 Thread 0x000001f56179a800 Exception <a 'java/lang/NoSuchMethodError'{0x000000008939a4a8}: <clinit>> (0x000000008939a4a8) thrown at [./src/hotspot/share/prims/jni.cpp, line 1365]
Event: 5.993 Thread 0x000001f56179a800 Exception <a 'java/lang/NoSuchMethodError'{0x00000000893ac7e8}: <clinit>> (0x00000000893ac7e8) thrown at [./src/hotspot/share/prims/jni.cpp, line 1365]
Event: 5.994 Thread 0x000001f56179a800 Exception <a 'java/lang/NoSuchMethodError'{0x00000000893b6cf8}: <clinit>> (0x00000000893b6cf8) thrown at [./src/hotspot/share/prims/jni.cpp, line 1365]
Event: 5.996 Thread 0x000001f56179a800 Exception <a 'java/lang/NoSuchMethodError'{0x00000000893ca658}: <clinit>> (0x00000000893ca658) thrown at [./src/hotspot/share/prims/jni.cpp, line 1365]
Event: 6.003 Thread 0x000001f55f396800 Exception <a 'java/lang/ClassNotFoundException'{0x0000000089261530}: build_co7t4ik7wx7474k4ptu6ts8hrBeanInfo> (0x0000000089261530) thrown at [./src/hotspot/share/classfile/systemDictionary.cpp, line 231]
Event: 6.004 Thread 0x000001f55f396800 Exception <a 'java/lang/ClassNotFoundException'{0x000000008926c4e8}: build_co7t4ik7wx7474k4ptu6ts8hrCustomizer> (0x000000008926c4e8) thrown at [./src/hotspot/share/classfile/systemDictionary.cpp, line 231]
Event: 6.023 Thread 0x000001f55f396800 Exception <a 'java/lang/ClassNotFoundException'{0x00000000891f6800}: org/gradle/api/internal/plugins/DefaultObjectConfigurationActionBeanInfo> (0x00000000891f6800) thrown at [./src/hotspot/share/classfile/systemDictionary.cpp, line 231]
Event: 6.024 Thread 0x000001f55f396800 Exception <a 'java/lang/ClassNotFoundException'{0x000000008902be80}: org/gradle/api/internal/plugins/DefaultObjectConfigurationActionCustomizer> (0x000000008902be80) thrown at [./src/hotspot/share/classfile/systemDictionary.cpp, line 231]

Events (20 events):
Event: 6.025 loading class org/gradle/api/internal/plugins/DefaultObjectConfigurationAction$3
Event: 6.025 loading class org/gradle/api/internal/plugins/DefaultObjectConfigurationAction$3 done
Event: 6.026 loading class com/android/build/gradle/internal/plugins/VersionCheckPlugin
Event: 6.026 loading class com/android/build/gradle/internal/plugins/VersionCheckPlugin done
Event: 6.026 loading class com/android/build/gradle/internal/plugins/VersionCheckPlugin$Companion
Event: 6.026 loading class com/android/build/gradle/internal/plugins/VersionCheckPlugin$Companion done
Event: 6.027 loading class com/android/ide/common/repository/GradleVersion
Event: 6.027 loading class com/android/ide/common/repository/GradleVersion done
Event: 6.028 loading class com/google/common/base/Splitter
Event: 6.028 loading class com/google/common/base/Splitter done
Event: 6.029 loading class com/google/common/base/Splitter$Strategy
Event: 6.029 loading class com/google/common/base/Splitter$Strategy done
Event: 6.029 loading class com/google/common/base/CommonPattern
Event: 6.029 loading class com/google/common/base/CommonPattern done
Event: 6.029 loading class com/google/common/base/JdkPattern
Event: 6.029 loading class com/google/common/base/JdkPattern done
Event: 6.030 loading class com/google/common/base/CharMatcher
Event: 6.030 loading class com/google/common/base/CharMatcher done
Event: 6.030 loading class com/google/common/base/Predicate
Event: 6.030 loading class com/google/common/base/Predicate done


Dynamic libraries:
0x00007ff72da90000 - 0x00007ff72da9a000 	C:\Program Files\Android\Android Studio\jre\bin\java.exe
0x00007ffd03260000 - 0x00007ffd03469000 	C:\Windows\SYSTEM32\ntdll.dll
0x00007ffd02b20000 - 0x00007ffd02bdd000 	C:\Windows\System32\KERNEL32.DLL
0x00007ffd00d70000 - 0x00007ffd010ed000 	C:\Windows\System32\KERNELBASE.dll
0x00007ffd00ac0000 - 0x00007ffd00bd1000 	C:\Windows\System32\ucrtbase.dll
0x00007ffcf9430000 - 0x00007ffcf9449000 	C:\Program Files\Android\Android Studio\jre\bin\jli.dll
0x00007ffcf60f0000 - 0x00007ffcf6107000 	C:\Program Files\Android\Android Studio\jre\bin\VCRUNTIME140.dll
0x00007ffd01580000 - 0x00007ffd0172d000 	C:\Windows\System32\USER32.dll
0x00007ffd00be0000 - 0x00007ffd00c06000 	C:\Windows\System32\win32u.dll
0x00007ffce3f10000 - 0x00007ffce41b5000 	C:\Windows\WinSxS\amd64_microsoft.windows.common-controls_6595b64144ccf1df_6.0.22000.120_none_9d947278b86cc467\COMCTL32.dll
0x00007ffd02c50000 - 0x00007ffd02cf3000 	C:\Windows\System32\msvcrt.dll
0x00007ffd01920000 - 0x00007ffd01949000 	C:\Windows\System32\GDI32.dll
0x00007ffd009a0000 - 0x00007ffd00ab8000 	C:\Windows\System32\gdi32full.dll
0x00007ffd00cd0000 - 0x00007ffd00d6d000 	C:\Windows\System32\msvcp_win.dll
0x00007ffd02c00000 - 0x00007ffd02c31000 	C:\Windows\System32\IMM32.DLL
0x00007ffceb410000 - 0x00007ffceb4ad000 	C:\Program Files\Android\Android Studio\jre\bin\msvcp140.dll
0x00007ffc787a0000 - 0x00007ffc79285000 	C:\Program Files\Android\Android Studio\jre\bin\server\jvm.dll
0x00007ffd02a70000 - 0x00007ffd02b1e000 	C:\Windows\System32\ADVAPI32.dll
0x00007ffd03180000 - 0x00007ffd0321e000 	C:\Windows\System32\sechost.dll
0x00007ffd021e0000 - 0x00007ffd02300000 	C:\Windows\System32\RPCRT4.dll
0x00007ffd01950000 - 0x00007ffd01958000 	C:\Windows\System32\PSAPI.DLL
0x00007ffcde6f0000 - 0x00007ffcde6f9000 	C:\Windows\SYSTEM32\WSOCK32.dll
0x00007ffcf5fd0000 - 0x00007ffcf5fda000 	C:\Windows\SYSTEM32\VERSION.dll
0x00007ffcf7a40000 - 0x00007ffcf7a73000 	C:\Windows\SYSTEM32\WINMM.dll
0x00007ffd02df0000 - 0x00007ffd02e5f000 	C:\Windows\System32\WS2_32.dll
0x00007ffcff930000 - 0x00007ffcff948000 	C:\Windows\SYSTEM32\kernel.appcore.dll
0x00007ffcf75c0000 - 0x00007ffcf75d1000 	C:\Program Files\Android\Android Studio\jre\bin\verify.dll
0x00007ffcfa5a0000 - 0x00007ffcfa7c1000 	C:\Windows\SYSTEM32\DBGHELP.DLL
0x00007ffce57a0000 - 0x00007ffce57d1000 	C:\Windows\SYSTEM32\dbgcore.DLL
0x00007ffd00740000 - 0x00007ffd007bf000 	C:\Windows\System32\bcryptPrimitives.dll
0x00007ffcf29a0000 - 0x00007ffcf29c9000 	C:\Program Files\Android\Android Studio\jre\bin\java.dll
0x00007ffcefa50000 - 0x00007ffcefa5b000 	C:\Program Files\Android\Android Studio\jre\bin\jimage.dll
0x00007ffcdef70000 - 0x00007ffcdef88000 	C:\Program Files\Android\Android Studio\jre\bin\zip.dll
0x00007ffd01960000 - 0x00007ffd02118000 	C:\Windows\System32\SHELL32.dll
0x00007ffcfe8c0000 - 0x00007ffcff128000 	C:\Windows\SYSTEM32\windows.storage.dll
0x00007ffd02540000 - 0x00007ffd028b9000 	C:\Windows\System32\combase.dll
0x00007ffcfe750000 - 0x00007ffcfe8b6000 	C:\Windows\SYSTEM32\wintypes.dll
0x00007ffd028c0000 - 0x00007ffd029aa000 	C:\Windows\System32\SHCORE.dll
0x00007ffd02a10000 - 0x00007ffd02a6d000 	C:\Windows\System32\shlwapi.dll
0x00007ffd00670000 - 0x00007ffd00691000 	C:\Windows\SYSTEM32\profapi.dll
0x00007ffcdedf0000 - 0x00007ffcdee0a000 	C:\Program Files\Android\Android Studio\jre\bin\net.dll
0x00007ffcf6de0000 - 0x00007ffcf6eec000 	C:\Windows\SYSTEM32\WINHTTP.dll
0x00007ffcffd60000 - 0x00007ffcffdc7000 	C:\Windows\system32\mswsock.dll
0x00007ffcde790000 - 0x00007ffcde7a4000 	C:\Program Files\Android\Android Studio\jre\bin\nio.dll
0x00007ffcf8920000 - 0x00007ffcf8947000 	C:\Users\laita\.gradle\native\e1d6ef7f7dcc3fd88c89a11ec53ec762bb8ba0a96d01ffa2cd45eb1d1d8dd5c5\windows-amd64\native-platform.dll
0x00007ffcd5240000 - 0x00007ffcd5384000 	C:\Users\laita\.gradle\native\5664cfc778a61ccfe75a443a1ab52a65af34e5dc3c78e0209fed803814484fcb\windows-amd64\native-platform-file-events.dll
0x00007ffce2c20000 - 0x00007ffce2c2a000 	C:\Program Files\Android\Android Studio\jre\bin\management.dll
0x00007ffcdf330000 - 0x00007ffcdf33d000 	C:\Program Files\Android\Android Studio\jre\bin\management_ext.dll
0x00007ffcfffa0000 - 0x00007ffcfffb8000 	C:\Windows\SYSTEM32\CRYPTSP.dll
0x00007ffcff890000 - 0x00007ffcff8c5000 	C:\Windows\system32\rsaenh.dll
0x00007ffcffe50000 - 0x00007ffcffe79000 	C:\Windows\SYSTEM32\USERENV.dll
0x00007ffd00120000 - 0x00007ffd00147000 	C:\Windows\SYSTEM32\bcrypt.dll
0x00007ffcfffc0000 - 0x00007ffcfffcc000 	C:\Windows\SYSTEM32\CRYPTBASE.dll
0x00007ffcff460000 - 0x00007ffcff48d000 	C:\Windows\SYSTEM32\IPHLPAPI.DLL
0x00007ffd02120000 - 0x00007ffd02129000 	C:\Windows\System32\NSI.dll
0x00007ffcf6dc0000 - 0x00007ffcf6dd9000 	C:\Windows\SYSTEM32\dhcpcsvc6.DLL
0x00007ffcf7720000 - 0x00007ffcf773e000 	C:\Windows\SYSTEM32\dhcpcsvc.DLL
0x00007ffcff4d0000 - 0x00007ffcff5b8000 	C:\Windows\SYSTEM32\DNSAPI.dll

dbghelp: loaded successfully - version: 4.0.5 - missing functions: none
symbol engine: initialized successfully - sym options: 0x614 - pdb path: .;C:\Program Files\Android\Android Studio\jre\bin;C:\Windows\SYSTEM32;C:\Windows\WinSxS\amd64_microsoft.windows.common-controls_6595b64144ccf1df_6.0.22000.120_none_9d947278b86cc467;C:\Program Files\Android\Android Studio\jre\bin\server;C:\Users\laita\.gradle\native\e1d6ef7f7dcc3fd88c89a11ec53ec762bb8ba0a96d01ffa2cd45eb1d1d8dd5c5\windows-amd64;C:\Users\laita\.gradle\native\5664cfc778a61ccfe75a443a1ab52a65af34e5dc3c78e0209fed803814484fcb\windows-amd64

VM Arguments:
jvm_args: --add-opens=java.base/java.util=ALL-UNNAMED --add-opens=java.base/java.lang=ALL-UNNAMED --add-opens=java.base/java.lang.invoke=ALL-UNNAMED --add-opens=java.base/java.util=ALL-UNNAMED --add-opens=java.prefs/java.util.prefs=ALL-UNNAMED --add-opens=java.prefs/java.util.prefs=ALL-UNNAMED --add-opens=java.base/java.nio.charset=ALL-UNNAMED --add-opens=java.base/java.net=ALL-UNNAMED --add-opens=java.base/java.util.concurrent.atomic=ALL-UNNAMED -Xmx2048m -Dfile.encoding=UTF-8 -Duser.country=ID -Duser.language=en -Duser.variant 
java_command: org.gradle.launcher.daemon.bootstrap.GradleDaemon 7.3.3
java_class_path (initial): C:\Users\laita\.gradle\wrapper\dists\gradle-7.3.3-bin\6a41zxkdtcxs8rphpq6y0069z\gradle-7.3.3\lib\gradle-launcher-7.3.3.jar
Launcher Type: SUN_STANDARD

[Global flags]
     intx CICompilerCount                          = 4                                         {product} {ergonomic}
     uint ConcGCThreads                            = 3                                         {product} {ergonomic}
     uint G1ConcRefinementThreads                  = 10                                        {product} {ergonomic}
   size_t G1HeapRegionSize                         = 1048576                                   {product} {ergonomic}
    uintx GCDrainStackTargetSize                   = 64                                        {product} {ergonomic}
   size_t InitialHeapSize                          = 268435456                                 {product} {ergonomic}
   size_t MarkStackSize                            = 4194304                                   {product} {ergonomic}
   size_t MaxHeapSize                              = 2147483648                                {product} {command line}
   size_t MaxNewSize                               = 1287651328                                {product} {ergonomic}
   size_t MinHeapDeltaBytes                        = 1048576                                   {product} {ergonomic}
    uintx NonNMethodCodeHeapSize                   = 5836300                                {pd product} {ergonomic}
    uintx NonProfiledCodeHeapSize                  = 122910970                              {pd product} {ergonomic}
    uintx ProfiledCodeHeapSize                     = 122910970                              {pd product} {ergonomic}
    uintx ReservedCodeCacheSize                    = 251658240                              {pd product} {ergonomic}
     bool SegmentedCodeCache                       = true                                      {product} {ergonomic}
     bool UseCompressedClassPointers               = true                                 {lp64_product} {ergonomic}
     bool UseCompressedOops                        = true                                 {lp64_product} {ergonomic}
     bool UseG1GC                                  = true                                      {product} {ergonomic}
     bool UseLargePagesIndividualAllocation        = false                                  {pd product} {ergonomic}

Logging:
Log output configuration:
 #0: stdout all=warning uptime,level,tags
 #1: stderr all=off uptime,level,tags

Environment Variables:
PATH=C:\Program Files (x86)\Common Files\Oracle\Java\javapath;C:\Windows\system32;C:\Windows;C:\Windows\System32\Wbem;C:\Windows\System32\WindowsPowerShell\v1.0\;C:\Windows\System32\OpenSSH\;C:\Program Files (x86)\NVIDIA Corporation\PhysX\Common;C:\Program Files\NVIDIA Corporation\NVIDIA NGX;C:\Program Files\NVIDIA Corporation\NVIDIA NvDLISR;C:\Program Files\Git\cmd;C:\Users\laita\AppData\Local\Microsoft\WindowsApps;;C:\Users\laita\AppData\Local\Programs\Microsoft VS Code\bin
USERNAME=laita
OS=Windows_NT
PROCESSOR_IDENTIFIER=Intel64 Family 6 Model 158 Stepping 10, GenuineIntel



---------------  S Y S T E M  ---------------

OS: Windows 10 , 64 bit Build 22000 (10.0.22000.708)
OS uptime: 1 days 4:15 hours

CPU:total 12 (initial active 12) (6 cores per cpu, 2 threads per core) family 6 model 158 stepping 10 microcode 0xea, cmov, cx8, fxsr, mmx, sse, sse2, sse3, ssse3, sse4.1, sse4.2, popcnt, avx, avx2, aes, clmul, erms, 3dnowpref, lzcnt, ht, tsc, tscinvbit, bmi1, bmi2, adx, fma

Memory: 4k page, system-wide physical 16257M (4586M free)
TotalPageFile size 18305M (AvailPageFile size 5M)
current process WorkingSet (physical memory assigned to process): 345M, peak: 345M
current process commit charge ("private bytes"): 497M, peak: 497M

vm_info: OpenJDK 64-Bit Server VM (11.0.12+7-b1504.28-7817840) for windows-amd64 JRE (11.0.12+7-b1504.28-7817840), built on Oct 13 2021 22:12:33 by "builder" with MS VC++ 14.0 (VS2015)

END.
